<?xml version="1.0" encoding="UTF-8"?>
<coverage generated="1772327398448" clover="3.2.0">
  <project timestamp="1772327398448" name="All files">
    <metrics statements="841" coveredstatements="782" conditionals="559" coveredconditionals="427" methods="175" coveredmethods="163" elements="1575" coveredelements="1372" complexity="0" loc="841" ncloc="841" packages="1" files="10" classes="10"/>
    <file name="agile.cjs" path="C:\Users\jesse\ai-feature-contracts\.claude\worktrees\musing-lichterman\lib\agile.cjs">
      <metrics statements="28" coveredstatements="27" conditionals="25" coveredconditionals="17" methods="15" coveredmethods="15"/>
      <line num="1" count="30" type="stmt"/>
      <line num="4" count="5" type="stmt"/>
      <line num="5" count="5" type="cond" truecount="1" falsecount="1"/>
      <line num="9" count="5" type="cond" truecount="1" falsecount="1"/>
      <line num="10" count="10" type="cond" truecount="1" falsecount="1"/>
      <line num="14" count="5" type="cond" truecount="1" falsecount="1"/>
      <line num="15" count="5" type="stmt"/>
      <line num="16" count="35" type="cond" truecount="3" falsecount="0"/>
      <line num="19" count="5" type="stmt"/>
      <line num="20" count="50" type="stmt"/>
      <line num="21" count="10" type="stmt"/>
      <line num="30" count="45" type="stmt"/>
      <line num="34" count="10" type="stmt"/>
      <line num="35" count="66" type="cond" truecount="2" falsecount="0"/>
      <line num="38" count="10" type="cond" truecount="2" falsecount="0"/>
      <line num="39" count="20" type="stmt"/>
      <line num="47" count="10" type="stmt"/>
      <line num="55" count="10" type="stmt"/>
      <line num="59" count="5" type="stmt"/>
      <line num="60" count="5" type="stmt"/>
      <line num="61" count="5" type="stmt"/>
      <line num="62" count="5" type="stmt"/>
      <line num="64" count="10" type="stmt"/>
      <line num="71" count="5" type="cond" truecount="1" falsecount="1"/>
      <line num="72" count="0" type="stmt"/>
      <line num="80" count="5" type="stmt"/>
      <line num="96" count="9" type="stmt"/>
      <line num="99" count="30" type="stmt"/>
    </file>
    <file name="commands.cjs" path="C:\Users\jesse\ai-feature-contracts\.claude\worktrees\musing-lichterman\lib\commands.cjs">
      <metrics statements="363" coveredstatements="327" conditionals="222" coveredconditionals="155" methods="55" coveredmethods="48"/>
      <line num="1" count="30" type="stmt"/>
      <line num="2" count="30" type="stmt"/>
      <line num="3" count="30" type="stmt"/>
      <line num="4" count="30" type="stmt"/>
      <line num="5" count="30" type="stmt"/>
      <line num="6" count="30" type="stmt"/>
      <line num="7" count="30" type="stmt"/>
      <line num="12" count="30" type="stmt"/>
      <line num="19" count="30" type="stmt"/>
      <line num="22" count="46" type="stmt"/>
      <line num="33" count="9" type="cond" truecount="2" falsecount="0"/>
      <line num="34" count="7" type="stmt"/>
      <line num="39" count="3" type="cond" truecount="4" falsecount="0"/>
      <line num="40" count="2" type="stmt"/>
      <line num="42" count="3" type="cond" truecount="4" falsecount="1"/>
      <line num="43" count="3" type="stmt"/>
      <line num="44" count="3" type="stmt"/>
      <line num="49" count="12" type="cond" truecount="2" falsecount="2"/>
      <line num="53" count="12" type="stmt"/>
      <line num="101" count="51" type="stmt"/>
      <line num="102" count="12" type="stmt"/>
      <line num="104" count="12" type="cond" truecount="2" falsecount="0"/>
      <line num="105" count="3" type="stmt"/>
      <line num="106" count="9" type="stmt"/>
      <line num="110" count="12" type="stmt"/>
      <line num="115" count="12" type="stmt"/>
      <line num="126" count="6" type="cond" truecount="1" falsecount="0"/>
      <line num="130" count="45" type="stmt"/>
      <line num="131" count="0" type="cond" truecount="2" falsecount="0"/>
      <line num="132" count="0" type="cond" truecount="2" falsecount="0"/>
      <line num="133" count="0" type="cond" truecount="2" falsecount="0"/>
      <line num="134" count="0" type="cond" truecount="2" falsecount="0"/>
      <line num="135" count="0" type="cond" truecount="2" falsecount="0"/>
      <line num="136" count="0" type="cond" truecount="2" falsecount="0"/>
      <line num="137" count="1" type="cond" truecount="2" falsecount="0"/>
      <line num="141" count="29" type="stmt"/>
      <line num="142" count="29" type="stmt"/>
      <line num="144" count="1" type="stmt"/>
      <line num="145" count="1" type="cond" truecount="1" falsecount="1"/>
      <line num="146" count="0" type="stmt"/>
      <line num="148" count="1" type="stmt"/>
      <line num="149" count="1" type="stmt"/>
      <line num="154" count="2" type="stmt"/>
      <line num="156" count="2" type="stmt"/>
      <line num="157" count="2" type="stmt"/>
      <line num="158" count="2" type="stmt"/>
      <line num="159" count="2" type="stmt"/>
      <line num="160" count="2" type="cond" truecount="1" falsecount="1"/>
      <line num="161" count="2" type="stmt"/>
      <line num="164" count="2" type="stmt"/>
      <line num="165" count="2" type="stmt"/>
      <line num="166" count="8" type="stmt"/>
      <line num="167" count="8" type="stmt"/>
      <line num="168" count="8" type="cond" truecount="3" falsecount="1"/>
      <line num="169" count="8" type="stmt"/>
      <line num="170" count="8" type="stmt"/>
      <line num="174" count="2" type="stmt"/>
      <line num="175" count="2" type="cond" truecount="1" falsecount="1"/>
      <line num="176" count="2" type="stmt"/>
      <line num="207" count="2" type="stmt"/>
      <line num="210" count="2" type="stmt"/>
      <line num="211" count="2" type="stmt"/>
      <line num="212" count="2" type="stmt"/>
      <line num="216" count="5" type="stmt"/>
      <line num="218" count="5" type="stmt"/>
      <line num="219" count="5" type="stmt"/>
      <line num="220" count="5" type="stmt"/>
      <line num="226" count="4" type="stmt"/>
      <line num="227" count="4" type="stmt"/>
      <line num="228" count="4" type="stmt"/>
      <line num="229" count="4" type="stmt"/>
      <line num="230" count="4" type="stmt"/>
      <line num="232" count="1" type="stmt"/>
      <line num="233" count="1" type="stmt"/>
      <line num="238" count="2" type="stmt"/>
      <line num="239" count="2" type="cond" truecount="1" falsecount="1"/>
      <line num="240" count="0" type="stmt"/>
      <line num="243" count="2" type="stmt"/>
      <line num="244" count="2" type="stmt"/>
      <line num="245" count="2" type="stmt"/>
      <line num="247" count="2" type="stmt"/>
      <line num="248" count="2" type="stmt"/>
      <line num="250" count="2" type="cond" truecount="1" falsecount="1"/>
      <line num="251" count="2" type="stmt"/>
      <line num="254" count="2" type="cond" truecount="2" falsecount="0"/>
      <line num="255" count="1" type="stmt"/>
      <line num="256" count="4" type="stmt"/>
      <line num="259" count="2" type="cond" truecount="2" falsecount="0"/>
      <line num="260" count="1" type="stmt"/>
      <line num="261" count="7" type="stmt"/>
      <line num="264" count="2" type="cond" truecount="4" falsecount="0"/>
      <line num="265" count="1" type="stmt"/>
      <line num="266" count="2" type="stmt"/>
      <line num="269" count="2" type="stmt"/>
      <line num="271" count="2" type="cond" truecount="2" falsecount="0"/>
      <line num="272" count="1" type="cond" truecount="1" falsecount="1"/>
      <line num="273" count="1" type="stmt"/>
      <line num="274" count="1" type="stmt"/>
      <line num="277" count="1" type="stmt"/>
      <line num="278" count="1" type="stmt"/>
      <line num="282" count="8" type="stmt"/>
      <line num="283" count="8" type="cond" truecount="1" falsecount="1"/>
      <line num="284" count="0" type="stmt"/>
      <line num="287" count="8" type="stmt"/>
      <line num="288" count="8" type="stmt"/>
      <line num="289" count="8" type="stmt"/>
      <line num="291" count="8" type="cond" truecount="2" falsecount="0"/>
      <line num="292" count="1" type="stmt"/>
      <line num="293" count="1" type="stmt"/>
      <line num="294" count="1" type="stmt"/>
      <line num="297" count="7" type="stmt"/>
      <line num="298" count="7" type="stmt"/>
      <line num="299" count="7" type="cond" truecount="1" falsecount="1"/>
      <line num="300" count="7" type="stmt"/>
      <line num="301" count="49" type="cond" truecount="3" falsecount="0"/>
      <line num="303" count="7" type="stmt"/>
      <line num="304" count="70" type="stmt"/>
      <line num="305" count="14" type="cond" truecount="3" falsecount="1"/>
      <line num="306" count="14" type="stmt"/>
      <line num="315" count="7" type="stmt"/>
      <line num="316" count="7" type="stmt"/>
      <line num="317" count="7" type="cond" truecount="1" falsecount="1"/>
      <line num="318" count="28" type="stmt"/>
      <line num="319" count="14" type="stmt"/>
      <line num="322" count="7" type="stmt"/>
      <line num="333" count="7" type="stmt"/>
      <line num="334" count="7" type="stmt"/>
      <line num="335" count="7" type="stmt"/>
      <line num="337" count="7" type="stmt"/>
      <line num="338" count="7" type="stmt"/>
      <line num="339" count="7" type="stmt"/>
      <line num="340" count="7" type="stmt"/>
      <line num="341" count="7" type="stmt"/>
      <line num="342" count="7" type="stmt"/>
      <line num="346" count="3" type="stmt"/>
      <line num="347" count="3" type="cond" truecount="1" falsecount="1"/>
      <line num="348" count="0" type="stmt"/>
      <line num="351" count="3" type="stmt"/>
      <line num="352" count="3" type="stmt"/>
      <line num="353" count="3" type="stmt"/>
      <line num="354" count="3" type="stmt"/>
      <line num="356" count="3" type="stmt"/>
      <line num="357" count="3" type="stmt"/>
      <line num="358" count="3" type="cond" truecount="2" falsecount="0"/>
      <line num="359" count="2" type="stmt"/>
      <line num="360" count="2" type="stmt"/>
      <line num="361" count="2" type="stmt"/>
      <line num="362" count="2" type="stmt"/>
      <line num="365" count="3" type="stmt"/>
      <line num="366" count="3" type="stmt"/>
      <line num="370" count="3" type="stmt"/>
      <line num="371" count="3" type="cond" truecount="1" falsecount="1"/>
      <line num="372" count="0" type="stmt"/>
      <line num="375" count="3" type="stmt"/>
      <line num="376" count="3" type="stmt"/>
      <line num="377" count="3" type="cond" truecount="2" falsecount="0"/>
      <line num="378" count="1" type="stmt"/>
      <line num="379" count="1" type="stmt"/>
      <line num="380" count="0" type="stmt"/>
      <line num="383" count="2" type="stmt"/>
      <line num="384" count="2" type="stmt"/>
      <line num="385" count="2" type="cond" truecount="2" falsecount="0"/>
      <line num="386" count="1" type="stmt"/>
      <line num="387" count="1" type="stmt"/>
      <line num="388" count="1" type="stmt"/>
      <line num="391" count="1" type="stmt"/>
      <line num="393" count="1" type="stmt"/>
      <line num="394" count="1" type="stmt"/>
      <line num="395" count="1" type="stmt"/>
      <line num="396" count="1" type="stmt"/>
      <line num="397" count="2" type="stmt"/>
      <line num="398" count="1" type="stmt"/>
      <line num="399" count="2" type="stmt"/>
      <line num="400" count="1" type="stmt"/>
      <line num="401" count="3" type="stmt"/>
      <line num="402" count="1" type="stmt"/>
      <line num="403" count="1" type="stmt"/>
      <line num="404" count="1" type="stmt"/>
      <line num="406" count="1" type="stmt"/>
      <line num="407" count="1" type="stmt"/>
      <line num="408" count="1" type="stmt"/>
      <line num="412" count="1" type="stmt"/>
      <line num="413" count="1" type="cond" truecount="1" falsecount="1"/>
      <line num="414" count="0" type="stmt"/>
      <line num="417" count="1" type="stmt"/>
      <line num="418" count="1" type="stmt"/>
      <line num="419" count="1" type="stmt"/>
      <line num="420" count="1" type="cond" truecount="1" falsecount="1"/>
      <line num="424" count="1" type="stmt"/>
      <line num="425" count="1" type="stmt"/>
      <line num="426" count="1" type="stmt"/>
      <line num="427" count="1" type="stmt"/>
      <line num="428" count="1" type="cond" truecount="1" falsecount="1"/>
      <line num="429" count="1" type="stmt"/>
      <line num="431" count="1" type="cond" truecount="1" falsecount="1"/>
      <line num="432" count="1" type="stmt"/>
      <line num="433" count="2" type="stmt"/>
      <line num="434" count="2" type="cond" truecount="3" falsecount="1"/>
      <line num="435" count="2" type="stmt"/>
      <line num="439" count="1" type="stmt"/>
      <line num="440" count="1" type="stmt"/>
      <line num="441" count="1" type="cond" truecount="1" falsecount="1"/>
      <line num="442" count="1" type="stmt"/>
      <line num="443" count="1" type="stmt"/>
      <line num="444" count="1" type="stmt"/>
      <line num="446" count="0" type="stmt"/>
      <line num="449" count="1" type="stmt"/>
      <line num="450" count="1" type="stmt"/>
      <line num="451" count="0" type="stmt"/>
      <line num="453" count="1" type="stmt"/>
      <line num="457" count="1" type="stmt"/>
      <line num="458" count="1" type="stmt"/>
      <line num="459" count="1" type="stmt"/>
      <line num="463" count="2" type="stmt"/>
      <line num="465" count="2" type="stmt"/>
      <line num="466" count="2" type="cond" truecount="2" falsecount="0"/>
      <line num="467" count="1" type="stmt"/>
      <line num="468" count="1" type="stmt"/>
      <line num="469" count="1" type="stmt"/>
      <line num="472" count="1" type="stmt"/>
      <line num="473" count="1" type="stmt"/>
      <line num="474" count="1" type="stmt"/>
      <line num="475" count="1" type="cond" truecount="1" falsecount="1"/>
      <line num="476" count="1" type="cond" truecount="1" falsecount="1"/>
      <line num="477" count="1" type="stmt"/>
      <line num="483" count="1" type="cond" truecount="1" falsecount="1"/>
      <line num="484" count="1" type="stmt"/>
      <line num="486" count="1" type="stmt"/>
      <line num="490" count="5" type="stmt"/>
      <line num="491" count="5" type="cond" truecount="1" falsecount="1"/>
      <line num="492" count="0" type="stmt"/>
      <line num="495" count="5" type="stmt"/>
      <line num="496" count="5" type="stmt"/>
      <line num="497" count="5" type="stmt"/>
      <line num="498" count="5" type="cond" truecount="1" falsecount="1"/>
      <line num="499" count="0" type="stmt"/>
      <line num="500" count="0" type="stmt"/>
      <line num="501" count="0" type="stmt"/>
      <line num="504" count="5" type="stmt"/>
      <line num="505" count="5" type="stmt"/>
      <line num="506" count="5" type="stmt"/>
      <line num="507" count="5" type="stmt"/>
      <line num="509" count="5" type="stmt"/>
      <line num="510" count="5" type="stmt"/>
      <line num="511" count="5" type="stmt"/>
      <line num="512" count="5" type="stmt"/>
      <line num="513" count="5" type="stmt"/>
      <line num="517" count="2" type="stmt"/>
      <line num="518" count="2" type="cond" truecount="1" falsecount="1"/>
      <line num="519" count="0" type="stmt"/>
      <line num="522" count="2" type="stmt"/>
      <line num="523" count="2" type="stmt"/>
      <line num="524" count="2" type="stmt"/>
      <line num="525" count="2" type="stmt"/>
      <line num="526" count="2" type="stmt"/>
      <line num="528" count="2" type="stmt"/>
      <line num="536" count="2" type="stmt"/>
      <line num="537" count="2" type="stmt"/>
      <line num="541" count="6" type="cond" truecount="1" falsecount="1"/>
      <line num="542" count="0" type="stmt"/>
      <line num="545" count="6" type="cond" truecount="1" falsecount="1"/>
      <line num="546" count="6" type="cond" truecount="4" falsecount="0"/>
      <line num="547" count="4" type="stmt"/>
      <line num="550" count="2" type="stmt"/>
      <line num="551" count="2" type="cond" truecount="1" falsecount="1"/>
      <line num="552" count="0" type="stmt"/>
      <line num="555" count="2" type="stmt"/>
      <line num="556" count="2" type="stmt"/>
      <line num="557" count="2" type="stmt"/>
      <line num="559" count="2" type="cond" truecount="1" falsecount="1"/>
      <line num="560" count="2" type="stmt"/>
      <line num="562" count="0" type="cond" truecount="0" falsecount="2"/>
      <line num="563" count="0" type="stmt"/>
      <line num="566" count="0" type="stmt"/>
      <line num="570" count="10" type="stmt"/>
      <line num="571" count="10" type="cond" truecount="1" falsecount="1"/>
      <line num="575" count="2" type="cond" truecount="1" falsecount="1"/>
      <line num="576" count="0" type="stmt"/>
      <line num="579" count="2" type="stmt"/>
      <line num="580" count="6" type="cond" truecount="2" falsecount="0"/>
      <line num="581" count="4" type="stmt"/>
      <line num="585" count="2" type="cond" truecount="1" falsecount="1"/>
      <line num="591" count="0" type="stmt"/>
      <line num="599" count="2" type="stmt"/>
      <line num="608" count="2" type="stmt"/>
      <line num="609" count="2" type="cond" truecount="1" falsecount="1"/>
      <line num="610" count="0" type="stmt"/>
      <line num="613" count="2" type="stmt"/>
      <line num="614" count="2" type="stmt"/>
      <line num="615" count="2" type="cond" truecount="1" falsecount="1"/>
      <line num="616" count="0" type="stmt"/>
      <line num="619" count="2" type="stmt"/>
      <line num="628" count="2" type="stmt"/>
      <line num="629" count="12" type="cond" truecount="5" falsecount="0"/>
      <line num="630" count="8" type="stmt"/>
      <line num="634" count="2" type="stmt"/>
      <line num="635" count="2" type="stmt"/>
      <line num="636" count="2" type="cond" truecount="1" falsecount="1"/>
      <line num="637" count="2" type="cond" truecount="2" falsecount="4"/>
      <line num="641" count="2" type="stmt"/>
      <line num="654" count="2" type="cond" truecount="2" falsecount="0"/>
      <line num="655" count="2" type="cond" truecount="2" falsecount="0"/>
      <line num="658" count="2" type="stmt"/>
      <line num="659" count="2" type="stmt"/>
      <line num="669" count="10" type="stmt"/>
      <line num="671" count="10" type="stmt"/>
      <line num="672" count="10" type="cond" truecount="2" falsecount="0"/>
      <line num="673" count="2" type="stmt"/>
      <line num="674" count="2" type="cond" truecount="1" falsecount="1"/>
      <line num="675" count="0" type="stmt"/>
      <line num="676" count="0" type="stmt"/>
      <line num="679" count="2" type="stmt"/>
      <line num="680" count="2" type="stmt"/>
      <line num="681" count="4" type="stmt"/>
      <line num="682" count="4" type="stmt"/>
      <line num="683" count="4" type="stmt"/>
      <line num="684" count="4" type="cond" truecount="2" falsecount="0"/>
      <line num="685" count="2" type="stmt"/>
      <line num="686" count="2" type="stmt"/>
      <line num="687" count="2" type="stmt"/>
      <line num="689" count="2" type="stmt"/>
      <line num="692" count="2" type="cond" truecount="1" falsecount="1"/>
      <line num="693" count="2" type="stmt"/>
      <line num="695" count="0" type="stmt"/>
      <line num="698" count="8" type="cond" truecount="2" falsecount="0"/>
      <line num="699" count="2" type="stmt"/>
      <line num="700" count="2" type="cond" truecount="1" falsecount="1"/>
      <line num="701" count="0" type="stmt"/>
      <line num="703" count="2" type="stmt"/>
      <line num="705" count="2" type="stmt"/>
      <line num="708" count="6" type="stmt"/>
      <line num="709" count="6" type="stmt"/>
      <line num="710" count="6" type="stmt"/>
      <line num="712" count="6" type="cond" truecount="2" falsecount="0"/>
      <line num="713" count="4" type="cond" truecount="2" falsecount="0"/>
      <line num="714" count="2" type="stmt"/>
      <line num="715" count="2" type="stmt"/>
      <line num="717" count="2" type="stmt"/>
      <line num="718" count="2" type="stmt"/>
      <line num="721" count="2" type="stmt"/>
      <line num="722" count="2" type="stmt"/>
      <line num="723" count="2" type="stmt"/>
      <line num="724" count="2" type="stmt"/>
      <line num="725" count="2" type="stmt"/>
      <line num="726" count="2" type="cond" truecount="1" falsecount="1"/>
      <line num="727" count="2" type="stmt"/>
      <line num="729" count="2" type="cond" truecount="1" falsecount="1"/>
      <line num="730" count="12" type="stmt"/>
      <line num="732" count="4" type="stmt"/>
      <line num="733" count="4" type="stmt"/>
      <line num="734" count="4" type="cond" truecount="2" falsecount="0"/>
      <line num="735" count="4" type="cond" truecount="3" falsecount="1"/>
      <line num="738" count="2" type="cond" truecount="1" falsecount="1"/>
      <line num="739" count="0" type="stmt"/>
      <line num="740" count="0" type="stmt"/>
      <line num="741" count="0" type="stmt"/>
      <line num="744" count="2" type="cond" truecount="2" falsecount="0"/>
      <line num="745" count="1" type="stmt"/>
      <line num="747" count="1" type="stmt"/>
      <line num="749" count="2" type="stmt"/>
      <line num="753" count="45" type="stmt"/>
      <line num="766" count="1" type="cond" truecount="0" falsecount="1"/>
      <line num="770" count="30" type="stmt"/>
    </file>
    <file name="core.cjs" path="C:\Users\jesse\ai-feature-contracts\.claude\worktrees\musing-lichterman\lib\core.cjs">
      <metrics statements="178" coveredstatements="165" conditionals="137" coveredconditionals="119" methods="35" coveredmethods="30"/>
      <line num="6" count="33" type="stmt"/>
      <line num="7" count="33" type="stmt"/>
      <line num="8" count="33" type="stmt"/>
      <line num="14" count="33" type="stmt"/>
      <line num="15" count="33" type="stmt"/>
      <line num="16" count="33" type="stmt"/>
      <line num="22" count="33" type="stmt"/>
      <line num="36" count="33" type="stmt"/>
      <line num="37" count="1" type="stmt"/>
      <line num="38" count="1" type="stmt"/>
      <line num="39" count="1" type="stmt"/>
      <line num="40" count="0" type="stmt"/>
      <line num="41" count="0" type="stmt"/>
      <line num="42" count="0" type="stmt"/>
      <line num="43" count="0" type="stmt"/>
      <line num="44" count="0" type="stmt"/>
      <line num="52" count="42" type="stmt"/>
      <line num="53" count="42" type="stmt"/>
      <line num="54" count="42" type="stmt"/>
      <line num="57" count="42" type="stmt"/>
      <line num="58" count="42" type="stmt"/>
      <line num="59" count="210" type="cond" truecount="2" falsecount="0"/>
      <line num="63" count="42" type="stmt"/>
      <line num="64" count="42" type="cond" truecount="2" falsecount="0"/>
      <line num="65" count="42" type="stmt"/>
      <line num="66" count="126" type="cond" truecount="4" falsecount="0"/>
      <line num="67" count="3" type="stmt"/>
      <line num="72" count="42" type="stmt"/>
      <line num="73" count="42" type="cond" truecount="2" falsecount="0"/>
      <line num="74" count="42" type="stmt"/>
      <line num="75" count="126" type="cond" truecount="2" falsecount="0"/>
      <line num="76" count="3" type="stmt"/>
      <line num="81" count="42" type="stmt"/>
      <line num="82" count="42" type="cond" truecount="2" falsecount="0"/>
      <line num="83" count="42" type="cond" truecount="2" falsecount="0"/>
      <line num="85" count="42" type="stmt"/>
      <line num="86" count="336" type="cond" truecount="2" falsecount="0"/>
      <line num="87" count="2" type="stmt"/>
      <line num="89" count="336" type="cond" truecount="2" falsecount="0"/>
      <line num="90" count="1" type="stmt"/>
      <line num="95" count="42" type="cond" truecount="2" falsecount="0"/>
      <line num="96" count="42" type="cond" truecount="2" falsecount="0"/>
      <line num="97" count="1" type="stmt"/>
      <line num="98" count="41" type="cond" truecount="2" falsecount="0"/>
      <line num="99" count="1" type="stmt"/>
      <line num="103" count="42" type="cond" truecount="2" falsecount="0"/>
      <line num="104" count="42" type="cond" truecount="1" falsecount="1"/>
      <line num="105" count="0" type="stmt"/>
      <line num="106" count="42" type="cond" truecount="1" falsecount="1"/>
      <line num="107" count="0" type="stmt"/>
      <line num="111" count="42" type="cond" truecount="2" falsecount="0"/>
      <line num="112" count="27" type="stmt"/>
      <line num="116" count="42" type="cond" truecount="2" falsecount="0"/>
      <line num="117" count="42" type="cond" truecount="2" falsecount="0"/>
      <line num="118" count="42" type="cond" truecount="2" falsecount="0"/>
      <line num="119" count="4" type="stmt"/>
      <line num="120" count="38" type="cond" truecount="2" falsecount="0"/>
      <line num="121" count="25" type="stmt"/>
      <line num="125" count="42" type="cond" truecount="2" falsecount="0"/>
      <line num="126" count="28" type="stmt"/>
      <line num="128" count="42" type="cond" truecount="2" falsecount="0"/>
      <line num="129" count="29" type="stmt"/>
      <line num="131" count="42" type="cond" truecount="2" falsecount="0"/>
      <line num="132" count="29" type="stmt"/>
      <line num="136" count="42" type="stmt"/>
      <line num="137" count="42" type="stmt"/>
      <line num="138" count="210" type="cond" truecount="2" falsecount="0"/>
      <line num="139" count="5" type="stmt"/>
      <line num="147" count="42" type="stmt"/>
      <line num="148" count="42" type="cond" truecount="2" falsecount="0"/>
      <line num="149" count="26" type="stmt"/>
      <line num="151" count="16" type="cond" truecount="1" falsecount="1"/>
      <line num="152" count="16" type="cond" truecount="1" falsecount="1"/>
      <line num="153" count="16" type="cond" truecount="1" falsecount="1"/>
      <line num="154" count="0" type="stmt"/>
      <line num="159" count="42" type="stmt"/>
      <line num="160" count="42" type="stmt"/>
      <line num="161" count="462" type="stmt"/>
      <line num="163" count="42" type="cond" truecount="4" falsecount="0"/>
      <line num="164" count="2" type="stmt"/>
      <line num="168" count="42" type="stmt"/>
      <line num="169" count="42" type="cond" truecount="2" falsecount="0"/>
      <line num="170" count="42" type="stmt"/>
      <line num="171" count="168" type="cond" truecount="2" falsecount="2"/>
      <line num="172" count="0" type="stmt"/>
      <line num="180" count="42" type="stmt"/>
      <line num="181" count="42" type="cond" truecount="2" falsecount="0"/>
      <line num="182" count="29" type="stmt"/>
      <line num="185" count="42" type="cond" truecount="2" falsecount="0"/>
      <line num="186" count="42" type="cond" truecount="2" falsecount="0"/>
      <line num="187" count="26" type="stmt"/>
      <line num="190" count="42" type="stmt"/>
      <line num="191" count="42" type="cond" truecount="2" falsecount="0"/>
      <line num="192" count="28" type="stmt"/>
      <line num="195" count="42" type="cond" truecount="2" falsecount="0"/>
      <line num="196" count="4" type="cond" truecount="2" falsecount="0"/>
      <line num="197" count="4" type="cond" truecount="2" falsecount="0"/>
      <line num="198" count="2" type="stmt"/>
      <line num="202" count="42" type="stmt"/>
      <line num="223" count="9" type="stmt"/>
      <line num="224" count="9" type="cond" truecount="2" falsecount="0"/>
      <line num="225" count="7" type="stmt"/>
      <line num="233" count="7" type="stmt"/>
      <line num="234" count="7" type="cond" truecount="2" falsecount="0"/>
      <line num="235" count="6" type="stmt"/>
      <line num="236" count="6" type="cond" truecount="1" falsecount="1"/>
      <line num="237" count="6" type="stmt"/>
      <line num="240" count="1" type="stmt"/>
      <line num="242" count="2" type="stmt"/>
      <line num="246" count="3" type="cond" truecount="2" falsecount="0"/>
      <line num="247" count="1" type="stmt"/>
      <line num="249" count="12" type="stmt"/>
      <line num="250" count="2" type="stmt"/>
      <line num="251" count="12" type="stmt"/>
      <line num="252" count="12" type="stmt"/>
      <line num="268" count="2" type="stmt"/>
      <line num="269" count="2" type="cond" truecount="1" falsecount="1"/>
      <line num="270" count="2" type="stmt"/>
      <line num="272" count="2" type="cond" truecount="2" falsecount="0"/>
      <line num="273" count="1" type="stmt"/>
      <line num="274" count="1" type="cond" truecount="1" falsecount="1"/>
      <line num="275" count="0" type="stmt"/>
      <line num="277" count="1" type="stmt"/>
      <line num="280" count="1" type="stmt"/>
      <line num="284" count="2" type="cond" truecount="1" falsecount="1"/>
      <line num="285" count="0" type="stmt"/>
      <line num="287" count="2" type="stmt"/>
      <line num="288" count="20" type="stmt"/>
      <line num="290" count="20" type="stmt"/>
      <line num="291" count="20" type="cond" truecount="1" falsecount="1"/>
      <line num="292" count="20" type="stmt"/>
      <line num="293" count="20" type="stmt"/>
      <line num="298" count="0" type="stmt"/>
      <line num="307" count="6" type="cond" truecount="2" falsecount="0"/>
      <line num="308" count="5" type="stmt"/>
      <line num="310" count="6" type="stmt"/>
      <line num="311" count="6" type="stmt"/>
      <line num="316" count="6" type="stmt"/>
      <line num="317" count="6" type="stmt"/>
      <line num="321" count="3" type="stmt"/>
      <line num="322" count="3" type="cond" truecount="2" falsecount="0"/>
      <line num="323" count="2" type="stmt"/>
      <line num="325" count="1" type="stmt"/>
      <line num="326" count="1" type="stmt"/>
      <line num="328" count="0" type="stmt"/>
      <line num="333" count="2" type="stmt"/>
      <line num="334" count="2" type="cond" truecount="2" falsecount="0"/>
      <line num="335" count="1" type="stmt"/>
      <line num="340" count="2" type="cond" truecount="2" falsecount="0"/>
      <line num="341" count="1" type="stmt"/>
      <line num="343" count="1" type="stmt"/>
      <line num="344" count="2" type="stmt"/>
      <line num="346" count="2" type="stmt"/>
      <line num="347" count="2" type="stmt"/>
      <line num="361" count="12" type="stmt"/>
      <line num="362" count="12" type="stmt"/>
      <line num="363" count="12" type="stmt"/>
      <line num="365" count="12" type="cond" truecount="2" falsecount="0"/>
      <line num="366" count="6" type="stmt"/>
      <line num="369" count="12" type="cond" truecount="2" falsecount="0"/>
      <line num="370" count="2" type="stmt"/>
      <line num="373" count="10" type="stmt"/>
      <line num="374" count="10" type="cond" truecount="2" falsecount="0"/>
      <line num="375" count="1" type="stmt"/>
      <line num="378" count="9" type="stmt"/>
      <line num="379" count="9" type="stmt"/>
      <line num="385" count="9" type="stmt"/>
      <line num="387" count="9" type="stmt"/>
      <line num="391" count="33" type="cond" truecount="2" falsecount="0"/>
      <line num="392" count="1" type="stmt"/>
      <line num="395" count="32" type="cond" truecount="1" falsecount="1"/>
      <line num="397" count="32" type="stmt"/>
      <line num="398" count="32" type="cond" truecount="2" falsecount="0"/>
      <line num="400" count="3" type="cond" truecount="2" falsecount="0"/>
      <line num="401" count="3" type="stmt"/>
      <line num="402" count="3" type="cond" truecount="2" falsecount="0"/>
      <line num="404" count="2" type="stmt"/>
      <line num="411" count="33" type="stmt"/>
    </file>
    <file name="governance.cjs" path="C:\Users\jesse\ai-feature-contracts\.claude\worktrees\musing-lichterman\lib\governance.cjs">
      <metrics statements="32" coveredstatements="31" conditionals="26" coveredconditionals="18" methods="10" coveredmethods="10"/>
      <line num="1" count="31" type="stmt"/>
      <line num="2" count="31" type="stmt"/>
      <line num="4" count="31" type="stmt"/>
      <line num="43" count="22" type="stmt"/>
      <line num="47" count="16" type="stmt"/>
      <line num="51" count="5" type="stmt"/>
      <line num="52" count="5" type="cond" truecount="2" falsecount="0"/>
      <line num="53" count="4" type="stmt"/>
      <line num="55" count="5" type="stmt"/>
      <line num="59" count="5" type="stmt"/>
      <line num="60" count="5" type="stmt"/>
      <line num="61" count="5" type="cond" truecount="2" falsecount="0"/>
      <line num="62" count="4" type="stmt"/>
      <line num="64" count="5" type="stmt"/>
      <line num="68" count="5" type="cond" truecount="3" falsecount="1"/>
      <line num="69" count="0" type="cond" truecount="0" falsecount="2"/>
      <line num="72" count="5" type="cond" truecount="2" falsecount="0"/>
      <line num="78" count="3" type="stmt"/>
      <line num="79" count="3" type="stmt"/>
      <line num="80" count="4" type="stmt"/>
      <line num="82" count="3" type="stmt"/>
      <line num="85" count="2" type="cond" truecount="1" falsecount="1"/>
      <line num="89" count="9" type="stmt"/>
      <line num="90" count="9" type="cond" truecount="2" falsecount="0"/>
      <line num="91" count="8" type="stmt"/>
      <line num="94" count="1" type="stmt"/>
      <line num="95" count="1" type="stmt"/>
      <line num="105" count="12" type="stmt"/>
      <line num="106" count="9" type="stmt"/>
      <line num="107" count="3" type="stmt"/>
      <line num="109" count="3" type="stmt"/>
      <line num="147" count="31" type="stmt"/>
    </file>
    <file name="ignore.cjs" path="C:\Users\jesse\ai-feature-contracts\.claude\worktrees\musing-lichterman\lib\ignore.cjs">
      <metrics statements="39" coveredstatements="39" conditionals="14" coveredconditionals="13" methods="9" coveredmethods="9"/>
      <line num="1" count="31" type="stmt"/>
      <line num="2" count="31" type="stmt"/>
      <line num="4" count="31" type="stmt"/>
      <line num="14" count="15" type="stmt"/>
      <line num="18" count="4" type="stmt"/>
      <line num="19" count="4" type="cond" truecount="1" falsecount="1"/>
      <line num="20" count="4" type="stmt"/>
      <line num="22" count="4" type="stmt"/>
      <line num="26" count="10" type="stmt"/>
      <line num="27" count="10" type="cond" truecount="2" falsecount="0"/>
      <line num="28" count="2" type="stmt"/>
      <line num="31" count="8" type="stmt"/>
      <line num="33" count="34" type="stmt"/>
      <line num="34" count="34" type="cond" truecount="2" falsecount="0"/>
      <line num="38" count="272" type="stmt"/>
      <line num="42" count="23" type="stmt"/>
      <line num="43" count="23" type="stmt"/>
      <line num="45" count="23" type="stmt"/>
      <line num="46" count="287" type="stmt"/>
      <line num="47" count="287" type="stmt"/>
      <line num="49" count="287" type="cond" truecount="2" falsecount="0"/>
      <line num="50" count="15" type="cond" truecount="2" falsecount="0"/>
      <line num="51" count="6" type="stmt"/>
      <line num="52" count="6" type="stmt"/>
      <line num="54" count="9" type="stmt"/>
      <line num="56" count="15" type="stmt"/>
      <line num="59" count="272" type="stmt"/>
      <line num="62" count="23" type="cond" truecount="2" falsecount="0"/>
      <line num="63" count="12" type="stmt"/>
      <line num="66" count="11" type="stmt"/>
      <line num="70" count="9" type="stmt"/>
      <line num="71" count="9" type="stmt"/>
      <line num="73" count="9" type="stmt"/>
      <line num="75" count="9" type="stmt"/>
      <line num="76" count="22" type="stmt"/>
      <line num="77" count="22" type="cond" truecount="2" falsecount="0"/>
      <line num="78" count="6" type="stmt"/>
      <line num="82" count="9" type="stmt"/>
      <line num="85" count="31" type="stmt"/>
    </file>
    <file name="interactive-shell.cjs" path="C:\Users\jesse\ai-feature-contracts\.claude\worktrees\musing-lichterman\lib\interactive-shell.cjs">
      <metrics statements="112" coveredstatements="112" conditionals="41" coveredconditionals="38" methods="20" coveredmethods="20"/>
      <line num="8" count="46" type="stmt"/>
      <line num="11" count="6" type="cond" truecount="1" falsecount="1"/>
      <line num="13" count="11" type="stmt"/>
      <line num="18" count="8" type="stmt"/>
      <line num="19" count="8" type="stmt"/>
      <line num="21" count="8" type="stmt"/>
      <line num="22" count="60" type="stmt"/>
      <line num="23" count="60" type="cond" truecount="2" falsecount="0"/>
      <line num="24" count="32" type="stmt"/>
      <line num="25" count="32" type="stmt"/>
      <line num="28" count="28" type="stmt"/>
      <line num="29" count="28" type="stmt"/>
      <line num="30" count="28" type="cond" truecount="4" falsecount="0"/>
      <line num="31" count="6" type="stmt"/>
      <line num="32" count="6" type="stmt"/>
      <line num="35" count="22" type="stmt"/>
      <line num="36" count="22" type="stmt"/>
      <line num="39" count="8" type="stmt"/>
      <line num="60" count="3" type="stmt"/>
      <line num="62" count="3" type="cond" truecount="2" falsecount="0"/>
      <line num="63" count="2" type="stmt"/>
      <line num="64" count="2" type="stmt"/>
      <line num="67" count="1" type="stmt"/>
      <line num="68" count="1" type="stmt"/>
      <line num="69" count="1" type="stmt"/>
      <line num="71" count="1" type="stmt"/>
      <line num="72" count="1" type="stmt"/>
      <line num="73" count="1" type="stmt"/>
      <line num="74" count="1" type="stmt"/>
      <line num="75" count="1" type="stmt"/>
      <line num="78" count="1" type="stmt"/>
      <line num="79" count="1" type="stmt"/>
      <line num="80" count="1" type="stmt"/>
      <line num="81" count="1" type="stmt"/>
      <line num="85" count="2" type="stmt"/>
      <line num="86" count="2" type="stmt"/>
      <line num="87" count="2" type="stmt"/>
      <line num="89" count="2" type="cond" truecount="4" falsecount="0"/>
      <line num="90" count="1" type="stmt"/>
      <line num="91" count="1" type="stmt"/>
      <line num="94" count="1" type="stmt"/>
      <line num="98" count="3" type="stmt"/>
      <line num="99" count="3" type="stmt"/>
      <line num="101" count="3" type="stmt"/>
      <line num="102" count="3" type="stmt"/>
      <line num="103" count="3" type="cond" truecount="2" falsecount="0"/>
      <line num="104" count="1" type="stmt"/>
      <line num="105" count="1" type="stmt"/>
      <line num="108" count="2" type="cond" truecount="2" falsecount="0"/>
      <line num="109" count="1" type="stmt"/>
      <line num="111" count="1" type="stmt"/>
      <line num="114" count="3" type="stmt"/>
      <line num="119" count="6" type="stmt"/>
      <line num="120" count="6" type="stmt"/>
      <line num="122" count="6" type="stmt"/>
      <line num="123" count="6" type="stmt"/>
      <line num="131" count="6" type="stmt"/>
      <line num="136" count="2" type="stmt"/>
      <line num="137" count="2" type="stmt"/>
      <line num="139" count="2" type="stmt"/>
      <line num="140" count="2" type="stmt"/>
      <line num="148" count="2" type="stmt"/>
      <line num="153" count="1" type="stmt"/>
      <line num="154" count="1" type="stmt"/>
      <line num="155" count="1" type="stmt"/>
      <line num="157" count="1" type="stmt"/>
      <line num="158" count="1" type="stmt"/>
      <line num="159" count="1" type="stmt"/>
      <line num="160" count="1" type="stmt"/>
      <line num="163" count="1" type="stmt"/>
      <line num="164" count="1" type="stmt"/>
      <line num="165" count="1" type="stmt"/>
      <line num="166" count="1" type="stmt"/>
      <line num="183" count="3" type="stmt"/>
      <line num="185" count="3" type="cond" truecount="2" falsecount="0"/>
      <line num="186" count="1" type="stmt"/>
      <line num="187" count="1" type="stmt"/>
      <line num="188" count="1" type="stmt"/>
      <line num="189" count="1" type="stmt"/>
      <line num="190" count="1" type="cond" truecount="1" falsecount="1"/>
      <line num="192" count="1" type="stmt"/>
      <line num="193" count="1" type="stmt"/>
      <line num="196" count="2" type="stmt"/>
      <line num="197" count="2" type="cond" truecount="2" falsecount="0"/>
      <line num="198" count="1" type="stmt"/>
      <line num="199" count="1" type="stmt"/>
      <line num="202" count="1" type="stmt"/>
      <line num="203" count="1" type="stmt"/>
      <line num="204" count="1" type="stmt"/>
      <line num="205" count="1" type="stmt"/>
      <line num="206" count="1" type="stmt"/>
      <line num="207" count="1" type="stmt"/>
      <line num="208" count="1" type="stmt"/>
      <line num="209" count="2" type="stmt"/>
      <line num="211" count="1" type="stmt"/>
      <line num="215" count="2" type="stmt"/>
      <line num="217" count="2" type="cond" truecount="2" falsecount="0"/>
      <line num="218" count="1" type="stmt"/>
      <line num="219" count="1" type="stmt"/>
      <line num="220" count="1" type="stmt"/>
      <line num="223" count="1" type="stmt"/>
      <line num="224" count="1" type="stmt"/>
      <line num="226" count="1" type="stmt"/>
      <line num="227" count="1" type="stmt"/>
      <line num="228" count="1" type="stmt"/>
      <line num="229" count="1" type="stmt"/>
      <line num="232" count="1" type="stmt"/>
      <line num="233" count="1" type="stmt"/>
      <line num="237" count="2" type="stmt"/>
      <line num="290" count="1" type="stmt"/>
      <line num="293" count="46" type="stmt"/>
      <line num="307" count="30" type="stmt"/>
    </file>
    <file name="interactive.cjs" path="C:\Users\jesse\ai-feature-contracts\.claude\worktrees\musing-lichterman\lib\interactive.cjs">
      <metrics statements="5" coveredstatements="5" conditionals="0" coveredconditionals="0" methods="1" coveredmethods="1"/>
      <line num="1" count="29" type="stmt"/>
      <line num="2" count="29" type="stmt"/>
      <line num="5" count="29" type="stmt"/>
      <line num="7" count="29" type="stmt"/>
      <line num="16" count="29" type="stmt"/>
    </file>
    <file name="personas.cjs" path="C:\Users\jesse\ai-feature-contracts\.claude\worktrees\musing-lichterman\lib\personas.cjs">
      <metrics statements="7" coveredstatements="7" conditionals="4" coveredconditionals="2" methods="2" coveredmethods="2"/>
      <line num="1" count="30" type="stmt"/>
      <line num="60" count="30" type="stmt"/>
      <line num="72" count="10" type="cond" truecount="1" falsecount="1"/>
      <line num="73" count="44" type="stmt"/>
      <line num="74" count="10" type="cond" truecount="1" falsecount="1"/>
      <line num="76" count="10" type="stmt"/>
      <line num="82" count="30" type="stmt"/>
    </file>
    <file name="task-artifacts.cjs" path="C:\Users\jesse\ai-feature-contracts\.claude\worktrees\musing-lichterman\lib\task-artifacts.cjs">
      <metrics statements="70" coveredstatements="62" conditionals="88" coveredconditionals="63" methods="25" coveredmethods="25"/>
      <line num="1" count="31" type="stmt"/>
      <line num="2" count="31" type="stmt"/>
      <line num="3" count="31" type="stmt"/>
      <line num="6" count="6" type="cond" truecount="1" falsecount="1"/>
      <line num="8" count="6" type="cond" truecount="3" falsecount="3"/>
      <line num="10" count="1" type="stmt"/>
      <line num="19" count="1" type="stmt"/>
      <line num="30" count="0" type="stmt"/>
      <line num="39" count="0" type="stmt"/>
      <line num="48" count="0" type="stmt"/>
      <line num="57" count="4" type="stmt"/>
      <line num="69" count="52" type="cond" truecount="1" falsecount="1"/>
      <line num="70" count="24" type="cond" truecount="2" falsecount="0"/>
      <line num="74" count="12" type="stmt"/>
      <line num="80" count="35" type="cond" truecount="2" falsecount="0"/>
      <line num="81" count="7" type="stmt"/>
      <line num="83" count="24" type="cond" truecount="2" falsecount="0"/>
      <line num="84" count="2" type="stmt"/>
      <line num="86" count="49" type="cond" truecount="2" falsecount="0"/>
      <line num="87" count="7" type="stmt"/>
      <line num="90" count="12" type="stmt"/>
      <line num="105" count="9" type="stmt"/>
      <line num="106" count="6" type="stmt"/>
      <line num="107" count="12" type="stmt"/>
      <line num="108" count="28" type="stmt"/>
      <line num="109" count="6" type="cond" truecount="4" falsecount="1"/>
      <line num="113" count="6" type="stmt"/>
      <line num="126" count="12" type="stmt"/>
      <line num="162" count="3" type="cond" truecount="1" falsecount="1"/>
      <line num="163" count="4" type="cond" truecount="1" falsecount="1"/>
      <line num="164" count="2" type="cond" truecount="2" falsecount="2"/>
      <line num="165" count="3" type="stmt"/>
      <line num="168" count="2" type="stmt"/>
      <line num="195" count="2" type="cond" truecount="1" falsecount="1"/>
      <line num="196" count="7" type="cond" truecount="1" falsecount="1"/>
      <line num="198" count="2" type="stmt"/>
      <line num="217" count="2" type="stmt"/>
      <line num="221" count="2" type="stmt"/>
      <line num="225" count="12" type="stmt"/>
      <line num="240" count="8" type="stmt"/>
      <line num="260" count="8" type="stmt"/>
      <line num="261" count="8" type="cond" truecount="1" falsecount="1"/>
      <line num="262" count="0" type="stmt"/>
      <line num="264" count="8" type="stmt"/>
      <line num="268" count="20" type="stmt"/>
      <line num="270" count="20" type="cond" truecount="3" falsecount="1"/>
      <line num="271" count="0" type="stmt"/>
      <line num="274" count="20" type="cond" truecount="1" falsecount="1"/>
      <line num="275" count="0" type="stmt"/>
      <line num="278" count="20" type="cond" truecount="2" falsecount="0"/>
      <line num="279" count="5" type="stmt"/>
      <line num="282" count="20" type="cond" truecount="4" falsecount="0"/>
      <line num="283" count="5" type="stmt"/>
      <line num="286" count="20" type="cond" truecount="3" falsecount="1"/>
      <line num="287" count="0" type="stmt"/>
      <line num="289" count="20" type="cond" truecount="2" falsecount="0"/>
      <line num="290" count="5" type="stmt"/>
      <line num="292" count="20" type="cond" truecount="2" falsecount="0"/>
      <line num="293" count="5" type="stmt"/>
      <line num="295" count="20" type="cond" truecount="2" falsecount="0"/>
      <line num="296" count="5" type="stmt"/>
      <line num="300" count="20" type="cond" truecount="3" falsecount="1"/>
      <line num="301" count="0" type="stmt"/>
      <line num="303" count="20" type="stmt"/>
      <line num="304" count="40" type="cond" truecount="4" falsecount="0"/>
      <line num="305" count="10" type="stmt"/>
      <line num="310" count="20" type="cond" truecount="4" falsecount="0"/>
      <line num="311" count="5" type="stmt"/>
      <line num="314" count="20" type="stmt"/>
      <line num="320" count="31" type="stmt"/>
    </file>
    <file name="task-brief.cjs" path="C:\Users\jesse\ai-feature-contracts\.claude\worktrees\musing-lichterman\lib\task-brief.cjs">
      <metrics statements="7" coveredstatements="7" conditionals="2" coveredconditionals="2" methods="3" coveredmethods="3"/>
      <line num="1" count="30" type="stmt"/>
      <line num="2" count="30" type="stmt"/>
      <line num="5" count="6" type="stmt"/>
      <line num="17" count="6" type="cond" truecount="2" falsecount="0"/>
      <line num="18" count="6" type="stmt"/>
      <line num="21" count="6" type="stmt"/>
      <line num="49" count="30" type="stmt"/>
    </file>
  </project>
</coverage>
