<?xml version="1.0" encoding="UTF-8"?>
<coverage generated="1772899555043" clover="3.2.0">
  <project timestamp="1772899555043" name="All files">
    <metrics statements="8807" coveredstatements="7615" conditionals="6953" coveredconditionals="4808" methods="1775" coveredmethods="1594" elements="17535" coveredelements="14017" complexity="0" loc="8807" ncloc="8807" packages="2" files="45" classes="45"/>
    <package name="lib">
      <metrics statements="8199" coveredstatements="7060" conditionals="6355" coveredconditionals="4426" methods="1521" coveredmethods="1370"/>
      <file name="agile.cjs" path="C:\Users\jesse\ai-feature-contracts\lib\agile.cjs">
        <metrics statements="28" coveredstatements="28" conditionals="25" coveredconditionals="24" methods="15" coveredmethods="15"/>
        <line num="1" count="15" type="stmt"/>
        <line num="4" count="23" type="stmt"/>
        <line num="5" count="23" type="cond" truecount="2" falsecount="0"/>
        <line num="9" count="23" type="cond" truecount="2" falsecount="0"/>
        <line num="10" count="49" type="cond" truecount="2" falsecount="0"/>
        <line num="14" count="24" type="cond" truecount="2" falsecount="0"/>
        <line num="15" count="24" type="stmt"/>
        <line num="16" count="113" type="cond" truecount="3" falsecount="0"/>
        <line num="19" count="24" type="stmt"/>
        <line num="20" count="186" type="stmt"/>
        <line num="21" count="38" type="stmt"/>
        <line num="30" count="124" type="stmt"/>
        <line num="34" count="32" type="stmt"/>
        <line num="35" count="145" type="cond" truecount="2" falsecount="0"/>
        <line num="38" count="32" type="cond" truecount="2" falsecount="0"/>
        <line num="39" count="43" type="stmt"/>
        <line num="47" count="32" type="stmt"/>
        <line num="55" count="32" type="stmt"/>
        <line num="59" count="17" type="stmt"/>
        <line num="60" count="17" type="stmt"/>
        <line num="61" count="17" type="stmt"/>
        <line num="62" count="17" type="stmt"/>
        <line num="64" count="30" type="stmt"/>
        <line num="71" count="17" type="cond" truecount="2" falsecount="0"/>
        <line num="72" count="2" type="stmt"/>
        <line num="80" count="17" type="stmt"/>
        <line num="96" count="8" type="stmt"/>
        <line num="99" count="15" type="stmt"/>
      </file>
      <file name="ai-complete.cjs" path="C:\Users\jesse\ai-feature-contracts\lib\ai-complete.cjs">
        <metrics statements="136" coveredstatements="109" conditionals="178" coveredconditionals="117" methods="34" coveredmethods="31"/>
        <line num="7" count="14" type="stmt"/>
        <line num="8" count="14" type="stmt"/>
        <line num="9" count="14" type="stmt"/>
        <line num="14" count="14" type="stmt"/>
        <line num="46" count="63" type="stmt"/>
        <line num="47" count="63" type="cond" truecount="4" falsecount="0"/>
        <line num="48" count="62" type="stmt"/>
        <line num="52" count="2" type="cond" truecount="1" falsecount="1"/>
        <line num="53" count="2" type="cond" truecount="2" falsecount="0"/>
        <line num="56" count="2" type="stmt"/>
        <line num="57" count="2" type="stmt"/>
        <line num="59" count="0" type="stmt"/>
        <line num="62" count="2" type="stmt"/>
        <line num="75" count="3" type="stmt"/>
        <line num="82" count="20" type="cond" truecount="2" falsecount="0"/>
        <line num="83" count="18" type="cond" truecount="1" falsecount="1"/>
        <line num="84" count="18" type="cond" truecount="2" falsecount="0"/>
        <line num="85" count="15" type="cond" truecount="5" falsecount="0"/>
        <line num="86" count="2" type="stmt"/>
        <line num="88" count="13" type="stmt"/>
        <line num="95" count="7" type="cond" truecount="2" falsecount="0"/>
        <line num="96" count="7" type="cond" truecount="1" falsecount="1"/>
        <line num="97" count="0" type="stmt"/>
        <line num="100" count="7" type="cond" truecount="1" falsecount="1"/>
        <line num="101" count="7" type="stmt"/>
        <line num="102" count="7" type="cond" truecount="3" falsecount="1"/>
        <line num="103" count="7" type="cond" truecount="2" falsecount="0"/>
        <line num="105" count="7" type="stmt"/>
        <line num="108" count="7" type="cond" truecount="2" falsecount="0"/>
        <line num="109" count="4" type="stmt"/>
        <line num="115" count="4" type="stmt"/>
        <line num="119" count="3" type="cond" truecount="2" falsecount="0"/>
        <line num="120" count="1" type="stmt"/>
        <line num="125" count="1" type="stmt"/>
        <line num="130" count="2" type="cond" truecount="2" falsecount="0"/>
        <line num="131" count="1" type="stmt"/>
        <line num="138" count="1" type="stmt"/>
        <line num="141" count="1" type="cond" truecount="1" falsecount="1"/>
        <line num="142" count="1" type="stmt"/>
        <line num="151" count="1" type="stmt"/>
        <line num="155" count="0" type="stmt"/>
        <line num="156" count="0" type="stmt"/>
        <line num="159" count="7" type="stmt"/>
        <line num="168" count="7" type="stmt"/>
        <line num="169" count="7" type="stmt"/>
        <line num="170" count="7" type="stmt"/>
        <line num="171" count="7" type="stmt"/>
        <line num="172" count="7" type="stmt"/>
        <line num="173" count="6" type="cond" truecount="1" falsecount="1"/>
        <line num="174" count="0" type="cond" truecount="0" falsecount="2"/>
        <line num="175" count="0" type="stmt"/>
        <line num="176" count="0" type="stmt"/>
        <line num="178" count="6" type="cond" truecount="2" falsecount="0"/>
        <line num="179" count="3" type="cond" truecount="1" falsecount="1"/>
        <line num="180" count="3" type="cond" truecount="2" falsecount="0"/>
        <line num="181" count="1" type="cond" truecount="1" falsecount="1"/>
        <line num="182" count="2" type="cond" truecount="2" falsecount="0"/>
        <line num="183" count="1" type="cond" truecount="1" falsecount="1"/>
        <line num="185" count="1" type="cond" truecount="1" falsecount="1"/>
        <line num="188" count="1" type="stmt"/>
        <line num="193" count="7" type="stmt"/>
        <line num="194" count="7" type="stmt"/>
        <line num="195" count="7" type="stmt"/>
        <line num="203" count="1" type="stmt"/>
        <line num="218" count="1" type="stmt"/>
        <line num="219" count="1" type="stmt"/>
        <line num="226" count="1" type="stmt"/>
        <line num="245" count="1" type="stmt"/>
        <line num="246" count="1" type="stmt"/>
        <line num="253" count="1" type="stmt"/>
        <line num="258" count="1" type="stmt"/>
        <line num="269" count="1" type="stmt"/>
        <line num="270" count="1" type="stmt"/>
        <line num="277" count="0" type="stmt"/>
        <line num="282" count="0" type="stmt"/>
        <line num="294" count="0" type="stmt"/>
        <line num="295" count="0" type="stmt"/>
        <line num="302" count="0" type="stmt"/>
        <line num="305" count="0" type="stmt"/>
        <line num="306" count="0" type="stmt"/>
        <line num="307" count="0" type="cond" truecount="0" falsecount="3"/>
        <line num="309" count="0" type="stmt"/>
        <line num="317" count="0" type="cond" truecount="0" falsecount="4"/>
        <line num="318" count="0" type="stmt"/>
        <line num="321" count="0" type="cond" truecount="0" falsecount="4"/>
        <line num="322" count="0" type="stmt"/>
        <line num="325" count="0" type="cond" truecount="0" falsecount="4"/>
        <line num="326" count="0" type="stmt"/>
        <line num="329" count="0" type="cond" truecount="0" falsecount="2"/>
        <line num="330" count="0" type="stmt"/>
        <line num="333" count="0" type="stmt"/>
        <line num="338" count="1" type="stmt"/>
        <line num="340" count="2" type="stmt"/>
        <line num="341" count="2" type="cond" truecount="2" falsecount="0"/>
        <line num="345" count="1" type="stmt"/>
        <line num="348" count="6" type="stmt"/>
        <line num="349" count="2" type="cond" truecount="1" falsecount="1"/>
        <line num="350" count="2" type="stmt"/>
        <line num="352" count="0" type="stmt"/>
        <line num="358" count="1" type="stmt"/>
        <line num="360" count="2" type="stmt"/>
        <line num="361" count="2" type="cond" truecount="2" falsecount="0"/>
        <line num="365" count="2" type="stmt"/>
        <line num="372" count="2" type="cond" truecount="4" falsecount="0"/>
        <line num="384" count="12" type="cond" truecount="1" falsecount="1"/>
        <line num="385" count="12" type="cond" truecount="1" falsecount="1"/>
        <line num="386" count="12" type="cond" truecount="2" falsecount="0"/>
        <line num="387" count="12" type="cond" truecount="2" falsecount="0"/>
        <line num="390" count="12" type="stmt"/>
        <line num="394" count="12" type="stmt"/>
        <line num="395" count="12" type="cond" truecount="2" falsecount="0"/>
        <line num="396" count="12" type="cond" truecount="2" falsecount="0"/>
        <line num="398" count="12" type="cond" truecount="2" falsecount="0"/>
        <line num="399" count="11" type="stmt"/>
        <line num="402" count="1" type="stmt"/>
        <line num="403" count="1" type="stmt"/>
        <line num="408" count="0" type="cond" truecount="0" falsecount="4"/>
        <line num="412" count="1" type="stmt"/>
        <line num="420" count="1" type="stmt"/>
        <line num="422" count="1" type="cond" truecount="1" falsecount="1"/>
        <line num="423" count="1" type="stmt"/>
        <line num="424" count="1" type="stmt"/>
        <line num="427" count="1" type="cond" truecount="1" falsecount="1"/>
        <line num="428" count="1" type="stmt"/>
        <line num="429" count="1" type="stmt"/>
        <line num="430" count="1" type="stmt"/>
        <line num="431" count="1" type="stmt"/>
        <line num="432" count="1" type="stmt"/>
        <line num="436" count="1" type="cond" truecount="1" falsecount="1"/>
        <line num="437" count="1" type="stmt"/>
        <line num="438" count="2" type="stmt"/>
        <line num="441" count="1" type="cond" truecount="1" falsecount="1"/>
        <line num="442" count="1" type="stmt"/>
        <line num="443" count="1" type="stmt"/>
        <line num="446" count="1" type="stmt"/>
        <line num="449" count="14" type="stmt"/>
      </file>
      <file name="api-server.cjs" path="C:\Users\jesse\ai-feature-contracts\lib\api-server.cjs">
        <metrics statements="156" coveredstatements="129" conditionals="70" coveredconditionals="49" methods="30" coveredmethods="26"/>
        <line num="6" count="1" type="stmt"/>
        <line num="7" count="1" type="stmt"/>
        <line num="8" count="1" type="stmt"/>
        <line num="9" count="1" type="stmt"/>
        <line num="10" count="1" type="stmt"/>
        <line num="11" count="1" type="stmt"/>
        <line num="12" count="1" type="stmt"/>
        <line num="13" count="1" type="stmt"/>
        <line num="19" count="4" type="stmt"/>
        <line num="20" count="4" type="stmt"/>
        <line num="21" count="4" type="stmt"/>
        <line num="22" count="4" type="stmt"/>
        <line num="23" count="4" type="stmt"/>
        <line num="24" count="4" type="cond" truecount="2" falsecount="0"/>
        <line num="26" count="0" type="stmt"/>
        <line num="29" count="4" type="stmt"/>
        <line num="37" count="15" type="stmt"/>
        <line num="43" count="15" type="stmt"/>
        <line num="50" count="4" type="stmt"/>
        <line num="57" count="15" type="stmt"/>
        <line num="58" count="15" type="cond" truecount="1" falsecount="0"/>
        <line num="61" count="15" type="stmt"/>
        <line num="62" count="15" type="stmt"/>
        <line num="64" count="15" type="stmt"/>
        <line num="65" count="16" type="cond" truecount="2" falsecount="0"/>
        <line num="66" count="16" type="stmt"/>
        <line num="67" count="16" type="stmt"/>
        <line num="71" count="15" type="stmt"/>
        <line num="74" count="2" type="cond" truecount="2" falsecount="0"/>
        <line num="75" count="1" type="stmt"/>
        <line num="78" count="1" type="stmt"/>
        <line num="79" count="1" type="stmt"/>
        <line num="80" count="1" type="stmt"/>
        <line num="81" count="1" type="stmt"/>
        <line num="82" count="1" type="stmt"/>
        <line num="83" count="1" type="stmt"/>
        <line num="85" count="1" type="stmt"/>
        <line num="93" count="1" type="stmt"/>
        <line num="98" count="3" type="stmt"/>
        <line num="99" count="3" type="cond" truecount="2" falsecount="0"/>
        <line num="100" count="1" type="stmt"/>
        <line num="103" count="2" type="stmt"/>
        <line num="104" count="2" type="stmt"/>
        <line num="105" count="2" type="stmt"/>
        <line num="106" count="2" type="stmt"/>
        <line num="108" count="2" type="stmt"/>
        <line num="118" count="3" type="stmt"/>
        <line num="119" count="3" type="cond" truecount="1" falsecount="0"/>
        <line num="121" count="3" type="cond" truecount="4" falsecount="0"/>
        <line num="122" count="1" type="stmt"/>
        <line num="125" count="2" type="cond" truecount="1" falsecount="1"/>
        <line num="126" count="2" type="stmt"/>
        <line num="129" count="2" type="cond" truecount="2" falsecount="0"/>
        <line num="131" count="1" type="cond" truecount="1" falsecount="1"/>
        <line num="132" count="1" type="stmt"/>
        <line num="133" count="1" type="stmt"/>
        <line num="134" count="1" type="stmt"/>
        <line num="137" count="1" type="stmt"/>
        <line num="138" count="1" type="stmt"/>
        <line num="139" count="1" type="stmt"/>
        <line num="140" count="1" type="stmt"/>
        <line num="141" count="1" type="stmt"/>
        <line num="143" count="0" type="stmt"/>
        <line num="150" count="0" type="stmt"/>
        <line num="151" count="0" type="cond" truecount="0" falsecount="2"/>
        <line num="152" count="0" type="stmt"/>
        <line num="155" count="0" type="stmt"/>
        <line num="156" count="0" type="stmt"/>
        <line num="158" count="0" type="stmt"/>
        <line num="159" count="0" type="stmt"/>
        <line num="161" count="0" type="cond" truecount="0" falsecount="2"/>
        <line num="162" count="0" type="stmt"/>
        <line num="165" count="0" type="cond" truecount="0" falsecount="2"/>
        <line num="166" count="0" type="stmt"/>
        <line num="169" count="0" type="stmt"/>
        <line num="170" count="0" type="stmt"/>
        <line num="175" count="0" type="stmt"/>
        <line num="176" count="0" type="cond" truecount="0" falsecount="2"/>
        <line num="177" count="0" type="stmt"/>
        <line num="180" count="0" type="stmt"/>
        <line num="181" count="0" type="stmt"/>
        <line num="186" count="1" type="stmt"/>
        <line num="187" count="1" type="cond" truecount="1" falsecount="1"/>
        <line num="188" count="0" type="stmt"/>
        <line num="191" count="1" type="stmt"/>
        <line num="192" count="1" type="cond" truecount="2" falsecount="0"/>
        <line num="194" count="1" type="stmt"/>
        <line num="195" count="1" type="cond" truecount="1" falsecount="1"/>
        <line num="199" count="1" type="stmt"/>
        <line num="205" count="0" type="stmt"/>
        <line num="206" count="0" type="stmt"/>
        <line num="207" count="0" type="cond" truecount="0" falsecount="2"/>
        <line num="212" count="1" type="stmt"/>
        <line num="213" count="1" type="stmt"/>
        <line num="218" count="3" type="stmt"/>
        <line num="227" count="15" type="stmt"/>
        <line num="228" count="14" type="stmt"/>
        <line num="229" count="67" type="stmt"/>
        <line num="230" count="67" type="cond" truecount="2" falsecount="0"/>
        <line num="233" count="32" type="stmt"/>
        <line num="234" count="32" type="stmt"/>
        <line num="236" count="32" type="cond" truecount="2" falsecount="0"/>
        <line num="238" count="23" type="stmt"/>
        <line num="239" count="23" type="stmt"/>
        <line num="241" count="23" type="stmt"/>
        <line num="242" count="74" type="cond" truecount="2" falsecount="0"/>
        <line num="243" count="4" type="stmt"/>
        <line num="244" count="70" type="cond" truecount="2" falsecount="0"/>
        <line num="245" count="10" type="stmt"/>
        <line num="246" count="10" type="stmt"/>
        <line num="250" count="23" type="cond" truecount="2" falsecount="0"/>
        <line num="252" count="1" type="stmt"/>
        <line num="256" count="15" type="stmt"/>
        <line num="257" count="16" type="stmt"/>
        <line num="260" count="16" type="cond" truecount="2" falsecount="0"/>
        <line num="261" count="1" type="stmt"/>
        <line num="265" count="15" type="cond" truecount="2" falsecount="0"/>
        <line num="266" count="1" type="stmt"/>
        <line num="271" count="1" type="stmt"/>
        <line num="274" count="14" type="stmt"/>
        <line num="275" count="14" type="stmt"/>
        <line num="277" count="14" type="cond" truecount="2" falsecount="0"/>
        <line num="278" count="1" type="stmt"/>
        <line num="281" count="13" type="stmt"/>
        <line num="282" count="13" type="stmt"/>
        <line num="284" count="0" type="stmt"/>
        <line num="285" count="0" type="stmt"/>
        <line num="289" count="15" type="stmt"/>
        <line num="291" count="15" type="stmt"/>
        <line num="292" count="15" type="stmt"/>
        <line num="293" count="15" type="stmt"/>
        <line num="294" count="15" type="stmt"/>
        <line num="295" count="15" type="stmt"/>
        <line num="296" count="15" type="stmt"/>
        <line num="297" count="15" type="stmt"/>
        <line num="298" count="15" type="stmt"/>
        <line num="299" count="15" type="stmt"/>
        <line num="300" count="15" type="stmt"/>
        <line num="301" count="15" type="stmt"/>
        <line num="302" count="15" type="stmt"/>
        <line num="303" count="15" type="stmt"/>
        <line num="304" count="15" type="stmt"/>
        <line num="305" count="15" type="stmt"/>
        <line num="311" count="15" type="stmt"/>
        <line num="312" count="15" type="stmt"/>
        <line num="319" count="1" type="stmt"/>
        <line num="323" count="4" type="cond" truecount="2" falsecount="0"/>
        <line num="325" count="3" type="stmt"/>
        <line num="328" count="3" type="cond" truecount="2" falsecount="0"/>
        <line num="329" count="2" type="cond" truecount="1" falsecount="1"/>
        <line num="332" count="2" type="stmt"/>
        <line num="333" count="2" type="stmt"/>
        <line num="334" count="2" type="stmt"/>
        <line num="335" count="2" type="cond" truecount="1" falsecount="1"/>
        <line num="338" count="0" type="stmt"/>
        <line num="341" count="1" type="stmt"/>
      </file>
      <file name="assessment.cjs" path="C:\Users\jesse\ai-feature-contracts\lib\assessment.cjs">
        <metrics statements="101" coveredstatements="98" conditionals="80" coveredconditionals="71" methods="35" coveredmethods="35"/>
        <line num="1" count="14" type="stmt"/>
        <line num="2" count="14" type="stmt"/>
        <line num="3" count="14" type="stmt"/>
        <line num="4" count="14" type="stmt"/>
        <line num="5" count="14" type="stmt"/>
        <line num="8" count="21" type="cond" truecount="2" falsecount="0"/>
        <line num="9" count="7" type="stmt"/>
        <line num="12" count="14" type="stmt"/>
        <line num="13" count="14" type="stmt"/>
        <line num="15" count="1" type="stmt"/>
        <line num="20" count="21" type="stmt"/>
        <line num="21" count="114" type="stmt"/>
        <line num="22" count="63" type="stmt"/>
        <line num="23" count="62" type="stmt"/>
        <line num="30" count="100" type="stmt"/>
        <line num="34" count="42" type="cond" truecount="3" falsecount="0"/>
        <line num="38" count="21" type="stmt"/>
        <line num="39" count="62" type="stmt"/>
        <line num="40" count="21" type="stmt"/>
        <line num="41" count="34" type="stmt"/>
        <line num="42" count="34" type="cond" truecount="4" falsecount="0"/>
        <line num="43" count="1" type="stmt"/>
        <line num="45" count="34" type="cond" truecount="1" falsecount="1"/>
        <line num="46" count="0" type="stmt"/>
        <line num="48" count="34" type="cond" truecount="3" falsecount="1"/>
        <line num="49" count="0" type="stmt"/>
        <line num="51" count="34" type="cond" truecount="1" falsecount="1"/>
        <line num="52" count="0" type="stmt"/>
        <line num="55" count="21" type="stmt"/>
        <line num="59" count="21" type="cond" truecount="2" falsecount="0"/>
        <line num="60" count="20" type="cond" truecount="4" falsecount="0"/>
        <line num="61" count="19" type="cond" truecount="2" falsecount="0"/>
        <line num="62" count="11" type="cond" truecount="4" falsecount="0"/>
        <line num="63" count="10" type="cond" truecount="2" falsecount="0"/>
        <line num="64" count="6" type="cond" truecount="2" falsecount="0"/>
        <line num="65" count="5" type="cond" truecount="2" falsecount="0"/>
        <line num="66" count="3" type="cond" truecount="2" falsecount="0"/>
        <line num="67" count="2" type="cond" truecount="2" falsecount="2"/>
        <line num="71" count="21" type="stmt"/>
        <line num="72" count="21" type="stmt"/>
        <line num="73" count="21" type="stmt"/>
        <line num="74" count="21" type="stmt"/>
        <line num="75" count="21" type="stmt"/>
        <line num="76" count="21" type="stmt"/>
        <line num="77" count="21" type="stmt"/>
        <line num="78" count="21" type="cond" truecount="3" falsecount="0"/>
        <line num="79" count="21" type="stmt"/>
        <line num="80" count="21" type="stmt"/>
        <line num="81" count="21" type="cond" truecount="2" falsecount="0"/>
        <line num="82" count="45" type="cond" truecount="2" falsecount="0"/>
        <line num="84" count="21" type="stmt"/>
        <line num="94" count="4" type="cond" truecount="2" falsecount="0"/>
        <line num="106" count="7" type="stmt"/>
        <line num="107" count="21" type="stmt"/>
        <line num="112" count="15" type="stmt"/>
        <line num="113" count="9" type="stmt"/>
        <line num="114" count="8" type="stmt"/>
        <line num="116" count="15" type="cond" truecount="2" falsecount="0"/>
        <line num="117" count="6" type="stmt"/>
        <line num="120" count="9" type="stmt"/>
        <line num="124" count="15" type="cond" truecount="2" falsecount="0"/>
        <line num="128" count="7" type="stmt"/>
        <line num="129" count="7" type="stmt"/>
        <line num="131" count="7" type="stmt"/>
        <line num="136" count="7" type="stmt"/>
        <line num="149" count="6" type="stmt"/>
        <line num="164" count="6" type="stmt"/>
        <line num="165" count="6" type="stmt"/>
        <line num="166" count="6" type="stmt"/>
        <line num="170" count="6" type="stmt"/>
        <line num="171" count="6" type="stmt"/>
        <line num="172" count="6" type="stmt"/>
        <line num="173" count="6" type="stmt"/>
        <line num="174" count="6" type="stmt"/>
        <line num="183" count="8" type="cond" truecount="2" falsecount="0"/>
        <line num="184" count="8" type="stmt"/>
        <line num="185" count="8" type="cond" truecount="2" falsecount="0"/>
        <line num="186" count="3" type="stmt"/>
        <line num="188" count="8" type="stmt"/>
        <line num="189" count="29" type="cond" truecount="2" falsecount="0"/>
        <line num="192" count="8" type="stmt"/>
        <line num="257" count="7" type="stmt"/>
        <line num="258" count="7" type="stmt"/>
        <line num="266" count="7" type="stmt"/>
        <line num="267" count="7" type="stmt"/>
        <line num="268" count="7" type="stmt"/>
        <line num="269" count="7" type="cond" truecount="2" falsecount="0"/>
        <line num="271" count="7" type="stmt"/>
        <line num="359" count="7" type="stmt"/>
        <line num="360" count="7" type="stmt"/>
        <line num="361" count="7" type="stmt"/>
        <line num="362" count="7" type="stmt"/>
        <line num="364" count="7" type="stmt"/>
        <line num="379" count="7" type="stmt"/>
        <line num="380" count="21" type="cond" truecount="2" falsecount="0"/>
        <line num="381" count="4" type="stmt"/>
        <line num="382" count="4" type="stmt"/>
        <line num="385" count="17" type="stmt"/>
        <line num="386" count="17" type="stmt"/>
        <line num="389" count="7" type="stmt"/>
        <line num="392" count="14" type="stmt"/>
      </file>
      <file name="cicd.cjs" path="C:\Users\jesse\ai-feature-contracts\lib\cicd.cjs">
        <metrics statements="118" coveredstatements="86" conditionals="103" coveredconditionals="69" methods="19" coveredmethods="18"/>
        <line num="6" count="2" type="stmt"/>
        <line num="7" count="2" type="stmt"/>
        <line num="8" count="2" type="stmt"/>
        <line num="13" count="2" type="stmt"/>
        <line num="82" count="2" type="stmt"/>
        <line num="112" count="2" type="stmt"/>
        <line num="149" count="6" type="stmt"/>
        <line num="151" count="6" type="stmt"/>
        <line num="171" count="43" type="cond" truecount="1" falsecount="1"/>
        <line num="172" count="43" type="cond" truecount="2" falsecount="0"/>
        <line num="173" count="26" type="cond" truecount="2" falsecount="0"/>
        <line num="174" count="11" type="cond" truecount="1" falsecount="1"/>
        <line num="175" count="11" type="cond" truecount="1" falsecount="1"/>
        <line num="176" count="0" type="stmt"/>
        <line num="180" count="38" type="stmt"/>
        <line num="222" count="26" type="stmt"/>
        <line num="223" count="54" type="cond" truecount="1" falsecount="1"/>
        <line num="227" count="20" type="stmt"/>
        <line num="228" count="20" type="cond" truecount="2" falsecount="0"/>
        <line num="229" count="15" type="stmt"/>
        <line num="234" count="17" type="cond" truecount="3" falsecount="2"/>
        <line num="236" count="7" type="stmt"/>
        <line num="238" count="5" type="stmt"/>
        <line num="240" count="0" type="stmt"/>
        <line num="242" count="5" type="stmt"/>
        <line num="244" count="0" type="stmt"/>
        <line num="249" count="17" type="cond" truecount="1" falsecount="0"/>
        <line num="250" count="17" type="stmt"/>
        <line num="251" count="17" type="cond" truecount="1" falsecount="1"/>
        <line num="252" count="0" type="stmt"/>
        <line num="254" count="17" type="cond" truecount="2" falsecount="2"/>
        <line num="255" count="0" type="stmt"/>
        <line num="257" count="17" type="cond" truecount="2" falsecount="2"/>
        <line num="258" count="0" type="stmt"/>
        <line num="261" count="17" type="stmt"/>
        <line num="262" count="17" type="stmt"/>
        <line num="263" count="17" type="cond" truecount="1" falsecount="1"/>
        <line num="264" count="0" type="stmt"/>
        <line num="265" count="0" type="stmt"/>
        <line num="271" count="17" type="stmt"/>
        <line num="280" count="3" type="cond" truecount="1" falsecount="0"/>
        <line num="281" count="3" type="stmt"/>
        <line num="282" count="3" type="cond" truecount="1" falsecount="1"/>
        <line num="283" count="0" type="stmt"/>
        <line num="285" count="3" type="cond" truecount="1" falsecount="1"/>
        <line num="286" count="0" type="stmt"/>
        <line num="288" count="3" type="cond" truecount="2" falsecount="2"/>
        <line num="289" count="0" type="stmt"/>
        <line num="291" count="3" type="stmt"/>
        <line num="292" count="3" type="cond" truecount="1" falsecount="1"/>
        <line num="293" count="0" type="stmt"/>
        <line num="295" count="3" type="cond" truecount="2" falsecount="2"/>
        <line num="296" count="0" type="stmt"/>
        <line num="299" count="3" type="stmt"/>
        <line num="300" count="3" type="cond" truecount="4" falsecount="0"/>
        <line num="301" count="1" type="stmt"/>
        <line num="304" count="3" type="stmt"/>
        <line num="305" count="3" type="stmt"/>
        <line num="306" count="3" type="cond" truecount="1" falsecount="1"/>
        <line num="307" count="0" type="stmt"/>
        <line num="308" count="0" type="stmt"/>
        <line num="314" count="3" type="stmt"/>
        <line num="324" count="5" type="cond" truecount="4" falsecount="0"/>
        <line num="325" count="3" type="stmt"/>
        <line num="327" count="2" type="stmt"/>
        <line num="339" count="13" type="stmt"/>
        <line num="341" count="13" type="stmt"/>
        <line num="343" count="13" type="cond" truecount="1" falsecount="1"/>
        <line num="344" count="0" type="stmt"/>
        <line num="348" count="0" type="stmt"/>
        <line num="354" count="13" type="stmt"/>
        <line num="361" count="6" type="stmt"/>
        <line num="362" count="6" type="cond" truecount="2" falsecount="0"/>
        <line num="364" count="6" type="stmt"/>
        <line num="365" count="24" type="cond" truecount="4" falsecount="0"/>
        <line num="366" count="6" type="stmt"/>
        <line num="368" count="18" type="cond" truecount="2" falsecount="0"/>
        <line num="369" count="3" type="stmt"/>
        <line num="370" count="3" type="stmt"/>
        <line num="372" count="15" type="stmt"/>
        <line num="373" count="15" type="cond" truecount="1" falsecount="1"/>
        <line num="374" count="15" type="stmt"/>
        <line num="378" count="6" type="stmt"/>
        <line num="385" count="24" type="stmt"/>
        <line num="393" count="6" type="stmt"/>
        <line num="395" count="6" type="stmt"/>
        <line num="396" count="24" type="stmt"/>
        <line num="404" count="0" type="stmt"/>
        <line num="406" count="0" type="stmt"/>
        <line num="407" count="0" type="stmt"/>
        <line num="409" count="0" type="stmt"/>
        <line num="410" count="0" type="cond" truecount="0" falsecount="2"/>
        <line num="411" count="0" type="cond" truecount="0" falsecount="2"/>
        <line num="412" count="0" type="stmt"/>
        <line num="413" count="0" type="cond" truecount="0" falsecount="2"/>
        <line num="414" count="0" type="stmt"/>
        <line num="418" count="0" type="stmt"/>
        <line num="419" count="0" type="cond" truecount="0" falsecount="2"/>
        <line num="420" count="0" type="stmt"/>
        <line num="422" count="0" type="stmt"/>
        <line num="423" count="0" type="stmt"/>
        <line num="426" count="0" type="stmt"/>
        <line num="430" count="6" type="stmt"/>
        <line num="432" count="6" type="stmt"/>
        <line num="433" count="6" type="stmt"/>
        <line num="435" count="6" type="stmt"/>
        <line num="436" count="18" type="cond" truecount="2" falsecount="0"/>
        <line num="437" count="18" type="cond" truecount="2" falsecount="0"/>
        <line num="438" count="18" type="stmt"/>
        <line num="439" count="18" type="cond" truecount="2" falsecount="0"/>
        <line num="440" count="15" type="stmt"/>
        <line num="444" count="6" type="stmt"/>
        <line num="445" count="6" type="cond" truecount="2" falsecount="0"/>
        <line num="446" count="1" type="stmt"/>
        <line num="448" count="5" type="stmt"/>
        <line num="449" count="5" type="stmt"/>
        <line num="452" count="6" type="stmt"/>
        <line num="455" count="2" type="stmt"/>
      </file>
      <file name="commands.cjs" path="C:\Users\jesse\ai-feature-contracts\lib\commands.cjs">
        <metrics statements="1456" coveredstatements="1200" conditionals="942" coveredconditionals="634" methods="199" coveredmethods="174"/>
        <line num="1" count="13" type="stmt"/>
        <line num="2" count="13" type="stmt"/>
        <line num="3" count="13" type="stmt"/>
        <line num="4" count="13" type="stmt"/>
        <line num="5" count="13" type="stmt"/>
        <line num="6" count="13" type="stmt"/>
        <line num="13" count="13" type="stmt"/>
        <line num="14" count="13" type="stmt"/>
        <line num="15" count="13" type="stmt"/>
        <line num="16" count="13" type="stmt"/>
        <line num="21" count="13" type="stmt"/>
        <line num="22" count="13" type="stmt"/>
        <line num="29" count="13" type="stmt"/>
        <line num="37" count="13" type="stmt"/>
        <line num="40" count="13" type="stmt"/>
        <line num="50" count="13" type="stmt"/>
        <line num="62" count="13" type="stmt"/>
        <line num="63" count="13" type="stmt"/>
        <line num="64" count="13" type="stmt"/>
        <line num="65" count="13" type="stmt"/>
        <line num="76" count="13" type="stmt"/>
        <line num="79" count="83" type="stmt"/>
        <line num="80" count="83" type="stmt"/>
        <line num="81" count="83" type="stmt"/>
        <line num="93" count="14" type="cond" truecount="2" falsecount="0"/>
        <line num="94" count="8" type="stmt"/>
        <line num="99" count="7" type="cond" truecount="2" falsecount="0"/>
        <line num="100" count="6" type="stmt"/>
        <line num="103" count="1" type="stmt"/>
        <line num="104" count="1" type="cond" truecount="1" falsecount="1"/>
        <line num="105" count="1" type="cond" truecount="1" falsecount="1"/>
        <line num="107" count="1" type="stmt"/>
        <line num="108" count="1" type="stmt"/>
        <line num="110" count="1" type="stmt"/>
        <line num="114" count="12" type="cond" truecount="2" falsecount="0"/>
        <line num="115" count="12" type="cond" truecount="2" falsecount="0"/>
        <line num="116" count="12" type="cond" truecount="2" falsecount="0"/>
        <line num="117" count="12" type="stmt"/>
        <line num="119" count="12" type="stmt"/>
        <line num="120" count="10" type="cond" truecount="2" falsecount="0"/>
        <line num="121" count="3" type="stmt"/>
        <line num="125" count="12" type="cond" truecount="2" falsecount="0"/>
        <line num="126" count="2" type="cond" truecount="1" falsecount="1"/>
        <line num="127" count="2" type="cond" truecount="1" falsecount="1"/>
        <line num="128" count="2" type="stmt"/>
        <line num="130" count="12" type="cond" truecount="2" falsecount="0"/>
        <line num="131" count="2" type="stmt"/>
        <line num="133" count="12" type="cond" truecount="2" falsecount="0"/>
        <line num="134" count="1" type="stmt"/>
        <line num="136" count="12" type="cond" truecount="2" falsecount="0"/>
        <line num="137" count="2" type="stmt"/>
        <line num="140" count="12" type="stmt"/>
        <line num="141" count="2" type="cond" truecount="1" falsecount="1"/>
        <line num="142" count="2" type="stmt"/>
        <line num="143" count="4" type="cond" truecount="1" falsecount="1"/>
        <line num="144" count="4" type="stmt"/>
        <line num="149" count="12" type="stmt"/>
        <line num="153" count="2" type="cond" truecount="4" falsecount="0"/>
        <line num="154" count="1" type="stmt"/>
        <line num="156" count="2" type="cond" truecount="4" falsecount="1"/>
        <line num="157" count="2" type="stmt"/>
        <line num="158" count="2" type="stmt"/>
        <line num="163" count="2" type="cond" truecount="1" falsecount="1"/>
        <line num="164" count="2" type="stmt"/>
        <line num="167" count="0" type="cond" truecount="0" falsecount="2"/>
        <line num="168" count="0" type="stmt"/>
        <line num="171" count="0" type="stmt"/>
        <line num="172" count="0" type="cond" truecount="0" falsecount="2"/>
        <line num="176" count="0" type="stmt"/>
        <line num="182" count="0" type="stmt"/>
        <line num="186" count="9" type="cond" truecount="2" falsecount="2"/>
        <line num="190" count="9" type="stmt"/>
        <line num="238" count="36" type="stmt"/>
        <line num="239" count="9" type="stmt"/>
        <line num="241" count="9" type="cond" truecount="2" falsecount="0"/>
        <line num="242" count="3" type="stmt"/>
        <line num="243" count="9" type="stmt"/>
        <line num="247" count="9" type="stmt"/>
        <line num="252" count="9" type="stmt"/>
        <line num="261" count="4" type="cond" truecount="1" falsecount="2"/>
        <line num="265" count="2" type="cond" truecount="1" falsecount="1"/>
        <line num="266" count="0" type="stmt"/>
        <line num="268" count="2" type="cond" truecount="1" falsecount="1"/>
        <line num="269" count="2" type="stmt"/>
        <line num="271" count="0" type="stmt"/>
        <line num="275" count="1" type="cond" truecount="1" falsecount="1"/>
        <line num="279" count="2" type="cond" truecount="2" falsecount="0"/>
        <line num="284" count="10" type="cond" truecount="1" falsecount="1"/>
        <line num="288" count="2" type="cond" truecount="1" falsecount="1"/>
        <line num="292" count="28" type="stmt"/>
        <line num="293" count="28" type="stmt"/>
        <line num="298" count="2" type="cond" truecount="3" falsecount="1"/>
        <line num="299" count="2" type="stmt"/>
        <line num="304" count="0" type="stmt"/>
        <line num="309" count="13" type="cond" truecount="1" falsecount="1"/>
        <line num="313" count="24" type="stmt"/>
        <line num="321" count="4" type="stmt"/>
        <line num="325" count="2" type="stmt"/>
        <line num="326" count="2" type="cond" truecount="1" falsecount="1"/>
        <line num="327" count="2" type="stmt"/>
        <line num="329" count="2" type="stmt"/>
        <line num="333" count="2" type="stmt"/>
        <line num="334" count="2" type="cond" truecount="1" falsecount="1"/>
        <line num="338" count="17" type="cond" truecount="2" falsecount="0"/>
        <line num="339" count="17" type="cond" truecount="2" falsecount="0"/>
        <line num="343" count="2" type="cond" truecount="1" falsecount="1"/>
        <line num="344" count="0" type="stmt"/>
        <line num="348" count="11" type="cond" truecount="1" falsecount="1"/>
        <line num="349" count="11" type="stmt"/>
        <line num="353" count="2" type="stmt"/>
        <line num="354" count="2" type="stmt"/>
        <line num="359" count="2" type="stmt"/>
        <line num="360" count="2" type="stmt"/>
        <line num="364" count="2" type="stmt"/>
        <line num="365" count="2" type="stmt"/>
        <line num="366" count="2" type="stmt"/>
        <line num="367" count="2" type="stmt"/>
        <line num="368" count="2" type="stmt"/>
        <line num="369" count="2" type="stmt"/>
        <line num="370" count="2" type="stmt"/>
        <line num="374" count="2" type="cond" truecount="1" falsecount="1"/>
        <line num="375" count="0" type="stmt"/>
        <line num="377" count="2" type="stmt"/>
        <line num="381" count="16" type="cond" truecount="2" falsecount="0"/>
        <line num="382" count="14" type="stmt"/>
        <line num="385" count="2" type="stmt"/>
        <line num="386" count="2" type="stmt"/>
        <line num="388" count="2" type="stmt"/>
        <line num="389" count="2" type="stmt"/>
        <line num="390" count="2" type="stmt"/>
        <line num="391" count="2" type="stmt"/>
        <line num="392" count="2" type="stmt"/>
        <line num="393" count="2" type="stmt"/>
        <line num="394" count="2" type="stmt"/>
        <line num="395" count="4" type="stmt"/>
        <line num="396" count="2" type="stmt"/>
        <line num="398" count="2" type="cond" truecount="1" falsecount="1"/>
        <line num="399" count="2" type="stmt"/>
        <line num="400" count="2" type="stmt"/>
        <line num="401" count="2" type="stmt"/>
        <line num="402" count="2" type="stmt"/>
        <line num="405" count="0" type="cond" truecount="0" falsecount="2"/>
        <line num="406" count="0" type="stmt"/>
        <line num="407" count="0" type="stmt"/>
        <line num="410" count="0" type="cond" truecount="0" falsecount="2"/>
        <line num="411" count="0" type="stmt"/>
        <line num="412" count="0" type="stmt"/>
        <line num="415" count="0" type="stmt"/>
        <line num="418" count="13" type="stmt"/>
        <line num="430" count="5" type="stmt"/>
        <line num="431" count="5" type="cond" truecount="1" falsecount="1"/>
        <line num="432" count="5" type="stmt"/>
        <line num="433" count="5" type="stmt"/>
        <line num="440" count="5" type="cond" truecount="1" falsecount="1"/>
        <line num="441" count="5" type="stmt"/>
        <line num="442" count="5" type="stmt"/>
        <line num="446" count="5" type="cond" truecount="1" falsecount="1"/>
        <line num="447" count="0" type="stmt"/>
        <line num="450" count="5" type="stmt"/>
        <line num="451" count="5" type="stmt"/>
        <line num="452" count="5" type="cond" truecount="4" falsecount="1"/>
        <line num="454" count="0" type="stmt"/>
        <line num="459" count="12" type="cond" truecount="2" falsecount="0"/>
        <line num="463" count="6" type="stmt"/>
        <line num="467" count="106" type="stmt"/>
        <line num="472" count="106" type="stmt"/>
        <line num="473" count="106" type="cond" truecount="4" falsecount="0"/>
        <line num="474" count="103" type="stmt"/>
        <line num="476" count="3" type="stmt"/>
        <line num="484" count="3" type="stmt"/>
        <line num="492" count="3" type="stmt"/>
        <line num="494" count="3" type="cond" truecount="2" falsecount="0"/>
        <line num="495" count="1" type="stmt"/>
        <line num="496" count="1" type="stmt"/>
        <line num="497" count="1" type="stmt"/>
        <line num="498" count="1" type="stmt"/>
        <line num="501" count="2" type="cond" truecount="1" falsecount="1"/>
        <line num="502" count="2" type="stmt"/>
        <line num="503" count="2" type="stmt"/>
        <line num="506" count="2" type="cond" truecount="3" falsecount="1"/>
        <line num="507" count="0" type="stmt"/>
        <line num="508" count="0" type="stmt"/>
        <line num="511" count="2" type="cond" truecount="1" falsecount="1"/>
        <line num="512" count="0" type="stmt"/>
        <line num="515" count="2" type="cond" truecount="1" falsecount="1"/>
        <line num="516" count="0" type="stmt"/>
        <line num="518" count="2" type="stmt"/>
        <line num="521" count="2" type="stmt"/>
        <line num="525" count="8" type="cond" truecount="2" falsecount="0"/>
        <line num="526" count="8" type="cond" truecount="2" falsecount="0"/>
        <line num="544" count="8" type="cond" truecount="2" falsecount="0"/>
        <line num="545" count="8" type="stmt"/>
        <line num="546" count="24" type="stmt"/>
        <line num="547" count="24" type="cond" truecount="4" falsecount="0"/>
        <line num="549" count="16" type="cond" truecount="2" falsecount="0"/>
        <line num="551" count="8" type="stmt"/>
        <line num="562" count="3" type="cond" truecount="1" falsecount="1"/>
        <line num="563" count="3" type="stmt"/>
        <line num="564" count="3" type="stmt"/>
        <line num="565" count="21" type="stmt"/>
        <line num="566" count="15" type="stmt"/>
        <line num="567" count="3" type="cond" truecount="2" falsecount="0"/>
        <line num="568" count="1" type="stmt"/>
        <line num="570" count="2" type="cond" truecount="2" falsecount="0"/>
        <line num="571" count="1" type="stmt"/>
        <line num="573" count="1" type="stmt"/>
        <line num="577" count="9" type="cond" truecount="1" falsecount="1"/>
        <line num="578" count="0" type="stmt"/>
        <line num="580" count="9" type="stmt"/>
        <line num="581" count="9" type="stmt"/>
        <line num="583" count="2" type="stmt"/>
        <line num="588" count="8" type="stmt"/>
        <line num="589" count="8" type="cond" truecount="2" falsecount="0"/>
        <line num="590" count="3" type="stmt"/>
        <line num="599" count="5" type="cond" truecount="2" falsecount="0"/>
        <line num="604" count="1" type="stmt"/>
        <line num="611" count="4" type="stmt"/>
        <line num="612" count="4" type="stmt"/>
        <line num="613" count="3" type="stmt"/>
        <line num="619" count="1" type="stmt"/>
        <line num="629" count="7" type="stmt"/>
        <line num="630" count="7" type="cond" truecount="1" falsecount="1"/>
        <line num="631" count="0" type="stmt"/>
        <line num="633" count="7" type="stmt"/>
        <line num="637" count="3" type="cond" truecount="2" falsecount="0"/>
        <line num="642" count="3" type="cond" truecount="2" falsecount="0"/>
        <line num="647" count="3" type="cond" truecount="2" falsecount="0"/>
        <line num="652" count="8" type="cond" truecount="2" falsecount="0"/>
        <line num="653" count="7" type="stmt"/>
        <line num="655" count="1" type="stmt"/>
        <line num="656" count="1" type="cond" truecount="1" falsecount="1"/>
        <line num="657" count="1" type="stmt"/>
        <line num="659" count="1" type="stmt"/>
        <line num="660" count="1" type="stmt"/>
        <line num="661" count="3" type="stmt"/>
        <line num="662" count="3" type="cond" truecount="1" falsecount="1"/>
        <line num="663" count="3" type="stmt"/>
        <line num="666" count="1" type="cond" truecount="1" falsecount="1"/>
        <line num="667" count="1" type="stmt"/>
        <line num="669" count="1" type="cond" truecount="1" falsecount="1"/>
        <line num="670" count="0" type="stmt"/>
        <line num="672" count="1" type="stmt"/>
        <line num="676" count="8" type="cond" truecount="2" falsecount="0"/>
        <line num="677" count="7" type="stmt"/>
        <line num="679" count="1" type="stmt"/>
        <line num="680" count="1" type="cond" truecount="1" falsecount="1"/>
        <line num="681" count="1" type="stmt"/>
        <line num="683" count="1" type="stmt"/>
        <line num="684" count="1" type="cond" truecount="1" falsecount="1"/>
        <line num="685" count="1" type="stmt"/>
        <line num="687" count="0" type="stmt"/>
        <line num="688" count="0" type="stmt"/>
        <line num="689" count="0" type="cond" truecount="0" falsecount="2"/>
        <line num="690" count="0" type="cond" truecount="0" falsecount="4"/>
        <line num="691" count="0" type="stmt"/>
        <line num="694" count="0" type="stmt"/>
        <line num="697" count="1" type="cond" truecount="1" falsecount="1"/>
        <line num="698" count="1" type="stmt"/>
        <line num="700" count="1" type="stmt"/>
        <line num="704" count="8" type="cond" truecount="2" falsecount="0"/>
        <line num="705" count="7" type="stmt"/>
        <line num="707" count="1" type="stmt"/>
        <line num="708" count="1" type="cond" truecount="1" falsecount="1"/>
        <line num="709" count="1" type="stmt"/>
        <line num="711" count="1" type="stmt"/>
        <line num="712" count="1" type="cond" truecount="1" falsecount="1"/>
        <line num="713" count="1" type="stmt"/>
        <line num="715" count="0" type="stmt"/>
        <line num="716" count="0" type="stmt"/>
        <line num="717" count="0" type="stmt"/>
        <line num="718" count="0" type="cond" truecount="0" falsecount="2"/>
        <line num="719" count="0" type="cond" truecount="0" falsecount="2"/>
        <line num="720" count="0" type="cond" truecount="0" falsecount="4"/>
        <line num="721" count="0" type="stmt"/>
        <line num="725" count="0" type="cond" truecount="0" falsecount="4"/>
        <line num="726" count="0" type="stmt"/>
        <line num="729" count="0" type="stmt"/>
        <line num="732" count="1" type="stmt"/>
        <line num="739" count="0" type="cond" truecount="1" falsecount="0"/>
        <line num="743" count="84" type="stmt"/>
        <line num="744" count="5" type="cond" truecount="2" falsecount="0"/>
        <line num="745" count="4" type="cond" truecount="2" falsecount="0"/>
        <line num="746" count="16" type="cond" truecount="2" falsecount="0"/>
        <line num="747" count="6" type="cond" truecount="2" falsecount="0"/>
        <line num="748" count="7" type="cond" truecount="2" falsecount="0"/>
        <line num="749" count="0" type="cond" truecount="2" falsecount="0"/>
        <line num="750" count="6" type="cond" truecount="2" falsecount="0"/>
        <line num="754" count="36" type="stmt"/>
        <line num="755" count="36" type="stmt"/>
        <line num="757" count="1" type="stmt"/>
        <line num="758" count="1" type="cond" truecount="1" falsecount="1"/>
        <line num="759" count="0" type="stmt"/>
        <line num="761" count="1" type="stmt"/>
        <line num="762" count="1" type="stmt"/>
        <line num="767" count="5" type="stmt"/>
        <line num="769" count="5" type="stmt"/>
        <line num="770" count="5" type="stmt"/>
        <line num="771" count="5" type="stmt"/>
        <line num="772" count="117" type="stmt"/>
        <line num="773" count="5" type="stmt"/>
        <line num="774" count="8" type="stmt"/>
        <line num="775" count="5" type="cond" truecount="2" falsecount="0"/>
        <line num="776" count="1" type="stmt"/>
        <line num="778" count="5" type="stmt"/>
        <line num="779" count="5" type="stmt"/>
        <line num="780" count="5" type="stmt"/>
        <line num="781" count="5" type="cond" truecount="2" falsecount="0"/>
        <line num="782" count="6" type="stmt"/>
        <line num="784" count="5" type="cond" truecount="2" falsecount="0"/>
        <line num="785" count="4" type="stmt"/>
        <line num="787" count="5" type="stmt"/>
        <line num="788" count="5" type="stmt"/>
        <line num="789" count="5" type="stmt"/>
        <line num="790" count="5" type="stmt"/>
        <line num="791" count="5" type="stmt"/>
        <line num="792" count="5" type="stmt"/>
        <line num="793" count="5" type="stmt"/>
        <line num="794" count="5" type="stmt"/>
        <line num="795" count="5" type="stmt"/>
        <line num="796" count="5" type="stmt"/>
        <line num="797" count="5" type="cond" truecount="2" falsecount="0"/>
        <line num="798" count="4" type="stmt"/>
        <line num="799" count="4" type="stmt"/>
        <line num="801" count="5" type="cond" truecount="1" falsecount="1"/>
        <line num="802" count="5" type="cond" truecount="1" falsecount="1"/>
        <line num="803" count="5" type="cond" truecount="1" falsecount="1"/>
        <line num="804" count="5" type="cond" truecount="1" falsecount="1"/>
        <line num="806" count="5" type="cond" truecount="2" falsecount="0"/>
        <line num="807" count="1" type="cond" truecount="1" falsecount="1"/>
        <line num="808" count="1" type="cond" truecount="1" falsecount="1"/>
        <line num="809" count="1" type="stmt"/>
        <line num="813" count="1" type="stmt"/>
        <line num="815" count="1" type="cond" truecount="1" falsecount="1"/>
        <line num="816" count="1" type="stmt"/>
        <line num="820" count="1" type="stmt"/>
        <line num="821" count="1" type="stmt"/>
        <line num="822" count="1" type="stmt"/>
        <line num="823" count="1" type="stmt"/>
        <line num="826" count="5" type="stmt"/>
        <line num="827" count="5" type="stmt"/>
        <line num="828" count="20" type="stmt"/>
        <line num="829" count="20" type="stmt"/>
        <line num="830" count="20" type="cond" truecount="4" falsecount="0"/>
        <line num="831" count="19" type="stmt"/>
        <line num="832" count="19" type="stmt"/>
        <line num="833" count="19" type="stmt"/>
        <line num="834" count="1" type="cond" truecount="1" falsecount="1"/>
        <line num="835" count="1" type="stmt"/>
        <line num="839" count="5" type="stmt"/>
        <line num="840" count="5" type="cond" truecount="1" falsecount="1"/>
        <line num="841" count="5" type="stmt"/>
        <line num="872" count="5" type="stmt"/>
        <line num="873" count="5" type="stmt"/>
        <line num="875" count="5" type="stmt"/>
        <line num="876" count="5" type="cond" truecount="1" falsecount="1"/>
        <line num="877" count="5" type="stmt"/>
        <line num="878" count="5" type="stmt"/>
        <line num="879" count="5" type="stmt"/>
        <line num="881" count="0" type="stmt"/>
        <line num="885" count="5" type="stmt"/>
        <line num="952" count="5" type="stmt"/>
        <line num="959" count="5" type="stmt"/>
        <line num="960" count="25" type="stmt"/>
        <line num="961" count="25" type="cond" truecount="2" falsecount="0"/>
        <line num="963" count="15" type="stmt"/>
        <line num="964" count="15" type="stmt"/>
        <line num="965" count="15" type="cond" truecount="1" falsecount="1"/>
        <line num="966" count="10" type="cond" truecount="2" falsecount="0"/>
        <line num="968" count="9" type="stmt"/>
        <line num="969" count="9" type="stmt"/>
        <line num="971" count="1" type="stmt"/>
        <line num="975" count="5" type="stmt"/>
        <line num="976" count="5" type="stmt"/>
        <line num="981" count="5" type="stmt"/>
        <line num="982" count="14" type="stmt"/>
        <line num="983" count="14" type="stmt"/>
        <line num="985" count="5" type="stmt"/>
        <line num="986" count="1" type="stmt"/>
        <line num="987" count="1" type="stmt"/>
        <line num="989" count="5" type="stmt"/>
        <line num="991" count="0" type="stmt"/>
        <line num="994" count="5" type="cond" truecount="2" falsecount="0"/>
        <line num="995" count="4" type="stmt"/>
        <line num="996" count="4" type="stmt"/>
        <line num="997" count="4" type="stmt"/>
        <line num="998" count="12" type="stmt"/>
        <line num="999" count="12" type="cond" truecount="1" falsecount="1"/>
        <line num="1000" count="0" type="stmt"/>
        <line num="1002" count="12" type="stmt"/>
        <line num="1003" count="12" type="cond" truecount="1" falsecount="1"/>
        <line num="1006" count="12" type="stmt"/>
        <line num="1007" count="12" type="stmt"/>
        <line num="1008" count="12" type="stmt"/>
        <line num="1009" count="12" type="stmt"/>
        <line num="1012" count="4" type="cond" truecount="1" falsecount="1"/>
        <line num="1013" count="4" type="stmt"/>
        <line num="1016" count="4" type="stmt"/>
        <line num="1017" count="4" type="stmt"/>
        <line num="1018" count="4" type="cond" truecount="1" falsecount="1"/>
        <line num="1019" count="4" type="stmt"/>
        <line num="1020" count="4" type="stmt"/>
        <line num="1024" count="5" type="stmt"/>
        <line num="1025" count="5" type="stmt"/>
        <line num="1026" count="5" type="stmt"/>
        <line num="1027" count="5" type="stmt"/>
        <line num="1028" count="5" type="stmt"/>
        <line num="1029" count="5" type="stmt"/>
        <line num="1030" count="5" type="cond" truecount="1" falsecount="1"/>
        <line num="1031" count="5" type="cond" truecount="2" falsecount="0"/>
        <line num="1032" count="1" type="cond" truecount="1" falsecount="1"/>
        <line num="1033" count="1" type="cond" truecount="1" falsecount="1"/>
        <line num="1034" count="1" type="cond" truecount="1" falsecount="1"/>
        <line num="1035" count="1" type="stmt"/>
        <line num="1036" count="2" type="stmt"/>
        <line num="1045" count="1" type="stmt"/>
        <line num="1046" count="1" type="stmt"/>
        <line num="1047" count="1" type="stmt"/>
        <line num="1050" count="5" type="cond" truecount="1" falsecount="1"/>
        <line num="1052" count="0" type="stmt"/>
        <line num="1055" count="5" type="stmt"/>
        <line num="1056" count="5" type="cond" truecount="1" falsecount="1"/>
        <line num="1057" count="5" type="stmt"/>
        <line num="1058" count="5" type="stmt"/>
        <line num="1059" count="5" type="stmt"/>
        <line num="1060" count="5" type="stmt"/>
        <line num="1061" count="5" type="stmt"/>
        <line num="1062" count="5" type="cond" truecount="2" falsecount="2"/>
        <line num="1063" count="5" type="cond" truecount="1" falsecount="1"/>
        <line num="1065" count="0" type="stmt"/>
        <line num="1068" count="5" type="stmt"/>
        <line num="1069" count="5" type="cond" truecount="1" falsecount="1"/>
        <line num="1070" count="5" type="stmt"/>
        <line num="1071" count="5" type="stmt"/>
        <line num="1072" count="5" type="stmt"/>
        <line num="1073" count="5" type="cond" truecount="1" falsecount="1"/>
        <line num="1075" count="0" type="stmt"/>
        <line num="1078" count="5" type="stmt"/>
        <line num="1079" count="8" type="stmt"/>
        <line num="1080" count="5" type="stmt"/>
        <line num="1081" count="3" type="cond" truecount="2" falsecount="0"/>
        <line num="1084" count="5" type="stmt"/>
        <line num="1085" count="5" type="cond" truecount="2" falsecount="0"/>
        <line num="1086" count="5" type="cond" truecount="1" falsecount="1"/>
        <line num="1087" count="5" type="stmt"/>
        <line num="1089" count="5" type="cond" truecount="1" falsecount="1"/>
        <line num="1090" count="0" type="stmt"/>
        <line num="1092" count="5" type="cond" truecount="2" falsecount="0"/>
        <line num="1093" count="2" type="stmt"/>
        <line num="1095" count="5" type="stmt"/>
        <line num="1096" count="5" type="cond" truecount="2" falsecount="0"/>
        <line num="1097" count="4" type="stmt"/>
        <line num="1098" count="4" type="stmt"/>
        <line num="1099" count="4" type="stmt"/>
        <line num="1100" count="4" type="stmt"/>
        <line num="1101" count="1" type="cond" truecount="1" falsecount="1"/>
        <line num="1102" count="1" type="stmt"/>
        <line num="1103" count="1" type="stmt"/>
        <line num="1104" count="1" type="stmt"/>
        <line num="1105" count="1" type="stmt"/>
        <line num="1106" count="1" type="stmt"/>
        <line num="1108" count="0" type="stmt"/>
        <line num="1109" count="0" type="stmt"/>
        <line num="1110" count="0" type="stmt"/>
        <line num="1112" count="5" type="stmt"/>
        <line num="1116" count="3" type="stmt"/>
        <line num="1118" count="3" type="stmt"/>
        <line num="1119" count="3" type="stmt"/>
        <line num="1120" count="3" type="stmt"/>
        <line num="1126" count="2" type="stmt"/>
        <line num="1132" count="2" type="stmt"/>
        <line num="1133" count="2" type="stmt"/>
        <line num="1134" count="2" type="stmt"/>
        <line num="1135" count="2" type="stmt"/>
        <line num="1136" count="2" type="stmt"/>
        <line num="1138" count="1" type="stmt"/>
        <line num="1139" count="1" type="stmt"/>
        <line num="1144" count="3" type="stmt"/>
        <line num="1145" count="3" type="cond" truecount="1" falsecount="1"/>
        <line num="1146" count="0" type="stmt"/>
        <line num="1149" count="3" type="stmt"/>
        <line num="1150" count="3" type="stmt"/>
        <line num="1151" count="3" type="cond" truecount="2" falsecount="0"/>
        <line num="1152" count="1" type="stmt"/>
        <line num="1155" count="0" type="stmt"/>
        <line num="1156" count="0" type="stmt"/>
        <line num="1157" count="0" type="stmt"/>
        <line num="1160" count="3" type="stmt"/>
        <line num="1161" count="3" type="stmt"/>
        <line num="1162" count="3" type="cond" truecount="1" falsecount="1"/>
        <line num="1163" count="0" type="stmt"/>
        <line num="1164" count="0" type="stmt"/>
        <line num="1165" count="0" type="stmt"/>
        <line num="1166" count="0" type="cond" truecount="0" falsecount="4"/>
        <line num="1167" count="0" type="stmt"/>
        <line num="1171" count="3" type="stmt"/>
        <line num="1172" count="3" type="stmt"/>
        <line num="1173" count="3" type="stmt"/>
        <line num="1174" count="3" type="stmt"/>
        <line num="1175" count="3" type="stmt"/>
        <line num="1176" count="3" type="cond" truecount="1" falsecount="1"/>
        <line num="1177" count="3" type="cond" truecount="4" falsecount="0"/>
        <line num="1178" count="1" type="stmt"/>
        <line num="1180" count="3" type="stmt"/>
        <line num="1181" count="3" type="cond" truecount="2" falsecount="0"/>
        <line num="1182" count="1" type="stmt"/>
        <line num="1184" count="3" type="stmt"/>
        <line num="1185" count="3" type="cond" truecount="2" falsecount="0"/>
        <line num="1186" count="1" type="stmt"/>
        <line num="1187" count="1" type="stmt"/>
        <line num="1189" count="3" type="stmt"/>
        <line num="1190" count="3" type="stmt"/>
        <line num="1192" count="3" type="stmt"/>
        <line num="1193" count="3" type="stmt"/>
        <line num="1195" count="3" type="cond" truecount="1" falsecount="1"/>
        <line num="1196" count="3" type="stmt"/>
        <line num="1199" count="3" type="cond" truecount="2" falsecount="0"/>
        <line num="1200" count="1" type="stmt"/>
        <line num="1201" count="2" type="stmt"/>
        <line num="1204" count="3" type="cond" truecount="1" falsecount="1"/>
        <line num="1205" count="3" type="stmt"/>
        <line num="1206" count="8" type="stmt"/>
        <line num="1209" count="3" type="cond" truecount="4" falsecount="0"/>
        <line num="1210" count="2" type="stmt"/>
        <line num="1211" count="2" type="stmt"/>
        <line num="1214" count="3" type="stmt"/>
        <line num="1216" count="3" type="cond" truecount="2" falsecount="0"/>
        <line num="1217" count="2" type="cond" truecount="1" falsecount="1"/>
        <line num="1218" count="2" type="stmt"/>
        <line num="1219" count="2" type="stmt"/>
        <line num="1222" count="1" type="stmt"/>
        <line num="1223" count="1" type="stmt"/>
        <line num="1227" count="5" type="stmt"/>
        <line num="1228" count="5" type="cond" truecount="1" falsecount="1"/>
        <line num="1229" count="0" type="stmt"/>
        <line num="1233" count="5" type="stmt"/>
        <line num="1234" count="5" type="stmt"/>
        <line num="1235" count="5" type="stmt"/>
        <line num="1236" count="5" type="cond" truecount="2" falsecount="0"/>
        <line num="1237" count="1" type="stmt"/>
        <line num="1240" count="0" type="stmt"/>
        <line num="1241" count="0" type="stmt"/>
        <line num="1242" count="0" type="stmt"/>
        <line num="1245" count="5" type="stmt"/>
        <line num="1246" count="5" type="stmt"/>
        <line num="1247" count="5" type="stmt"/>
        <line num="1249" count="5" type="cond" truecount="2" falsecount="0"/>
        <line num="1250" count="1" type="stmt"/>
        <line num="1251" count="1" type="stmt"/>
        <line num="1252" count="1" type="stmt"/>
        <line num="1255" count="4" type="stmt"/>
        <line num="1256" count="4" type="stmt"/>
        <line num="1257" count="4" type="cond" truecount="1" falsecount="1"/>
        <line num="1258" count="4" type="stmt"/>
        <line num="1259" count="26" type="cond" truecount="3" falsecount="0"/>
        <line num="1261" count="4" type="stmt"/>
        <line num="1262" count="30" type="stmt"/>
        <line num="1263" count="6" type="cond" truecount="3" falsecount="1"/>
        <line num="1264" count="6" type="stmt"/>
        <line num="1273" count="4" type="cond" truecount="2" falsecount="0"/>
        <line num="1274" count="4" type="stmt"/>
        <line num="1284" count="4" type="stmt"/>
        <line num="1288" count="12" type="stmt"/>
        <line num="1298" count="4" type="cond" truecount="2" falsecount="0"/>
        <line num="1299" count="4" type="stmt"/>
        <line num="1300" count="4" type="stmt"/>
        <line num="1301" count="4" type="cond" truecount="2" falsecount="0"/>
        <line num="1302" count="1" type="stmt"/>
        <line num="1305" count="4" type="cond" truecount="4" falsecount="0"/>
        <line num="1306" count="1" type="stmt"/>
        <line num="1307" count="1" type="stmt"/>
        <line num="1308" count="1" type="stmt"/>
        <line num="1311" count="3" type="stmt"/>
        <line num="1312" count="3" type="stmt"/>
        <line num="1313" count="3" type="stmt"/>
        <line num="1315" count="3" type="stmt"/>
        <line num="1316" count="3" type="stmt"/>
        <line num="1317" count="3" type="stmt"/>
        <line num="1318" count="3" type="stmt"/>
        <line num="1319" count="3" type="cond" truecount="2" falsecount="0"/>
        <line num="1320" count="1" type="stmt"/>
        <line num="1321" count="8" type="stmt"/>
        <line num="1323" count="3" type="stmt"/>
        <line num="1324" count="3" type="stmt"/>
        <line num="1325" count="3" type="stmt"/>
        <line num="1329" count="1" type="stmt"/>
        <line num="1330" count="1" type="cond" truecount="1" falsecount="1"/>
        <line num="1331" count="0" type="stmt"/>
        <line num="1335" count="1" type="stmt"/>
        <line num="1336" count="1" type="stmt"/>
        <line num="1337" count="1" type="stmt"/>
        <line num="1338" count="1" type="cond" truecount="1" falsecount="1"/>
        <line num="1339" count="0" type="stmt"/>
        <line num="1342" count="0" type="stmt"/>
        <line num="1343" count="0" type="stmt"/>
        <line num="1344" count="0" type="stmt"/>
        <line num="1347" count="1" type="stmt"/>
        <line num="1348" count="1" type="stmt"/>
        <line num="1349" count="1" type="cond" truecount="1" falsecount="1"/>
        <line num="1350" count="1" type="stmt"/>
        <line num="1351" count="1" type="stmt"/>
        <line num="1352" count="1" type="stmt"/>
        <line num="1354" count="0" type="stmt"/>
        <line num="1355" count="0" type="stmt"/>
        <line num="1356" count="0" type="stmt"/>
        <line num="1357" count="0" type="stmt"/>
        <line num="1358" count="0" type="stmt"/>
        <line num="1360" count="0" type="stmt"/>
        <line num="1361" count="0" type="stmt"/>
        <line num="1362" count="0" type="stmt"/>
        <line num="1364" count="0" type="stmt"/>
        <line num="1365" count="0" type="stmt"/>
        <line num="1369" count="3" type="stmt"/>
        <line num="1370" count="3" type="cond" truecount="1" falsecount="1"/>
        <line num="1371" count="0" type="stmt"/>
        <line num="1374" count="3" type="stmt"/>
        <line num="1376" count="3" type="stmt"/>
        <line num="1377" count="3" type="stmt"/>
        <line num="1378" count="3" type="stmt"/>
        <line num="1379" count="3" type="cond" truecount="1" falsecount="1"/>
        <line num="1380" count="0" type="stmt"/>
        <line num="1383" count="0" type="stmt"/>
        <line num="1384" count="0" type="stmt"/>
        <line num="1385" count="0" type="stmt"/>
        <line num="1387" count="3" type="stmt"/>
        <line num="1388" count="3" type="stmt"/>
        <line num="1389" count="3" type="stmt"/>
        <line num="1390" count="3" type="cond" truecount="2" falsecount="0"/>
        <line num="1391" count="1" type="stmt"/>
        <line num="1392" count="1" type="stmt"/>
        <line num="1393" count="1" type="stmt"/>
        <line num="1396" count="2" type="stmt"/>
        <line num="1397" count="2" type="cond" truecount="4" falsecount="0"/>
        <line num="1398" count="1" type="cond" truecount="1" falsecount="1"/>
        <line num="1399" count="1" type="stmt"/>
        <line num="1400" count="1" type="stmt"/>
        <line num="1403" count="1" type="stmt"/>
        <line num="1409" count="1" type="cond" truecount="1" falsecount="1"/>
        <line num="1410" count="0" type="stmt"/>
        <line num="1411" count="0" type="stmt"/>
        <line num="1412" count="0" type="stmt"/>
        <line num="1413" count="0" type="stmt"/>
        <line num="1416" count="1" type="stmt"/>
        <line num="1420" count="5" type="stmt"/>
        <line num="1421" count="5" type="cond" truecount="1" falsecount="1"/>
        <line num="1422" count="0" type="stmt"/>
        <line num="1425" count="5" type="stmt"/>
        <line num="1427" count="5" type="stmt"/>
        <line num="1428" count="5" type="stmt"/>
        <line num="1429" count="5" type="stmt"/>
        <line num="1430" count="5" type="cond" truecount="1" falsecount="1"/>
        <line num="1431" count="0" type="stmt"/>
        <line num="1434" count="0" type="stmt"/>
        <line num="1435" count="0" type="stmt"/>
        <line num="1436" count="0" type="stmt"/>
        <line num="1438" count="5" type="stmt"/>
        <line num="1439" count="5" type="cond" truecount="1" falsecount="1"/>
        <line num="1440" count="0" type="stmt"/>
        <line num="1441" count="0" type="stmt"/>
        <line num="1442" count="0" type="stmt"/>
        <line num="1445" count="5" type="stmt"/>
        <line num="1446" count="5" type="stmt"/>
        <line num="1447" count="5" type="cond" truecount="2" falsecount="0"/>
        <line num="1448" count="2" type="stmt"/>
        <line num="1449" count="2" type="stmt"/>
        <line num="1450" count="2" type="stmt"/>
        <line num="1453" count="3" type="stmt"/>
        <line num="1454" count="3" type="cond" truecount="1" falsecount="1"/>
        <line num="1455" count="0" type="cond" truecount="0" falsecount="2"/>
        <line num="1456" count="0" type="stmt"/>
        <line num="1457" count="0" type="stmt"/>
        <line num="1459" count="3" type="cond" truecount="2" falsecount="0"/>
        <line num="1460" count="3" type="stmt"/>
        <line num="1461" count="3" type="stmt"/>
        <line num="1462" count="3" type="cond" truecount="1" falsecount="1"/>
        <line num="1463" count="0" type="stmt"/>
        <line num="1464" count="0" type="stmt"/>
        <line num="1465" count="0" type="stmt"/>
        <line num="1480" count="0" type="cond" truecount="0" falsecount="2"/>
        <line num="1481" count="0" type="stmt"/>
        <line num="1482" count="0" type="stmt"/>
        <line num="1483" count="0" type="stmt"/>
        <line num="1484" count="0" type="stmt"/>
        <line num="1487" count="0" type="stmt"/>
        <line num="1488" count="0" type="stmt"/>
        <line num="1489" count="0" type="stmt"/>
        <line num="1492" count="3" type="stmt"/>
        <line num="1497" count="3" type="cond" truecount="2" falsecount="0"/>
        <line num="1498" count="2" type="stmt"/>
        <line num="1499" count="10" type="stmt"/>
        <line num="1500" count="2" type="stmt"/>
        <line num="1501" count="2" type="stmt"/>
        <line num="1503" count="1" type="stmt"/>
        <line num="1504" count="1" type="stmt"/>
        <line num="1513" count="1" type="stmt"/>
        <line num="1514" count="1" type="stmt"/>
        <line num="1515" count="1" type="stmt"/>
        <line num="1516" count="1" type="stmt"/>
        <line num="1517" count="1" type="cond" truecount="1" falsecount="1"/>
        <line num="1518" count="1" type="stmt"/>
        <line num="1520" count="1" type="stmt"/>
        <line num="1521" count="1" type="stmt"/>
        <line num="1522" count="3" type="cond" truecount="1" falsecount="1"/>
        <line num="1523" count="3" type="stmt"/>
        <line num="1525" count="1" type="cond" truecount="1" falsecount="1"/>
        <line num="1526" count="1" type="stmt"/>
        <line num="1527" count="1" type="stmt"/>
        <line num="1528" count="2" type="stmt"/>
        <line num="1529" count="1" type="stmt"/>
        <line num="1530" count="1" type="stmt"/>
        <line num="1531" count="1" type="cond" truecount="1" falsecount="1"/>
        <line num="1532" count="0" type="stmt"/>
        <line num="1533" count="0" type="stmt"/>
        <line num="1535" count="1" type="stmt"/>
        <line num="1536" count="1" type="cond" truecount="1" falsecount="1"/>
        <line num="1537" count="1" type="stmt"/>
        <line num="1538" count="3" type="stmt"/>
        <line num="1540" count="1" type="cond" truecount="1" falsecount="1"/>
        <line num="1541" count="0" type="stmt"/>
        <line num="1542" count="0" type="stmt"/>
        <line num="1543" count="0" type="stmt"/>
        <line num="1545" count="1" type="stmt"/>
        <line num="1546" count="1" type="stmt"/>
        <line num="1547" count="1" type="stmt"/>
        <line num="1549" count="1" type="stmt"/>
        <line num="1555" count="1" type="cond" truecount="1" falsecount="1"/>
        <line num="1556" count="0" type="stmt"/>
        <line num="1557" count="0" type="stmt"/>
        <line num="1558" count="0" type="stmt"/>
        <line num="1559" count="0" type="stmt"/>
        <line num="1560" count="0" type="stmt"/>
        <line num="1563" count="1" type="stmt"/>
        <line num="1564" count="1" type="stmt"/>
        <line num="1565" count="1" type="stmt"/>
        <line num="1566" count="1" type="stmt"/>
        <line num="1568" count="1" type="cond" truecount="1" falsecount="1"/>
        <line num="1569" count="0" type="stmt"/>
        <line num="1577" count="1" type="stmt"/>
        <line num="1584" count="1" type="stmt"/>
        <line num="1585" count="1" type="stmt"/>
        <line num="1589" count="6" type="stmt"/>
        <line num="1590" count="6" type="cond" truecount="1" falsecount="1"/>
        <line num="1591" count="0" type="stmt"/>
        <line num="1594" count="6" type="stmt"/>
        <line num="1595" count="6" type="stmt"/>
        <line num="1597" count="6" type="stmt"/>
        <line num="1598" count="6" type="stmt"/>
        <line num="1599" count="6" type="stmt"/>
        <line num="1600" count="6" type="cond" truecount="1" falsecount="1"/>
        <line num="1601" count="0" type="stmt"/>
        <line num="1604" count="0" type="stmt"/>
        <line num="1605" count="0" type="stmt"/>
        <line num="1606" count="0" type="stmt"/>
        <line num="1608" count="6" type="stmt"/>
        <line num="1609" count="6" type="cond" truecount="1" falsecount="1"/>
        <line num="1612" count="6" type="cond" truecount="2" falsecount="2"/>
        <line num="1614" count="6" type="stmt"/>
        <line num="1615" count="6" type="stmt"/>
        <line num="1616" count="6" type="stmt"/>
        <line num="1617" count="6" type="stmt"/>
        <line num="1618" count="6" type="stmt"/>
        <line num="1619" count="6" type="stmt"/>
        <line num="1621" count="6" type="cond" truecount="1" falsecount="1"/>
        <line num="1622" count="6" type="cond" truecount="2" falsecount="0"/>
        <line num="1623" count="2" type="stmt"/>
        <line num="1624" count="3" type="stmt"/>
        <line num="1625" count="3" type="cond" truecount="3" falsecount="1"/>
        <line num="1626" count="3" type="stmt"/>
        <line num="1629" count="6" type="stmt"/>
        <line num="1630" count="6" type="cond" truecount="1" falsecount="1"/>
        <line num="1631" count="6" type="stmt"/>
        <line num="1632" count="18" type="stmt"/>
        <line num="1635" count="6" type="stmt"/>
        <line num="1652" count="6" type="cond" truecount="2" falsecount="0"/>
        <line num="1653" count="1" type="stmt"/>
        <line num="1654" count="1" type="stmt"/>
        <line num="1657" count="5" type="stmt"/>
        <line num="1658" count="5" type="stmt"/>
        <line num="1659" count="5" type="stmt"/>
        <line num="1660" count="5" type="cond" truecount="2" falsecount="0"/>
        <line num="1661" count="4" type="stmt"/>
        <line num="1662" count="4" type="stmt"/>
        <line num="1663" count="4" type="stmt"/>
        <line num="1665" count="4" type="stmt"/>
        <line num="1666" count="8" type="cond" truecount="2" falsecount="0"/>
        <line num="1667" count="3" type="stmt"/>
        <line num="1668" count="5" type="cond" truecount="2" falsecount="0"/>
        <line num="1669" count="4" type="stmt"/>
        <line num="1671" count="1" type="stmt"/>
        <line num="1676" count="5" type="stmt"/>
        <line num="1681" count="8" type="stmt"/>
        <line num="1692" count="5" type="cond" truecount="1" falsecount="1"/>
        <line num="1693" count="0" type="stmt"/>
        <line num="1694" count="0" type="stmt"/>
        <line num="1697" count="5" type="stmt"/>
        <line num="1698" count="5" type="stmt"/>
        <line num="1699" count="5" type="stmt"/>
        <line num="1700" count="5" type="stmt"/>
        <line num="1701" count="5" type="cond" truecount="2" falsecount="0"/>
        <line num="1702" count="5" type="stmt"/>
        <line num="1703" count="5" type="cond" truecount="1" falsecount="1"/>
        <line num="1706" count="8" type="cond" truecount="4" falsecount="0"/>
        <line num="1709" count="5" type="stmt"/>
        <line num="1714" count="5" type="cond" truecount="2" falsecount="0"/>
        <line num="1715" count="5" type="cond" truecount="2" falsecount="0"/>
        <line num="1716" count="8" type="stmt"/>
        <line num="1718" count="5" type="cond" truecount="2" falsecount="0"/>
        <line num="1719" count="1" type="stmt"/>
        <line num="1720" count="6" type="stmt"/>
        <line num="1721" count="6" type="stmt"/>
        <line num="1723" count="5" type="cond" truecount="1" falsecount="1"/>
        <line num="1724" count="0" type="stmt"/>
        <line num="1726" count="5" type="cond" truecount="1" falsecount="1"/>
        <line num="1727" count="0" type="stmt"/>
        <line num="1729" count="5" type="cond" truecount="1" falsecount="1"/>
        <line num="1730" count="0" type="stmt"/>
        <line num="1732" count="5" type="cond" truecount="1" falsecount="1"/>
        <line num="1733" count="0" type="stmt"/>
        <line num="1735" count="5" type="stmt"/>
        <line num="1737" count="5" type="stmt"/>
        <line num="1738" count="5" type="stmt"/>
        <line num="1739" count="5" type="stmt"/>
        <line num="1740" count="5" type="stmt"/>
        <line num="1744" count="5" type="stmt"/>
        <line num="1746" count="5" type="stmt"/>
        <line num="1747" count="5" type="cond" truecount="2" falsecount="0"/>
        <line num="1748" count="3" type="stmt"/>
        <line num="1749" count="3" type="stmt"/>
        <line num="1750" count="3" type="stmt"/>
        <line num="1753" count="2" type="stmt"/>
        <line num="1754" count="2" type="stmt"/>
        <line num="1755" count="4" type="cond" truecount="1" falsecount="1"/>
        <line num="1756" count="4" type="cond" truecount="1" falsecount="1"/>
        <line num="1757" count="4" type="stmt"/>
        <line num="1764" count="4" type="cond" truecount="1" falsecount="1"/>
        <line num="1765" count="4" type="stmt"/>
        <line num="1767" count="2" type="stmt"/>
        <line num="1771" count="2" type="stmt"/>
        <line num="1772" count="2" type="cond" truecount="1" falsecount="1"/>
        <line num="1773" count="0" type="stmt"/>
        <line num="1776" count="2" type="stmt"/>
        <line num="1777" count="2" type="stmt"/>
        <line num="1778" count="2" type="stmt"/>
        <line num="1779" count="2" type="cond" truecount="1" falsecount="1"/>
        <line num="1780" count="0" type="stmt"/>
        <line num="1781" count="0" type="stmt"/>
        <line num="1782" count="0" type="stmt"/>
        <line num="1785" count="2" type="stmt"/>
        <line num="1786" count="2" type="stmt"/>
        <line num="1787" count="2" type="stmt"/>
        <line num="1788" count="2" type="stmt"/>
        <line num="1790" count="2" type="stmt"/>
        <line num="1791" count="2" type="stmt"/>
        <line num="1792" count="2" type="stmt"/>
        <line num="1793" count="2" type="stmt"/>
[...]
        <line num="57" count="6" type="stmt"/>
        <line num="58" count="6" type="stmt"/>
        <line num="59" count="6" type="stmt"/>
        <line num="62" count="9" type="stmt"/>
        <line num="67" count="3" type="cond" truecount="1" falsecount="1"/>
        <line num="68" count="3" type="stmt"/>
        <line num="69" count="18" type="stmt"/>
        <line num="71" count="3" type="stmt"/>
        <line num="75" count="3" type="stmt"/>
        <line num="76" count="3" type="stmt"/>
        <line num="77" count="3" type="stmt"/>
        <line num="78" count="3" type="stmt"/>
        <line num="79" count="3" type="cond" truecount="1" falsecount="1"/>
        <line num="81" count="6" type="stmt"/>
        <line num="83" count="6" type="stmt"/>
        <line num="85" count="3" type="stmt"/>
        <line num="86" count="15" type="stmt"/>
        <line num="88" count="6" type="stmt"/>
        <line num="89" count="3" type="cond" truecount="1" falsecount="1"/>
        <line num="91" count="3" type="cond" truecount="1" falsecount="1"/>
        <line num="93" count="3" type="stmt"/>
        <line num="96" count="3" type="stmt"/>
        <line num="104" count="3" type="cond" truecount="1" falsecount="1"/>
        <line num="115" count="2" type="stmt"/>
        <line num="119" count="1" type="stmt"/>
        <line num="120" count="1" type="stmt"/>
        <line num="126" count="1" type="stmt"/>
        <line num="127" count="1" type="stmt"/>
        <line num="128" count="2" type="stmt"/>
        <line num="133" count="3" type="stmt"/>
      </file>
      <file name="keycloak.cjs" path="C:\Users\jesse\ai-feature-contracts\lib\plugins\keycloak.cjs">
        <metrics statements="60" coveredstatements="54" conditionals="52" coveredconditionals="29" methods="29" coveredmethods="26"/>
        <line num="1" count="3" type="stmt"/>
        <line num="2" count="3" type="stmt"/>
        <line num="3" count="3" type="stmt"/>
        <line num="5" count="3" type="stmt"/>
        <line num="8" count="4" type="stmt"/>
        <line num="12" count="4" type="cond" truecount="1" falsecount="1"/>
        <line num="13" count="0" type="stmt"/>
        <line num="15" count="4" type="stmt"/>
        <line num="17" count="4" type="stmt"/>
        <line num="18" count="4" type="stmt"/>
        <line num="19" count="4" type="stmt"/>
        <line num="20" count="12" type="stmt"/>
        <line num="21" count="12" type="stmt"/>
        <line num="22" count="12" type="stmt"/>
        <line num="23" count="12" type="stmt"/>
        <line num="24" count="12" type="cond" truecount="2" falsecount="0"/>
        <line num="25" count="8" type="cond" truecount="1" falsecount="1"/>
        <line num="26" count="8" type="stmt"/>
        <line num="28" count="8" type="stmt"/>
        <line num="30" count="4" type="stmt"/>
        <line num="35" count="4" type="stmt"/>
        <line num="39" count="4" type="stmt"/>
        <line num="40" count="4" type="stmt"/>
        <line num="41" count="4" type="stmt"/>
        <line num="51" count="4" type="stmt"/>
        <line num="52" count="4" type="cond" truecount="1" falsecount="1"/>
        <line num="53" count="4" type="stmt"/>
        <line num="55" count="0" type="cond" truecount="0" falsecount="2"/>
        <line num="56" count="0" type="cond" truecount="0" falsecount="2"/>
        <line num="58" count="0" type="stmt"/>
        <line num="62" count="8" type="stmt"/>
        <line num="71" count="4" type="cond" truecount="2" falsecount="0"/>
        <line num="76" count="4" type="cond" truecount="1" falsecount="1"/>
        <line num="77" count="8" type="stmt"/>
        <line num="79" count="4" type="cond" truecount="1" falsecount="1"/>
        <line num="80" count="8" type="stmt"/>
        <line num="82" count="4" type="cond" truecount="1" falsecount="1"/>
        <line num="83" count="8" type="stmt"/>
        <line num="85" count="4" type="cond" truecount="1" falsecount="1"/>
        <line num="86" count="4" type="stmt"/>
        <line num="90" count="0" type="stmt"/>
        <line num="93" count="4" type="stmt"/>
        <line num="107" count="4" type="cond" truecount="1" falsecount="1"/>
        <line num="108" count="4" type="stmt"/>
        <line num="109" count="4" type="stmt"/>
        <line num="111" count="4" type="stmt"/>
        <line num="112" count="4" type="stmt"/>
        <line num="113" count="4" type="cond" truecount="1" falsecount="1"/>
        <line num="115" count="0" type="stmt"/>
        <line num="132" count="2" type="stmt"/>
        <line num="133" count="4" type="stmt"/>
        <line num="141" count="1" type="stmt"/>
        <line num="142" count="1" type="stmt"/>
        <line num="144" count="1" type="stmt"/>
        <line num="151" count="1" type="stmt"/>
        <line num="153" count="2" type="stmt"/>
        <line num="154" count="2" type="stmt"/>
        <line num="155" count="1" type="stmt"/>
        <line num="156" count="1" type="stmt"/>
        <line num="161" count="3" type="stmt"/>
      </file>
      <file name="kubernetes.cjs" path="C:\Users\jesse\ai-feature-contracts\lib\plugins\kubernetes.cjs">
        <metrics statements="94" coveredstatements="87" conditionals="83" coveredconditionals="52" methods="41" coveredmethods="37"/>
        <line num="1" count="3" type="stmt"/>
        <line num="2" count="3" type="stmt"/>
        <line num="3" count="3" type="stmt"/>
        <line num="5" count="3" type="stmt"/>
        <line num="8" count="10" type="stmt"/>
        <line num="12" count="2" type="cond" truecount="1" falsecount="1"/>
        <line num="13" count="0" type="stmt"/>
        <line num="15" count="2" type="stmt"/>
        <line num="17" count="2" type="stmt"/>
        <line num="18" count="2" type="stmt"/>
        <line num="19" count="2" type="stmt"/>
        <line num="20" count="6" type="stmt"/>
        <line num="21" count="6" type="stmt"/>
        <line num="22" count="6" type="stmt"/>
        <line num="23" count="6" type="stmt"/>
        <line num="24" count="6" type="cond" truecount="2" falsecount="0"/>
        <line num="25" count="4" type="cond" truecount="1" falsecount="1"/>
        <line num="26" count="4" type="stmt"/>
        <line num="28" count="4" type="stmt"/>
        <line num="30" count="2" type="stmt"/>
        <line num="35" count="2" type="stmt"/>
        <line num="39" count="2" type="stmt"/>
        <line num="40" count="2" type="stmt"/>
        <line num="41" count="10" type="stmt"/>
        <line num="42" count="10" type="cond" truecount="4" falsecount="0"/>
        <line num="46" count="10" type="cond" truecount="4" falsecount="0"/>
        <line num="53" count="10" type="cond" truecount="1" falsecount="1"/>
        <line num="54" count="10" type="stmt"/>
        <line num="58" count="10" type="stmt"/>
        <line num="59" count="10" type="cond" truecount="3" falsecount="0"/>
        <line num="60" count="10" type="cond" truecount="1" falsecount="1"/>
        <line num="61" count="10" type="stmt"/>
        <line num="62" count="0" type="cond" truecount="0" falsecount="2"/>
        <line num="63" count="0" type="stmt"/>
        <line num="65" count="0" type="cond" truecount="0" falsecount="2"/>
        <line num="66" count="0" type="stmt"/>
        <line num="70" count="10" type="stmt"/>
        <line num="74" count="10" type="stmt"/>
        <line num="75" count="2" type="cond" truecount="1" falsecount="1"/>
        <line num="76" count="2" type="cond" truecount="1" falsecount="1"/>
        <line num="77" count="2" type="cond" truecount="1" falsecount="1"/>
        <line num="79" count="2" type="cond" truecount="2" falsecount="0"/>
        <line num="80" count="0" type="cond" truecount="0" falsecount="2"/>
        <line num="81" count="0" type="cond" truecount="0" falsecount="2"/>
        <line num="85" count="10" type="stmt"/>
        <line num="89" count="2" type="cond" truecount="1" falsecount="1"/>
        <line num="90" count="2" type="stmt"/>
        <line num="91" count="2" type="stmt"/>
        <line num="93" count="2" type="stmt"/>
        <line num="94" count="2" type="stmt"/>
        <line num="95" count="2" type="stmt"/>
        <line num="96" count="10" type="stmt"/>
        <line num="112" count="2" type="stmt"/>
        <line num="116" count="2" type="cond" truecount="1" falsecount="1"/>
        <line num="117" count="2" type="cond" truecount="2" falsecount="0"/>
        <line num="121" count="2" type="stmt"/>
        <line num="122" count="10" type="stmt"/>
        <line num="123" count="10" type="stmt"/>
        <line num="124" count="10" type="stmt"/>
        <line num="125" count="10" type="stmt"/>
        <line num="127" count="2" type="stmt"/>
        <line num="128" count="2" type="cond" truecount="1" falsecount="1"/>
        <line num="129" count="2" type="stmt"/>
        <line num="130" count="2" type="cond" truecount="1" falsecount="1"/>
        <line num="131" count="2" type="stmt"/>
        <line num="140" count="2" type="stmt"/>
        <line num="141" count="2" type="cond" truecount="1" falsecount="1"/>
        <line num="142" count="2" type="stmt"/>
        <line num="143" count="2" type="cond" truecount="1" falsecount="1"/>
        <line num="144" count="2" type="stmt"/>
        <line num="145" count="2" type="stmt"/>
        <line num="146" count="2" type="cond" truecount="1" falsecount="1"/>
        <line num="147" count="2" type="cond" truecount="2" falsecount="0"/>
        <line num="148" count="2" type="cond" truecount="1" falsecount="1"/>
        <line num="149" count="2" type="stmt"/>
        <line num="159" count="2" type="stmt"/>
        <line num="160" count="10" type="stmt"/>
        <line num="161" count="2" type="cond" truecount="1" falsecount="1"/>
        <line num="162" count="8" type="cond" truecount="3" falsecount="0"/>
        <line num="163" count="2" type="cond" truecount="1" falsecount="1"/>
        <line num="164" count="2" type="stmt"/>
        <line num="172" count="10" type="cond" truecount="2" falsecount="0"/>
        <line num="173" count="10" type="cond" truecount="2" falsecount="0"/>
        <line num="174" count="2" type="cond" truecount="2" falsecount="0"/>
        <line num="175" count="2" type="cond" truecount="1" falsecount="1"/>
        <line num="176" count="2" type="stmt"/>
        <line num="185" count="2" type="stmt"/>
        <line num="189" count="1" type="stmt"/>
        <line num="190" count="1" type="stmt"/>
        <line num="191" count="1" type="stmt"/>
        <line num="194" count="5" type="stmt"/>
        <line num="204" count="5" type="stmt"/>
        <line num="206" count="5" type="stmt"/>
        <line num="211" count="3" type="stmt"/>
      </file>
      <file name="openshift.cjs" path="C:\Users\jesse\ai-feature-contracts\lib\plugins\openshift.cjs">
        <metrics statements="74" coveredstatements="67" conditionals="67" coveredconditionals="48" methods="30" coveredmethods="27"/>
        <line num="1" count="3" type="stmt"/>
        <line num="2" count="3" type="stmt"/>
        <line num="3" count="3" type="stmt"/>
        <line num="5" count="3" type="stmt"/>
        <line num="8" count="14" type="stmt"/>
        <line num="12" count="2" type="cond" truecount="1" falsecount="1"/>
        <line num="13" count="0" type="stmt"/>
        <line num="15" count="2" type="stmt"/>
        <line num="17" count="2" type="stmt"/>
        <line num="18" count="2" type="stmt"/>
        <line num="19" count="2" type="stmt"/>
        <line num="20" count="4" type="stmt"/>
        <line num="21" count="4" type="stmt"/>
        <line num="22" count="4" type="stmt"/>
        <line num="23" count="4" type="stmt"/>
        <line num="24" count="4" type="cond" truecount="2" falsecount="0"/>
        <line num="25" count="2" type="cond" truecount="1" falsecount="1"/>
        <line num="26" count="2" type="stmt"/>
        <line num="28" count="2" type="cond" truecount="1" falsecount="1"/>
        <line num="29" count="2" type="stmt"/>
        <line num="35" count="2" type="stmt"/>
        <line num="39" count="2" type="stmt"/>
        <line num="40" count="2" type="stmt"/>
        <line num="41" count="14" type="stmt"/>
        <line num="42" count="14" type="cond" truecount="4" falsecount="0"/>
        <line num="46" count="14" type="cond" truecount="1" falsecount="1"/>
        <line num="47" count="14" type="stmt"/>
        <line num="62" count="14" type="cond" truecount="2" falsecount="0"/>
        <line num="63" count="14" type="stmt"/>
        <line num="67" count="2" type="cond" truecount="1" falsecount="1"/>
        <line num="68" count="2" type="stmt"/>
        <line num="70" count="2" type="stmt"/>
        <line num="71" count="2" type="stmt"/>
        <line num="72" count="2" type="stmt"/>
        <line num="75" count="14" type="stmt"/>
        <line num="89" count="2" type="stmt"/>
        <line num="93" count="2" type="stmt"/>
        <line num="94" count="14" type="stmt"/>
        <line num="95" count="14" type="stmt"/>
        <line num="97" count="2" type="stmt"/>
        <line num="98" count="14" type="cond" truecount="2" falsecount="0"/>
        <line num="99" count="2" type="stmt"/>
        <line num="100" count="2" type="cond" truecount="2" falsecount="0"/>
        <line num="101" count="2" type="cond" truecount="1" falsecount="1"/>
        <line num="102" count="2" type="stmt"/>
        <line num="110" count="14" type="cond" truecount="2" falsecount="0"/>
        <line num="111" count="2" type="stmt"/>
        <line num="112" count="2" type="cond" truecount="1" falsecount="1"/>
        <line num="113" count="2" type="stmt"/>
        <line num="114" count="6" type="cond" truecount="3" falsecount="0"/>
        <line num="115" count="2" type="cond" truecount="1" falsecount="1"/>
        <line num="116" count="2" type="stmt"/>
        <line num="125" count="14" type="cond" truecount="1" falsecount="1"/>
        <line num="126" count="0" type="stmt"/>
        <line num="127" count="0" type="cond" truecount="0" falsecount="2"/>
        <line num="128" count="0" type="stmt"/>
        <line num="129" count="0" type="cond" truecount="0" falsecount="3"/>
        <line num="130" count="0" type="cond" truecount="0" falsecount="2"/>
        <line num="131" count="0" type="stmt"/>
        <line num="141" count="2" type="stmt"/>
        <line num="142" count="2" type="cond" truecount="1" falsecount="1"/>
        <line num="143" count="2" type="stmt"/>
        <line num="144" count="2" type="cond" truecount="3" falsecount="1"/>
        <line num="145" count="2" type="stmt"/>
        <line num="154" count="2" type="stmt"/>
        <line num="158" count="1" type="stmt"/>
        <line num="159" count="1" type="stmt"/>
        <line num="160" count="1" type="stmt"/>
        <line num="163" count="7" type="stmt"/>
        <line num="173" count="7" type="stmt"/>
        <line num="174" count="7" type="stmt"/>
        <line num="175" count="7" type="stmt"/>
        <line num="176" count="7" type="stmt"/>
        <line num="181" count="3" type="stmt"/>
      </file>
      <file name="rancher.cjs" path="C:\Users\jesse\ai-feature-contracts\lib\plugins\rancher.cjs">
        <metrics statements="80" coveredstatements="74" conditionals="94" coveredconditionals="70" methods="30" coveredmethods="27"/>
        <line num="1" count="3" type="stmt"/>
        <line num="2" count="3" type="stmt"/>
        <line num="3" count="3" type="stmt"/>
        <line num="5" count="3" type="stmt"/>
        <line num="8" count="10" type="stmt"/>
        <line num="12" count="2" type="cond" truecount="1" falsecount="1"/>
        <line num="13" count="0" type="stmt"/>
        <line num="15" count="2" type="stmt"/>
        <line num="17" count="2" type="stmt"/>
        <line num="18" count="2" type="stmt"/>
        <line num="19" count="2" type="stmt"/>
        <line num="20" count="6" type="stmt"/>
        <line num="21" count="6" type="stmt"/>
        <line num="22" count="6" type="stmt"/>
        <line num="23" count="14" type="stmt"/>
        <line num="24" count="14" type="cond" truecount="2" falsecount="0"/>
        <line num="25" count="4" type="cond" truecount="1" falsecount="1"/>
        <line num="26" count="4" type="stmt"/>
        <line num="28" count="4" type="stmt"/>
        <line num="30" count="10" type="stmt"/>
        <line num="35" count="2" type="stmt"/>
        <line num="39" count="8" type="stmt"/>
        <line num="40" count="8" type="cond" truecount="1" falsecount="1"/>
        <line num="41" count="0" type="stmt"/>
        <line num="42" count="0" type="stmt"/>
        <line num="44" count="8" type="stmt"/>
        <line num="45" count="8" type="cond" truecount="4" falsecount="0"/>
        <line num="46" count="2" type="stmt"/>
        <line num="48" count="6" type="stmt"/>
        <line num="49" count="6" type="stmt"/>
        <line num="50" count="6" type="cond" truecount="2" falsecount="0"/>
        <line num="54" count="10" type="stmt"/>
        <line num="55" count="10" type="cond" truecount="2" falsecount="0"/>
        <line num="59" count="2" type="cond" truecount="1" falsecount="1"/>
        <line num="60" count="2" type="cond" truecount="3" falsecount="1"/>
        <line num="63" count="2" type="stmt"/>
        <line num="70" count="4" type="cond" truecount="1" falsecount="1"/>
        <line num="71" count="4" type="cond" truecount="2" falsecount="0"/>
        <line num="74" count="4" type="cond" truecount="1" falsecount="1"/>
        <line num="75" count="4" type="cond" truecount="2" falsecount="0"/>
        <line num="81" count="6" type="cond" truecount="1" falsecount="1"/>
        <line num="82" count="6" type="cond" truecount="1" falsecount="1"/>
        <line num="83" count="6" type="stmt"/>
        <line num="93" count="6" type="cond" truecount="1" falsecount="1"/>
        <line num="94" count="6" type="cond" truecount="2" falsecount="0"/>
        <line num="95" count="4" type="cond" truecount="2" falsecount="0"/>
        <line num="96" count="2" type="cond" truecount="1" falsecount="1"/>
        <line num="97" count="0" type="cond" truecount="0" falsecount="2"/>
        <line num="98" count="0" type="stmt"/>
        <line num="102" count="6" type="cond" truecount="1" falsecount="1"/>
        <line num="103" count="6" type="cond" truecount="2" falsecount="0"/>
        <line num="104" count="6" type="stmt"/>
        <line num="122" count="2" type="cond" truecount="1" falsecount="1"/>
        <line num="123" count="2" type="stmt"/>
        <line num="124" count="10" type="cond" truecount="1" falsecount="1"/>
        <line num="125" count="2" type="stmt"/>
        <line num="126" count="2" type="stmt"/>
        <line num="127" count="2" type="stmt"/>
        <line num="129" count="2" type="stmt"/>
        <line num="130" count="10" type="stmt"/>
        <line num="131" count="10" type="cond" truecount="2" falsecount="0"/>
        <line num="132" count="2" type="stmt"/>
        <line num="133" count="2" type="stmt"/>
        <line num="136" count="8" type="stmt"/>
        <line num="139" count="6" type="stmt"/>
        <line num="142" count="2" type="stmt"/>
        <line num="146" count="2" type="stmt"/>
        <line num="150" count="1" type="stmt"/>
        <line num="151" count="3" type="stmt"/>
        <line num="152" count="3" type="stmt"/>
        <line num="153" count="1" type="stmt"/>
        <line num="154" count="3" type="stmt"/>
        <line num="156" count="1" type="stmt"/>
        <line num="157" count="3" type="cond" truecount="2" falsecount="0"/>
        <line num="158" count="1" type="stmt"/>
        <line num="165" count="0" type="stmt"/>
        <line num="167" count="1" type="stmt"/>
        <line num="178" count="1" type="stmt"/>
        <line num="179" count="3" type="stmt"/>
        <line num="189" count="3" type="stmt"/>
      </file>
    </package>
  </project>
</coverage>
