{"C:\\Users\\jesse\\ai-feature-contracts\\lib\\core.cjs": {"path":"C:\\Users\\jesse\\ai-feature-contracts\\lib\\core.cjs","statementMap":{"0":{"start":{"line":6,"column":11},"end":{"line":6,"column":24}},"1":{"start":{"line":7,"column":13},"end":{"line":7,"column":28}},"2":{"start":{"line":8,"column":13},"end":{"line":8,"column":28}},"3":{"start":{"line":14,"column":14},"end":{"line":14,"column":38}},"4":{"start":{"line":14,"column":20},"end":{"line":14,"column":38}},"5":{"start":{"line":15,"column":13},"end":{"line":15,"column":85}},"6":{"start":{"line":15,"column":20},"end":{"line":15,"column":85}},"7":{"start":{"line":16,"column":18},"end":{"line":16,"column":48}},"8":{"start":{"line":16,"column":24},"end":{"line":16,"column":48}},"9":{"start":{"line":22,"column":15},"end":{"line":34,"column":1}},"10":{"start":{"line":36,"column":10},"end":{"line":45,"column":1}},"11":{"start":{"line":37,"column":16},"end":{"line":37,"column":50}},"12":{"start":{"line":38,"column":18},"end":{"line":38,"column":54}},"13":{"start":{"line":39,"column":15},"end":{"line":39,"column":52}},"14":{"start":{"line":40,"column":15},"end":{"line":40,"column":50}},"15":{"start":{"line":41,"column":14},"end":{"line":41,"column":48}},"16":{"start":{"line":42,"column":15},"end":{"line":42,"column":50}},"17":{"start":{"line":43,"column":18},"end":{"line":43,"column":67}},"18":{"start":{"line":44,"column":16},"end":{"line":44,"column":68}},"19":{"start":{"line":52,"column":17},"end":{"line":52,"column":19}},"20":{"start":{"line":53,"column":19},"end":{"line":53,"column":21}},"21":{"start":{"line":54,"column":22},"end":{"line":54,"column":24}},"22":{"start":{"line":57,"column":19},"end":{"line":57,"column":78}},"23":{"start":{"line":58,"column":2},"end":{"line":60,"column":5}},"24":{"start":{"line":59,"column":4},"end":{"line":59,"column":75}},"25":{"start":{"line":59,"column":38},"end":{"line":59,"column":75}},"26":{"start":{"line":63,"column":21},"end":{"line":63,"column":58}},"27":{"start":{"line":64,"column":23},"end":{"line":64,"column":75}},"28":{"start":{"line":65,"column":2},"end":{"line":69,"column":5}},"29":{"start":{"line":66,"column":4},"end":{"line":68,"column":5}},"30":{"start":{"line":67,"column":6},"end":{"line":67,"column":57}},"31":{"start":{"line":72,"column":17},"end":{"line":72,"column":47}},"32":{"start":{"line":73,"column":22},"end":{"line":73,"column":64}},"33":{"start":{"line":74,"column":2},"end":{"line":78,"column":5}},"34":{"start":{"line":75,"column":4},"end":{"line":77,"column":5}},"35":{"start":{"line":76,"column":6},"end":{"line":76,"column":45}},"36":{"start":{"line":81,"column":21},"end":{"line":81,"column":113}},"37":{"start":{"line":82,"column":27},"end":{"line":82,"column":83}},"38":{"start":{"line":83,"column":23},"end":{"line":83,"column":75}},"39":{"start":{"line":85,"column":2},"end":{"line":92,"column":5}},"40":{"start":{"line":86,"column":4},"end":{"line":88,"column":5}},"41":{"start":{"line":87,"column":6},"end":{"line":87,"column":81}},"42":{"start":{"line":89,"column":4},"end":{"line":91,"column":5}},"43":{"start":{"line":90,"column":6},"end":{"line":90,"column":73}},"44":{"start":{"line":95,"column":21},"end":{"line":95,"column":66}},"45":{"start":{"line":96,"column":2},"end":{"line":100,"column":3}},"46":{"start":{"line":97,"column":4},"end":{"line":97,"column":77}},"47":{"start":{"line":98,"column":9},"end":{"line":100,"column":3}},"48":{"start":{"line":99,"column":4},"end":{"line":99,"column":76}},"49":{"start":{"line":103,"column":19},"end":{"line":103,"column":72}},"50":{"start":{"line":104,"column":2},"end":{"line":108,"column":3}},"51":{"start":{"line":105,"column":4},"end":{"line":105,"column":78}},"52":{"start":{"line":106,"column":9},"end":{"line":108,"column":3}},"53":{"start":{"line":107,"column":4},"end":{"line":107,"column":79}},"54":{"start":{"line":111,"column":2},"end":{"line":113,"column":3}},"55":{"start":{"line":112,"column":4},"end":{"line":112,"column":52}},"56":{"start":{"line":116,"column":26},"end":{"line":116,"column":82}},"57":{"start":{"line":117,"column":24},"end":{"line":117,"column":72}},"58":{"start":{"line":118,"column":2},"end":{"line":122,"column":3}},"59":{"start":{"line":119,"column":4},"end":{"line":119,"column":75}},"60":{"start":{"line":120,"column":9},"end":{"line":122,"column":3}},"61":{"start":{"line":121,"column":4},"end":{"line":121,"column":64}},"62":{"start":{"line":125,"column":2},"end":{"line":127,"column":3}},"63":{"start":{"line":126,"column":4},"end":{"line":126,"column":48}},"64":{"start":{"line":128,"column":2},"end":{"line":130,"column":3}},"65":{"start":{"line":129,"column":4},"end":{"line":129,"column":51}},"66":{"start":{"line":131,"column":2},"end":{"line":133,"column":3}},"67":{"start":{"line":132,"column":4},"end":{"line":132,"column":80}},"68":{"start":{"line":136,"column":23},"end":{"line":136,"column":70}},"69":{"start":{"line":137,"column":2},"end":{"line":141,"column":5}},"70":{"start":{"line":138,"column":4},"end":{"line":140,"column":5}},"71":{"start":{"line":139,"column":6},"end":{"line":139,"column":50}},"72":{"start":{"line":147,"column":29},"end":{"line":147,"column":75}},"73":{"start":{"line":148,"column":2},"end":{"line":156,"column":3}},"74":{"start":{"line":149,"column":4},"end":{"line":149,"column":61}},"75":{"start":{"line":151,"column":28},"end":{"line":151,"column":98}},"76":{"start":{"line":152,"column":27},"end":{"line":152,"column":75}},"77":{"start":{"line":153,"column":4},"end":{"line":155,"column":5}},"78":{"start":{"line":154,"column":6},"end":{"line":154,"column":63}},"79":{"start":{"line":159,"column":27},"end":{"line":159,"column":140}},"80":{"start":{"line":160,"column":23},"end":{"line":160,"column":44}},"81":{"start":{"line":161,"column":32},"end":{"line":161,"column":86}},"82":{"start":{"line":161,"column":61},"end":{"line":161,"column":85}},"83":{"start":{"line":163,"column":2},"end":{"line":165,"column":3}},"84":{"start":{"line":164,"column":4},"end":{"line":164,"column":125}},"85":{"start":{"line":168,"column":28},"end":{"line":168,"column":69}},"86":{"start":{"line":169,"column":22},"end":{"line":169,"column":81}},"87":{"start":{"line":170,"column":2},"end":{"line":174,"column":5}},"88":{"start":{"line":171,"column":4},"end":{"line":173,"column":5}},"89":{"start":{"line":172,"column":6},"end":{"line":172,"column":93}},"90":{"start":{"line":180,"column":28},"end":{"line":180,"column":63}},"91":{"start":{"line":181,"column":2},"end":{"line":183,"column":3}},"92":{"start":{"line":182,"column":4},"end":{"line":182,"column":71}},"93":{"start":{"line":185,"column":24},"end":{"line":185,"column":90}},"94":{"start":{"line":186,"column":2},"end":{"line":188,"column":3}},"95":{"start":{"line":187,"column":4},"end":{"line":187,"column":72}},"96":{"start":{"line":190,"column":23},"end":{"line":190,"column":69}},"97":{"start":{"line":191,"column":2},"end":{"line":193,"column":3}},"98":{"start":{"line":192,"column":4},"end":{"line":192,"column":57}},"99":{"start":{"line":195,"column":2},"end":{"line":200,"column":3}},"100":{"start":{"line":196,"column":21},"end":{"line":196,"column":87}},"101":{"start":{"line":197,"column":4},"end":{"line":199,"column":5}},"102":{"start":{"line":198,"column":6},"end":{"line":198,"column":87}},"103":{"start":{"line":202,"column":2},"end":{"line":215,"column":4}},"104":{"start":{"line":223,"column":20},"end":{"line":223,"column":62}},"105":{"start":{"line":224,"column":2},"end":{"line":241,"column":3}},"106":{"start":{"line":225,"column":20},"end":{"line":232,"column":5}},"107":{"start":{"line":233,"column":20},"end":{"line":233,"column":33}},"108":{"start":{"line":234,"column":4},"end":{"line":239,"column":5}},"109":{"start":{"line":235,"column":26},"end":{"line":235,"column":71}},"110":{"start":{"line":236,"column":6},"end":{"line":238,"column":7}},"111":{"start":{"line":237,"column":8},"end":{"line":237,"column":64}},"112":{"start":{"line":240,"column":4},"end":{"line":240,"column":16}},"113":{"start":{"line":242,"column":2},"end":{"line":242,"column":56}},"114":{"start":{"line":246,"column":2},"end":{"line":248,"column":3}},"115":{"start":{"line":247,"column":4},"end":{"line":247,"column":14}},"116":{"start":{"line":249,"column":16},"end":{"line":249,"column":80}},"117":{"start":{"line":249,"column":54},"end":{"line":249,"column":79}},"118":{"start":{"line":250,"column":2},"end":{"line":260,"column":5}},"119":{"start":{"line":251,"column":20},"end":{"line":251,"column":80}},"120":{"start":{"line":252,"column":4},"end":{"line":259,"column":6}},"121":{"start":{"line":268,"column":17},"end":{"line":268,"column":29}},"122":{"start":{"line":269,"column":2},"end":{"line":271,"column":3}},"123":{"start":{"line":270,"column":4},"end":{"line":270,"column":53}},"124":{"start":{"line":272,"column":2},"end":{"line":279,"column":3}},"125":{"start":{"line":273,"column":24},"end":{"line":273,"column":78}},"126":{"start":{"line":274,"column":4},"end":{"line":278,"column":5}},"127":{"start":{"line":275,"column":6},"end":{"line":275,"column":29}},"128":{"start":{"line":277,"column":6},"end":{"line":277,"column":18}},"129":{"start":{"line":280,"column":2},"end":{"line":280,"column":55}},"130":{"start":{"line":284,"column":2},"end":{"line":286,"column":3}},"131":{"start":{"line":285,"column":4},"end":{"line":285,"column":14}},"132":{"start":{"line":287,"column":2},"end":{"line":299,"column":7}},"133":{"start":{"line":288,"column":17},"end":{"line":288,"column":70}},"134":{"start":{"line":290,"column":27},"end":{"line":290,"column":70}},"135":{"start":{"line":291,"column":6},"end":{"line":297,"column":7}},"136":{"start":{"line":292,"column":24},"end":{"line":292,"column":73}},"137":{"start":{"line":293,"column":8},"end":{"line":296,"column":10}},"138":{"start":{"line":298,"column":6},"end":{"line":298,"column":25}},"139":{"start":{"line":307,"column":2},"end":{"line":309,"column":3}},"140":{"start":{"line":308,"column":4},"end":{"line":308,"column":51}},"141":{"start":{"line":310,"column":23},"end":{"line":310,"column":69}},"142":{"start":{"line":311,"column":19},"end":{"line":315,"column":3}},"143":{"start":{"line":316,"column":2},"end":{"line":316,"column":68}},"144":{"start":{"line":317,"column":2},"end":{"line":317,"column":22}},"145":{"start":{"line":321,"column":23},"end":{"line":321,"column":69}},"146":{"start":{"line":322,"column":2},"end":{"line":324,"column":3}},"147":{"start":{"line":323,"column":4},"end":{"line":323,"column":16}},"148":{"start":{"line":325,"column":2},"end":{"line":329,"column":3}},"149":{"start":{"line":326,"column":4},"end":{"line":326,"column":61}},"150":{"start":{"line":328,"column":4},"end":{"line":328,"column":16}},"151":{"start":{"line":333,"column":23},"end":{"line":333,"column":69}},"152":{"start":{"line":334,"column":2},"end":{"line":336,"column":3}},"153":{"start":{"line":335,"column":4},"end":{"line":335,"column":32}},"154":{"start":{"line":340,"column":2},"end":{"line":342,"column":3}},"155":{"start":{"line":341,"column":4},"end":{"line":341,"column":14}},"156":{"start":{"line":343,"column":2},"end":{"line":353,"column":7}},"157":{"start":{"line":344,"column":17},"end":{"line":344,"column":36}},"158":{"start":{"line":346,"column":19},"end":{"line":346,"column":81}},"159":{"start":{"line":347,"column":6},"end":{"line":352,"column":8}},"160":{"start":{"line":361,"column":13},"end":{"line":361,"column":20}},"161":{"start":{"line":362,"column":19},"end":{"line":362,"column":40}},"162":{"start":{"line":363,"column":19},"end":{"line":363,"column":52}},"163":{"start":{"line":365,"column":2},"end":{"line":367,"column":3}},"164":{"start":{"line":366,"column":4},"end":{"line":366,"column":52}},"165":{"start":{"line":369,"column":2},"end":{"line":371,"column":3}},"166":{"start":{"line":370,"column":4},"end":{"line":370,"column":60}},"167":{"start":{"line":373,"column":23},"end":{"line":373,"column":68}},"168":{"start":{"line":374,"column":2},"end":{"line":376,"column":3}},"169":{"start":{"line":375,"column":4},"end":{"line":375,"column":59}},"170":{"start":{"line":378,"column":19},"end":{"line":378,"column":56}},"171":{"start":{"line":379,"column":18},"end":{"line":383,"column":54}},"172":{"start":{"line":385,"column":2},"end":{"line":385,"column":38}},"173":{"start":{"line":387,"column":2},"end":{"line":387,"column":36}},"174":{"start":{"line":391,"column":2},"end":{"line":393,"column":3}},"175":{"start":{"line":392,"column":4},"end":{"line":392,"column":41}},"176":{"start":{"line":395,"column":2},"end":{"line":395,"column":53}},"177":{"start":{"line":395,"column":27},"end":{"line":395,"column":53}},"178":{"start":{"line":397,"column":22},"end":{"line":397,"column":51}},"179":{"start":{"line":398,"column":2},"end":{"line":398,"column":53}},"180":{"start":{"line":398,"column":34},"end":{"line":398,"column":53}},"181":{"start":{"line":400,"column":18},"end":{"line":400,"column":66}},"182":{"start":{"line":401,"column":22},"end":{"line":401,"column":54}},"183":{"start":{"line":402,"column":2},"end":{"line":402,"column":53}},"184":{"start":{"line":402,"column":34},"end":{"line":402,"column":53}},"185":{"start":{"line":404,"column":2},"end":{"line":404,"column":49}},"186":{"start":{"line":411,"column":0},"end":{"line":439,"column":2}}},"fnMap":{"0":{"name":"(anonymous_0)","decl":{"start":{"line":14,"column":14},"end":{"line":14,"column":15}},"loc":{"start":{"line":14,"column":20},"end":{"line":14,"column":38}},"line":14},"1":{"name":"(anonymous_1)","decl":{"start":{"line":15,"column":13},"end":{"line":15,"column":14}},"loc":{"start":{"line":15,"column":20},"end":{"line":15,"column":85}},"line":15},"2":{"name":"(anonymous_2)","decl":{"start":{"line":16,"column":18},"end":{"line":16,"column":19}},"loc":{"start":{"line":16,"column":24},"end":{"line":16,"column":48}},"line":16},"3":{"name":"(anonymous_3)","decl":{"start":{"line":37,"column":9},"end":{"line":37,"column":10}},"loc":{"start":{"line":37,"column":16},"end":{"line":37,"column":50}},"line":37},"4":{"name":"(anonymous_4)","decl":{"start":{"line":38,"column":11},"end":{"line":38,"column":12}},"loc":{"start":{"line":38,"column":18},"end":{"line":38,"column":54}},"line":38},"5":{"name":"(anonymous_5)","decl":{"start":{"line":39,"column":8},"end":{"line":39,"column":9}},"loc":{"start":{"line":39,"column":15},"end":{"line":39,"column":52}},"line":39},"6":{"name":"(anonymous_6)","decl":{"start":{"line":40,"column":8},"end":{"line":40,"column":9}},"loc":{"start":{"line":40,"column":15},"end":{"line":40,"column":50}},"line":40},"7":{"name":"(anonymous_7)","decl":{"start":{"line":41,"column":7},"end":{"line":41,"column":8}},"loc":{"start":{"line":41,"column":14},"end":{"line":41,"column":48}},"line":41},"8":{"name":"(anonymous_8)","decl":{"start":{"line":42,"column":8},"end":{"line":42,"column":9}},"loc":{"start":{"line":42,"column":15},"end":{"line":42,"column":50}},"line":42},"9":{"name":"(anonymous_9)","decl":{"start":{"line":43,"column":11},"end":{"line":43,"column":12}},"loc":{"start":{"line":43,"column":18},"end":{"line":43,"column":67}},"line":43},"10":{"name":"(anonymous_10)","decl":{"start":{"line":44,"column":9},"end":{"line":44,"column":10}},"loc":{"start":{"line":44,"column":16},"end":{"line":44,"column":68}},"line":44},"11":{"name":"validateContract","decl":{"start":{"line":51,"column":9},"end":{"line":51,"column":25}},"loc":{"start":{"line":51,"column":35},"end":{"line":216,"column":1}},"line":51},"12":{"name":"(anonymous_12)","decl":{"start":{"line":58,"column":19},"end":{"line":58,"column":20}},"loc":{"start":{"line":58,"column":24},"end":{"line":60,"column":3}},"line":58},"13":{"name":"(anonymous_13)","decl":{"start":{"line":65,"column":21},"end":{"line":65,"column":22}},"loc":{"start":{"line":65,"column":26},"end":{"line":69,"column":3}},"line":65},"14":{"name":"(anonymous_14)","decl":{"start":{"line":74,"column":17},"end":{"line":74,"column":18}},"loc":{"start":{"line":74,"column":22},"end":{"line":78,"column":3}},"line":74},"15":{"name":"(anonymous_15)","decl":{"start":{"line":85,"column":21},"end":{"line":85,"column":22}},"loc":{"start":{"line":85,"column":29},"end":{"line":92,"column":3}},"line":85},"16":{"name":"(anonymous_16)","decl":{"start":{"line":137,"column":23},"end":{"line":137,"column":24}},"loc":{"start":{"line":137,"column":28},"end":{"line":141,"column":3}},"line":137},"17":{"name":"(anonymous_17)","decl":{"start":{"line":161,"column":56},"end":{"line":161,"column":57}},"loc":{"start":{"line":161,"column":61},"end":{"line":161,"column":85}},"line":161},"18":{"name":"(anonymous_18)","decl":{"start":{"line":170,"column":28},"end":{"line":170,"column":29}},"loc":{"start":{"line":170,"column":33},"end":{"line":174,"column":3}},"line":170},"19":{"name":"loadAgent","decl":{"start":{"line":222,"column":9},"end":{"line":222,"column":18}},"loc":{"start":{"line":222,"column":36},"end":{"line":243,"column":1}},"line":222},"20":{"name":"listAgents","decl":{"start":{"line":245,"column":9},"end":{"line":245,"column":19}},"loc":{"start":{"line":245,"column":31},"end":{"line":261,"column":1}},"line":245},"21":{"name":"(anonymous_21)","decl":{"start":{"line":249,"column":49},"end":{"line":249,"column":50}},"loc":{"start":{"line":249,"column":54},"end":{"line":249,"column":79}},"line":249},"22":{"name":"(anonymous_22)","decl":{"start":{"line":250,"column":19},"end":{"line":250,"column":20}},"loc":{"start":{"line":250,"column":24},"end":{"line":260,"column":3}},"line":250},"23":{"name":"loadWorkflow","decl":{"start":{"line":267,"column":9},"end":{"line":267,"column":21}},"loc":{"start":{"line":267,"column":50},"end":{"line":281,"column":1}},"line":267},"24":{"name":"listWorkflows","decl":{"start":{"line":283,"column":9},"end":{"line":283,"column":22}},"loc":{"start":{"line":283,"column":37},"end":{"line":300,"column":1}},"line":283},"25":{"name":"(anonymous_25)","decl":{"start":{"line":288,"column":12},"end":{"line":288,"column":13}},"loc":{"start":{"line":288,"column":17},"end":{"line":288,"column":70}},"line":288},"26":{"name":"(anonymous_26)","decl":{"start":{"line":289,"column":9},"end":{"line":289,"column":10}},"loc":{"start":{"line":289,"column":14},"end":{"line":299,"column":5}},"line":289},"27":{"name":"saveProgress","decl":{"start":{"line":306,"column":9},"end":{"line":306,"column":21}},"loc":{"start":{"line":306,"column":55},"end":{"line":318,"column":1}},"line":306},"28":{"name":"loadProgress","decl":{"start":{"line":320,"column":9},"end":{"line":320,"column":21}},"loc":{"start":{"line":320,"column":49},"end":{"line":330,"column":1}},"line":320},"29":{"name":"clearProgress","decl":{"start":{"line":332,"column":9},"end":{"line":332,"column":22}},"loc":{"start":{"line":332,"column":50},"end":{"line":337,"column":1}},"line":332},"30":{"name":"listProgress","decl":{"start":{"line":339,"column":9},"end":{"line":339,"column":21}},"loc":{"start":{"line":339,"column":35},"end":{"line":354,"column":1}},"line":339},"31":{"name":"(anonymous_31)","decl":{"start":{"line":344,"column":12},"end":{"line":344,"column":13}},"loc":{"start":{"line":344,"column":17},"end":{"line":344,"column":36}},"line":344},"32":{"name":"(anonymous_32)","decl":{"start":{"line":345,"column":9},"end":{"line":345,"column":10}},"loc":{"start":{"line":345,"column":14},"end":{"line":353,"column":5}},"line":345},"33":{"name":"createContract","decl":{"start":{"line":360,"column":9},"end":{"line":360,"column":23}},"loc":{"start":{"line":360,"column":85},"end":{"line":388,"column":1}},"line":360},"34":{"name":"resolveContract","decl":{"start":{"line":390,"column":9},"end":{"line":390,"column":24}},"loc":{"start":{"line":390,"column":45},"end":{"line":405,"column":1}},"line":390}},"branchMap":{"0":{"loc":{"start":{"line":59,"column":4},"end":{"line":59,"column":75}},"type":"if","locations":[{"start":{"line":59,"column":4},"end":{"line":59,"column":75}},{"start":{},"end":{}}],"line":59},"1":{"loc":{"start":{"line":64,"column":23},"end":{"line":64,"column":75}},"type":"binary-expr","locations":[{"start":{"line":64,"column":23},"end":{"line":64,"column":69}},{"start":{"line":64,"column":73},"end":{"line":64,"column":75}}],"line":64},"2":{"loc":{"start":{"line":66,"column":4},"end":{"line":68,"column":5}},"type":"if","locations":[{"start":{"line":66,"column":4},"end":{"line":68,"column":5}},{"start":{},"end":{}}],"line":66},"3":{"loc":{"start":{"line":66,"column":8},"end":{"line":66,"column":72}},"type":"binary-expr","locations":[{"start":{"line":66,"column":8},"end":{"line":66,"column":32}},{"start":{"line":66,"column":36},"end":{"line":66,"column":72}}],"line":66},"4":{"loc":{"start":{"line":73,"column":22},"end":{"line":73,"column":64}},"type":"binary-expr","locations":[{"start":{"line":73,"column":22},"end":{"line":73,"column":58}},{"start":{"line":73,"column":62},"end":{"line":73,"column":64}}],"line":73},"5":{"loc":{"start":{"line":75,"column":4},"end":{"line":77,"column":5}},"type":"if","locations":[{"start":{"line":75,"column":4},"end":{"line":77,"column":5}},{"start":{},"end":{}}],"line":75},"6":{"loc":{"start":{"line":82,"column":27},"end":{"line":82,"column":83}},"type":"binary-expr","locations":[{"start":{"line":82,"column":27},"end":{"line":82,"column":77}},{"start":{"line":82,"column":81},"end":{"line":82,"column":83}}],"line":82},"7":{"loc":{"start":{"line":83,"column":23},"end":{"line":83,"column":75}},"type":"binary-expr","locations":[{"start":{"line":83,"column":23},"end":{"line":83,"column":69}},{"start":{"line":83,"column":73},"end":{"line":83,"column":75}}],"line":83},"8":{"loc":{"start":{"line":86,"column":4},"end":{"line":88,"column":5}},"type":"if","locations":[{"start":{"line":86,"column":4},"end":{"line":88,"column":5}},{"start":{},"end":{}}],"line":86},"9":{"loc":{"start":{"line":89,"column":4},"end":{"line":91,"column":5}},"type":"if","locations":[{"start":{"line":89,"column":4},"end":{"line":91,"column":5}},{"start":{},"end":{}}],"line":89},"10":{"loc":{"start":{"line":95,"column":22},"end":{"line":95,"column":58}},"type":"binary-expr","locations":[{"start":{"line":95,"column":22},"end":{"line":95,"column":52}},{"start":{"line":95,"column":56},"end":{"line":95,"column":58}}],"line":95},"11":{"loc":{"start":{"line":96,"column":2},"end":{"line":100,"column":3}},"type":"if","locations":[{"start":{"line":96,"column":2},"end":{"line":100,"column":3}},{"start":{"line":98,"column":9},"end":{"line":100,"column":3}}],"line":96},"12":{"loc":{"start":{"line":98,"column":9},"end":{"line":100,"column":3}},"type":"if","locations":[{"start":{"line":98,"column":9},"end":{"line":100,"column":3}},{"start":{},"end":{}}],"line":98},"13":{"loc":{"start":{"line":103,"column":20},"end":{"line":103,"column":60}},"type":"binary-expr","locations":[{"start":{"line":103,"column":20},"end":{"line":103,"column":54}},{"start":{"line":103,"column":58},"end":{"line":103,"column":60}}],"line":103},"14":{"loc":{"start":{"line":104,"column":2},"end":{"line":108,"column":3}},"type":"if","locations":[{"start":{"line":104,"column":2},"end":{"line":108,"column":3}},{"start":{"line":106,"column":9},"end":{"line":108,"column":3}}],"line":104},"15":{"loc":{"start":{"line":106,"column":9},"end":{"line":108,"column":3}},"type":"if","locations":[{"start":{"line":106,"column":9},"end":{"line":108,"column":3}},{"start":{},"end":{}}],"line":106},"16":{"loc":{"start":{"line":111,"column":2},"end":{"line":113,"column":3}},"type":"if","locations":[{"start":{"line":111,"column":2},"end":{"line":113,"column":3}},{"start":{},"end":{}}],"line":111},"17":{"loc":{"start":{"line":116,"column":26},"end":{"line":116,"column":82}},"type":"binary-expr","locations":[{"start":{"line":116,"column":26},"end":{"line":116,"column":76}},{"start":{"line":116,"column":80},"end":{"line":116,"column":82}}],"line":116},"18":{"loc":{"start":{"line":117,"column":25},"end":{"line":117,"column":64}},"type":"binary-expr","locations":[{"start":{"line":117,"column":25},"end":{"line":117,"column":58}},{"start":{"line":117,"column":62},"end":{"line":117,"column":64}}],"line":117},"19":{"loc":{"start":{"line":118,"column":2},"end":{"line":122,"column":3}},"type":"if","locations":[{"start":{"line":118,"column":2},"end":{"line":122,"column":3}},{"start":{"line":120,"column":9},"end":{"line":122,"column":3}}],"line":118},"20":{"loc":{"start":{"line":120,"column":9},"end":{"line":122,"column":3}},"type":"if","locations":[{"start":{"line":120,"column":9},"end":{"line":122,"column":3}},{"start":{},"end":{}}],"line":120},"21":{"loc":{"start":{"line":125,"column":2},"end":{"line":127,"column":3}},"type":"if","locations":[{"start":{"line":125,"column":2},"end":{"line":127,"column":3}},{"start":{},"end":{}}],"line":125},"22":{"loc":{"start":{"line":128,"column":2},"end":{"line":130,"column":3}},"type":"if","locations":[{"start":{"line":128,"column":2},"end":{"line":130,"column":3}},{"start":{},"end":{}}],"line":128},"23":{"loc":{"start":{"line":131,"column":2},"end":{"line":133,"column":3}},"type":"if","locations":[{"start":{"line":131,"column":2},"end":{"line":133,"column":3}},{"start":{},"end":{}}],"line":131},"24":{"loc":{"start":{"line":138,"column":4},"end":{"line":140,"column":5}},"type":"if","locations":[{"start":{"line":138,"column":4},"end":{"line":140,"column":5}},{"start":{},"end":{}}],"line":138},"25":{"loc":{"start":{"line":148,"column":2},"end":{"line":156,"column":3}},"type":"if","locations":[{"start":{"line":148,"column":2},"end":{"line":156,"column":3}},{"start":{"line":150,"column":9},"end":{"line":156,"column":3}}],"line":148},"26":{"loc":{"start":{"line":151,"column":28},"end":{"line":151,"column":98}},"type":"binary-expr","locations":[{"start":{"line":151,"column":28},"end":{"line":151,"column":92}},{"start":{"line":151,"column":96},"end":{"line":151,"column":98}}],"line":151},"27":{"loc":{"start":{"line":152,"column":28},"end":{"line":152,"column":67}},"type":"binary-expr","locations":[{"start":{"line":152,"column":28},"end":{"line":152,"column":61}},{"start":{"line":152,"column":65},"end":{"line":152,"column":67}}],"line":152},"28":{"loc":{"start":{"line":153,"column":4},"end":{"line":155,"column":5}},"type":"if","locations":[{"start":{"line":153,"column":4},"end":{"line":155,"column":5}},{"start":{},"end":{}}],"line":153},"29":{"loc":{"start":{"line":163,"column":2},"end":{"line":165,"column":3}},"type":"if","locations":[{"start":{"line":163,"column":2},"end":{"line":165,"column":3}},{"start":{},"end":{}}],"line":163},"30":{"loc":{"start":{"line":163,"column":6},"end":{"line":163,"column":61}},"type":"binary-expr","locations":[{"start":{"line":163,"column":6},"end":{"line":163,"column":38}},{"start":{"line":163,"column":42},"end":{"line":163,"column":61}}],"line":163},"31":{"loc":{"start":{"line":169,"column":22},"end":{"line":169,"column":81}},"type":"binary-expr","locations":[{"start":{"line":169,"column":22},"end":{"line":169,"column":75}},{"start":{"line":169,"column":79},"end":{"line":169,"column":81}}],"line":169},"32":{"loc":{"start":{"line":171,"column":4},"end":{"line":173,"column":5}},"type":"if","locations":[{"start":{"line":171,"column":4},"end":{"line":173,"column":5}},{"start":{},"end":{}}],"line":171},"33":{"loc":{"start":{"line":171,"column":8},"end":{"line":171,"column":80}},"type":"binary-expr","locations":[{"start":{"line":171,"column":8},"end":{"line":171,"column":45}},{"start":{"line":171,"column":49},"end":{"line":171,"column":80}}],"line":171},"34":{"loc":{"start":{"line":181,"column":2},"end":{"line":183,"column":3}},"type":"if","locations":[{"start":{"line":181,"column":2},"end":{"line":183,"column":3}},{"start":{},"end":{}}],"line":181},"35":{"loc":{"start":{"line":185,"column":24},"end":{"line":185,"column":90}},"type":"binary-expr","locations":[{"start":{"line":185,"column":24},"end":{"line":185,"column":55}},{"start":{"line":185,"column":59},"end":{"line":185,"column":90}}],"line":185},"36":{"loc":{"start":{"line":186,"column":2},"end":{"line":188,"column":3}},"type":"if","locations":[{"start":{"line":186,"column":2},"end":{"line":188,"column":3}},{"start":{},"end":{}}],"line":186},"37":{"loc":{"start":{"line":191,"column":2},"end":{"line":193,"column":3}},"type":"if","locations":[{"start":{"line":191,"column":2},"end":{"line":193,"column":3}},{"start":{},"end":{}}],"line":191},"38":{"loc":{"start":{"line":195,"column":2},"end":{"line":200,"column":3}},"type":"if","locations":[{"start":{"line":195,"column":2},"end":{"line":200,"column":3}},{"start":{},"end":{}}],"line":195},"39":{"loc":{"start":{"line":196,"column":21},"end":{"line":196,"column":87}},"type":"binary-expr","locations":[{"start":{"line":196,"column":21},"end":{"line":196,"column":50}},{"start":{"line":196,"column":54},"end":{"line":196,"column":87}}],"line":196},"40":{"loc":{"start":{"line":197,"column":4},"end":{"line":199,"column":5}},"type":"if","locations":[{"start":{"line":197,"column":4},"end":{"line":199,"column":5}},{"start":{},"end":{}}],"line":197},"41":{"loc":{"start":{"line":224,"column":2},"end":{"line":241,"column":3}},"type":"if","locations":[{"start":{"line":224,"column":2},"end":{"line":241,"column":3}},{"start":{},"end":{}}],"line":224},"42":{"loc":{"start":{"line":234,"column":4},"end":{"line":239,"column":5}},"type":"if","locations":[{"start":{"line":234,"column":4},"end":{"line":239,"column":5}},{"start":{},"end":{}}],"line":234},"43":{"loc":{"start":{"line":236,"column":6},"end":{"line":238,"column":7}},"type":"if","locations":[{"start":{"line":236,"column":6},"end":{"line":238,"column":7}},{"start":{},"end":{}}],"line":236},"44":{"loc":{"start":{"line":246,"column":2},"end":{"line":248,"column":3}},"type":"if","locations":[{"start":{"line":246,"column":2},"end":{"line":248,"column":3}},{"start":{},"end":{}}],"line":246},"45":{"loc":{"start":{"line":254,"column":10},"end":{"line":254,"column":42}},"type":"binary-expr","locations":[{"start":{"line":254,"column":10},"end":{"line":254,"column":37}},{"start":{"line":254,"column":41},"end":{"line":254,"column":42}}],"line":254},"46":{"loc":{"start":{"line":255,"column":12},"end":{"line":255,"column":54}},"type":"binary-expr","locations":[{"start":{"line":255,"column":12},"end":{"line":255,"column":41}},{"start":{"line":255,"column":45},"end":{"line":255,"column":54}}],"line":255},"47":{"loc":{"start":{"line":256,"column":13},"end":{"line":256,"column":56}},"type":"binary-expr","locations":[{"start":{"line":256,"column":13},"end":{"line":256,"column":43}},{"start":{"line":256,"column":47},"end":{"line":256,"column":56}}],"line":256},"48":{"loc":{"start":{"line":257,"column":12},"end":{"line":257,"column":48}},"type":"binary-expr","locations":[{"start":{"line":257,"column":12},"end":{"line":257,"column":41}},{"start":{"line":257,"column":45},"end":{"line":257,"column":48}}],"line":257},"49":{"loc":{"start":{"line":258,"column":20},"end":{"line":258,"column":63}},"type":"binary-expr","locations":[{"start":{"line":258,"column":20},"end":{"line":258,"column":57}},{"start":{"line":258,"column":61},"end":{"line":258,"column":63}}],"line":258},"50":{"loc":{"start":{"line":269,"column":2},"end":{"line":271,"column":3}},"type":"if","locations":[{"start":{"line":269,"column":2},"end":{"line":271,"column":3}},{"start":{},"end":{}}],"line":269},"51":{"loc":{"start":{"line":272,"column":2},"end":{"line":279,"column":3}},"type":"if","locations":[{"start":{"line":272,"column":2},"end":{"line":279,"column":3}},{"start":{},"end":{}}],"line":272},"52":{"loc":{"start":{"line":274,"column":4},"end":{"line":278,"column":5}},"type":"if","locations":[{"start":{"line":274,"column":4},"end":{"line":278,"column":5}},{"start":{"line":276,"column":11},"end":{"line":278,"column":5}}],"line":274},"53":{"loc":{"start":{"line":284,"column":2},"end":{"line":286,"column":3}},"type":"if","locations":[{"start":{"line":284,"column":2},"end":{"line":286,"column":3}},{"start":{},"end":{}}],"line":284},"54":{"loc":{"start":{"line":291,"column":6},"end":{"line":297,"column":7}},"type":"if","locations":[{"start":{"line":291,"column":6},"end":{"line":297,"column":7}},{"start":{},"end":{}}],"line":291},"55":{"loc":{"start":{"line":307,"column":2},"end":{"line":309,"column":3}},"type":"if","locations":[{"start":{"line":307,"column":2},"end":{"line":309,"column":3}},{"start":{},"end":{}}],"line":307},"56":{"loc":{"start":{"line":322,"column":2},"end":{"line":324,"column":3}},"type":"if","locations":[{"start":{"line":322,"column":2},"end":{"line":324,"column":3}},{"start":{},"end":{}}],"line":322},"57":{"loc":{"start":{"line":334,"column":2},"end":{"line":336,"column":3}},"type":"if","locations":[{"start":{"line":334,"column":2},"end":{"line":336,"column":3}},{"start":{},"end":{}}],"line":334},"58":{"loc":{"start":{"line":340,"column":2},"end":{"line":342,"column":3}},"type":"if","locations":[{"start":{"line":340,"column":2},"end":{"line":342,"column":3}},{"start":{},"end":{}}],"line":340},"59":{"loc":{"start":{"line":351,"column":14},"end":{"line":351,"column":41}},"type":"binary-expr","locations":[{"start":{"line":351,"column":14},"end":{"line":351,"column":36}},{"start":{"line":351,"column":40},"end":{"line":351,"column":41}}],"line":351},"60":{"loc":{"start":{"line":360,"column":58},"end":{"line":360,"column":83}},"type":"default-arg","locations":[{"start":{"line":360,"column":73},"end":{"line":360,"column":83}}],"line":360},"61":{"loc":{"start":{"line":365,"column":2},"end":{"line":367,"column":3}},"type":"if","locations":[{"start":{"line":365,"column":2},"end":{"line":367,"column":3}},{"start":{},"end":{}}],"line":365},"62":{"loc":{"start":{"line":369,"column":2},"end":{"line":371,"column":3}},"type":"if","locations":[{"start":{"line":369,"column":2},"end":{"line":371,"column":3}},{"start":{},"end":{}}],"line":369},"63":{"loc":{"start":{"line":374,"column":2},"end":{"line":376,"column":3}},"type":"if","locations":[{"start":{"line":374,"column":2},"end":{"line":376,"column":3}},{"start":{},"end":{}}],"line":374},"64":{"loc":{"start":{"line":391,"column":2},"end":{"line":393,"column":3}},"type":"if","locations":[{"start":{"line":391,"column":2},"end":{"line":393,"column":3}},{"start":{},"end":{}}],"line":391},"65":{"loc":{"start":{"line":395,"column":2},"end":{"line":395,"column":53}},"type":"if","locations":[{"start":{"line":395,"column":2},"end":{"line":395,"column":53}},{"start":{},"end":{}}],"line":395},"66":{"loc":{"start":{"line":398,"column":2},"end":{"line":398,"column":53}},"type":"if","locations":[{"start":{"line":398,"column":2},"end":{"line":398,"column":53}},{"start":{},"end":{}}],"line":398},"67":{"loc":{"start":{"line":400,"column":18},"end":{"line":400,"column":66}},"type":"cond-expr","locations":[{"start":{"line":400,"column":44},"end":{"line":400,"column":48}},{"start":{"line":400,"column":51},"end":{"line":400,"column":66}}],"line":400},"68":{"loc":{"start":{"line":402,"column":2},"end":{"line":402,"column":53}},"type":"if","locations":[{"start":{"line":402,"column":2},"end":{"line":402,"column":53}},{"start":{},"end":{}}],"line":402}},"s":{"0":1,"1":1,"2":1,"3":1,"4":9,"5":1,"6":15,"7":1,"8":8,"9":1,"10":1,"11":1,"12":1,"13":1,"14":0,"15":0,"16":0,"17":0,"18":0,"19":27,"20":27,"21":27,"22":27,"23":27,"24":135,"25":9,"26":27,"27":27,"28":27,"29":81,"30":3,"31":27,"32":27,"33":27,"34":81,"35":3,"36":27,"37":27,"38":27,"39":27,"40":216,"41":2,"42":216,"43":1,"44":27,"45":27,"46":1,"47":26,"48":1,"49":27,"50":27,"51":0,"52":27,"53":0,"54":27,"55":25,"56":27,"57":27,"58":27,"59":2,"60":25,"61":25,"62":27,"63":26,"64":27,"65":27,"66":27,"67":27,"68":27,"69":27,"70":135,"71":5,"72":27,"73":27,"74":24,"75":3,"76":3,"77":3,"78":0,"79":27,"80":27,"81":27,"82":297,"83":27,"84":2,"85":27,"86":27,"87":27,"88":108,"89":0,"90":27,"91":27,"92":27,"93":27,"94":27,"95":24,"96":27,"97":27,"98":26,"99":27,"100":2,"101":2,"102":2,"103":27,"104":9,"105":9,"106":7,"107":7,"108":7,"109":6,"110":6,"111":6,"112":1,"113":2,"114":3,"115":1,"116":2,"117":12,"118":2,"119":12,"120":12,"121":2,"122":2,"123":2,"124":2,"125":1,"126":1,"127":0,"128":1,"129":1,"130":2,"131":0,"132":2,"133":20,"134":20,"135":20,"136":20,"137":20,"138":0,"139":6,"140":5,"141":6,"142":6,"143":6,"144":6,"145":3,"146":3,"147":2,"148":1,"149":1,"150":0,"151":2,"152":2,"153":1,"154":2,"155":1,"156":1,"157":2,"158":2,"159":2,"160":7,"161":7,"162":7,"163":7,"164":6,"165":7,"166":1,"167":6,"168":6,"169":1,"170":5,"171":5,"172":5,"173":5,"174":4,"175":1,"176":3,"177":0,"178":3,"179":3,"180":1,"181":2,"182":2,"183":2,"184":1,"185":1,"186":1},"f":{"0":9,"1":15,"2":8,"3":1,"4":1,"5":1,"6":0,"7":0,"8":0,"9":0,"10":0,"11":27,"12":135,"13":81,"14":81,"15":216,"16":135,"17":297,"18":108,"19":9,"20":3,"21":12,"22":12,"23":2,"24":2,"25":20,"26":20,"27":6,"28":3,"29":2,"30":2,"31":2,"32":2,"33":7,"34":4},"b":{"0":[9,126],"1":[27,2],"2":[3,78],"3":[81,3],"4":[27,24],"5":[3,78],"6":[27,1],"7":[27,2],"8":[2,214],"9":[1,215],"10":[27,2],"11":[1,26],"12":[1,25],"13":[27,2],"14":[0,27],"15":[0,27],"16":[25,2],"17":[27,2],"18":[27,2],"19":[2,25],"20":[25,0],"21":[26,1],"22":[27,0],"23":[27,0],"24":[5,130],"25":[24,3],"26":[3,0],"27":[3,0],"28":[0,3],"29":[2,25],"30":[27,2],"31":[27,24],"32":[0,108],"33":[108,0],"34":[27,0],"35":[27,25],"36":[24,3],"37":[26,1],"38":[2,25],"39":[2,2],"40":[2,0],"41":[7,2],"42":[6,1],"43":[6,0],"44":[1,2],"45":[12,0],"46":[12,0],"47":[12,0],"48":[12,0],"49":[12,0],"50":[2,0],"51":[1,1],"52":[0,1],"53":[0,2],"54":[20,0],"55":[5,1],"56":[2,1],"57":[1,1],"58":[1,1],"59":[2,2],"60":[5],"61":[6,1],"62":[1,6],"63":[1,5],"64":[1,3],"65":[0,3],"66":[1,2],"67":[0,2],"68":[1,1]},"inputSourceMap":null,"_coverageSchema":"1a1c01bbd47fc00a2c39e90264f33305004495a9","hash":"f682320845339d833a1f58c0cebacee6da4dff11"}
}
