{"C:\\Users\\jesse\\ai-feature-contracts\\lib\\agile.cjs": {"path":"C:\\Users\\jesse\\ai-feature-contracts\\lib\\agile.cjs","statementMap":{"0":{"start":{"line":1,"column":13},"end":{"line":1,"column":28}},"1":{"start":{"line":4,"column":21},"end":{"line":4,"column":53}},"2":{"start":{"line":5,"column":2},"end":{"line":5,"column":79}},"3":{"start":{"line":9,"column":23},"end":{"line":9,"column":75}},"4":{"start":{"line":10,"column":2},"end":{"line":10,"column":96}},"5":{"start":{"line":10,"column":64},"end":{"line":10,"column":94}},"6":{"start":{"line":14,"column":23},"end":{"line":14,"column":75}},"7":{"start":{"line":15,"column":15},"end":{"line":17,"column":3}},"8":{"start":{"line":16,"column":4},"end":{"line":16,"column":74}},"9":{"start":{"line":19,"column":2},"end":{"line":26,"column":5}},"10":{"start":{"line":20,"column":17},"end":{"line":20,"column":74}},"11":{"start":{"line":20,"column":46},"end":{"line":20,"column":57}},"12":{"start":{"line":21,"column":4},"end":{"line":25,"column":6}},"13":{"start":{"line":30,"column":2},"end":{"line":30,"column":30}},"14":{"start":{"line":34,"column":24},"end":{"line":36,"column":3}},"15":{"start":{"line":35,"column":4},"end":{"line":35,"column":115}},"16":{"start":{"line":35,"column":56},"end":{"line":35,"column":114}},"17":{"start":{"line":38,"column":24},"end":{"line":38,"column":84}},"18":{"start":{"line":39,"column":19},"end":{"line":45,"column":5}},"19":{"start":{"line":39,"column":56},"end":{"line":45,"column":3}},"20":{"start":{"line":47,"column":2},"end":{"line":53,"column":5}},"21":{"start":{"line":55,"column":2},"end":{"line":55,"column":60}},"22":{"start":{"line":59,"column":16},"end":{"line":59,"column":55}},"23":{"start":{"line":60,"column":21},"end":{"line":60,"column":47}},"24":{"start":{"line":61,"column":16},"end":{"line":61,"column":37}},"25":{"start":{"line":62,"column":17},"end":{"line":62,"column":56}},"26":{"start":{"line":64,"column":16},"end":{"line":69,"column":5}},"27":{"start":{"line":64,"column":93},"end":{"line":69,"column":3}},"28":{"start":{"line":71,"column":2},"end":{"line":78,"column":3}},"29":{"start":{"line":72,"column":4},"end":{"line":77,"column":7}},"30":{"start":{"line":80,"column":2},"end":{"line":92,"column":4}},"31":{"start":{"line":96,"column":2},"end":{"line":96,"column":81}},"32":{"start":{"line":99,"column":0},"end":{"line":105,"column":2}}},"fnMap":{"0":{"name":"extractContractTitle","decl":{"start":{"line":3,"column":9},"end":{"line":3,"column":29}},"loc":{"start":{"line":3,"column":49},"end":{"line":6,"column":1}},"line":3},"1":{"name":"extractScopeItems","decl":{"start":{"line":8,"column":9},"end":{"line":8,"column":26}},"loc":{"start":{"line":8,"column":36},"end":{"line":11,"column":1}},"line":8},"2":{"name":"(anonymous_2)","decl":{"start":{"line":10,"column":54},"end":{"line":10,"column":55}},"loc":{"start":{"line":10,"column":64},"end":{"line":10,"column":94}},"line":10},"3":{"name":"extractFiles","decl":{"start":{"line":13,"column":9},"end":{"line":13,"column":21}},"loc":{"start":{"line":13,"column":31},"end":{"line":27,"column":1}},"line":13},"4":{"name":"(anonymous_4)","decl":{"start":{"line":15,"column":47},"end":{"line":15,"column":48}},"loc":{"start":{"line":16,"column":4},"end":{"line":16,"column":74}},"line":16},"5":{"name":"(anonymous_5)","decl":{"start":{"line":19,"column":18},"end":{"line":19,"column":19}},"loc":{"start":{"line":19,"column":27},"end":{"line":26,"column":3}},"line":19},"6":{"name":"(anonymous_6)","decl":{"start":{"line":20,"column":36},"end":{"line":20,"column":37}},"loc":{"start":{"line":20,"column":46},"end":{"line":20,"column":57}},"line":20},"7":{"name":"toId","decl":{"start":{"line":29,"column":9},"end":{"line":29,"column":13}},"loc":{"start":{"line":29,"column":29},"end":{"line":31,"column":1}},"line":29},"8":{"name":"inferSubtasks","decl":{"start":{"line":33,"column":9},"end":{"line":33,"column":22}},"loc":{"start":{"line":33,"column":49},"end":{"line":56,"column":1}},"line":33},"9":{"name":"(anonymous_9)","decl":{"start":{"line":34,"column":37},"end":{"line":34,"column":38}},"loc":{"start":{"line":35,"column":4},"end":{"line":35,"column":115}},"line":35},"10":{"name":"(anonymous_10)","decl":{"start":{"line":35,"column":46},"end":{"line":35,"column":47}},"loc":{"start":{"line":35,"column":56},"end":{"line":35,"column":114}},"line":35},"11":{"name":"(anonymous_11)","decl":{"start":{"line":39,"column":37},"end":{"line":39,"column":38}},"loc":{"start":{"line":39,"column":56},"end":{"line":45,"column":3}},"line":39},"12":{"name":"generateBacklog","decl":{"start":{"line":58,"column":9},"end":{"line":58,"column":24}},"loc":{"start":{"line":58,"column":56},"end":{"line":93,"column":1}},"line":58},"13":{"name":"(anonymous_13)","decl":{"start":{"line":64,"column":70},"end":{"line":64,"column":71}},"loc":{"start":{"line":64,"column":93},"end":{"line":69,"column":3}},"line":64},"14":{"name":"getBacklogPath","decl":{"start":{"line":95,"column":9},"end":{"line":95,"column":23}},"loc":{"start":{"line":95,"column":48},"end":{"line":97,"column":1}},"line":95}},"branchMap":{"0":{"loc":{"start":{"line":5,"column":9},"end":{"line":5,"column":78}},"type":"cond-expr","locations":[{"start":{"line":5,"column":22},"end":{"line":5,"column":42}},{"start":{"line":5,"column":45},"end":{"line":5,"column":78}}],"line":5},"1":{"loc":{"start":{"line":9,"column":23},"end":{"line":9,"column":75}},"type":"binary-expr","locations":[{"start":{"line":9,"column":23},"end":{"line":9,"column":69}},{"start":{"line":9,"column":73},"end":{"line":9,"column":75}}],"line":9},"2":{"loc":{"start":{"line":10,"column":10},"end":{"line":10,"column":48}},"type":"binary-expr","locations":[{"start":{"line":10,"column":10},"end":{"line":10,"column":42}},{"start":{"line":10,"column":46},"end":{"line":10,"column":48}}],"line":10},"3":{"loc":{"start":{"line":14,"column":23},"end":{"line":14,"column":75}},"type":"binary-expr","locations":[{"start":{"line":14,"column":23},"end":{"line":14,"column":69}},{"start":{"line":14,"column":73},"end":{"line":14,"column":75}}],"line":14},"4":{"loc":{"start":{"line":16,"column":4},"end":{"line":16,"column":74}},"type":"binary-expr","locations":[{"start":{"line":16,"column":4},"end":{"line":16,"column":23}},{"start":{"line":16,"column":27},"end":{"line":16,"column":50}},{"start":{"line":16,"column":54},"end":{"line":16,"column":74}}],"line":16},"5":{"loc":{"start":{"line":23,"column":13},"end":{"line":23,"column":26}},"type":"binary-expr","locations":[{"start":{"line":23,"column":13},"end":{"line":23,"column":20}},{"start":{"line":23,"column":24},"end":{"line":23,"column":26}}],"line":23},"6":{"loc":{"start":{"line":24,"column":14},"end":{"line":24,"column":41}},"type":"binary-expr","locations":[{"start":{"line":24,"column":14},"end":{"line":24,"column":21}},{"start":{"line":24,"column":25},"end":{"line":24,"column":41}}],"line":24},"7":{"loc":{"start":{"line":35,"column":56},"end":{"line":35,"column":114}},"type":"binary-expr","locations":[{"start":{"line":35,"column":56},"end":{"line":35,"column":71}},{"start":{"line":35,"column":75},"end":{"line":35,"column":114}}],"line":35},"8":{"loc":{"start":{"line":38,"column":24},"end":{"line":38,"column":84}},"type":"cond-expr","locations":[{"start":{"line":38,"column":51},"end":{"line":38,"column":64}},{"start":{"line":38,"column":67},"end":{"line":38,"column":84}}],"line":38},"9":{"loc":{"start":{"line":42,"column":10},"end":{"line":42,"column":65}},"type":"cond-expr","locations":[{"start":{"line":42,"column":40},"end":{"line":42,"column":46}},{"start":{"line":42,"column":49},"end":{"line":42,"column":65}}],"line":42},"10":{"loc":{"start":{"line":67,"column":13},"end":{"line":67,"column":47}},"type":"binary-expr","locations":[{"start":{"line":67,"column":13},"end":{"line":67,"column":36}},{"start":{"line":67,"column":40},"end":{"line":67,"column":47}}],"line":67},"11":{"loc":{"start":{"line":71,"column":2},"end":{"line":78,"column":3}},"type":"if","locations":[{"start":{"line":71,"column":2},"end":{"line":78,"column":3}},{"start":{},"end":{}}],"line":71}},"s":{"0":6,"1":23,"2":23,"3":23,"4":23,"5":49,"6":24,"7":24,"8":113,"9":24,"10":38,"11":186,"12":38,"13":124,"14":32,"15":52,"16":145,"17":32,"18":32,"19":43,"20":32,"21":32,"22":17,"23":17,"24":17,"25":17,"26":17,"27":30,"28":17,"29":2,"30":17,"31":8,"32":6},"f":{"0":23,"1":23,"2":49,"3":24,"4":113,"5":38,"6":186,"7":124,"8":32,"9":52,"10":145,"11":43,"12":17,"13":30,"14":8},"b":{"0":[19,4],"1":[23,2],"2":[23,4],"3":[24,2],"4":[113,81,59],"5":[38,1],"6":[38,2],"7":[145,102],"8":[3,29],"9":[21,22],"10":[30,0],"11":[2,15]},"inputSourceMap":null,"_coverageSchema":"1a1c01bbd47fc00a2c39e90264f33305004495a9","hash":"e5541aa9eb2f79c5327b19d5d226693aacbcff68"}
,"C:\\Users\\jesse\\ai-feature-contracts\\lib\\ai-complete.cjs": {"path":"C:\\Users\\jesse\\ai-feature-contracts\\lib\\ai-complete.cjs","statementMap":{"0":{"start":{"line":7,"column":13},"end":{"line":7,"column":28}},"1":{"start":{"line":8,"column":14},"end":{"line":8,"column":30}},"2":{"start":{"line":9,"column":68},"end":{"line":9,"column":98}},"3":{"start":{"line":14,"column":18},"end":{"line":40,"column":1}},"4":{"start":{"line":46,"column":17},"end":{"line":46,"column":36}},"5":{"start":{"line":47,"column":2},"end":{"line":47,"column":45}},"6":{"start":{"line":47,"column":33},"end":{"line":47,"column":45}},"7":{"start":{"line":48,"column":2},"end":{"line":48,"column":36}},"8":{"start":{"line":52,"column":18},"end":{"line":52,"column":69}},"9":{"start":{"line":53,"column":16},"end":{"line":53,"column":66}},"10":{"start":{"line":56,"column":2},"end":{"line":60,"column":3}},"11":{"start":{"line":57,"column":4},"end":{"line":57,"column":30}},"12":{"start":{"line":59,"column":4},"end":{"line":59,"column":42}},"13":{"start":{"line":62,"column":2},"end":{"line":68,"column":4}},"14":{"start":{"line":75,"column":2},"end":{"line":75,"column":41}},"15":{"start":{"line":82,"column":2},"end":{"line":82,"column":43}},"16":{"start":{"line":82,"column":27},"end":{"line":82,"column":43}},"17":{"start":{"line":83,"column":2},"end":{"line":83,"column":49}},"18":{"start":{"line":83,"column":30},"end":{"line":83,"column":49}},"19":{"start":{"line":84,"column":2},"end":{"line":84,"column":43}},"20":{"start":{"line":84,"column":27},"end":{"line":84,"column":43}},"21":{"start":{"line":85,"column":2},"end":{"line":87,"column":3}},"22":{"start":{"line":86,"column":4},"end":{"line":86,"column":20}},"23":{"start":{"line":88,"column":2},"end":{"line":88,"column":14}},"24":{"start":{"line":95,"column":19},"end":{"line":95,"column":61}},"25":{"start":{"line":96,"column":2},"end":{"line":98,"column":3}},"26":{"start":{"line":97,"column":4},"end":{"line":97,"column":84}},"27":{"start":{"line":100,"column":17},"end":{"line":100,"column":42}},"28":{"start":{"line":101,"column":17},"end":{"line":101,"column":36}},"29":{"start":{"line":102,"column":21},"end":{"line":102,"column":109}},"30":{"start":{"line":103,"column":23},"end":{"line":103,"column":71}},"31":{"start":{"line":105,"column":2},"end":{"line":196,"column":5}},"32":{"start":{"line":108,"column":4},"end":{"line":157,"column":5}},"33":{"start":{"line":109,"column":6},"end":{"line":114,"column":9}},"34":{"start":{"line":115,"column":6},"end":{"line":118,"column":8}},"35":{"start":{"line":119,"column":11},"end":{"line":157,"column":5}},"36":{"start":{"line":120,"column":6},"end":{"line":124,"column":9}},"37":{"start":{"line":125,"column":6},"end":{"line":129,"column":8}},"38":{"start":{"line":130,"column":11},"end":{"line":157,"column":5}},"39":{"start":{"line":131,"column":6},"end":{"line":137,"column":9}},"40":{"start":{"line":138,"column":6},"end":{"line":140,"column":8}},"41":{"start":{"line":141,"column":11},"end":{"line":157,"column":5}},"42":{"start":{"line":142,"column":6},"end":{"line":150,"column":9}},"43":{"start":{"line":151,"column":6},"end":{"line":153,"column":8}},"44":{"start":{"line":155,"column":6},"end":{"line":155,"column":61}},"45":{"start":{"line":156,"column":6},"end":{"line":156,"column":13}},"46":{"start":{"line":159,"column":16},"end":{"line":191,"column":6}},"47":{"start":{"line":168,"column":17},"end":{"line":168,"column":19}},"48":{"start":{"line":169,"column":6},"end":{"line":169,"column":45}},"49":{"start":{"line":169,"column":30},"end":{"line":169,"column":43}},"50":{"start":{"line":170,"column":6},"end":{"line":190,"column":9}},"51":{"start":{"line":171,"column":8},"end":{"line":189,"column":9}},"52":{"start":{"line":172,"column":23},"end":{"line":172,"column":39}},"53":{"start":{"line":173,"column":10},"end":{"line":177,"column":11}},"54":{"start":{"line":174,"column":28},"end":{"line":174,"column":60}},"55":{"start":{"line":175,"column":12},"end":{"line":175,"column":59}},"56":{"start":{"line":176,"column":12},"end":{"line":176,"column":19}},"57":{"start":{"line":178,"column":10},"end":{"line":186,"column":11}},"58":{"start":{"line":179,"column":12},"end":{"line":179,"column":63}},"59":{"start":{"line":180,"column":17},"end":{"line":186,"column":11}},"60":{"start":{"line":181,"column":12},"end":{"line":181,"column":51}},"61":{"start":{"line":182,"column":17},"end":{"line":186,"column":11}},"62":{"start":{"line":183,"column":12},"end":{"line":183,"column":75}},"63":{"start":{"line":185,"column":12},"end":{"line":185,"column":41}},"64":{"start":{"line":188,"column":10},"end":{"line":188,"column":72}},"65":{"start":{"line":193,"column":4},"end":{"line":193,"column":28}},"66":{"start":{"line":194,"column":4},"end":{"line":194,"column":20}},"67":{"start":{"line":195,"column":4},"end":{"line":195,"column":14}},"68":{"start":{"line":203,"column":17},"end":{"line":216,"column":56}},"69":{"start":{"line":218,"column":19},"end":{"line":218,"column":60}},"70":{"start":{"line":219,"column":2},"end":{"line":219,"column":37}},"71":{"start":{"line":226,"column":17},"end":{"line":243,"column":59}},"72":{"start":{"line":245,"column":19},"end":{"line":245,"column":60}},"73":{"start":{"line":246,"column":2},"end":{"line":246,"column":38}},"74":{"start":{"line":253,"column":17},"end":{"line":267,"column":36}},"75":{"start":{"line":258,"column":17},"end":{"line":258,"column":25}},"76":{"start":{"line":269,"column":19},"end":{"line":269,"column":60}},"77":{"start":{"line":270,"column":2},"end":{"line":270,"column":41}},"78":{"start":{"line":277,"column":17},"end":{"line":292,"column":45}},"79":{"start":{"line":282,"column":17},"end":{"line":282,"column":25}},"80":{"start":{"line":294,"column":19},"end":{"line":294,"column":60}},"81":{"start":{"line":295,"column":2},"end":{"line":295,"column":41}},"82":{"start":{"line":302,"column":18},"end":{"line":302,"column":64}},"83":{"start":{"line":305,"column":21},"end":{"line":305,"column":61}},"84":{"start":{"line":306,"column":25},"end":{"line":306,"column":76}},"85":{"start":{"line":307,"column":26},"end":{"line":307,"column":92}},"86":{"start":{"line":309,"column":22},"end":{"line":314,"column":3}},"87":{"start":{"line":317,"column":2},"end":{"line":319,"column":3}},"88":{"start":{"line":318,"column":4},"end":{"line":318,"column":69}},"89":{"start":{"line":321,"column":2},"end":{"line":323,"column":3}},"90":{"start":{"line":322,"column":4},"end":{"line":322,"column":69}},"91":{"start":{"line":325,"column":2},"end":{"line":327,"column":3}},"92":{"start":{"line":326,"column":4},"end":{"line":326,"column":85}},"93":{"start":{"line":329,"column":2},"end":{"line":331,"column":3}},"94":{"start":{"line":330,"column":4},"end":{"line":330,"column":91}},"95":{"start":{"line":333,"column":2},"end":{"line":333,"column":21}},"96":{"start":{"line":338,"column":2},"end":{"line":341,"column":62}},"97":{"start":{"line":340,"column":17},"end":{"line":340,"column":52}},"98":{"start":{"line":341,"column":20},"end":{"line":341,"column":60}},"99":{"start":{"line":345,"column":2},"end":{"line":354,"column":21}},"100":{"start":{"line":348,"column":20},"end":{"line":348,"column":54}},"101":{"start":{"line":348,"column":45},"end":{"line":348,"column":53}},"102":{"start":{"line":349,"column":6},"end":{"line":351,"column":7}},"103":{"start":{"line":350,"column":8},"end":{"line":350,"column":70}},"104":{"start":{"line":352,"column":6},"end":{"line":352,"column":18}},"105":{"start":{"line":358,"column":2},"end":{"line":361,"column":62}},"106":{"start":{"line":360,"column":17},"end":{"line":360,"column":68}},"107":{"start":{"line":361,"column":20},"end":{"line":361,"column":60}},"108":{"start":{"line":368,"column":16},"end":{"line":368,"column":18}},"109":{"start":{"line":370,"column":2},"end":{"line":373,"column":3}},"110":{"start":{"line":371,"column":4},"end":{"line":371,"column":39}},"111":{"start":{"line":372,"column":4},"end":{"line":372,"column":57}},"112":{"start":{"line":372,"column":35},"end":{"line":372,"column":55}},"113":{"start":{"line":375,"column":2},"end":{"line":382,"column":3}},"114":{"start":{"line":376,"column":4},"end":{"line":376,"column":39}},"115":{"start":{"line":377,"column":4},"end":{"line":377,"column":45}},"116":{"start":{"line":378,"column":4},"end":{"line":378,"column":45}},"117":{"start":{"line":379,"column":4},"end":{"line":381,"column":7}},"118":{"start":{"line":380,"column":6},"end":{"line":380,"column":66}},"119":{"start":{"line":384,"column":2},"end":{"line":387,"column":3}},"120":{"start":{"line":385,"column":4},"end":{"line":385,"column":43}},"121":{"start":{"line":386,"column":4},"end":{"line":386,"column":64}},"122":{"start":{"line":386,"column":38},"end":{"line":386,"column":62}},"123":{"start":{"line":389,"column":2},"end":{"line":392,"column":3}},"124":{"start":{"line":390,"column":4},"end":{"line":390,"column":49}},"125":{"start":{"line":391,"column":4},"end":{"line":391,"column":64}},"126":{"start":{"line":391,"column":38},"end":{"line":391,"column":62}},"127":{"start":{"line":394,"column":2},"end":{"line":394,"column":26}},"128":{"start":{"line":397,"column":0},"end":{"line":408,"column":2}}},"fnMap":{"0":{"name":"getApiKey","decl":{"start":{"line":45,"column":9},"end":{"line":45,"column":18}},"loc":{"start":{"line":45,"column":29},"end":{"line":49,"column":1}},"line":45},"1":{"name":"getOllamaConfig","decl":{"start":{"line":51,"column":9},"end":{"line":51,"column":24}},"loc":{"start":{"line":51,"column":27},"end":{"line":69,"column":1}},"line":51},"2":{"name":"isAIAvailable","decl":{"start":{"line":74,"column":9},"end":{"line":74,"column":22}},"loc":{"start":{"line":74,"column":25},"end":{"line":76,"column":1}},"line":74},"3":{"name":"getAvailableProvider","decl":{"start":{"line":81,"column":9},"end":{"line":81,"column":29}},"loc":{"start":{"line":81,"column":32},"end":{"line":89,"column":1}},"line":81},"4":{"name":"callLLM","decl":{"start":{"line":94,"column":15},"end":{"line":94,"column":22}},"loc":{"start":{"line":94,"column":45},"end":{"line":197,"column":1}},"line":94},"5":{"name":"(anonymous_5)","decl":{"start":{"line":105,"column":21},"end":{"line":105,"column":22}},"loc":{"start":{"line":105,"column":42},"end":{"line":196,"column":3}},"line":105},"6":{"name":"(anonymous_6)","decl":{"start":{"line":167,"column":7},"end":{"line":167,"column":8}},"loc":{"start":{"line":167,"column":16},"end":{"line":191,"column":5}},"line":167},"7":{"name":"(anonymous_7)","decl":{"start":{"line":169,"column":21},"end":{"line":169,"column":22}},"loc":{"start":{"line":169,"column":30},"end":{"line":169,"column":43}},"line":169},"8":{"name":"(anonymous_8)","decl":{"start":{"line":170,"column":20},"end":{"line":170,"column":21}},"loc":{"start":{"line":170,"column":26},"end":{"line":190,"column":7}},"line":170},"9":{"name":"suggestScope","decl":{"start":{"line":202,"column":15},"end":{"line":202,"column":27}},"loc":{"start":{"line":202,"column":59},"end":{"line":220,"column":1}},"line":202},"10":{"name":"suggestFiles","decl":{"start":{"line":225,"column":15},"end":{"line":225,"column":27}},"loc":{"start":{"line":225,"column":59},"end":{"line":247,"column":1}},"line":225},"11":{"name":"suggestDoneWhen","decl":{"start":{"line":252,"column":15},"end":{"line":252,"column":30}},"loc":{"start":{"line":252,"column":60},"end":{"line":271,"column":1}},"line":252},"12":{"name":"(anonymous_12)","decl":{"start":{"line":258,"column":12},"end":{"line":258,"column":13}},"loc":{"start":{"line":258,"column":17},"end":{"line":258,"column":25}},"line":258},"13":{"name":"suggestSecurityChecks","decl":{"start":{"line":276,"column":15},"end":{"line":276,"column":36}},"loc":{"start":{"line":276,"column":66},"end":{"line":296,"column":1}},"line":276},"14":{"name":"(anonymous_14)","decl":{"start":{"line":282,"column":12},"end":{"line":282,"column":13}},"loc":{"start":{"line":282,"column":17},"end":{"line":282,"column":25}},"line":282},"15":{"name":"completeContract","decl":{"start":{"line":301,"column":15},"end":{"line":301,"column":31}},"loc":{"start":{"line":301,"column":70},"end":{"line":334,"column":1}},"line":301},"16":{"name":"parseListResponse","decl":{"start":{"line":337,"column":9},"end":{"line":337,"column":26}},"loc":{"start":{"line":337,"column":37},"end":{"line":342,"column":1}},"line":337},"17":{"name":"(anonymous_17)","decl":{"start":{"line":340,"column":9},"end":{"line":340,"column":10}},"loc":{"start":{"line":340,"column":17},"end":{"line":340,"column":52}},"line":340},"18":{"name":"(anonymous_18)","decl":{"start":{"line":341,"column":12},"end":{"line":341,"column":13}},"loc":{"start":{"line":341,"column":20},"end":{"line":341,"column":60}},"line":341},"19":{"name":"parseFilesResponse","decl":{"start":{"line":344,"column":9},"end":{"line":344,"column":27}},"loc":{"start":{"line":344,"column":38},"end":{"line":355,"column":1}},"line":344},"20":{"name":"(anonymous_20)","decl":{"start":{"line":347,"column":9},"end":{"line":347,"column":10}},"loc":{"start":{"line":347,"column":17},"end":{"line":353,"column":5}},"line":347},"21":{"name":"(anonymous_21)","decl":{"start":{"line":348,"column":40},"end":{"line":348,"column":41}},"loc":{"start":{"line":348,"column":45},"end":{"line":348,"column":53}},"line":348},"22":{"name":"parseCheckboxResponse","decl":{"start":{"line":357,"column":9},"end":{"line":357,"column":30}},"loc":{"start":{"line":357,"column":41},"end":{"line":362,"column":1}},"line":357},"23":{"name":"(anonymous_23)","decl":{"start":{"line":360,"column":9},"end":{"line":360,"column":10}},"loc":{"start":{"line":360,"column":17},"end":{"line":360,"column":68}},"line":360},"24":{"name":"(anonymous_24)","decl":{"start":{"line":361,"column":12},"end":{"line":361,"column":13}},"loc":{"start":{"line":361,"column":20},"end":{"line":361,"column":60}},"line":361},"25":{"name":"formatSuggestions","decl":{"start":{"line":367,"column":9},"end":{"line":367,"column":26}},"loc":{"start":{"line":367,"column":40},"end":{"line":395,"column":1}},"line":367},"26":{"name":"(anonymous_26)","decl":{"start":{"line":372,"column":30},"end":{"line":372,"column":31}},"loc":{"start":{"line":372,"column":35},"end":{"line":372,"column":55}},"line":372},"27":{"name":"(anonymous_27)","decl":{"start":{"line":379,"column":30},"end":{"line":379,"column":31}},"loc":{"start":{"line":379,"column":35},"end":{"line":381,"column":5}},"line":379},"28":{"name":"(anonymous_28)","decl":{"start":{"line":386,"column":33},"end":{"line":386,"column":34}},"loc":{"start":{"line":386,"column":38},"end":{"line":386,"column":62}},"line":386},"29":{"name":"(anonymous_29)","decl":{"start":{"line":391,"column":33},"end":{"line":391,"column":34}},"loc":{"start":{"line":391,"column":38},"end":{"line":391,"column":62}},"line":391}},"branchMap":{"0":{"loc":{"start":{"line":47,"column":2},"end":{"line":47,"column":45}},"type":"if","locations":[{"start":{"line":47,"column":2},"end":{"line":47,"column":45}},{"start":{},"end":{}}],"line":47},"1":{"loc":{"start":{"line":47,"column":6},"end":{"line":47,"column":31}},"type":"binary-expr","locations":[{"start":{"line":47,"column":6},"end":{"line":47,"column":13}},{"start":{"line":47,"column":17},"end":{"line":47,"column":31}}],"line":47},"2":{"loc":{"start":{"line":52,"column":18},"end":{"line":52,"column":69}},"type":"binary-expr","locations":[{"start":{"line":52,"column":18},"end":{"line":52,"column":41}},{"start":{"line":52,"column":45},"end":{"line":52,"column":69}}],"line":52},"3":{"loc":{"start":{"line":53,"column":16},"end":{"line":53,"column":66}},"type":"binary-expr","locations":[{"start":{"line":53,"column":16},"end":{"line":53,"column":40}},{"start":{"line":53,"column":44},"end":{"line":53,"column":66}}],"line":53},"4":{"loc":{"start":{"line":63,"column":14},"end":{"line":63,"column":63}},"type":"cond-expr","locations":[{"start":{"line":63,"column":45},"end":{"line":63,"column":53}},{"start":{"line":63,"column":56},"end":{"line":63,"column":63}}],"line":63},"5":{"loc":{"start":{"line":65,"column":10},"end":{"line":65,"column":87}},"type":"cond-expr","locations":[{"start":{"line":65,"column":24},"end":{"line":65,"column":43}},{"start":{"line":65,"column":47},"end":{"line":65,"column":86}}],"line":65},"6":{"loc":{"start":{"line":65,"column":47},"end":{"line":65,"column":86}},"type":"cond-expr","locations":[{"start":{"line":65,"column":78},"end":{"line":65,"column":81}},{"start":{"line":65,"column":84},"end":{"line":65,"column":86}}],"line":65},"7":{"loc":{"start":{"line":82,"column":2},"end":{"line":82,"column":43}},"type":"if","locations":[{"start":{"line":82,"column":2},"end":{"line":82,"column":43}},{"start":{},"end":{}}],"line":82},"8":{"loc":{"start":{"line":83,"column":2},"end":{"line":83,"column":49}},"type":"if","locations":[{"start":{"line":83,"column":2},"end":{"line":83,"column":49}},{"start":{},"end":{}}],"line":83},"9":{"loc":{"start":{"line":84,"column":2},"end":{"line":84,"column":43}},"type":"if","locations":[{"start":{"line":84,"column":2},"end":{"line":84,"column":43}},{"start":{},"end":{}}],"line":84},"10":{"loc":{"start":{"line":85,"column":2},"end":{"line":87,"column":3}},"type":"if","locations":[{"start":{"line":85,"column":2},"end":{"line":87,"column":3}},{"start":{},"end":{}}],"line":85},"11":{"loc":{"start":{"line":85,"column":6},"end":{"line":85,"column":97}},"type":"binary-expr","locations":[{"start":{"line":85,"column":6},"end":{"line":85,"column":29}},{"start":{"line":85,"column":33},"end":{"line":85,"column":57}},{"start":{"line":85,"column":61},"end":{"line":85,"column":97}}],"line":85},"12":{"loc":{"start":{"line":94,"column":31},"end":{"line":94,"column":43}},"type":"default-arg","locations":[{"start":{"line":94,"column":41},"end":{"line":94,"column":43}}],"line":94},"13":{"loc":{"start":{"line":95,"column":19},"end":{"line":95,"column":61}},"type":"binary-expr","locations":[{"start":{"line":95,"column":19},"end":{"line":95,"column":35}},{"start":{"line":95,"column":39},"end":{"line":95,"column":61}}],"line":95},"14":{"loc":{"start":{"line":96,"column":2},"end":{"line":98,"column":3}},"type":"if","locations":[{"start":{"line":96,"column":2},"end":{"line":98,"column":3}},{"start":{},"end":{}}],"line":96},"15":{"loc":{"start":{"line":100,"column":17},"end":{"line":100,"column":42}},"type":"binary-expr","locations":[{"start":{"line":100,"column":17},"end":{"line":100,"column":36}},{"start":{"line":100,"column":40},"end":{"line":100,"column":42}}],"line":100},"16":{"loc":{"start":{"line":102,"column":21},"end":{"line":102,"column":109}},"type":"cond-expr","locations":[{"start":{"line":102,"column":46},"end":{"line":102,"column":100}},{"start":{"line":102,"column":104},"end":{"line":102,"column":109}}],"line":102},"17":{"loc":{"start":{"line":102,"column":46},"end":{"line":102,"column":100}},"type":"cond-expr","locations":[{"start":{"line":102,"column":88},"end":{"line":102,"column":93}},{"start":{"line":102,"column":96},"end":{"line":102,"column":100}}],"line":102},"18":{"loc":{"start":{"line":103,"column":23},"end":{"line":103,"column":71}},"type":"cond-expr","locations":[{"start":{"line":103,"column":47},"end":{"line":103,"column":64}},{"start":{"line":103,"column":67},"end":{"line":103,"column":71}}],"line":103},"19":{"loc":{"start":{"line":108,"column":4},"end":{"line":157,"column":5}},"type":"if","locations":[{"start":{"line":108,"column":4},"end":{"line":157,"column":5}},{"start":{"line":119,"column":11},"end":{"line":157,"column":5}}],"line":108},"20":{"loc":{"start":{"line":110,"column":15},"end":{"line":110,"column":44}},"type":"binary-expr","locations":[{"start":{"line":110,"column":15},"end":{"line":110,"column":28}},{"start":{"line":110,"column":32},"end":{"line":110,"column":44}}],"line":110},"21":{"loc":{"start":{"line":112,"column":20},"end":{"line":112,"column":45}},"type":"binary-expr","locations":[{"start":{"line":112,"column":20},"end":{"line":112,"column":37}},{"start":{"line":112,"column":41},"end":{"line":112,"column":45}}],"line":112},"22":{"loc":{"start":{"line":113,"column":21},"end":{"line":113,"column":47}},"type":"binary-expr","locations":[{"start":{"line":113,"column":21},"end":{"line":113,"column":40}},{"start":{"line":113,"column":44},"end":{"line":113,"column":47}}],"line":113},"23":{"loc":{"start":{"line":119,"column":11},"end":{"line":157,"column":5}},"type":"if","locations":[{"start":{"line":119,"column":11},"end":{"line":157,"column":5}},{"start":{"line":130,"column":11},"end":{"line":157,"column":5}}],"line":119},"24":{"loc":{"start":{"line":121,"column":15},"end":{"line":121,"column":44}},"type":"binary-expr","locations":[{"start":{"line":121,"column":15},"end":{"line":121,"column":28}},{"start":{"line":121,"column":32},"end":{"line":121,"column":44}}],"line":121},"25":{"loc":{"start":{"line":122,"column":20},"end":{"line":122,"column":45}},"type":"binary-expr","locations":[{"start":{"line":122,"column":20},"end":{"line":122,"column":37}},{"start":{"line":122,"column":41},"end":{"line":122,"column":45}}],"line":122},"26":{"loc":{"start":{"line":130,"column":11},"end":{"line":157,"column":5}},"type":"if","locations":[{"start":{"line":130,"column":11},"end":{"line":157,"column":5}},{"start":{"line":141,"column":11},"end":{"line":157,"column":5}}],"line":130},"27":{"loc":{"start":{"line":134,"column":23},"end":{"line":134,"column":49}},"type":"binary-expr","locations":[{"start":{"line":134,"column":23},"end":{"line":134,"column":42}},{"start":{"line":134,"column":46},"end":{"line":134,"column":49}}],"line":134},"28":{"loc":{"start":{"line":135,"column":27},"end":{"line":135,"column":52}},"type":"binary-expr","locations":[{"start":{"line":135,"column":27},"end":{"line":135,"column":44}},{"start":{"line":135,"column":48},"end":{"line":135,"column":52}}],"line":135},"29":{"loc":{"start":{"line":141,"column":11},"end":{"line":157,"column":5}},"type":"if","locations":[{"start":{"line":141,"column":11},"end":{"line":157,"column":5}},{"start":{"line":154,"column":11},"end":{"line":157,"column":5}}],"line":141},"30":{"loc":{"start":{"line":143,"column":15},"end":{"line":143,"column":50}},"type":"binary-expr","locations":[{"start":{"line":143,"column":15},"end":{"line":143,"column":28}},{"start":{"line":143,"column":32},"end":{"line":143,"column":50}}],"line":143},"31":{"loc":{"start":{"line":147,"column":23},"end":{"line":147,"column":49}},"type":"binary-expr","locations":[{"start":{"line":147,"column":23},"end":{"line":147,"column":42}},{"start":{"line":147,"column":46},"end":{"line":147,"column":49}}],"line":147},"32":{"loc":{"start":{"line":148,"column":23},"end":{"line":148,"column":48}},"type":"binary-expr","locations":[{"start":{"line":148,"column":23},"end":{"line":148,"column":40}},{"start":{"line":148,"column":44},"end":{"line":148,"column":48}}],"line":148},"33":{"loc":{"start":{"line":160,"column":16},"end":{"line":160,"column":71}},"type":"cond-expr","locations":[{"start":{"line":160,"column":40},"end":{"line":160,"column":57}},{"start":{"line":160,"column":60},"end":{"line":160,"column":71}}],"line":160},"34":{"loc":{"start":{"line":161,"column":12},"end":{"line":161,"column":59}},"type":"cond-expr","locations":[{"start":{"line":161,"column":36},"end":{"line":161,"column":53}},{"start":{"line":161,"column":56},"end":{"line":161,"column":59}}],"line":161},"35":{"loc":{"start":{"line":162,"column":12},"end":{"line":164,"column":67}},"type":"cond-expr","locations":[{"start":{"line":163,"column":10},"end":{"line":163,"column":60}},{"start":{"line":164,"column":11},"end":{"line":164,"column":66}}],"line":162},"36":{"loc":{"start":{"line":164,"column":11},"end":{"line":164,"column":66}},"type":"cond-expr","locations":[{"start":{"line":164,"column":35},"end":{"line":164,"column":52}},{"start":{"line":164,"column":55},"end":{"line":164,"column":66}}],"line":164},"37":{"loc":{"start":{"line":173,"column":10},"end":{"line":177,"column":11}},"type":"if","locations":[{"start":{"line":173,"column":10},"end":{"line":177,"column":11}},{"start":{},"end":{}}],"line":173},"38":{"loc":{"start":{"line":174,"column":28},"end":{"line":174,"column":60}},"type":"binary-expr","locations":[{"start":{"line":174,"column":28},"end":{"line":174,"column":46}},{"start":{"line":174,"column":50},"end":{"line":174,"column":60}}],"line":174},"39":{"loc":{"start":{"line":178,"column":10},"end":{"line":186,"column":11}},"type":"if","locations":[{"start":{"line":178,"column":10},"end":{"line":186,"column":11}},{"start":{"line":180,"column":17},"end":{"line":186,"column":11}}],"line":178},"40":{"loc":{"start":{"line":179,"column":20},"end":{"line":179,"column":61}},"type":"binary-expr","locations":[{"start":{"line":179,"column":20},"end":{"line":179,"column":55}},{"start":{"line":179,"column":59},"end":{"line":179,"column":61}}],"line":179},"41":{"loc":{"start":{"line":180,"column":17},"end":{"line":186,"column":11}},"type":"if","locations":[{"start":{"line":180,"column":17},"end":{"line":186,"column":11}},{"start":{"line":182,"column":17},"end":{"line":186,"column":11}}],"line":180},"42":{"loc":{"start":{"line":181,"column":20},"end":{"line":181,"column":49}},"type":"binary-expr","locations":[{"start":{"line":181,"column":20},"end":{"line":181,"column":43}},{"start":{"line":181,"column":47},"end":{"line":181,"column":49}}],"line":181},"43":{"loc":{"start":{"line":182,"column":17},"end":{"line":186,"column":11}},"type":"if","locations":[{"start":{"line":182,"column":17},"end":{"line":186,"column":11}},{"start":{"line":184,"column":17},"end":{"line":186,"column":11}}],"line":182},"44":{"loc":{"start":{"line":183,"column":20},"end":{"line":183,"column":73}},"type":"binary-expr","locations":[{"start":{"line":183,"column":20},"end":{"line":183,"column":67}},{"start":{"line":183,"column":71},"end":{"line":183,"column":73}}],"line":183},"45":{"loc":{"start":{"line":185,"column":20},"end":{"line":185,"column":39}},"type":"binary-expr","locations":[{"start":{"line":185,"column":20},"end":{"line":185,"column":33}},{"start":{"line":185,"column":37},"end":{"line":185,"column":39}}],"line":185},"46":{"loc":{"start":{"line":202,"column":45},"end":{"line":202,"column":57}},"type":"default-arg","locations":[{"start":{"line":202,"column":55},"end":{"line":202,"column":57}}],"line":202},"47":{"loc":{"start":{"line":208,"column":10},"end":{"line":208,"column":55}},"type":"binary-expr","locations":[{"start":{"line":208,"column":10},"end":{"line":208,"column":42}},{"start":{"line":208,"column":46},"end":{"line":208,"column":55}}],"line":208},"48":{"loc":{"start":{"line":209,"column":17},"end":{"line":209,"column":62}},"type":"binary-expr","locations":[{"start":{"line":209,"column":17},"end":{"line":209,"column":48}},{"start":{"line":209,"column":52},"end":{"line":209,"column":62}}],"line":209},"49":{"loc":{"start":{"line":225,"column":45},"end":{"line":225,"column":57}},"type":"default-arg","locations":[{"start":{"line":225,"column":55},"end":{"line":225,"column":57}}],"line":225},"50":{"loc":{"start":{"line":231,"column":10},"end":{"line":231,"column":55}},"type":"binary-expr","locations":[{"start":{"line":231,"column":10},"end":{"line":231,"column":42}},{"start":{"line":231,"column":46},"end":{"line":231,"column":55}}],"line":231},"51":{"loc":{"start":{"line":232,"column":26},"end":{"line":232,"column":66}},"type":"binary-expr","locations":[{"start":{"line":232,"column":26},"end":{"line":232,"column":57}},{"start":{"line":232,"column":61},"end":{"line":232,"column":66}}],"line":232},"52":{"loc":{"start":{"line":252,"column":48},"end":{"line":252,"column":58}},"type":"default-arg","locations":[{"start":{"line":252,"column":56},"end":{"line":252,"column":58}}],"line":252},"53":{"loc":{"start":{"line":276,"column":54},"end":{"line":276,"column":64}},"type":"default-arg","locations":[{"start":{"line":276,"column":62},"end":{"line":276,"column":64}}],"line":276},"54":{"loc":{"start":{"line":301,"column":49},"end":{"line":301,"column":68}},"type":"default-arg","locations":[{"start":{"line":301,"column":55},"end":{"line":301,"column":68}}],"line":301},"55":{"loc":{"start":{"line":307,"column":26},"end":{"line":307,"column":92}},"type":"binary-expr","locations":[{"start":{"line":307,"column":26},"end":{"line":307,"column":45}},{"start":{"line":307,"column":49},"end":{"line":307,"column":64}},{"start":{"line":307,"column":68},"end":{"line":307,"column":92}}],"line":307},"56":{"loc":{"start":{"line":317,"column":2},"end":{"line":319,"column":3}},"type":"if","locations":[{"start":{"line":317,"column":2},"end":{"line":319,"column":3}},{"start":{},"end":{}}],"line":317},"57":{"loc":{"start":{"line":317,"column":6},"end":{"line":317,"column":90}},"type":"binary-expr","locations":[{"start":{"line":317,"column":6},"end":{"line":317,"column":43}},{"start":{"line":317,"column":47},"end":{"line":317,"column":90}}],"line":317},"58":{"loc":{"start":{"line":321,"column":2},"end":{"line":323,"column":3}},"type":"if","locations":[{"start":{"line":321,"column":2},"end":{"line":323,"column":3}},{"start":{},"end":{}}],"line":321},"59":{"loc":{"start":{"line":321,"column":6},"end":{"line":321,"column":97}},"type":"binary-expr","locations":[{"start":{"line":321,"column":6},"end":{"line":321,"column":43}},{"start":{"line":321,"column":47},"end":{"line":321,"column":97}}],"line":321},"60":{"loc":{"start":{"line":325,"column":2},"end":{"line":327,"column":3}},"type":"if","locations":[{"start":{"line":325,"column":2},"end":{"line":327,"column":3}},{"start":{},"end":{}}],"line":325},"61":{"loc":{"start":{"line":325,"column":6},"end":{"line":325,"column":98}},"type":"binary-expr","locations":[{"start":{"line":325,"column":6},"end":{"line":325,"column":47}},{"start":{"line":325,"column":51},"end":{"line":325,"column":98}}],"line":325},"62":{"loc":{"start":{"line":329,"column":2},"end":{"line":331,"column":3}},"type":"if","locations":[{"start":{"line":329,"column":2},"end":{"line":331,"column":3}},{"start":{},"end":{}}],"line":329},"63":{"loc":{"start":{"line":341,"column":20},"end":{"line":341,"column":60}},"type":"binary-expr","locations":[{"start":{"line":341,"column":20},"end":{"line":341,"column":35}},{"start":{"line":341,"column":39},"end":{"line":341,"column":60}}],"line":341},"64":{"loc":{"start":{"line":349,"column":6},"end":{"line":351,"column":7}},"type":"if","locations":[{"start":{"line":349,"column":6},"end":{"line":351,"column":7}},{"start":{},"end":{}}],"line":349},"65":{"loc":{"start":{"line":361,"column":20},"end":{"line":361,"column":60}},"type":"binary-expr","locations":[{"start":{"line":361,"column":20},"end":{"line":361,"column":35}},{"start":{"line":361,"column":39},"end":{"line":361,"column":60}}],"line":361},"66":{"loc":{"start":{"line":370,"column":2},"end":{"line":373,"column":3}},"type":"if","locations":[{"start":{"line":370,"column":2},"end":{"line":373,"column":3}},{"start":{},"end":{}}],"line":370},"67":{"loc":{"start":{"line":375,"column":2},"end":{"line":382,"column":3}},"type":"if","locations":[{"start":{"line":375,"column":2},"end":{"line":382,"column":3}},{"start":{},"end":{}}],"line":375},"68":{"loc":{"start":{"line":384,"column":2},"end":{"line":387,"column":3}},"type":"if","locations":[{"start":{"line":384,"column":2},"end":{"line":387,"column":3}},{"start":{},"end":{}}],"line":384},"69":{"loc":{"start":{"line":389,"column":2},"end":{"line":392,"column":3}},"type":"if","locations":[{"start":{"line":389,"column":2},"end":{"line":392,"column":3}},{"start":{},"end":{}}],"line":389}},"s":{"0":2,"1":2,"2":2,"3":2,"4":14,"5":14,"6":0,"7":14,"8":0,"9":0,"10":0,"11":0,"12":0,"13":0,"14":3,"15":6,"16":2,"17":4,"18":0,"19":4,"20":0,"21":4,"22":2,"23":2,"24":0,"25":0,"26":0,"27":0,"28":0,"29":0,"30":0,"31":0,"32":0,"33":0,"34":0,"35":0,"36":0,"37":0,"38":0,"39":0,"40":0,"41":0,"42":0,"43":0,"44":0,"45":0,"46":0,"47":0,"48":0,"49":0,"50":0,"51":0,"52":0,"53":0,"54":0,"55":0,"56":0,"57":0,"58":0,"59":0,"60":0,"61":0,"62":0,"63":0,"64":0,"65":0,"66":0,"67":0,"68":0,"69":0,"70":0,"71":0,"72":0,"73":0,"74":0,"75":0,"76":0,"77":0,"78":0,"79":0,"80":0,"81":0,"82":0,"83":0,"84":0,"85":0,"86":0,"87":0,"88":0,"89":0,"90":0,"91":0,"92":0,"93":0,"94":0,"95":0,"96":0,"97":0,"98":0,"99":0,"100":0,"101":0,"102":0,"103":0,"104":0,"105":0,"106":0,"107":0,"108":0,"109":0,"110":0,"111":0,"112":0,"113":0,"114":0,"115":0,"116":0,"117":0,"118":0,"119":0,"120":0,"121":0,"122":0,"123":0,"124":0,"125":0,"126":0,"127":0,"128":2},"f":{"0":14,"1":0,"2":3,"3":6,"4":0,"5":0,"6":0,"7":0,"8":0,"9":0,"10":0,"11":0,"12":0,"13":0,"14":0,"15":0,"16":0,"17":0,"18":0,"19":0,"20":0,"21":0,"22":0,"23":0,"24":0,"25":0,"26":0,"27":0,"28":0,"29":0},"b":{"0":[0,14],"1":[14,14],"2":[0,0],"3":[0,0],"4":[0,0],"5":[0,0],"6":[0,0],"7":[2,4],"8":[0,4],"9":[0,4],"10":[2,2],"11":[4,2,2],"12":[0],"13":[0,0],"14":[0,0],"15":[0,0],"16":[0,0],"17":[0,0],"18":[0,0],"19":[0,0],"20":[0,0],"21":[0,0],"22":[0,0],"23":[0,0],"24":[0,0],"25":[0,0],"26":[0,0],"27":[0,0],"28":[0,0],"29":[0,0],"30":[0,0],"31":[0,0],"32":[0,0],"33":[0,0],"34":[0,0],"35":[0,0],"36":[0,0],"37":[0,0],"38":[0,0],"39":[0,0],"40":[0,0],"41":[0,0],"42":[0,0],"43":[0,0],"44":[0,0],"45":[0,0],"46":[0],"47":[0,0],"48":[0,0],"49":[0],"50":[0,0],"51":[0,0],"52":[0],"53":[0],"54":[0],"55":[0,0,0],"56":[0,0],"57":[0,0],"58":[0,0],"59":[0,0],"60":[0,0],"61":[0,0],"62":[0,0],"63":[0,0],"64":[0,0],"65":[0,0],"66":[0,0],"67":[0,0],"68":[0,0],"69":[0,0]},"inputSourceMap":null,"_coverageSchema":"1a1c01bbd47fc00a2c39e90264f33305004495a9","hash":"fea5f9885a41912ea04fde77d957ec330b0c34c6"}
,"C:\\Users\\jesse\\ai-feature-contracts\\lib\\api-server.cjs": {"path":"C:\\Users\\jesse\\ai-feature-contracts\\lib\\api-server.cjs","statementMap":{"0":{"start":{"line":6,"column":13},"end":{"line":6,"column":28}},"1":{"start":{"line":7,"column":11},"end":{"line":7,"column":24}},"2":{"start":{"line":8,"column":13},"end":{"line":8,"column":28}},"3":{"start":{"line":9,"column":12},"end":{"line":9,"column":26}},"4":{"start":{"line":10,"column":53},"end":{"line":10,"column":74}},"5":{"start":{"line":11,"column":43},"end":{"line":11,"column":67}},"6":{"start":{"line":12,"column":36},"end":{"line":12,"column":63}},"7":{"start":{"line":13,"column":27},"end":{"line":13,"column":51}},"8":{"start":{"line":19,"column":2},"end":{"line":30,"column":5}},"9":{"start":{"line":20,"column":15},"end":{"line":20,"column":17}},"10":{"start":{"line":21,"column":4},"end":{"line":21,"column":43}},"11":{"start":{"line":21,"column":28},"end":{"line":21,"column":41}},"12":{"start":{"line":22,"column":4},"end":{"line":28,"column":7}},"13":{"start":{"line":23,"column":6},"end":{"line":27,"column":7}},"14":{"start":{"line":24,"column":8},"end":{"line":24,"column":46}},"15":{"start":{"line":26,"column":8},"end":{"line":26,"column":42}},"16":{"start":{"line":29,"column":4},"end":{"line":29,"column":28}},"17":{"start":{"line":37,"column":2},"end":{"line":42,"column":5}},"18":{"start":{"line":43,"column":2},"end":{"line":43,"column":41}},"19":{"start":{"line":50,"column":2},"end":{"line":50,"column":44}},"20":{"start":{"line":57,"column":38},"end":{"line":57,"column":45}},"21":{"start":{"line":58,"column":30},"end":{"line":58,"column":37}},"22":{"start":{"line":61,"column":24},"end":{"line":61,"column":33}},"23":{"start":{"line":62,"column":24},"end":{"line":62,"column":71}},"24":{"start":{"line":62,"column":42},"end":{"line":62,"column":63}},"25":{"start":{"line":64,"column":25},"end":{"line":68,"column":3}},"26":{"start":{"line":65,"column":18},"end":{"line":65,"column":44}},"27":{"start":{"line":66,"column":4},"end":{"line":66,"column":37}},"28":{"start":{"line":67,"column":4},"end":{"line":67,"column":29}},"29":{"start":{"line":71,"column":17},"end":{"line":224,"column":3}},"30":{"start":{"line":74,"column":6},"end":{"line":76,"column":7}},"31":{"start":{"line":75,"column":8},"end":{"line":75,"column":48}},"32":{"start":{"line":78,"column":20},"end":{"line":78,"column":82}},"33":{"start":{"line":78,"column":61},"end":{"line":78,"column":81}},"34":{"start":{"line":79,"column":24},"end":{"line":91,"column":8}},"35":{"start":{"line":80,"column":24},"end":{"line":80,"column":78}},"36":{"start":{"line":81,"column":27},"end":{"line":81,"column":59}},"37":{"start":{"line":82,"column":24},"end":{"line":82,"column":63}},"38":{"start":{"line":83,"column":28},"end":{"line":83,"column":68}},"39":{"start":{"line":85,"column":8},"end":{"line":90,"column":10}},"40":{"start":{"line":93,"column":6},"end":{"line":93,"column":35}},"41":{"start":{"line":98,"column":19},"end":{"line":98,"column":66}},"42":{"start":{"line":99,"column":6},"end":{"line":101,"column":7}},"43":{"start":{"line":100,"column":8},"end":{"line":100,"column":57}},"44":{"start":{"line":103,"column":23},"end":{"line":103,"column":52}},"45":{"start":{"line":104,"column":22},"end":{"line":104,"column":55}},"46":{"start":{"line":105,"column":25},"end":{"line":105,"column":50}},"47":{"start":{"line":106,"column":25},"end":{"line":106,"column":57}},"48":{"start":{"line":108,"column":6},"end":{"line":113,"column":9}},"49":{"start":{"line":118,"column":19},"end":{"line":118,"column":39}},"50":{"start":{"line":119,"column":55},"end":{"line":119,"column":59}},"51":{"start":{"line":121,"column":6},"end":{"line":123,"column":7}},"52":{"start":{"line":122,"column":8},"end":{"line":122,"column":58}},"53":{"start":{"line":125,"column":6},"end":{"line":127,"column":7}},"54":{"start":{"line":126,"column":8},"end":{"line":126,"column":56}},"55":{"start":{"line":129,"column":6},"end":{"line":145,"column":7}},"56":{"start":{"line":131,"column":25},"end":{"line":131,"column":63}},"57":{"start":{"line":132,"column":25},"end":{"line":132,"column":58}},"58":{"start":{"line":133,"column":8},"end":{"line":133,"column":44}},"59":{"start":{"line":134,"column":8},"end":{"line":134,"column":50}},"60":{"start":{"line":137,"column":35},"end":{"line":137,"column":56}},"61":{"start":{"line":138,"column":29},"end":{"line":138,"column":68}},"62":{"start":{"line":139,"column":8},"end":{"line":144,"column":9}},"63":{"start":{"line":140,"column":25},"end":{"line":140,"column":83}},"64":{"start":{"line":141,"column":10},"end":{"line":141,"column":74}},"65":{"start":{"line":143,"column":10},"end":{"line":143,"column":38}},"66":{"start":{"line":150,"column":19},"end":{"line":150,"column":66}},"67":{"start":{"line":151,"column":6},"end":{"line":153,"column":7}},"68":{"start":{"line":152,"column":8},"end":{"line":152,"column":57}},"69":{"start":{"line":155,"column":19},"end":{"line":155,"column":39}},"70":{"start":{"line":156,"column":34},"end":{"line":156,"column":38}},"71":{"start":{"line":158,"column":23},"end":{"line":158,"column":52}},"72":{"start":{"line":159,"column":24},"end":{"line":159,"column":57}},"73":{"start":{"line":161,"column":6},"end":{"line":163,"column":7}},"74":{"start":{"line":162,"column":8},"end":{"line":162,"column":30}},"75":{"start":{"line":165,"column":6},"end":{"line":167,"column":7}},"76":{"start":{"line":166,"column":8},"end":{"line":166,"column":92}},"77":{"start":{"line":169,"column":6},"end":{"line":169,"column":46}},"78":{"start":{"line":170,"column":6},"end":{"line":170,"column":39}},"79":{"start":{"line":175,"column":19},"end":{"line":175,"column":66}},"80":{"start":{"line":176,"column":6},"end":{"line":178,"column":7}},"81":{"start":{"line":177,"column":8},"end":{"line":177,"column":57}},"82":{"start":{"line":180,"column":6},"end":{"line":180,"column":51}},"83":{"start":{"line":181,"column":6},"end":{"line":181,"column":39}},"84":{"start":{"line":186,"column":19},"end":{"line":186,"column":66}},"85":{"start":{"line":187,"column":6},"end":{"line":189,"column":7}},"86":{"start":{"line":188,"column":8},"end":{"line":188,"column":57}},"87":{"start":{"line":191,"column":19},"end":{"line":191,"column":39}},"88":{"start":{"line":192,"column":21},"end":{"line":192,"column":41}},"89":{"start":{"line":194,"column":22},"end":{"line":194,"column":76}},"90":{"start":{"line":195,"column":21},"end":{"line":197,"column":35}},"91":{"start":{"line":199,"column":6},"end":{"line":199,"column":28}},"92":{"start":{"line":205,"column":19},"end":{"line":205,"column":39}},"93":{"start":{"line":206,"column":21},"end":{"line":206,"column":76}},"94":{"start":{"line":207,"column":6},"end":{"line":207,"column":55}},"95":{"start":{"line":212,"column":22},"end":{"line":212,"column":50}},"96":{"start":{"line":213,"column":6},"end":{"line":213,"column":29}},"97":{"start":{"line":218,"column":6},"end":{"line":222,"column":9}},"98":{"start":{"line":227,"column":21},"end":{"line":253,"column":3}},"99":{"start":{"line":228,"column":4},"end":{"line":251,"column":5}},"100":{"start":{"line":229,"column":39},"end":{"line":229,"column":55}},"101":{"start":{"line":230,"column":6},"end":{"line":230,"column":43}},"102":{"start":{"line":230,"column":34},"end":{"line":230,"column":43}},"103":{"start":{"line":233,"column":25},"end":{"line":233,"column":45}},"104":{"start":{"line":234,"column":24},"end":{"line":234,"column":43}},"105":{"start":{"line":236,"column":6},"end":{"line":236,"column":59}},"106":{"start":{"line":236,"column":50},"end":{"line":236,"column":59}},"107":{"start":{"line":238,"column":21},"end":{"line":238,"column":23}},"108":{"start":{"line":239,"column":18},"end":{"line":239,"column":22}},"109":{"start":{"line":241,"column":6},"end":{"line":248,"column":7}},"110":{"start":{"line":241,"column":19},"end":{"line":241,"column":20}},"111":{"start":{"line":242,"column":8},"end":{"line":247,"column":9}},"112":{"start":{"line":243,"column":10},"end":{"line":243,"column":56}},"113":{"start":{"line":244,"column":15},"end":{"line":247,"column":9}},"114":{"start":{"line":245,"column":10},"end":{"line":245,"column":24}},"115":{"start":{"line":246,"column":10},"end":{"line":246,"column":16}},"116":{"start":{"line":250,"column":6},"end":{"line":250,"column":44}},"117":{"start":{"line":250,"column":17},"end":{"line":250,"column":44}},"118":{"start":{"line":252,"column":4},"end":{"line":252,"column":16}},"119":{"start":{"line":256,"column":17},"end":{"line":287,"column":4}},"120":{"start":{"line":257,"column":15},"end":{"line":257,"column":39}},"121":{"start":{"line":260,"column":4},"end":{"line":262,"column":5}},"122":{"start":{"line":261,"column":6},"end":{"line":261,"column":56}},"123":{"start":{"line":265,"column":4},"end":{"line":272,"column":5}},"124":{"start":{"line":266,"column":6},"end":{"line":270,"column":9}},"125":{"start":{"line":271,"column":6},"end":{"line":271,"column":23}},"126":{"start":{"line":274,"column":25},"end":{"line":274,"column":43}},"127":{"start":{"line":275,"column":18},"end":{"line":275,"column":50}},"128":{"start":{"line":277,"column":4},"end":{"line":279,"column":5}},"129":{"start":{"line":278,"column":6},"end":{"line":278,"column":46}},"130":{"start":{"line":281,"column":4},"end":{"line":286,"column":5}},"131":{"start":{"line":282,"column":6},"end":{"line":282,"column":50}},"132":{"start":{"line":284,"column":6},"end":{"line":284,"column":39}},"133":{"start":{"line":285,"column":6},"end":{"line":285,"column":39}},"134":{"start":{"line":289,"column":2},"end":{"line":314,"column":4}},"135":{"start":{"line":291,"column":6},"end":{"line":307,"column":9}},"136":{"start":{"line":292,"column":8},"end":{"line":306,"column":11}},"137":{"start":{"line":293,"column":10},"end":{"line":293,"column":79}},"138":{"start":{"line":294,"column":10},"end":{"line":294,"column":38}},"139":{"start":{"line":295,"column":10},"end":{"line":295,"column":72}},"140":{"start":{"line":296,"column":10},"end":{"line":296,"column":74}},"141":{"start":{"line":297,"column":10},"end":{"line":297,"column":72}},"142":{"start":{"line":298,"column":10},"end":{"line":298,"column":75}},"143":{"start":{"line":299,"column":10},"end":{"line":299,"column":75}},"144":{"start":{"line":300,"column":10},"end":{"line":300,"column":75}},"145":{"start":{"line":301,"column":10},"end":{"line":301,"column":72}},"146":{"start":{"line":302,"column":10},"end":{"line":302,"column":71}},"147":{"start":{"line":303,"column":10},"end":{"line":303,"column":77}},"148":{"start":{"line":304,"column":10},"end":{"line":304,"column":50}},"149":{"start":{"line":305,"column":10},"end":{"line":305,"column":26}},"150":{"start":{"line":311,"column":6},"end":{"line":311,"column":35}},"151":{"start":{"line":312,"column":6},"end":{"line":312,"column":61}},"152":{"start":{"line":312,"column":38},"end":{"line":312,"column":59}},"153":{"start":{"line":319,"column":2},"end":{"line":319,"column":75}},"154":{"start":{"line":323,"column":2},"end":{"line":323,"column":48}},"155":{"start":{"line":323,"column":36},"end":{"line":323,"column":48}},"156":{"start":{"line":325,"column":16},"end":{"line":325,"column":78}},"157":{"start":{"line":325,"column":57},"end":{"line":325,"column":77}},"158":{"start":{"line":328,"column":2},"end":{"line":328,"column":48}},"159":{"start":{"line":328,"column":32},"end":{"line":328,"column":48}},"160":{"start":{"line":329,"column":2},"end":{"line":329,"column":70}},"161":{"start":{"line":329,"column":43},"end":{"line":329,"column":70}},"162":{"start":{"line":332,"column":2},"end":{"line":336,"column":3}},"163":{"start":{"line":333,"column":20},"end":{"line":333,"column":74}},"164":{"start":{"line":334,"column":20},"end":{"line":334,"column":59}},"165":{"start":{"line":335,"column":4},"end":{"line":335,"column":47}},"166":{"start":{"line":335,"column":35},"end":{"line":335,"column":47}},"167":{"start":{"line":338,"column":2},"end":{"line":338,"column":14}},"168":{"start":{"line":341,"column":0},"end":{"line":341,"column":37}}},"fnMap":{"0":{"name":"parseBody","decl":{"start":{"line":18,"column":9},"end":{"line":18,"column":18}},"loc":{"start":{"line":18,"column":24},"end":{"line":31,"column":1}},"line":18},"1":{"name":"(anonymous_1)","decl":{"start":{"line":19,"column":21},"end":{"line":19,"column":22}},"loc":{"start":{"line":19,"column":42},"end":{"line":30,"column":3}},"line":19},"2":{"name":"(anonymous_2)","decl":{"start":{"line":21,"column":19},"end":{"line":21,"column":20}},"loc":{"start":{"line":21,"column":28},"end":{"line":21,"column":41}},"line":21},"3":{"name":"(anonymous_3)","decl":{"start":{"line":22,"column":18},"end":{"line":22,"column":19}},"loc":{"start":{"line":22,"column":24},"end":{"line":28,"column":5}},"line":22},"4":{"name":"sendJSON","decl":{"start":{"line":36,"column":9},"end":{"line":36,"column":17}},"loc":{"start":{"line":36,"column":43},"end":{"line":44,"column":1}},"line":36},"5":{"name":"sendError","decl":{"start":{"line":49,"column":9},"end":{"line":49,"column":18}},"loc":{"start":{"line":49,"column":47},"end":{"line":51,"column":1}},"line":49},"6":{"name":"createAPIServer","decl":{"start":{"line":56,"column":9},"end":{"line":56,"column":24}},"loc":{"start":{"line":56,"column":48},"end":{"line":315,"column":1}},"line":56},"7":{"name":"(anonymous_7)","decl":{"start":{"line":62,"column":36},"end":{"line":62,"column":37}},"loc":{"start":{"line":62,"column":42},"end":{"line":62,"column":63}},"line":62},"8":{"name":"(anonymous_8)","decl":{"start":{"line":64,"column":25},"end":{"line":64,"column":26}},"loc":{"start":{"line":64,"column":33},"end":{"line":68,"column":3}},"line":64},"9":{"name":"(anonymous_9)","decl":{"start":{"line":73,"column":26},"end":{"line":73,"column":27}},"loc":{"start":{"line":73,"column":46},"end":{"line":94,"column":5}},"line":73},"10":{"name":"(anonymous_10)","decl":{"start":{"line":78,"column":56},"end":{"line":78,"column":57}},"loc":{"start":{"line":78,"column":61},"end":{"line":78,"column":81}},"line":78},"11":{"name":"(anonymous_11)","decl":{"start":{"line":79,"column":34},"end":{"line":79,"column":35}},"loc":{"start":{"line":79,"column":42},"end":{"line":91,"column":7}},"line":79},"12":{"name":"(anonymous_12)","decl":{"start":{"line":97,"column":30},"end":{"line":97,"column":31}},"loc":{"start":{"line":97,"column":58},"end":{"line":114,"column":5}},"line":97},"13":{"name":"(anonymous_13)","decl":{"start":{"line":117,"column":27},"end":{"line":117,"column":28}},"loc":{"start":{"line":117,"column":47},"end":{"line":146,"column":5}},"line":117},"14":{"name":"(anonymous_14)","decl":{"start":{"line":149,"column":30},"end":{"line":149,"column":31}},"loc":{"start":{"line":149,"column":58},"end":{"line":171,"column":5}},"line":149},"15":{"name":"(anonymous_15)","decl":{"start":{"line":174,"column":33},"end":{"line":174,"column":34}},"loc":{"start":{"line":174,"column":61},"end":{"line":182,"column":5}},"line":174},"16":{"name":"(anonymous_16)","decl":{"start":{"line":185,"column":40},"end":{"line":185,"column":41}},"loc":{"start":{"line":185,"column":68},"end":{"line":200,"column":5}},"line":185},"17":{"name":"(anonymous_17)","decl":{"start":{"line":204,"column":25},"end":{"line":204,"column":26}},"loc":{"start":{"line":204,"column":45},"end":{"line":208,"column":5}},"line":204},"18":{"name":"(anonymous_18)","decl":{"start":{"line":211,"column":24},"end":{"line":211,"column":25}},"loc":{"start":{"line":211,"column":44},"end":{"line":214,"column":5}},"line":211},"19":{"name":"(anonymous_19)","decl":{"start":{"line":217,"column":23},"end":{"line":217,"column":24}},"loc":{"start":{"line":217,"column":43},"end":{"line":223,"column":5}},"line":217},"20":{"name":"(anonymous_20)","decl":{"start":{"line":227,"column":21},"end":{"line":227,"column":22}},"loc":{"start":{"line":227,"column":43},"end":{"line":253,"column":3}},"line":227},"21":{"name":"(anonymous_21)","decl":{"start":{"line":256,"column":35},"end":{"line":256,"column":36}},"loc":{"start":{"line":256,"column":55},"end":{"line":287,"column":3}},"line":256},"22":{"name":"(anonymous_22)","decl":{"start":{"line":290,"column":11},"end":{"line":290,"column":12}},"loc":{"start":{"line":290,"column":28},"end":{"line":308,"column":5}},"line":290},"23":{"name":"(anonymous_23)","decl":{"start":{"line":291,"column":25},"end":{"line":291,"column":26}},"loc":{"start":{"line":291,"column":38},"end":{"line":307,"column":7}},"line":291},"24":{"name":"(anonymous_24)","decl":{"start":{"line":292,"column":28},"end":{"line":292,"column":29}},"loc":{"start":{"line":292,"column":34},"end":{"line":306,"column":9}},"line":292},"25":{"name":"(anonymous_25)","decl":{"start":{"line":310,"column":10},"end":{"line":310,"column":11}},"loc":{"start":{"line":310,"column":16},"end":{"line":313,"column":5}},"line":310},"26":{"name":"(anonymous_26)","decl":{"start":{"line":312,"column":25},"end":{"line":312,"column":26}},"loc":{"start":{"line":312,"column":38},"end":{"line":312,"column":59}},"line":312},"27":{"name":"slugify","decl":{"start":{"line":318,"column":9},"end":{"line":318,"column":16}},"loc":{"start":{"line":318,"column":20},"end":{"line":320,"column":1}},"line":318},"28":{"name":"findContractByIdOrFile","decl":{"start":{"line":322,"column":9},"end":{"line":322,"column":31}},"loc":{"start":{"line":322,"column":56},"end":{"line":339,"column":1}},"line":322},"29":{"name":"(anonymous_29)","decl":{"start":{"line":325,"column":52},"end":{"line":325,"column":53}},"loc":{"start":{"line":325,"column":57},"end":{"line":325,"column":77}},"line":325}},"branchMap":{"0":{"loc":{"start":{"line":24,"column":16},"end":{"line":24,"column":44}},"type":"cond-expr","locations":[{"start":{"line":24,"column":23},"end":{"line":24,"column":39}},{"start":{"line":24,"column":42},"end":{"line":24,"column":44}}],"line":24},"1":{"loc":{"start":{"line":36,"column":29},"end":{"line":36,"column":41}},"type":"default-arg","locations":[{"start":{"line":36,"column":38},"end":{"line":36,"column":41}}],"line":36},"2":{"loc":{"start":{"line":49,"column":33},"end":{"line":49,"column":45}},"type":"default-arg","locations":[{"start":{"line":49,"column":42},"end":{"line":49,"column":45}}],"line":49},"3":{"loc":{"start":{"line":56,"column":34},"end":{"line":56,"column":46}},"type":"default-arg","locations":[{"start":{"line":56,"column":44},"end":{"line":56,"column":46}}],"line":56},"4":{"loc":{"start":{"line":58,"column":10},"end":{"line":58,"column":25}},"type":"default-arg","locations":[{"start":{"line":58,"column":22},"end":{"line":58,"column":25}}],"line":58},"5":{"loc":{"start":{"line":65,"column":18},"end":{"line":65,"column":44}},"type":"binary-expr","locations":[{"start":{"line":65,"column":18},"end":{"line":65,"column":39}},{"start":{"line":65,"column":43},"end":{"line":65,"column":44}}],"line":65},"6":{"loc":{"start":{"line":74,"column":6},"end":{"line":76,"column":7}},"type":"if","locations":[{"start":{"line":74,"column":6},"end":{"line":76,"column":7}},{"start":{},"end":{}}],"line":74},"7":{"loc":{"start":{"line":87,"column":14},"end":{"line":87,"column":39}},"type":"binary-expr","locations":[{"start":{"line":87,"column":14},"end":{"line":87,"column":26}},{"start":{"line":87,"column":30},"end":{"line":87,"column":39}}],"line":87},"8":{"loc":{"start":{"line":88,"column":17},"end":{"line":88,"column":40}},"type":"binary-expr","locations":[{"start":{"line":88,"column":17},"end":{"line":88,"column":32}},{"start":{"line":88,"column":36},"end":{"line":88,"column":40}}],"line":88},"9":{"loc":{"start":{"line":89,"column":18},"end":{"line":89,"column":47}},"type":"binary-expr","locations":[{"start":{"line":89,"column":18},"end":{"line":89,"column":34}},{"start":{"line":89,"column":38},"end":{"line":89,"column":47}}],"line":89},"10":{"loc":{"start":{"line":99,"column":6},"end":{"line":101,"column":7}},"type":"if","locations":[{"start":{"line":99,"column":6},"end":{"line":101,"column":7}},{"start":{},"end":{}}],"line":99},"11":{"loc":{"start":{"line":119,"column":20},"end":{"line":119,"column":41}},"type":"default-arg","locations":[{"start":{"line":119,"column":31},"end":{"line":119,"column":41}}],"line":119},"12":{"loc":{"start":{"line":121,"column":6},"end":{"line":123,"column":7}},"type":"if","locations":[{"start":{"line":121,"column":6},"end":{"line":123,"column":7}},{"start":{},"end":{}}],"line":121},"13":{"loc":{"start":{"line":121,"column":10},"end":{"line":121,"column":27}},"type":"binary-expr","locations":[{"start":{"line":121,"column":10},"end":{"line":121,"column":15}},{"start":{"line":121,"column":19},"end":{"line":121,"column":27}}],"line":121},"14":{"loc":{"start":{"line":125,"column":6},"end":{"line":127,"column":7}},"type":"if","locations":[{"start":{"line":125,"column":6},"end":{"line":127,"column":7}},{"start":{},"end":{}}],"line":125},"15":{"loc":{"start":{"line":129,"column":6},"end":{"line":145,"column":7}},"type":"if","locations":[{"start":{"line":129,"column":6},"end":{"line":145,"column":7}},{"start":{"line":135,"column":13},"end":{"line":145,"column":7}}],"line":129},"16":{"loc":{"start":{"line":131,"column":36},"end":{"line":131,"column":54}},"type":"binary-expr","locations":[{"start":{"line":131,"column":36},"end":{"line":131,"column":40}},{"start":{"line":131,"column":44},"end":{"line":131,"column":54}}],"line":131},"17":{"loc":{"start":{"line":151,"column":6},"end":{"line":153,"column":7}},"type":"if","locations":[{"start":{"line":151,"column":6},"end":{"line":153,"column":7}},{"start":{},"end":{}}],"line":151},"18":{"loc":{"start":{"line":161,"column":6},"end":{"line":163,"column":7}},"type":"if","locations":[{"start":{"line":161,"column":6},"end":{"line":163,"column":7}},{"start":{},"end":{}}],"line":161},"19":{"loc":{"start":{"line":165,"column":6},"end":{"line":167,"column":7}},"type":"if","locations":[{"start":{"line":165,"column":6},"end":{"line":167,"column":7}},{"start":{},"end":{}}],"line":165},"20":{"loc":{"start":{"line":176,"column":6},"end":{"line":178,"column":7}},"type":"if","locations":[{"start":{"line":176,"column":6},"end":{"line":178,"column":7}},{"start":{},"end":{}}],"line":176},"21":{"loc":{"start":{"line":187,"column":6},"end":{"line":189,"column":7}},"type":"if","locations":[{"start":{"line":187,"column":6},"end":{"line":189,"column":7}},{"start":{},"end":{}}],"line":187},"22":{"loc":{"start":{"line":192,"column":21},"end":{"line":192,"column":41}},"type":"binary-expr","locations":[{"start":{"line":192,"column":21},"end":{"line":192,"column":32}},{"start":{"line":192,"column":36},"end":{"line":192,"column":41}}],"line":192},"23":{"loc":{"start":{"line":195,"column":21},"end":{"line":197,"column":35}},"type":"cond-expr","locations":[{"start":{"line":196,"column":10},"end":{"line":196,"column":69}},{"start":{"line":197,"column":10},"end":{"line":197,"column":35}}],"line":195},"24":{"loc":{"start":{"line":207,"column":28},"end":{"line":207,"column":53}},"type":"cond-expr","locations":[{"start":{"line":207,"column":44},"end":{"line":207,"column":47}},{"start":{"line":207,"column":50},"end":{"line":207,"column":53}}],"line":207},"25":{"loc":{"start":{"line":230,"column":6},"end":{"line":230,"column":43}},"type":"if","locations":[{"start":{"line":230,"column":6},"end":{"line":230,"column":43}},{"start":{},"end":{}}],"line":230},"26":{"loc":{"start":{"line":236,"column":6},"end":{"line":236,"column":59}},"type":"if","locations":[{"start":{"line":236,"column":6},"end":{"line":236,"column":59}},{"start":{},"end":{}}],"line":236},"27":{"loc":{"start":{"line":242,"column":8},"end":{"line":247,"column":9}},"type":"if","locations":[{"start":{"line":242,"column":8},"end":{"line":247,"column":9}},{"start":{"line":244,"column":15},"end":{"line":247,"column":9}}],"line":242},"28":{"loc":{"start":{"line":244,"column":15},"end":{"line":247,"column":9}},"type":"if","locations":[{"start":{"line":244,"column":15},"end":{"line":247,"column":9}},{"start":{},"end":{}}],"line":244},"29":{"loc":{"start":{"line":250,"column":6},"end":{"line":250,"column":44}},"type":"if","locations":[{"start":{"line":250,"column":6},"end":{"line":250,"column":44}},{"start":{},"end":{}}],"line":250},"30":{"loc":{"start":{"line":260,"column":4},"end":{"line":262,"column":5}},"type":"if","locations":[{"start":{"line":260,"column":4},"end":{"line":262,"column":5}},{"start":{},"end":{}}],"line":260},"31":{"loc":{"start":{"line":265,"column":4},"end":{"line":272,"column":5}},"type":"if","locations":[{"start":{"line":265,"column":4},"end":{"line":272,"column":5}},{"start":{},"end":{}}],"line":265},"32":{"loc":{"start":{"line":277,"column":4},"end":{"line":279,"column":5}},"type":"if","locations":[{"start":{"line":277,"column":4},"end":{"line":279,"column":5}},{"start":{},"end":{}}],"line":277},"33":{"loc":{"start":{"line":290,"column":12},"end":{"line":290,"column":23}},"type":"default-arg","locations":[{"start":{"line":290,"column":19},"end":{"line":290,"column":23}}],"line":290},"34":{"loc":{"start":{"line":323,"column":2},"end":{"line":323,"column":48}},"type":"if","locations":[{"start":{"line":323,"column":2},"end":{"line":323,"column":48}},{"start":{},"end":{}}],"line":323},"35":{"loc":{"start":{"line":328,"column":2},"end":{"line":328,"column":48}},"type":"if","locations":[{"start":{"line":328,"column":2},"end":{"line":328,"column":48}},{"start":{},"end":{}}],"line":328},"36":{"loc":{"start":{"line":329,"column":2},"end":{"line":329,"column":70}},"type":"if","locations":[{"start":{"line":329,"column":2},"end":{"line":329,"column":70}},{"start":{},"end":{}}],"line":329},"37":{"loc":{"start":{"line":335,"column":4},"end":{"line":335,"column":47}},"type":"if","locations":[{"start":{"line":335,"column":4},"end":{"line":335,"column":47}},{"start":{},"end":{}}],"line":335}},"s":{"0":1,"1":1,"2":1,"3":1,"4":1,"5":1,"6":1,"7":1,"8":4,"9":4,"10":4,"11":3,"12":4,"13":4,"14":4,"15":0,"16":4,"17":15,"18":15,"19":4,"20":15,"21":15,"22":15,"23":15,"24":0,"25":15,"26":16,"27":16,"28":16,"29":15,"30":2,"31":1,"32":1,"33":1,"34":1,"35":1,"36":1,"37":1,"38":1,"39":1,"40":1,"41":3,"42":3,"43":1,"44":2,"45":2,"46":2,"47":2,"48":2,"49":3,"50":3,"51":3,"52":1,"53":2,"54":2,"55":2,"56":1,"57":1,"58":1,"59":1,"60":1,"61":1,"62":1,"63":1,"64":1,"65":0,"66":0,"67":0,"68":0,"69":0,"70":0,"71":0,"72":0,"73":0,"74":0,"75":0,"76":0,"77":0,"78":0,"79":0,"80":0,"81":0,"82":0,"83":0,"84":1,"85":1,"86":0,"87":1,"88":1,"89":1,"90":1,"91":1,"92":0,"93":0,"94":0,"95":1,"96":1,"97":3,"98":15,"99":14,"100":67,"101":67,"102":35,"103":32,"104":32,"105":32,"106":9,"107":23,"108":23,"109":23,"110":23,"111":74,"112":4,"113":70,"114":10,"115":10,"116":23,"117":13,"118":1,"119":15,"120":16,"121":16,"122":1,"123":15,"124":1,"125":1,"126":14,"127":14,"128":14,"129":1,"130":13,"131":13,"132":0,"133":0,"134":15,"135":15,"136":15,"137":15,"138":15,"139":15,"140":15,"141":15,"142":15,"143":15,"144":15,"145":15,"146":15,"147":15,"148":15,"149":15,"150":15,"151":15,"152":15,"153":1,"154":4,"155":1,"156":3,"157":3,"158":3,"159":1,"160":2,"161":0,"162":2,"163":2,"164":2,"165":2,"166":2,"167":0,"168":1},"f":{"0":4,"1":4,"2":3,"3":4,"4":15,"5":4,"6":15,"7":0,"8":16,"9":2,"10":1,"11":1,"12":3,"13":3,"14":0,"15":0,"16":1,"17":0,"18":1,"19":3,"20":14,"21":16,"22":15,"23":15,"24":15,"25":15,"26":15,"27":1,"28":4,"29":3},"b":{"0":[3,1],"1":[9],"2":[1],"3":[0],"4":[14],"5":[16,14],"6":[1,1],"7":[1,0],"8":[1,0],"9":[1,0],"10":[1,2],"11":[3],"12":[1,2],"13":[3,1],"14":[2,0],"15":[1,1],"16":[1,0],"17":[0,0],"18":[0,0],"19":[0,0],"20":[0,0],"21":[0,1],"22":[1,1],"23":[0,1],"24":[0,0],"25":[35,32],"26":[9,23],"27":[4,70],"28":[10,60],"29":[13,10],"30":[1,15],"31":[1,14],"32":[1,13],"33":[0],"34":[1,3],"35":[1,2],"36":[0,2],"37":[2,0]},"inputSourceMap":null,"_coverageSchema":"1a1c01bbd47fc00a2c39e90264f33305004495a9","hash":"a100e6572a0a8f6004ae7685e961088b19b173aa"}
,"C:\\Users\\jesse\\ai-feature-contracts\\lib\\cicd.cjs": {"path":"C:\\Users\\jesse\\ai-feature-contracts\\lib\\cicd.cjs","statementMap":{"0":{"start":{"line":6,"column":11},"end":{"line":6,"column":24}},"1":{"start":{"line":7,"column":13},"end":{"line":7,"column":28}},"2":{"start":{"line":12,"column":30},"end":{"line":76,"column":1}},"3":{"start":{"line":81,"column":30},"end":{"line":106,"column":1}},"4":{"start":{"line":111,"column":26},"end":{"line":137,"column":1}},"5":{"start":{"line":148,"column":6},"end":{"line":148,"column":13}},"6":{"start":{"line":150,"column":17},"end":{"line":150,"column":38}},"7":{"start":{"line":152,"column":2},"end":{"line":161,"column":3}},"8":{"start":{"line":153,"column":4},"end":{"line":156,"column":6}},"9":{"start":{"line":157,"column":4},"end":{"line":160,"column":6}},"10":{"start":{"line":163,"column":2},"end":{"line":163,"column":18}},"11":{"start":{"line":170,"column":20},"end":{"line":170,"column":22}},"12":{"start":{"line":171,"column":44},"end":{"line":171,"column":51}},"13":{"start":{"line":174,"column":22},"end":{"line":174,"column":67}},"14":{"start":{"line":175,"column":23},"end":{"line":175,"column":72}},"15":{"start":{"line":177,"column":2},"end":{"line":188,"column":3}},"16":{"start":{"line":178,"column":4},"end":{"line":180,"column":5}},"17":{"start":{"line":179,"column":6},"end":{"line":179,"column":53}},"18":{"start":{"line":182,"column":4},"end":{"line":185,"column":5}},"19":{"start":{"line":183,"column":6},"end":{"line":183,"column":70}},"20":{"start":{"line":184,"column":6},"end":{"line":184,"column":94}},"21":{"start":{"line":187,"column":4},"end":{"line":187,"column":106}},"22":{"start":{"line":191,"column":24},"end":{"line":191,"column":56}},"23":{"start":{"line":192,"column":25},"end":{"line":192,"column":77}},"24":{"start":{"line":194,"column":2},"end":{"line":201,"column":3}},"25":{"start":{"line":195,"column":4},"end":{"line":198,"column":5}},"26":{"start":{"line":196,"column":6},"end":{"line":196,"column":58}},"27":{"start":{"line":197,"column":6},"end":{"line":197,"column":88}},"28":{"start":{"line":200,"column":4},"end":{"line":200,"column":100}},"29":{"start":{"line":204,"column":17},"end":{"line":204,"column":46}},"30":{"start":{"line":205,"column":2},"end":{"line":226,"column":3}},"31":{"start":{"line":206,"column":21},"end":{"line":206,"column":47}},"32":{"start":{"line":207,"column":26},"end":{"line":207,"column":59}},"33":{"start":{"line":209,"column":4},"end":{"line":225,"column":5}},"34":{"start":{"line":210,"column":6},"end":{"line":212,"column":7}},"35":{"start":{"line":211,"column":8},"end":{"line":211,"column":52}},"36":{"start":{"line":214,"column":6},"end":{"line":222,"column":7}},"37":{"start":{"line":215,"column":8},"end":{"line":215,"column":63}},"38":{"start":{"line":216,"column":8},"end":{"line":220,"column":9}},"39":{"start":{"line":217,"column":10},"end":{"line":217,"column":45}},"40":{"start":{"line":221,"column":8},"end":{"line":221,"column":72}},"41":{"start":{"line":224,"column":6},"end":{"line":224,"column":84}},"42":{"start":{"line":228,"column":2},"end":{"line":228,"column":19}},"43":{"start":{"line":235,"column":17},"end":{"line":235,"column":19}},"44":{"start":{"line":238,"column":23},"end":{"line":238,"column":95}},"45":{"start":{"line":239,"column":2},"end":{"line":243,"column":5}},"46":{"start":{"line":246,"column":21},"end":{"line":246,"column":81}},"47":{"start":{"line":247,"column":2},"end":{"line":251,"column":5}},"48":{"start":{"line":254,"column":20},"end":{"line":254,"column":72}},"49":{"start":{"line":255,"column":2},"end":{"line":259,"column":5}},"50":{"start":{"line":262,"column":23},"end":{"line":262,"column":70}},"51":{"start":{"line":263,"column":2},"end":{"line":267,"column":5}},"52":{"start":{"line":269,"column":2},"end":{"line":273,"column":4}},"53":{"start":{"line":271,"column":37},"end":{"line":271,"column":45}},"54":{"start":{"line":272,"column":32},"end":{"line":272,"column":41}},"55":{"start":{"line":280,"column":16},"end":{"line":280,"column":18}},"56":{"start":{"line":282,"column":2},"end":{"line":282,"column":35}},"57":{"start":{"line":283,"column":2},"end":{"line":283,"column":29}},"58":{"start":{"line":285,"column":2},"end":{"line":292,"column":3}},"59":{"start":{"line":286,"column":17},"end":{"line":286,"column":41}},"60":{"start":{"line":287,"column":18},"end":{"line":287,"column":56}},"61":{"start":{"line":288,"column":4},"end":{"line":288,"column":55}},"62":{"start":{"line":289,"column":4},"end":{"line":291,"column":5}},"63":{"start":{"line":290,"column":6},"end":{"line":290,"column":48}},"64":{"start":{"line":294,"column":2},"end":{"line":294,"column":17}},"65":{"start":{"line":295,"column":2},"end":{"line":300,"column":3}},"66":{"start":{"line":296,"column":4},"end":{"line":296,"column":58}},"67":{"start":{"line":298,"column":4},"end":{"line":298,"column":82}},"68":{"start":{"line":299,"column":4},"end":{"line":299,"column":43}},"69":{"start":{"line":302,"column":2},"end":{"line":302,"column":26}},"70":{"start":{"line":305,"column":0},"end":{"line":315,"column":2}}},"fnMap":{"0":{"name":"generateGitHubWorkflow","decl":{"start":{"line":142,"column":9},"end":{"line":142,"column":31}},"loc":{"start":{"line":142,"column":46},"end":{"line":164,"column":1}},"line":142},"1":{"name":"generateCICDFiles","decl":{"start":{"line":169,"column":9},"end":{"line":169,"column":26}},"loc":{"start":{"line":169,"column":53},"end":{"line":229,"column":1}},"line":169},"2":{"name":"checkCICDSetup","decl":{"start":{"line":234,"column":9},"end":{"line":234,"column":23}},"loc":{"start":{"line":234,"column":36},"end":{"line":274,"column":1}},"line":234},"3":{"name":"(anonymous_3)","decl":{"start":{"line":271,"column":32},"end":{"line":271,"column":33}},"loc":{"start":{"line":271,"column":37},"end":{"line":271,"column":45}},"line":271},"4":{"name":"(anonymous_4)","decl":{"start":{"line":272,"column":27},"end":{"line":272,"column":28}},"loc":{"start":{"line":272,"column":32},"end":{"line":272,"column":41}},"line":272},"5":{"name":"formatSetupReport","decl":{"start":{"line":279,"column":9},"end":{"line":279,"column":26}},"loc":{"start":{"line":279,"column":34},"end":{"line":303,"column":1}},"line":279}},"branchMap":{"0":{"loc":{"start":{"line":142,"column":32},"end":{"line":142,"column":44}},"type":"default-arg","locations":[{"start":{"line":142,"column":42},"end":{"line":142,"column":44}}],"line":142},"1":{"loc":{"start":{"line":144,"column":4},"end":{"line":144,"column":32}},"type":"default-arg","locations":[{"start":{"line":144,"column":11},"end":{"line":144,"column":32}}],"line":144},"2":{"loc":{"start":{"line":145,"column":4},"end":{"line":145,"column":33}},"type":"default-arg","locations":[{"start":{"line":145,"column":15},"end":{"line":145,"column":33}}],"line":145},"3":{"loc":{"start":{"line":146,"column":4},"end":{"line":146,"column":22}},"type":"default-arg","locations":[{"start":{"line":146,"column":18},"end":{"line":146,"column":22}}],"line":146},"4":{"loc":{"start":{"line":147,"column":4},"end":{"line":147,"column":22}},"type":"default-arg","locations":[{"start":{"line":147,"column":17},"end":{"line":147,"column":22}}],"line":147},"5":{"loc":{"start":{"line":152,"column":2},"end":{"line":161,"column":3}},"type":"if","locations":[{"start":{"line":152,"column":2},"end":{"line":161,"column":3}},{"start":{},"end":{}}],"line":152},"6":{"loc":{"start":{"line":169,"column":39},"end":{"line":169,"column":51}},"type":"default-arg","locations":[{"start":{"line":169,"column":49},"end":{"line":169,"column":51}}],"line":169},"7":{"loc":{"start":{"line":171,"column":10},"end":{"line":171,"column":24}},"type":"default-arg","locations":[{"start":{"line":171,"column":19},"end":{"line":171,"column":24}}],"line":171},"8":{"loc":{"start":{"line":171,"column":26},"end":{"line":171,"column":39}},"type":"default-arg","locations":[{"start":{"line":171,"column":34},"end":{"line":171,"column":39}}],"line":171},"9":{"loc":{"start":{"line":177,"column":2},"end":{"line":188,"column":3}},"type":"if","locations":[{"start":{"line":177,"column":2},"end":{"line":188,"column":3}},{"start":{"line":186,"column":9},"end":{"line":188,"column":3}}],"line":177},"10":{"loc":{"start":{"line":178,"column":4},"end":{"line":180,"column":5}},"type":"if","locations":[{"start":{"line":178,"column":4},"end":{"line":180,"column":5}},{"start":{},"end":{}}],"line":178},"11":{"loc":{"start":{"line":182,"column":4},"end":{"line":185,"column":5}},"type":"if","locations":[{"start":{"line":182,"column":4},"end":{"line":185,"column":5}},{"start":{},"end":{}}],"line":182},"12":{"loc":{"start":{"line":182,"column":8},"end":{"line":182,"column":45}},"type":"binary-expr","locations":[{"start":{"line":182,"column":8},"end":{"line":182,"column":36}},{"start":{"line":182,"column":40},"end":{"line":182,"column":45}}],"line":182},"13":{"loc":{"start":{"line":194,"column":2},"end":{"line":201,"column":3}},"type":"if","locations":[{"start":{"line":194,"column":2},"end":{"line":201,"column":3}},{"start":{"line":199,"column":9},"end":{"line":201,"column":3}}],"line":194},"14":{"loc":{"start":{"line":195,"column":4},"end":{"line":198,"column":5}},"type":"if","locations":[{"start":{"line":195,"column":4},"end":{"line":198,"column":5}},{"start":{},"end":{}}],"line":195},"15":{"loc":{"start":{"line":195,"column":8},"end":{"line":195,"column":47}},"type":"binary-expr","locations":[{"start":{"line":195,"column":8},"end":{"line":195,"column":38}},{"start":{"line":195,"column":42},"end":{"line":195,"column":47}}],"line":195},"16":{"loc":{"start":{"line":205,"column":2},"end":{"line":226,"column":3}},"type":"if","locations":[{"start":{"line":205,"column":2},"end":{"line":226,"column":3}},{"start":{},"end":{}}],"line":205},"17":{"loc":{"start":{"line":209,"column":4},"end":{"line":225,"column":5}},"type":"if","locations":[{"start":{"line":209,"column":4},"end":{"line":225,"column":5}},{"start":{"line":223,"column":11},"end":{"line":225,"column":5}}],"line":209},"18":{"loc":{"start":{"line":210,"column":6},"end":{"line":212,"column":7}},"type":"if","locations":[{"start":{"line":210,"column":6},"end":{"line":212,"col
[...]
ne":98,"column":76}},{"start":{"line":98,"column":79},"end":{"line":98,"column":81}}],"line":98},"11":{"loc":{"start":{"line":108,"column":4},"end":{"line":121,"column":5}},"type":"if","locations":[{"start":{"line":108,"column":4},"end":{"line":121,"column":5}},{"start":{"line":111,"column":11},"end":{"line":121,"column":5}}],"line":108},"12":{"loc":{"start":{"line":111,"column":11},"end":{"line":121,"column":5}},"type":"if","locations":[{"start":{"line":111,"column":11},"end":{"line":121,"column":5}},{"start":{"line":114,"column":11},"end":{"line":121,"column":5}}],"line":111},"13":{"loc":{"start":{"line":114,"column":11},"end":{"line":121,"column":5}},"type":"if","locations":[{"start":{"line":114,"column":11},"end":{"line":121,"column":5}},{"start":{"line":118,"column":11},"end":{"line":121,"column":5}}],"line":114},"14":{"loc":{"start":{"line":114,"column":15},"end":{"line":114,"column":43}},"type":"binary-expr","locations":[{"start":{"line":114,"column":15},"end":{"line":114,"column":27}},{"start":{"line":114,"column":31},"end":{"line":114,"column":43}}],"line":114},"15":{"loc":{"start":{"line":118,"column":11},"end":{"line":121,"column":5}},"type":"if","locations":[{"start":{"line":118,"column":11},"end":{"line":121,"column":5}},{"start":{},"end":{}}],"line":118},"16":{"loc":{"start":{"line":118,"column":15},"end":{"line":118,"column":46}},"type":"binary-expr","locations":[{"start":{"line":118,"column":15},"end":{"line":118,"column":26}},{"start":{"line":118,"column":30},"end":{"line":118,"column":46}}],"line":118},"17":{"loc":{"start":{"line":125,"column":4},"end":{"line":128,"column":5}},"type":"if","locations":[{"start":{"line":125,"column":4},"end":{"line":128,"column":5}},{"start":{},"end":{}}],"line":125},"18":{"loc":{"start":{"line":188,"column":4},"end":{"line":220,"column":5}},"type":"switch","locations":[{"start":{"line":189,"column":6},"end":{"line":191,"column":14}},{"start":{"line":192,"column":6},"end":{"line":196,"column":14}},{"start":{"line":197,"column":6},"end":{"line":199,"column":14}},{"start":{"line":200,"column":6},"end":{"line":202,"column":14}},{"start":{"line":203,"column":6},"end":{"line":207,"column":14}},{"start":{"line":208,"column":6},"end":{"line":210,"column":14}},{"start":{"line":211,"column":6},"end":{"line":213,"column":14}},{"start":{"line":214,"column":6},"end":{"line":217,"column":14}},{"start":{"line":218,"column":6},"end":{"line":219,"column":19}}],"line":188},"19":{"loc":{"start":{"line":226,"column":4},"end":{"line":230,"column":5}},"type":"if","locations":[{"start":{"line":226,"column":4},"end":{"line":230,"column":5}},{"start":{},"end":{}}],"line":226},"20":{"loc":{"start":{"line":234,"column":4},"end":{"line":243,"column":5}},"type":"if","locations":[{"start":{"line":234,"column":4},"end":{"line":243,"column":5}},{"start":{"line":236,"column":11},"end":{"line":243,"column":5}}],"line":234},"21":{"loc":{"start":{"line":239,"column":23},"end":{"line":239,"column":75}},"type":"binary-expr","locations":[{"start":{"line":239,"column":23},"end":{"line":239,"column":68}},{"start":{"line":239,"column":72},"end":{"line":239,"column":75}}],"line":239},"22":{"loc":{"start":{"line":240,"column":28},"end":{"line":240,"column":93}},"type":"binary-expr","locations":[{"start":{"line":240,"column":28},"end":{"line":240,"column":86}},{"start":{"line":240,"column":90},"end":{"line":240,"column":93}}],"line":240},"23":{"loc":{"start":{"line":254,"column":4},"end":{"line":258,"column":5}},"type":"if","locations":[{"start":{"line":254,"column":4},"end":{"line":258,"column":5}},{"start":{},"end":{}}],"line":254},"24":{"loc":{"start":{"line":267,"column":6},"end":{"line":273,"column":7}},"type":"if","locations":[{"start":{"line":267,"column":6},"end":{"line":273,"column":7}},{"start":{"line":270,"column":13},"end":{"line":273,"column":7}}],"line":267},"25":{"loc":{"start":{"line":303,"column":4},"end":{"line":310,"column":5}},"type":"if","locations":[{"start":{"line":303,"column":4},"end":{"line":310,"column":5}},{"start":{"line":305,"column":11},"end":{"line":310,"column":5}}],"line":303}},"s":{"0":1,"1":1,"2":1,"3":1,"4":1,"5":1,"6":1,"7":1,"8":1,"9":1,"10":1,"11":1,"12":1,"13":1,"14":1,"15":1,"16":1,"17":1,"18":1,"19":1,"20":1,"21":1,"22":1,"23":1,"24":1,"25":1,"26":1,"27":1,"28":1,"29":1,"30":1,"31":1,"32":1,"33":0,"34":0,"35":0,"36":0,"37":0,"38":0,"39":0,"40":0,"41":0,"42":0,"43":0,"44":0,"45":0,"46":0,"47":1,"48":0,"49":0,"50":0,"51":0,"52":0,"53":0,"54":0,"55":0,"56":0,"57":0,"58":0,"59":0,"60":0,"61":1,"62":0,"63":0,"64":0,"65":0,"66":1,"67":0,"68":0,"69":0,"70":0,"71":0,"72":0,"73":0,"74":1,"75":0,"76":0,"77":0,"78":0,"79":0,"80":0,"81":0,"82":0,"83":0,"84":0,"85":0,"86":0,"87":0,"88":0,"89":0,"90":0,"91":0,"92":0,"93":0,"94":0,"95":0,"96":0,"97":0,"98":0,"99":0,"100":0,"101":0,"102":0,"103":0,"104":0,"105":0,"106":0,"107":0,"108":0,"109":0,"110":0,"111":0,"112":0,"113":0,"114":0,"115":0,"116":0,"117":0,"118":0,"119":0,"120":0,"121":0,"122":0,"123":0,"124":0,"125":0,"126":0,"127":0,"128":0,"129":0,"130":0,"131":0,"132":0,"133":0,"134":0,"135":0,"136":0,"137":0,"138":0,"139":0,"140":0,"141":0,"142":0,"143":0,"144":0,"145":0,"146":0,"147":0,"148":0,"149":0,"150":0,"151":0,"152":0,"153":0,"154":0,"155":0,"156":0,"157":0,"158":0,"159":0,"160":0,"161":0,"162":0,"163":0,"164":0,"165":0,"166":0,"167":0,"168":0,"169":0,"170":0,"171":0,"172":0,"173":0,"174":0,"175":0,"176":0,"177":1},"f":{"0":1,"1":1,"2":0,"3":0,"4":0,"5":0,"6":0,"7":0,"8":0,"9":0,"10":0,"11":0,"12":0,"13":0,"14":0,"15":0,"16":0,"17":0,"18":0,"19":0,"20":0,"21":0,"22":0,"23":0,"24":0,"25":0,"26":0},"b":{"0":[0],"1":[1,0],"2":[0],"3":[0],"4":[0],"5":[0],"6":[0],"7":[0,0],"8":[0,0],"9":[0,0],"10":[0,0],"11":[0,0],"12":[0,0],"13":[0,0],"14":[0,0],"15":[0,0],"16":[0,0],"17":[0,0],"18":[0,0,0,0,0,0,0,0,0],"19":[0,0],"20":[0,0],"21":[0,0],"22":[0,0],"23":[0,0],"24":[0,0],"25":[0,0]},"inputSourceMap":null,"_coverageSchema":"1a1c01bbd47fc00a2c39e90264f33305004495a9","hash":"a50233be22205ea08c2e15b24fd59f400d8e30c8"}
,"C:\\Users\\jesse\\ai-feature-contracts\\lib\\watcher.cjs": {"path":"C:\\Users\\jesse\\ai-feature-contracts\\lib\\watcher.cjs","statementMap":{"0":{"start":{"line":6,"column":17},"end":{"line":6,"column":36}},"1":{"start":{"line":7,"column":13},"end":{"line":7,"column":28}},"2":{"start":{"line":8,"column":11},"end":{"line":8,"column":24}},"3":{"start":{"line":9,"column":29},"end":{"line":9,"column":50}},"4":{"start":{"line":10,"column":43},"end":{"line":10,"column":68}},"5":{"start":{"line":11,"column":30},"end":{"line":11,"column":53}},"6":{"start":{"line":24,"column":6},"end":{"line":24,"column":13}},"7":{"start":{"line":26,"column":14},"end":{"line":26,"column":40}},"8":{"start":{"line":27,"column":16},"end":{"line":27,"column":20}},"9":{"start":{"line":28,"column":23},"end":{"line":28,"column":32}},"10":{"start":{"line":29,"column":18},"end":{"line":29,"column":23}},"11":{"start":{"line":31,"column":23},"end":{"line":48,"column":3}},"12":{"start":{"line":32,"column":4},"end":{"line":47,"column":5}},"13":{"start":{"line":33,"column":6},"end":{"line":35,"column":7}},"14":{"start":{"line":34,"column":8},"end":{"line":34,"column":52}},"15":{"start":{"line":37,"column":22},"end":{"line":37,"column":55}},"16":{"start":{"line":38,"column":21},"end":{"line":38,"column":46}},"17":{"start":{"line":39,"column":23},"end":{"line":39,"column":46}},"18":{"start":{"line":41,"column":6},"end":{"line":41,"column":49}},"19":{"start":{"line":43,"column":6},"end":{"line":43,"column":87}},"20":{"start":{"line":45,"column":6},"end":{"line":45,"column":35}},"21":{"start":{"line":46,"column":6},"end":{"line":46,"column":52}},"22":{"start":{"line":50,"column":23},"end":{"line":62,"column":3}},"23":{"start":{"line":52,"column":4},"end":{"line":54,"column":5}},"24":{"start":{"line":53,"column":6},"end":{"line":53,"column":49}},"25":{"start":{"line":57,"column":4},"end":{"line":61,"column":20}},"26":{"start":{"line":58,"column":6},"end":{"line":58,"column":38}},"27":{"start":{"line":59,"column":6},"end":{"line":59,"column":45}},"28":{"start":{"line":60,"column":6},"end":{"line":60,"column":29}},"29":{"start":{"line":64,"column":2},"end":{"line":123,"column":4}},"30":{"start":{"line":66,"column":6},"end":{"line":66,"column":28}},"31":{"start":{"line":66,"column":21},"end":{"line":66,"column":28}},"32":{"start":{"line":68,"column":24},"end":{"line":68,"column":58}},"33":{"start":{"line":70,"column":6},"end":{"line":75,"column":9}},"34":{"start":{"line":77,"column":6},"end":{"line":88,"column":11}},"35":{"start":{"line":79,"column":10},"end":{"line":79,"column":93}},"36":{"start":{"line":80,"column":10},"end":{"line":80,"column":33}},"37":{"start":{"line":84,"column":10},"end":{"line":84,"column":90}},"38":{"start":{"line":87,"column":10},"end":{"line":87,"column":29}},"39":{"start":{"line":90,"column":6},"end":{"line":90,"column":23}},"40":{"start":{"line":91,"column":6},"end":{"line":91,"column":106}},"41":{"start":{"line":92,"column":6},"end":{"line":92,"column":71}},"42":{"start":{"line":96,"column":6},"end":{"line":96,"column":29}},"43":{"start":{"line":96,"column":22},"end":{"line":96,"column":29}},"44":{"start":{"line":99,"column":6},"end":{"line":101,"column":7}},"45":{"start":{"line":100,"column":8},"end":{"line":100,"column":28}},"46":{"start":{"line":102,"column":6},"end":{"line":102,"column":29}},"47":{"start":{"line":104,"column":6},"end":{"line":107,"column":7}},"48":{"start":{"line":105,"column":8},"end":{"line":105,"column":30}},"49":{"start":{"line":106,"column":8},"end":{"line":106,"column":23}},"50":{"start":{"line":109,"column":6},"end":{"line":109,"column":24}},"51":{"start":{"line":112,"column":21},"end":{"line":112,"column":30}},"52":{"start":{"line":115,"column":6},"end":{"line":115,"column":50}},"53":{"start":{"line":115,"column":40},"end":{"line":115,"column":50}},"54":{"start":{"line":117,"column":20},"end":{"line":117,"column":82}},"55":{"start":{"line":117,"column":61},"end":{"line":117,"column":81}},"56":{"start":{"line":118,"column":6},"end":{"line":121,"column":9}},"57":{"start":{"line":119,"column":25},"end":{"line":119,"column":54}},"58":{"start":{"line":120,"column":8},"end":{"line":120,"column":51}},"59":{"start":{"line":130,"column":31},"end":{"line":130,"column":38}},"60":{"start":{"line":132,"column":23},"end":{"line":140,"column":3}},"61":{"start":{"line":133,"column":4},"end":{"line":139,"column":5}},"62":{"start":{"line":134,"column":19},"end":{"line":134,"column":89}},"63":{"start":{"line":135,"column":6},"end":{"line":135,"column":119}},"64":{"start":{"line":137,"column":6},"end":{"line":137,"column":77}},"65":{"start":{"line":138,"column":6},"end":{"line":138,"column":86}},"66":{"start":{"line":138,"column":34},"end":{"line":138,"column":84}},"67":{"start":{"line":142,"column":18},"end":{"line":148,"column":4}},"68":{"start":{"line":144,"column":42},"end":{"line":144,"column":72}},"69":{"start":{"line":146,"column":6},"end":{"line":146,"column":89}},"70":{"start":{"line":151,"column":19},"end":{"line":155,"column":3}},"71":{"start":{"line":152,"column":4},"end":{"line":152,"column":68}},"72":{"start":{"line":153,"column":4},"end":{"line":153,"column":25}},"73":{"start":{"line":154,"column":4},"end":{"line":154,"column":20}},"74":{"start":{"line":157,"column":2},"end":{"line":157,"column":33}},"75":{"start":{"line":158,"column":2},"end":{"line":158,"column":34}},"76":{"start":{"line":160,"column":2},"end":{"line":160,"column":18}},"77":{"start":{"line":161,"column":2},"end":{"line":161,"column":17}},"78":{"start":{"line":164,"column":0},"end":{"line":164,"column":49}}},"fnMap":{"0":{"name":"createWatcher","decl":{"start":{"line":16,"column":9},"end":{"line":16,"column":22}},"loc":{"start":{"line":16,"column":51},"end":{"line":124,"column":1}},"line":16},"1":{"name":"(anonymous_1)","decl":{"start":{"line":18,"column":17},"end":{"line":18,"column":18}},"loc":{"start":{"line":18,"column":23},"end":{"line":18,"column":25}},"line":18},"2":{"name":"(anonymous_2)","decl":{"start":{"line":19,"column":14},"end":{"line":19,"column":15}},"loc":{"start":{"line":19,"column":20},"end":{"line":19,"column":22}},"line":19},"3":{"name":"(anonymous_3)","decl":{"start":{"line":20,"column":15},"end":{"line":20,"column":16}},"loc":{"start":{"line":20,"column":21},"end":{"line":20,"column":23}},"line":20},"4":{"name":"(anonymous_4)","decl":{"start":{"line":31,"column":23},"end":{"line":31,"column":24}},"loc":{"start":{"line":31,"column":37},"end":{"line":48,"column":3}},"line":31},"5":{"name":"(anonymous_5)","decl":{"start":{"line":50,"column":23},"end":{"line":50,"column":24}},"loc":{"start":{"line":50,"column":37},"end":{"line":62,"column":3}},"line":50},"6":{"name":"(anonymous_6)","decl":{"start":{"line":57,"column":44},"end":{"line":57,"column":45}},"loc":{"start":{"line":57,"column":50},"end":{"line":61,"column":5}},"line":57},"7":{"name":"(anonymous_7)","decl":{"start":{"line":65,"column":11},"end":{"line":65,"column":12}},"loc":{"start":{"line":65,"column":17},"end":{"line":93,"column":5}},"line":65},"8":{"name":"(anonymous_8)","decl":{"start":{"line":78,"column":19},"end":{"line":78,"column":20}},"loc":{"start":{"line":78,"column":33},"end":{"line":81,"column":9}},"line":78},"9":{"name":"(anonymous_9)","decl":{"start":{"line":83,"column":22},"end":{"line":83,"column":23}},"loc":{"start":{"line":83,"column":36},"end":{"line":85,"column":9}},"line":83},"10":{"name":"(anonymous_10)","decl":{"start":{"line":86,"column":21},"end":{"line":86,"column":22}},"loc":{"start":{"line":86,"column":32},"end":{"line":88,"column":9}},"line":86},"11":{"name":"(anonymous_11)","decl":{"start":{"line":95,"column":10},"end":{"line":95,"column":11}},"loc":{"start":{"line":95,"column":22},"end":{"line":110,"column":5}},"line":95},"12":{"name":"(anonymous_12)","decl":{"start":{"line":112,"column":15},"end":{"line":112,"column":16}},"loc":{"start":{"line":112,"column":21},"end":{"line":112,"column":30}},"line":112},"13":{"name":"(anonymous_13)","decl":{"start":{"line":114,"column":17},"end":{"line":114,"column":18}},"loc":{"start":{"line":114,"column":23},"end":{"line":122,"column":5}},"line":114},"14":{"name":"(anonymous_14)","decl":{"start":{"line":117,"column":56},"end":{"line":117,"column":57}},"loc":{"start":{"line":117,"column":61},"end":{"line":117,"column":81}},"line":117},"15":{"name":"(anonymous_15)","decl":{"start":{"line":118,"column":23},"end":{"line":118,"column":24}},"loc":{"start":{"line":118,"column":31},"end":{"line":121,"column":7}},"line":118},"16":{"name":"runWatchMode","decl":{"start":{"line":129,"column":9},"end":{"line":129,"column":21}},"loc":{"start":{"line":129,"column":50},"end":{"line":162,"column":1}},"line":129},"17":{"name":"(anonymous_17)","decl":{"start":{"line":132,"column":23},"end":{"line":132,"column":24}},"loc":{"start":{"line":132,"column":45},"end":{"line":140,"column":3}},"line":132},"18":{"name":"(anonymous_18)","decl":{"start":{"line":138,"column":29},"end":{"line":138,"column":30}},"loc":{"start":{"line":138,"column":34},"end":{"line":138,"column":84}},"line":138},"19":{"name":"(anonymous_19)","decl":{"start":{"line":144,"column":16},"end":{"line":144,"column":17}},"loc":{"start":{"line":144,"column":42},"end":{"line":144,"column":72}},"line":144},"20":{"name":"(anonymous_20)","decl":{"start":{"line":145,"column":13},"end":{"line":145,"column":14}},"loc":{"start":{"line":145,"column":38},"end":{"line":147,"column":5}},"line":145},"21":{"name":"(anonymous_21)","decl":{"start":{"line":151,"column":19},"end":{"line":151,"column":20}},"loc":{"start":{"line":151,"column":31},"end":{"line":155,"column":3}},"line":151}},"branchMap":{"0":{"loc":{"start":{"line":16,"column":37},"end":{"line":16,"column":49}},"type":"default-arg","locations":[{"start":{"line":16,"column":47},"end":{"line":16,"column":49}}],"line":16},"1":{"loc":{"start":{"line":18,"column":4},"end":{"line":18,"column":25}},"type":"default-arg","locations":[{"start":{"line":18,"column":17},"end":{"line":18,"column":25}}],"line":18},"2":{"loc":{"start":{"line":19,"column":4},"end":{"line":19,"column":22}},"type":"default-arg","locations":[{"start":{"line":19,"column":14},"end":{"line":19,"column":22}}],"line":19},"3":{"loc":{"start":{"line":20,"column":4},"end":{"line":20,"column":23}},"type":"default-arg","locations":[{"start":{"line":20,"column":15},"end":{"line":20,"column":23}}],"line":20},"4":{"loc":{"start":{"line":21,"column":4},"end":{"line":21,"column":20}},"type":"default-arg","locations":[{"start":{"line":21,"column":13},"end":{"line":21,"column":20}}],"line":21},"5":{"loc":{"start":{"line":22,"column":4},"end":{"line":22,"column":20}},"type":"default-arg","locations":[{"start":{"line":22,"column":17},"end":{"line":22,"column":20}}],"line":22},"6":{"loc":{"start":{"line":23,"column":4},"end":{"line":23,"column":16}},"type":"default-arg","locations":[{"start":{"line":23,"column":14},"end":{"line":23,"column":16}}],"line":23},"7":{"loc":{"start":{"line":33,"column":6},"end":{"line":35,"column":7}},"type":"if","locations":[{"start":{"line":33,"column":6},"end":{"line":35,"column":7}},{"start":{},"end":{}}],"line":33},"8":{"loc":{"start":{"line":52,"column":4},"end":{"line":54,"column":5}},"type":"if","locations":[{"start":{"line":52,"column":4},"end":{"line":54,"column":5}},{"start":{},"end":{}}],"line":52},"9":{"loc":{"start":{"line":66,"column":6},"end":{"line":66,"column":28}},"type":"if","locations":[{"start":{"line":66,"column":6},"end":{"line":66,"column":28}},{"start":{},"end":{}}],"line":66},"10":{"loc":{"start":{"line":96,"column":6},"end":{"line":96,"column":29}},"type":"if","locations":[{"start":{"line":96,"column":6},"end":{"line":96,"column":29}},{"start":{},"end":{}}],"line":96},"11":{"loc":{"start":{"line":104,"column":6},"end":{"line":107,"column":7}},"type":"if","locations":[{"start":{"line":104,"column":6},"end":{"line":107,"column":7}},{"start":{},"end":{}}],"line":104},"12":{"loc":{"start":{"line":115,"column":6},"end":{"line":115,"column":50}},"type":"if","locations":[{"start":{"line":115,"column":6},"end":{"line":115,"column":50}},{"start":{},"end":{}}],"line":115},"13":{"loc":{"start":{"line":129,"column":36},"end":{"line":129,"column":48}},"type":"default-arg","locations":[{"start":{"line":129,"column":46},"end":{"line":129,"column":48}}],"line":129},"14":{"loc":{"start":{"line":130,"column":10},"end":{"line":130,"column":26}},"type":"default-arg","locations":[{"start":{"line":130,"column":19},"end":{"line":130,"column":26}}],"line":130},"15":{"loc":{"start":{"line":133,"column":4},"end":{"line":139,"column":5}},"type":"if","locations":[{"start":{"line":133,"column":4},"end":{"line":139,"column":5}},{"start":{"line":136,"column":11},"end":{"line":139,"column":5}}],"line":133},"16":{"loc":{"start":{"line":134,"column":19},"end":{"line":134,"column":89}},"type":"cond-expr","locations":[{"start":{"line":134,"column":45},"end":{"line":134,"column":84}},{"start":{"line":134,"column":87},"end":{"line":134,"column":89}}],"line":134}},"s":{"0":1,"1":1,"2":1,"3":1,"4":1,"5":1,"6":2,"7":2,"8":2,"9":2,"10":2,"11":2,"12":1,"13":1,"14":0,"15":1,"16":1,"17":1,"18":1,"19":1,"20":0,"21":0,"22":2,"23":0,"24":0,"25":0,"26":0,"27":0,"28":0,"29":2,"30":1,"31":0,"32":1,"33":1,"34":1,"35":0,"36":0,"37":0,"38":0,"39":1,"40":1,"41":1,"42":1,"43":0,"44":1,"45":0,"46":1,"47":1,"48":1,"49":1,"50":1,"51":2,"52":1,"53":0,"54":1,"55":1,"56":1,"57":1,"58":1,"59":0,"60":0,"61":0,"62":0,"63":0,"64":0,"65":0,"66":0,"67":0,"68":0,"69":0,"70":0,"71":0,"72":0,"73":0,"74":0,"75":0,"76":0,"77":0,"78":1},"f":{"0":2,"1":1,"2":0,"3":0,"4":1,"5":0,"6":0,"7":1,"8":0,"9":0,"10":0,"11":1,"12":2,"13":1,"14":1,"15":1,"16":0,"17":0,"18":0,"19":0,"20":0,"21":0},"b":{"0":[1],"1":[2],"2":[2],"3":[2],"4":[1],"5":[2],"6":[2],"7":[0,1],"8":[0,0],"9":[0,1],"10":[0,1],"11":[1,0],"12":[0,1],"13":[0],"14":[0],"15":[0,0],"16":[0,0]},"inputSourceMap":null,"_coverageSchema":"1a1c01bbd47fc00a2c39e90264f33305004495a9","hash":"d9a1e09b932edd757c0dd1fbc05036a4adeb46e4"}
}
