TN:
SF:lib\agile.cjs
FN:3,extractContractTitle
FN:8,extractScopeItems
FN:10,(anonymous_2)
FN:13,extractFiles
FN:15,(anonymous_4)
FN:19,(anonymous_5)
FN:20,(anonymous_6)
FN:29,toId
FN:33,inferSubtasks
FN:34,(anonymous_9)
FN:35,(anonymous_10)
FN:39,(anonymous_11)
FN:58,generateBacklog
FN:64,(anonymous_13)
FN:95,getBacklogPath
FNF:15
FNH:0
FNDA:0,extractContractTitle
FNDA:0,extractScopeItems
FNDA:0,(anonymous_2)
FNDA:0,extractFiles
FNDA:0,(anonymous_4)
FNDA:0,(anonymous_5)
FNDA:0,(anonymous_6)
FNDA:0,toId
FNDA:0,inferSubtasks
FNDA:0,(anonymous_9)
FNDA:0,(anonymous_10)
FNDA:0,(anonymous_11)
FNDA:0,generateBacklog
FNDA:0,(anonymous_13)
FNDA:0,getBacklogPath
DA:1,0
DA:4,0
DA:5,0
DA:9,0
DA:10,0
DA:14,0
DA:15,0
DA:16,0
DA:19,0
DA:20,0
DA:21,0
DA:30,0
DA:34,0
DA:35,0
DA:38,0
DA:39,0
DA:47,0
DA:55,0
DA:59,0
DA:60,0
DA:61,0
DA:62,0
DA:64,0
DA:71,0
DA:72,0
DA:80,0
DA:96,0
DA:99,0
LF:28
LH:0
BRDA:5,0,0,0
BRDA:5,0,1,0
BRDA:9,1,0,0
BRDA:9,1,1,0
BRDA:10,2,0,0
BRDA:10,2,1,0
BRDA:14,3,0,0
BRDA:14,3,1,0
BRDA:16,4,0,0
BRDA:16,4,1,0
BRDA:16,4,2,0
BRDA:23,5,0,0
BRDA:23,5,1,0
BRDA:24,6,0,0
BRDA:24,6,1,0
BRDA:35,7,0,0
BRDA:35,7,1,0
BRDA:38,8,0,0
BRDA:38,8,1,0
BRDA:42,9,0,0
BRDA:42,9,1,0
BRDA:67,10,0,0
BRDA:67,10,1,0
BRDA:71,11,0,0
BRDA:71,11,1,0
BRF:25
BRH:0
end_of_record
TN:
SF:lib\commands.cjs
FN:21,createProjectContext
FN:32,ensureContractsDir
FN:38,writeOutput
FN:48,inferCreateRequest
FN:101,(anonymous_4)
FN:105,(anonymous_5)
FN:122,createCommandHandlers
FN:126,(anonymous_7)
FN:131,(anonymous_8)
FN:132,(anonymous_9)
FN:133,(anonymous_10)
FN:134,(anonymous_11)
FN:135,(anonymous_12)
FN:136,(anonymous_13)
FN:137,(anonymous_14)
FN:140,resolveContract
FN:153,init
FN:165,(anonymous_17)
FN:215,create
FN:237,validate
FN:256,(anonymous_20)
FN:261,(anonymous_21)
FN:266,(anonymous_22)
FN:281,plan
FN:300,(anonymous_24)
FN:303,(anonymous_25)
FN:304,(anonymous_26)
FN:318,(anonymous_27)
FN:319,(anonymous_28)
FN:345,approve
FN:369,execute
FN:397,(anonymous_31)
FN:399,(anonymous_32)
FN:401,(anonymous_33)
FN:411,audit
FN:432,(anonymous_35)
FN:462,list
FN:465,(anonymous_37)
FN:473,(anonymous_38)
FN:489,backlog
FN:516,promptBundle
FN:540,resolveSessionFile
FN:569,readSessionFile
FN:574,listSessionFiles
FN:580,(anonymous_44)
FN:581,(anonymous_45)
FN:584,derivePersonaFromArtifacts
FN:607,regenerateSession
FN:628,(anonymous_48)
FN:662,session
FN:680,(anonymous_50)
FN:730,(anonymous_51)
FN:731,(anonymous_52)
FN:740,(anonymous_53)
FN:753,initHooks
FN:768,(anonymous_55)
FN:811,(anonymous_56)
FNF:57
FNH:0
FNDA:0,createProjectContext
FNDA:0,ensureContractsDir
FNDA:0,writeOutput
FNDA:0,inferCreateRequest
FNDA:0,(anonymous_4)
FNDA:0,(anonymous_5)
FNDA:0,createCommandHandlers
FNDA:0,(anonymous_7)
FNDA:0,(anonymous_8)
FNDA:0,(anonymous_9)
FNDA:0,(anonymous_10)
FNDA:0,(anonymous_11)
FNDA:0,(anonymous_12)
FNDA:0,(anonymous_13)
FNDA:0,(anonymous_14)
FNDA:0,resolveContract
FNDA:0,init
FNDA:0,(anonymous_17)
FNDA:0,create
FNDA:0,validate
FNDA:0,(anonymous_20)
FNDA:0,(anonymous_21)
FNDA:0,(anonymous_22)
FNDA:0,plan
FNDA:0,(anonymous_24)
FNDA:0,(anonymous_25)
FNDA:0,(anonymous_26)
FNDA:0,(anonymous_27)
FNDA:0,(anonymous_28)
FNDA:0,approve
FNDA:0,execute
FNDA:0,(anonymous_31)
FNDA:0,(anonymous_32)
FNDA:0,(anonymous_33)
FNDA:0,audit
FNDA:0,(anonymous_35)
FNDA:0,list
FNDA:0,(anonymous_37)
FNDA:0,(anonymous_38)
FNDA:0,backlog
FNDA:0,promptBundle
FNDA:0,resolveSessionFile
FNDA:0,readSessionFile
FNDA:0,listSessionFiles
FNDA:0,(anonymous_44)
FNDA:0,(anonymous_45)
FNDA:0,derivePersonaFromArtifacts
FNDA:0,regenerateSession
FNDA:0,(anonymous_48)
FNDA:0,session
FNDA:0,(anonymous_50)
FNDA:0,(anonymous_51)
FNDA:0,(anonymous_52)
FNDA:0,(anonymous_53)
FNDA:0,initHooks
FNDA:0,(anonymous_55)
FNDA:0,(anonymous_56)
DA:1,0
DA:2,0
DA:3,0
DA:4,0
DA:5,0
DA:6,0
DA:7,0
DA:12,0
DA:19,0
DA:22,0
DA:33,0
DA:34,0
DA:39,0
DA:40,0
DA:42,0
DA:43,0
DA:44,0
DA:49,0
DA:53,0
DA:101,0
DA:102,0
DA:104,0
DA:105,0
DA:106,0
DA:110,0
DA:115,0
DA:126,0
DA:130,0
DA:131,0
DA:132,0
DA:133,0
DA:134,0
DA:135,0
DA:136,0
DA:137,0
DA:141,0
DA:142,0
DA:144,0
DA:145,0
DA:146,0
DA:148,0
DA:149,0
DA:154,0
DA:156,0
DA:157,0
DA:158,0
DA:159,0
DA:160,0
DA:161,0
DA:164,0
DA:165,0
DA:166,0
DA:167,0
DA:168,0
DA:169,0
DA:170,0
DA:174,0
DA:175,0
DA:176,0
DA:207,0
DA:210,0
DA:211,0
DA:212,0
DA:216,0
DA:218,0
DA:219,0
DA:220,0
DA:226,0
DA:227,0
DA:228,0
DA:229,0
DA:230,0
DA:232,0
DA:233,0
DA:238,0
DA:239,0
DA:240,0
DA:243,0
DA:244,0
DA:245,0
DA:247,0
DA:248,0
DA:250,0
DA:251,0
DA:254,0
DA:255,0
DA:256,0
DA:259,0
DA:260,0
DA:261,0
DA:264,0
DA:265,0
DA:266,0
DA:269,0
DA:271,0
DA:272,0
DA:273,0
DA:274,0
DA:277,0
DA:278,0
DA:282,0
DA:283,0
DA:284,0
DA:287,0
DA:288,0
DA:289,0
DA:291,0
DA:292,0
DA:293,0
DA:294,0
DA:297,0
DA:298,0
DA:299,0
DA:300,0
DA:301,0
DA:303,0
DA:304,0
DA:305,0
DA:306,0
DA:315,0
DA:316,0
DA:317,0
DA:318,0
DA:319,0
DA:322,0
DA:333,0
DA:334,0
DA:335,0
DA:337,0
DA:338,0
DA:339,0
DA:340,0
DA:341,0
DA:342,0
DA:346,0
DA:347,0
DA:348,0
DA:351,0
DA:352,0
DA:353,0
DA:354,0
DA:356,0
DA:357,0
DA:358,0
DA:359,0
DA:360,0
DA:361,0
DA:362,0
DA:365,0
DA:366,0
DA:370,0
DA:371,0
DA:372,0
DA:375,0
DA:376,0
DA:377,0
DA:378,0
DA:379,0
DA:380,0
DA:383,0
DA:384,0
DA:385,0
DA:386,0
DA:387,0
DA:388,0
DA:391,0
DA:393,0
DA:394,0
DA:395,0
DA:396,0
DA:397,0
DA:398,0
DA:399,0
DA:400,0
DA:401,0
DA:402,0
DA:403,0
DA:404,0
DA:406,0
DA:407,0
DA:408,0
DA:412,0
DA:413,0
DA:414,0
DA:417,0
DA:418,0
DA:419,0
DA:420,0
DA:424,0
DA:425,0
DA:426,0
DA:427,0
DA:428,0
DA:429,0
DA:431,0
DA:432,0
DA:433,0
DA:434,0
DA:435,0
DA:439,0
DA:440,0
DA:441,0
DA:442,0
DA:443,0
DA:444,0
DA:446,0
DA:449,0
DA:450,0
DA:451,0
DA:453,0
DA:457,0
DA:458,0
DA:459,0
DA:463,0
DA:465,0
DA:466,0
DA:467,0
DA:468,0
DA:469,0
DA:472,0
DA:473,0
DA:474,0
DA:475,0
DA:476,0
DA:477,0
DA:483,0
DA:484,0
DA:486,0
DA:490,0
DA:491,0
DA:492,0
DA:495,0
DA:496,0
DA:497,0
DA:498,0
DA:499,0
DA:500,0
DA:501,0
DA:504,0
DA:505,0
DA:506,0
DA:507,0
DA:509,0
DA:510,0
DA:511,0
DA:512,0
DA:513,0
DA:517,0
DA:518,0
DA:519,0
DA:522,0
DA:523,0
DA:524,0
DA:525,0
DA:526,0
DA:528,0
DA:536,0
DA:537,0
DA:541,0
DA:542,0
DA:545,0
DA:546,0
DA:547,0
DA:550,0
DA:551,0
DA:552,0
DA:555,0
DA:556,0
DA:557,0
DA:559,0
DA:560,0
DA:562,0
DA:563,0
DA:566,0
DA:570,0
DA:571,0
DA:575,0
DA:576,0
DA:579,0
DA:580,0
DA:581,0
DA:585,0
DA:591,0
DA:599,0
DA:608,0
DA:609,0
DA:610,0
DA:613,0
DA:614,0
DA:615,0
DA:616,0
DA:619,0
DA:628,0
DA:629,0
DA:630,0
DA:634,0
DA:635,0
DA:636,0
DA:637,0
DA:641,0
DA:654,0
DA:655,0
DA:658,0
DA:659,0
DA:669,0
DA:671,0
DA:672,0
DA:673,0
DA:674,0
DA:675,0
DA:676,0
DA:679,0
DA:680,0
DA:681,0
DA:682,0
DA:683,0
DA:684,0
DA:685,0
DA:686,0
DA:687,0
DA:689,0
DA:692,0
DA:693,0
DA:695,0
DA:698,0
DA:699,0
DA:700,0
DA:701,0
DA:703,0
DA:705,0
DA:708,0
DA:709,0
DA:710,0
DA:712,0
DA:713,0
DA:714,0
DA:715,0
DA:717,0
DA:718,0
DA:721,0
DA:722,0
DA:723,0
DA:724,0
DA:725,0
DA:726,0
DA:727,0
DA:729,0
DA:730,0
DA:732,0
DA:733,0
DA:734,0
DA:735,0
DA:738,0
DA:739,0
DA:740,0
DA:741,0
DA:744,0
DA:745,0
DA:747,0
DA:749,0
DA:754,0
DA:755,0
DA:757,0
DA:758,0
DA:759,0
DA:760,0
DA:763,0
DA:764,0
DA:767,0
DA:768,0
DA:769,0
DA:770,0
DA:772,0
DA:773,0
DA:775,0
DA:776,0
DA:780,0
DA:784,0
DA:785,0
DA:786,0
DA:787,0
DA:788,0
DA:789,0
DA:790,0
DA:791,0
DA:792,0
DA:793,0
DA:794,0
DA:797,0
DA:811,0
DA:815,0
LF:391
LH:0
BRDA:33,0,0,0
BRDA:33,0,1,0
BRDA:39,1,0,0
BRDA:39,1,1,0
BRDA:39,2,0,0
BRDA:39,2,1,0
BRDA:42,3,0,0
BRDA:42,3,1,0
BRDA:42,4,0,0
BRDA:42,4,1,0
BRDA:42,4,2,0
BRDA:49,5,0,0
BRDA:49,5,1,0
BRDA:49,6,0,0
BRDA:49,6,1,0
BRDA:104,7,0,0
BRDA:104,7,1,0
BRDA:117,8,0,0
BRDA:117,8,1,0
BRDA:118,9,0,0
BRDA:118,9,1,0
BRDA:124,10,0,0
BRDA:125,11,0,0
BRDA:126,12,0,0
BRDA:127,13,0,0
BRDA:128,14,0,0
BRDA:131,15,0,0
BRDA:131,15,1,0
BRDA:132,16,0,0
BRDA:132,16,1,0
BRDA:133,17,0,0
BRDA:133,17,1,0
BRDA:134,18,0,0
BRDA:134,18,1,0
BRDA:135,19,0,0
BRDA:135,19,1,0
BRDA:136,20,0,0
BRDA:136,20,1,0
BRDA:137,21,0,0
BRDA:137,21,1,0
BRDA:145,22,0,0
BRDA:145,22,1,0
BRDA:160,23,0,0
BRDA:160,23,1,0
BRDA:168,24,0,0
BRDA:168,24,1,0
BRDA:168,25,0,0
BRDA:168,25,1,0
BRDA:175,26,0,0
BRDA:175,26,1,0
BRDA:239,27,0,0
BRDA:239,27,1,0
BRDA:250,28,0,0
BRDA:250,28,1,0
BRDA:254,29,0,0
BRDA:254,29,1,0
BRDA:259,30,0,0
BRDA:259,30,1,0
BRDA:264,31,0,0
BRDA:264,31,1,0
BRDA:264,32,0,0
BRDA:264,32,1,0
BRDA:271,33,0,0
BRDA:271,33,1,0
BRDA:272,34,0,0
BRDA:272,34,1,0
BRDA:283,35,0,0
BRDA:283,35,1,0
BRDA:291,36,0,0
BRDA:291,36,1,0
BRDA:299,37,0,0
BRDA:299,37,1,0
BRDA:301,38,0,0
BRDA:301,38,1,0
BRDA:301,38,2,0
BRDA:305,39,0,0
BRDA:305,39,1,0
BRDA:305,40,0,0
BRDA:305,40,1,0
BRDA:317,41,0,0
BRDA:317,41,1,0
BRDA:326,42,0,0
BRDA:326,42,1,0
BRDA:347,43,0,0
BRDA:347,43,1,0
BRDA:358,44,0,0
BRDA:358,44,1,0
BRDA:371,45,0,0
BRDA:371,45,1,0
BRDA:377,46,0,0
BRDA:377,46,1,0
BRDA:385,47,0,0
BRDA:385,47,1,0
BRDA:413,48,0,0
BRDA:413,48,1,0
BRDA:420,49,0,0
BRDA:420,49,1,0
BRDA:428,50,0,0
BRDA:428,50,1,0
BRDA:431,51,0,0
BRDA:431,51,1,0
BRDA:434,52,0,0
BRDA:434,52,1,0
BRDA:434,53,0,0
BRDA:434,53,1,0
BRDA:441,54,0,0
BRDA:441,54,1,0
BRDA:466,55,0,0
BRDA:466,55,1,0
BRDA:475,56,0,0
BRDA:475,56,1,0
BRDA:476,57,0,0
BRDA:476,57,1,0
BRDA:483,58,0,0
BRDA:483,58,1,0
BRDA:491,59,0,0
BRDA:491,59,1,0
BRDA:498,60,0,0
BRDA:498,60,1,0
BRDA:518,61,0,0
BRDA:518,61,1,0
BRDA:532,62,0,0
BRDA:532,62,1,0
BRDA:533,63,0,0
BRDA:533,63,1,0
BRDA:541,64,0,0
BRDA:541,64,1,0
BRDA:545,65,0,0
BRDA:545,65,1,0
BRDA:546,66,0,0
BRDA:546,66,1,0
BRDA:546,67,0,0
BRDA:546,67,1,0
BRDA:551,68,0,0
BRDA:551,68,1,0
BRDA:559,69,0,0
BRDA:559,69,1,0
BRDA:562,70,0,0
BRDA:562,70,1,0
BRDA:571,71,0,0
BRDA:571,71,1,0
BRDA:575,72,0,0
BRDA:575,72,1,0
BRDA:580,73,0,0
BRDA:580,73,1,0
BRDA:585,74,0,0
BRDA:585,74,1,0
BRDA:586,75,0,0
BRDA:586,75,1,0
BRDA:586,75,2,0
BRDA:586,75,3,0
BRDA:607,76,0,0
BRDA:607,77,0,0
BRDA:607,78,0,0
BRDA:609,79,0,0
BRDA:609,79,1,0
BRDA:615,80,0,0
BRDA:615,80,1,0
BRDA:629,81,0,0
BRDA:629,81,1,0
BRDA:629,82,0,0
BRDA:629,82,1,0
BRDA:629,82,2,0
BRDA:636,83,0,0
BRDA:636,83,1,0
BRDA:637,84,0,0
BRDA:637,84,1,0
BRDA:637,85,0,0
BRDA:637,85,1,0
BRDA:637,85,2,0
BRDA:637,85,3,0
BRDA:646,86,0,0
BRDA:646,86,1,0
BRDA:647,87,0,0
BRDA:647,87,1,0
BRDA:648,88,0,0
BRDA:648,88,1,0
BRDA:649,89,0,0
BRDA:649,89,1,0
BRDA:650,90,0,0
BRDA:650,90,1,0
BRDA:654,91,0,0
BRDA:654,91,1,0
BRDA:655,92,0,0
BRDA:655,92,1,0
BRDA:662,93,0,0
BRDA:664,94,0,0
BRDA:665,95,0,0
BRDA:666,96,0,0
BRDA:667,97,0,0
BRDA:668,98,0,0
BRDA:672,99,0,0
BRDA:672,99,1,0
BRDA:674,100,0,0
BRDA:674,100,1,0
BRDA:684,101,0,0
BRDA:684,101,1,0
BRDA:692,102,0,0
BRDA:692,102,1,0
BRDA:698,103,0,0
BRDA:698,103,1,0
BRDA:700,104,0,0
BRDA:700,104,1,0
BRDA:712,105,0,0
BRDA:712,105,1,0
BRDA:713,106,0,0
BRDA:713,106,1,0
BRDA:726,107,0,0
BRDA:726,107,1,0
BRDA:729,108,0,0
BRDA:729,108,1,0
BRDA:734,109,0,0
BRDA:734,109,1,0
BRDA:735,110,0,0
BRDA:735,110,1,0
BRDA:735,111,0,0
BRDA:735,111,1,0
BRDA:738,112,0,0
BRDA:738,112,1,0
BRDA:744,113,0,0
BRDA:744,113,1,0
BRDA:757,114,0,0
BRDA:757,114,1,0
BRDA:763,115,0,0
BRDA:763,115,1,0
BRDA:772,116,0,0
BRDA:772,116,1,0
BRDA:811,117,0,0
BRF:228
BRH:0
end_of_record
TN:
SF:lib\core.cjs
FN:14,(anonymous_0)
FN:15,(anonymous_1)
FN:16,(anonymous_2)
FN:37,(anonymous_3)
FN:38,(anonymous_4)
FN:39,(anonymous_5)
FN:40,(anonymous_6)
FN:41,(anonymous_7)
FN:42,(anonymous_8)
FN:43,(anonymous_9)
FN:44,(anonymous_10)
FN:51,validateContract
FN:58,(anonymous_12)
FN:65,(anonymous_13)
FN:74,(anonymous_14)
FN:85,(anonymous_15)
FN:137,(anonymous_16)
FN:161,(anonymous_17)
FN:170,(anonymous_18)
FN:222,loadAgent
FN:245,listAgents
FN:249,(anonymous_21)
FN:250,(anonymous_22)
FN:267,loadWorkflow
FN:283,listWorkflows
FN:288,(anonymous_25)
FN:289,(anonymous_26)
FN:306,saveProgress
FN:320,loadProgress
FN:332,clearProgress
FN:339,listProgress
FN:344,(anonymous_31)
FN:345,(anonymous_32)
FN:360,createContract
FN:390,resolveContract
FNF:35
FNH:0
FNDA:0,(anonymous_0)
FNDA:0,(anonymous_1)
FNDA:0,(anonymous_2)
FNDA:0,(anonymous_3)
FNDA:0,(anonymous_4)
FNDA:0,(anonymous_5)
FNDA:0,(anonymous_6)
FNDA:0,(anonymous_7)
FNDA:0,(anonymous_8)
FNDA:0,(anonymous_9)
FNDA:0,(anonymous_10)
FNDA:0,validateContract
FNDA:0,(anonymous_12)
FNDA:0,(anonymous_13)
FNDA:0,(anonymous_14)
FNDA:0,(anonymous_15)
FNDA:0,(anonymous_16)
FNDA:0,(anonymous_17)
FNDA:0,(anonymous_18)
FNDA:0,loadAgent
FNDA:0,listAgents
FNDA:0,(anonymous_21)
FNDA:0,(anonymous_22)
FNDA:0,loadWorkflow
FNDA:0,listWorkflows
FNDA:0,(anonymous_25)
FNDA:0,(anonymous_26)
FNDA:0,saveProgress
FNDA:0,loadProgress
FNDA:0,clearProgress
FNDA:0,listProgress
FNDA:0,(anonymous_31)
FNDA:0,(anonymous_32)
FNDA:0,createContract
FNDA:0,resolveContract
DA:6,0
DA:7,0
DA:8,0
DA:14,0
DA:15,0
DA:16,0
DA:22,0
DA:36,0
DA:37,0
DA:38,0
DA:39,0
DA:40,0
DA:41,0
DA:42,0
DA:43,0
DA:44,0
DA:52,0
DA:53,0
DA:54,0
DA:57,0
DA:58,0
DA:59,0
DA:63,0
DA:64,0
DA:65,0
DA:66,0
DA:67,0
DA:72,0
DA:73,0
DA:74,0
DA:75,0
DA:76,0
DA:81,0
DA:82,0
DA:83,0
DA:85,0
DA:86,0
DA:87,0
DA:89,0
DA:90,0
DA:95,0
DA:96,0
DA:97,0
DA:98,0
DA:99,0
DA:103,0
DA:104,0
DA:105,0
DA:106,0
DA:107,0
DA:111,0
DA:112,0
DA:116,0
DA:117,0
DA:118,0
DA:119,0
DA:120,0
DA:121,0
DA:125,0
DA:126,0
DA:128,0
DA:129,0
DA:131,0
DA:132,0
DA:136,0
DA:137,0
DA:138,0
DA:139,0
DA:147,0
DA:148,0
DA:149,0
DA:151,0
DA:152,0
DA:153,0
DA:154,0
DA:159,0
DA:160,0
DA:161,0
DA:163,0
DA:164,0
DA:168,0
DA:169,0
DA:170,0
DA:171,0
DA:172,0
DA:180,0
DA:181,0
DA:182,0
DA:185,0
DA:186,0
DA:187,0
DA:190,0
DA:191,0
DA:192,0
DA:195,0
DA:196,0
DA:197,0
DA:198,0
DA:202,0
DA:223,0
DA:224,0
DA:225,0
DA:233,0
DA:234,0
DA:235,0
DA:236,0
DA:237,0
DA:240,0
DA:242,0
DA:246,0
DA:247,0
DA:249,0
DA:250,0
DA:251,0
DA:252,0
DA:268,0
DA:269,0
DA:270,0
DA:272,0
DA:273,0
DA:274,0
DA:275,0
DA:277,0
DA:280,0
DA:284,0
DA:285,0
DA:287,0
DA:288,0
DA:290,0
DA:291,0
DA:292,0
DA:293,0
DA:298,0
DA:307,0
DA:308,0
DA:310,0
DA:311,0
DA:316,0
DA:317,0
DA:321,0
DA:322,0
DA:323,0
DA:325,0
DA:326,0
DA:328,0
DA:333,0
DA:334,0
DA:335,0
DA:340,0
DA:341,0
DA:343,0
DA:344,0
DA:346,0
DA:347,0
DA:361,0
DA:362,0
DA:363,0
DA:365,0
DA:366,0
DA:369,0
DA:370,0
DA:373,0
DA:374,0
DA:375,0
DA:378,0
DA:379,0
DA:385,0
DA:387,0
DA:391,0
DA:392,0
DA:395,0
DA:397,0
DA:398,0
DA:400,0
DA:401,0
DA:402,0
DA:404,0
DA:411,0
LF:178
LH:0
BRDA:59,0,0,0
BRDA:59,0,1,0
BRDA:64,1,0,0
BRDA:64,1,1,0
BRDA:66,2,0,0
BRDA:66,2,1,0
BRDA:66,3,0,0
BRDA:66,3,1,0
BRDA:73,4,0,0
BRDA:73,4,1,0
BRDA:75,5,0,0
BRDA:75,5,1,0
BRDA:82,6,0,0
BRDA:82,6,1,0
BRDA:83,7,0,0
BRDA:83,7,1,0
BRDA:86,8,0,0
BRDA:86,8,1,0
BRDA:89,9,0,0
BRDA:89,9,1,0
BRDA:95,10,0,0
BRDA:95,10,1,0
BRDA:96,11,0,0
BRDA:96,11,1,0
BRDA:98,12,0,0
BRDA:98,12,1,0
BRDA:103,13,0,0
BRDA:103,13,1,0
BRDA:104,14,0,0
BRDA:104,14,1,0
BRDA:106,15,0,0
BRDA:106,15,1,0
BRDA:111,16,0,0
BRDA:111,16,1,0
BRDA:116,17,0,0
BRDA:116,17,1,0
BRDA:117,18,0,0
BRDA:117,18,1,0
BRDA:118,19,0,0
BRDA:118,19,1,0
BRDA:120,20,0,0
BRDA:120,20,1,0
BRDA:125,21,0,0
BRDA:125,21,1,0
BRDA:128,22,0,0
BRDA:128,22,1,0
BRDA:131,23,0,0
BRDA:131,23,1,0
BRDA:138,24,0,0
BRDA:138,24,1,0
BRDA:148,25,0,0
BRDA:148,25,1,0
BRDA:151,26,0,0
BRDA:151,26,1,0
BRDA:152,27,0,0
BRDA:152,27,1,0
BRDA:153,28,0,0
BRDA:153,28,1,0
BRDA:163,29,0,0
BRDA:163,29,1,0
BRDA:163,30,0,0
BRDA:163,30,1,0
BRDA:169,31,0,0
BRDA:169,31,1,0
BRDA:171,32,0,0
BRDA:171,32,1,0
BRDA:171,33,0,0
BRDA:171,33,1,0
BRDA:181,34,0,0
BRDA:181,34,1,0
BRDA:185,35,0,0
BRDA:185,35,1,0
BRDA:186,36,0,0
BRDA:186,36,1,0
BRDA:191,37,0,0
BRDA:191,37,1,0
BRDA:195,38,0,0
BRDA:195,38,1,0
BRDA:196,39,0,0
BRDA:196,39,1,0
BRDA:197,40,0,0
BRDA:197,40,1,0
BRDA:224,41,0,0
BRDA:224,41,1,0
BRDA:234,42,0,0
BRDA:234,42,1,0
BRDA:236,43,0,0
BRDA:236,43,1,0
BRDA:246,44,0,0
BRDA:246,44,1,0
BRDA:254,45,0,0
BRDA:254,45,1,0
BRDA:255,46,0,0
BRDA:255,46,1,0
BRDA:256,47,0,0
BRDA:256,47,1,0
BRDA:257,48,0,0
BRDA:257,48,1,0
BRDA:258,49,0,0
BRDA:258,49,1,0
BRDA:269,50,0,0
BRDA:269,50,1,0
BRDA:272,51,0,0
BRDA:272,51,1,0
BRDA:274,52,0,0
BRDA:274,52,1,0
BRDA:284,53,0,0
BRDA:284,53,1,0
BRDA:291,54,0,0
BRDA:291,54,1,0
BRDA:307,55,0,0
BRDA:307,55,1,0
BRDA:322,56,0,0
BRDA:322,56,1,0
BRDA:334,57,0,0
BRDA:334,57,1,0
BRDA:340,58,0,0
BRDA:340,58,1,0
BRDA:351,59,0,0
BRDA:351,59,1,0
BRDA:360,60,0,0
BRDA:365,61,0,0
BRDA:365,61,1,0
BRDA:369,62,0,0
BRDA:369,62,1,0
BRDA:374,63,0,0
BRDA:374,63,1,0
BRDA:391,64,0,0
BRDA:391,64,1,0
BRDA:395,65,0,0
BRDA:395,65,1,0
BRDA:398,66,0,0
BRDA:398,66,1,0
BRDA:400,67,0,0
BRDA:400,67,1,0
BRDA:402,68,0,0
BRDA:402,68,1,0
BRF:137
BRH:0
end_of_record
TN:
SF:lib\governance.cjs
FN:42,getGrabbyDir
FN:46,getConfigPath
FN:50,ensureGrabbyDir
FN:58,initConfig
FN:67,mergeConfig
FN:79,(anonymous_5)
FN:88,loadConfig
FN:98,renderPromptBundle
FN:105,(anonymous_8)
FN:106,(anonymous_9)
FNF:10
FNH:0
FNDA:0,getGrabbyDir
FNDA:0,getConfigPath
FNDA:0,ensureGrabbyDir
FNDA:0,initConfig
FNDA:0,mergeConfig
FNDA:0,(anonymous_5)
FNDA:0,loadConfig
FNDA:0,renderPromptBundle
FNDA:0,(anonymous_8)
FNDA:0,(anonymous_9)
DA:1,0
DA:2,0
DA:4,0
DA:43,0
DA:47,0
DA:51,0
DA:52,0
DA:53,0
DA:55,0
DA:59,0
DA:60,0
DA:61,0
DA:62,0
DA:64,0
DA:68,0
DA:69,0
DA:72,0
DA:78,0
DA:79,0
DA:80,0
DA:82,0
DA:85,0
DA:89,0
DA:90,0
DA:91,0
DA:94,0
DA:95,0
DA:105,0
DA:106,0
DA:107,0
DA:109,0
DA:147,0
LF:32
LH:0
BRDA:52,0,0,0
BRDA:52,0,1,0
BRDA:61,1,0,0
BRDA:61,1,1,0
BRDA:68,2,0,0
BRDA:68,2,1,0
BRDA:68,3,0,0
BRDA:68,3,1,0
BRDA:69,4,0,0
BRDA:69,4,1,0
BRDA:72,5,0,0
BRDA:72,5,1,0
BRDA:73,6,0,0
BRDA:73,6,1,0
BRDA:73,6,2,0
BRDA:73,6,3,0
BRDA:85,7,0,0
BRDA:85,7,1,0
BRDA:90,8,0,0
BRDA:90,8,1,0
BRDA:102,9,0,0
BRDA:103,10,0,0
BRDA:128,11,0,0
BRDA:128,11,1,0
BRDA:133,12,0,0
BRDA:133,12,1,0
BRF:26
BRH:0
end_of_record
TN:
SF:lib\ignore.cjs
FN:13,getGrabbyIgnorePath
FN:17,initGrabbyIgnore
FN:25,loadGrabbyIgnore
FN:33,(anonymous_3)
FN:34,(anonymous_4)
FN:37,escapeRegex
FN:41,globToRegExp
FN:69,isIgnoredByGrabby
FN:75,(anonymous_8)
FNF:9
FNH:0
FNDA:0,getGrabbyIgnorePath
FNDA:0,initGrabbyIgnore
FNDA:0,loadGrabbyIgnore
FNDA:0,(anonymous_3)
FNDA:0,(anonymous_4)
FNDA:0,escapeRegex
FNDA:0,globToRegExp
FNDA:0,isIgnoredByGrabby
FNDA:0,(anonymous_8)
DA:1,0
DA:2,0
DA:4,0
DA:14,0
DA:18,0
DA:19,0
DA:20,0
DA:22,0
DA:26,0
DA:27,0
DA:28,0
DA:31,0
DA:33,0
DA:34,0
DA:38,0
DA:42,0
DA:43,0
DA:45,0
DA:46,0
DA:47,0
DA:49,0
DA:50,0
DA:51,0
DA:52,0
DA:54,0
DA:56,0
DA:59,0
DA:62,0
DA:63,0
DA:66,0
DA:70,0
DA:71,0
DA:73,0
DA:75,0
DA:76,0
DA:77,0
DA:78,0
DA:82,0
DA:85,0
LF:39
LH:0
BRDA:19,0,0,0
BRDA:19,0,1,0
BRDA:27,1,0,0
BRDA:27,1,1,0
BRDA:34,2,0,0
BRDA:34,2,1,0
BRDA:49,3,0,0
BRDA:49,3,1,0
BRDA:50,4,0,0
BRDA:50,4,1,0
BRDA:62,5,0,0
BRDA:62,5,1,0
BRDA:77,6,0,0
BRDA:77,6,1,0
BRF:14
BRH:0
end_of_record
TN:
SF:lib\interactive-shell.cjs
FN:1,createShellHandlers
FN:10,parseList
FN:13,(anonymous_2)
FN:17,parseCommandInput
FN:59,agentList
FN:71,(anonymous_5)
FN:84,agent
FN:87,(anonymous_7)
FN:97,quick
FN:118,task
FN:135,orchestrate
FN:152,party
FN:159,(anonymous_12)
FN:182,workflow
FN:188,(anonymous_14)
FN:208,(anonymous_15)
FN:214,resume
FN:226,(anonymous_17)
FN:236,help
FN:289,resolveContract
FNF:20
FNH:0
FNDA:0,createShellHandlers
FNDA:0,parseList
FNDA:0,(anonymous_2)
FNDA:0,parseCommandInput
FNDA:0,agentList
FNDA:0,(anonymous_5)
FNDA:0,agent
FNDA:0,(anonymous_7)
FNDA:0,quick
FNDA:0,task
FNDA:0,orchestrate
FNDA:0,party
FNDA:0,(anonymous_12)
FNDA:0,workflow
FNDA:0,(anonymous_14)
FNDA:0,(anonymous_15)
FNDA:0,resume
FNDA:0,(anonymous_17)
FNDA:0,help
FNDA:0,resolveContract
DA:8,0
DA:11,0
DA:13,0
DA:18,0
DA:19,0
DA:21,0
DA:22,0
DA:23,0
DA:24,0
DA:25,0
DA:28,0
DA:29,0
DA:30,0
DA:31,0
DA:32,0
DA:35,0
DA:36,0
DA:39,0
DA:60,0
DA:62,0
DA:63,0
DA:64,0
DA:67,0
DA:68,0
DA:69,0
DA:71,0
DA:72,0
DA:73,0
DA:74,0
DA:75,0
DA:78,0
DA:79,0
DA:80,0
DA:81,0
DA:85,0
DA:86,0
DA:87,0
DA:89,0
DA:90,0
DA:91,0
DA:94,0
DA:98,0
DA:99,0
DA:101,0
DA:102,0
DA:103,0
DA:104,0
DA:105,0
DA:108,0
DA:109,0
DA:111,0
DA:114,0
DA:119,0
DA:120,0
DA:122,0
DA:123,0
DA:131,0
DA:136,0
DA:137,0
DA:139,0
DA:140,0
DA:148,0
DA:153,0
DA:154,0
DA:155,0
DA:157,0
DA:158,0
DA:159,0
DA:160,0
DA:163,0
DA:164,0
DA:165,0
DA:166,0
DA:183,0
DA:185,0
DA:186,0
DA:187,0
DA:188,0
DA:189,0
DA:190,0
DA:192,0
DA:193,0
DA:196,0
DA:197,0
DA:198,0
DA:199,0
DA:202,0
DA:203,0
DA:204,0
DA:205,0
DA:206,0
DA:207,0
DA:208,0
DA:209,0
DA:211,0
DA:215,0
DA:217,0
DA:218,0
DA:219,0
DA:220,0
DA:223,0
DA:224,0
DA:226,0
DA:227,0
DA:228,0
DA:229,0
DA:232,0
DA:233,0
DA:237,0
DA:290,0
DA:293,0
DA:307,0
LF:112
LH:0
BRDA:4,0,0,0
BRDA:5,1,0,0
BRDA:7,2,0,0
BRDA:11,3,0,0
BRDA:11,3,1,0
BRDA:23,4,0,0
BRDA:23,4,1,0
BRDA:30,5,0,0
BRDA:30,5,1,0
BRDA:30,6,0,0
BRDA:30,6,1,0
BRDA:42,7,0,0
BRDA:42,7,1,0
BRDA:45,8,0,0
BRDA:45,8,1,0
BRDA:46,9,0,0
BRDA:46,9,1,0
BRDA:47,10,0,0
BRDA:47,10,1,0
BRDA:50,11,0,0
BRDA:50,11,1,0
BRDA:53,12,0,0
BRDA:53,12,1,0
BRDA:62,13,0,0
BRDA:62,13,1,0
BRDA:89,14,0,0
BRDA:89,14,1,0
BRDA:89,15,0,0
BRDA:89,15,1,0
BRDA:103,16,0,0
BRDA:103,16,1,0
BRDA:108,17,0,0
BRDA:108,17,1,0
BRDA:185,18,0,0
BRDA:185,18,1,0
BRDA:190,19,0,0
BRDA:190,19,1,0
BRDA:197,20,0,0
BRDA:197,20,1,0
BRDA:217,21,0,0
BRDA:217,21,1,0
BRF:41
BRH:0
end_of_record
TN:
SF:lib\interactive-workflows.cjs
FN:20,createWorkflowRuntime
FN:28,(anonymous_1)
FN:35,(anonymous_2)
FN:36,(anonymous_3)
FN:37,(anonymous_4)
FN:43,ensureProgressDir
FN:49,saveProgress
FN:61,loadProgress
FN:73,clearProgress
FN:80,listProgress
FN:85,(anonymous_10)
FN:86,(anonymous_11)
FN:101,createPromptInterface
FN:108,prompt
FN:109,(anonymous_14)
FN:111,(anonymous_15)
FN:117,resolveInputValue
FN:124,confirm
FN:125,(anonymous_18)
FN:126,(anonymous_19)
FN:133,stepNavigation
FN:137,(anonymous_21)
FN:138,(anonymous_22)
FN:159,output
FN:173,loadAgent
FN:197,listAgents
FN:202,(anonymous_26)
FN:203,(anonymous_27)
FN:216,displayAgent
FN:233,(anonymous_29)
FN:248,loadWorkflow
FN:265,loadWorkflowStep
FN:273,runCreateContractWorkflow
FN:319,(anonymous_33)
FN:326,(anonymous_34)
FN:356,(anonymous_35)
FN:361,(anonymous_36)
FN:372,(anonymous_37)
FN:383,(anonymous_38)
FN:385,(anonymous_39)
FN:400,(anonymous_40)
FN:401,(anonymous_41)
FN:402,(anonymous_42)
FN:403,(anonymous_43)
FN:457,runValidateContractWorkflow
FN:486,(anonymous_45)
FN:492,(anonymous_46)
FN:507,(anonymous_47)
FN:523,(anonymous_48)
FN:546,(anonymous_49)
FN:551,(anonymous_50)
FN:567,runExecuteContractWorkflow
FN:619,(anonymous_52)
FN:622,(anonymous_53)
FN:628,(anonymous_54)
FN:645,(anonymous_55)
FN:648,(anonymous_56)
FN:651,(anonymous_57)
FN:680,runEditContractWorkflow
FN:689,(anonymous_59)
FN:700,(anonymous_60)
FN:715,(anonymous_61)
FN:763,runRiskCheckWorkflow
FN:799,(anonymous_63)
FN:819,(anonymous_64)
FN:820,(anonymous_65)
FN:821,(anonymous_66)
FN:824,(anonymous_67)
FN:830,(anonymous_68)
FN:864,runGeneratePlanWorkflow
FN:886,(anonymous_70)
FN:889,(anonymous_71)
FN:890,(anonymous_72)
FN:906,(anonymous_73)
FN:907,(anonymous_74)
FN:908,(anonymous_75)
FN:909,(anonymous_76)
FN:910,(anonymous_77)
FN:919,(anonymous_78)
FN:920,(anonymous_79)
FN:933,(anonymous_80)
FN:934,(anonymous_81)
FN:942,(anonymous_82)
FN:974,runOptimizePlanWorkflow
FN:999,(anonymous_84)
FN:1018,(anonymous_85)
FN:1019,(anonymous_86)
FN:1023,(anonymous_87)
FN:1026,(anonymous_88)
FN:1027,(anonymous_89)
FN:1037,(anonymous_90)
FN:1045,(anonymous_91)
FN:1055,runTestSuiteWorkflow
FN:1077,(anonymous_93)
FN:1080,(anonymous_94)
FN:1081,(anonymous_95)
FN:1096,(anonymous_96)
FN:1104,(anonymous_97)
FN:1160,(anonymous_98)
FN:1169,(anonymous_99)
FN:1192,runAuditWorkflow
FN:1221,(anonymous_101)
FN:1234,(anonymous_102)
FN:1278,(anonymous_103)
FN:1284,(anonymous_104)
FN:1303,(anonymous_105)
FN:1313,runQualityCheckWorkflow
FN:1366,(anonymous_107)
FN:1380,runQuickSpecWorkflow
FN:1398,(anonymous_109)
FN:1443,(anonymous_110)
FN:1478,runQuickDevWorkflow
FN:1489,(anonymous_112)
FN:1498,(anonymous_113)
FN:1514,(anonymous_114)
FN:1517,(anonymous_115)
FN:1518,(anonymous_116)
FN:1535,(anonymous_117)
FN:1554,executeAgentCommand
FN:1560,(anonymous_119)
FN:1572,(anonymous_120)
FN:1580,(anonymous_121)
FN:1641,validateContract
FN:1648,(anonymous_123)
FN:1655,(anonymous_124)
FN:1664,(anonymous_125)
FN:1675,(anonymous_126)
FN:1727,(anonymous_127)
FN:1752,(anonymous_128)
FN:1761,(anonymous_129)
FN:1815,runTaskBreakdownWorkflow
FN:1859,(anonymous_131)
FN:1865,(anonymous_132)
FN:1875,(anonymous_133)
FN:1910,(anonymous_134)
FN:1938,(anonymous_135)
FN:1969,(anonymous_136)
FN:2045,listWorkflowMetadata
FN:2047,(anonymous_138)
FN:2048,(anonymous_139)
FN:2063,getWorkflowDetails
FN:2078,resolveContract
FNF:142
FNH:0
FNDA:0,createWorkflowRuntime
FNDA:0,(anonymous_1)
FNDA:0,(anonymous_2)
FNDA:0,(anonymous_3)
FNDA:0,(anonymous_4)
FNDA:0,ensureProgressDir
FNDA:0,saveProgress
FNDA:0,loadProgress
FNDA:0,clearProgress
FNDA:0,listProgress
FNDA:0,(anonymous_10)
FNDA:0,(anonymous_11)
FNDA:0,createPromptInterface
FNDA:0,prompt
FNDA:0,(anonymous_14)
FNDA:0,(anonymous_15)
FNDA:0,resolveInputValue
FNDA:0,confirm
FNDA:0,(anonymous_18)
FNDA:0,(anonymous_19)
FNDA:0,stepNavigation
FNDA:0,(anonymous_21)
FNDA:0,(anonymous_22)
FNDA:0,output
FNDA:0,loadAgent
FNDA:0,listAgents
FNDA:0,(anonymous_26)
FNDA:0,(anonymous_27)
FNDA:0,displayAgent
FNDA:0,(anonymous_29)
FNDA:0,loadWorkflow
FNDA:0,loadWorkflowStep
FNDA:0,runCreateContractWorkflow
FNDA:0,(anonymous_33)
FNDA:0,(anonymous_34)
FNDA:0,(anonymous_35)
FNDA:0,(anonymous_36)
FNDA:0,(anonymous_37)
FNDA:0,(anonymous_38)
FNDA:0,(anonymous_39)
FNDA:0,(anonymous_40)
FNDA:0,(anonymous_41)
FNDA:0,(anonymous_42)
FNDA:0,(anonymous_43)
FNDA:0,runValidateContractWorkflow
FNDA:0,(anonymous_45)
FNDA:0,(anonymous_46)
FNDA:0,(anonymous_47)
FNDA:0,(anonymous_48)
FNDA:0,(anonymous_49)
FNDA:0,(anonymous_50)
FNDA:0,runExecuteContractWorkflow
FNDA:0,(anonymous_52)
FNDA:0,(anonymous_53)
FNDA:0,(anonymous_54)
FNDA:0,(anonymous_55)
FNDA:0,(anonymous_56)
FNDA:0,(anonymous_57)
FNDA:0,runEditContractWorkflow
FNDA:0,(anonymous_59)
FNDA:0,(anonymous_60)
FNDA:0,(anonymous_61)
FNDA:0,runRiskCheckWorkflow
FNDA:0,(anonymous_63)
FNDA:0,(anonymous_64)
FNDA:0,(anonymous_65)
FNDA:0,(anonymous_66)
FNDA:0,(anonymous_67)
FNDA:0,(anonymous_68)
FNDA:0,runGeneratePlanWorkflow
FNDA:0,(anonymous_70)
FNDA:0,(anonymous_71)
FNDA:0,(anonymous_72)
FNDA:0,(anonymous_73)
FNDA:0,(anonymous_74)
FNDA:0,(anonymous_75)
FNDA:0,(anonymous_76)
FNDA:0,(anonymous_77)
FNDA:0,(anonymous_78)
FNDA:0,(anonymous_79)
FNDA:0,(anonymous_80)
FNDA:0,(anonymous_81)
FNDA:0,(anonymous_82)
FNDA:0,runOptimizePlanWorkflow
FNDA:0,(anonymous_84)
FNDA:0,(anonymous_85)
FNDA:0,(anonymous_86)
FNDA:0,(anonymous_87)
FNDA:0,(anonymous_88)
FNDA:0,(anonymous_89)
FNDA:0,(anonymous_90)
FNDA:0,(anonymous_91)
FNDA:0,runTestSuiteWorkflow
FNDA:0,(anonymous_93)
FNDA:0,(anonymous_94)
FNDA:0,(anonymous_95)
FNDA:0,(anonymous_96)
FNDA:0,(anonymous_97)
FNDA:0,(anonymous_98)
FNDA:0,(anonymous_99)
FNDA:0,runAuditWorkflow
FNDA:0,(anonymous_101)
FNDA:0,(anonymous_102)
FNDA:0,(anonymous_103)
FNDA:0,(anonymous_104)
FNDA:0,(anonymous_105)
FNDA:0,runQualityCheckWorkflow
FNDA:0,(anonymous_107)
FNDA:0,runQuickSpecWorkflow
FNDA:0,(anonymous_109)
FNDA:0,(anonymous_110)
FNDA:0,runQuickDevWorkflow
FNDA:0,(anonymous_112)
FNDA:0,(anonymous_113)
FNDA:0,(anonymous_114)
FNDA:0,(anonymous_115)
FNDA:0,(anonymous_116)
FNDA:0,(anonymous_117)
FNDA:0,executeAgentCommand
FNDA:0,(anonymous_119)
FNDA:0,(anonymous_120)
FNDA:0,(anonymous_121)
FNDA:0,validateContract
FNDA:0,(anonymous_123)
FNDA:0,(anonymous_124)
FNDA:0,(anonymous_125)
FNDA:0,(anonymous_126)
FNDA:0,(anonymous_127)
FNDA:0,(anonymous_128)
FNDA:0,(anonymous_129)
FNDA:0,runTaskBreakdownWorkflow
FNDA:0,(anonymous_131)
FNDA:0,(anonymous_132)
FNDA:0,(anonymous_133)
FNDA:0,(anonymous_134)
FNDA:0,(anonymous_135)
FNDA:0,(anonymous_136)
FNDA:0,listWorkflowMetadata
FNDA:0,(anonymous_138)
FNDA:0,(anonymous_139)
FNDA:0,getWorkflowDetails
FNDA:0,resolveContract
DA:1,0
DA:2,0
DA:3,0
DA:4,0
DA:5,0
DA:6,0
DA:7,0
DA:18,0
DA:21,0
DA:22,0
DA:23,0
DA:24,0
DA:25,0
DA:28,0
DA:29,0
DA:30,0
DA:35,0
DA:36,0
DA:37,0
DA:44,0
DA:45,0
DA:50,0
DA:51,0
DA:52,0
DA:57,0
DA:58,0
DA:62,0
DA:63,0
DA:64,0
DA:66,0
DA:67,0
DA:69,0
DA:74,0
DA:75,0
DA:76,0
DA:81,0
DA:82,0
DA:84,0
DA:85,0
DA:87,0
DA:88,0
DA:102,0
DA:109,0
DA:110,0
DA:111,0
DA:112,0
DA:118,0
DA:119,0
DA:121,0
DA:125,0
DA:126,0
DA:127,0
DA:128,0
DA:134,0
DA:135,0
DA:137,0
DA:138,0
DA:139,0
DA:140,0
DA:141,0
DA:142,0
DA:143,0
DA:144,0
DA:145,0
DA:146,0
DA:147,0
DA:149,0
DA:160,0
DA:161,0
DA:163,0
DA:164,0
DA:165,0
DA:174,0
DA:175,0
DA:177,0
DA:185,0
DA:186,0
DA:187,0
DA:188,0
DA:189,0
DA:192,0
DA:194,0
DA:198,0
DA:199,0
DA:200,0
DA:202,0
DA:203,0
DA:204,0
DA:205,0
DA:217,0
DA:218,0
DA:220,0
DA:221,0
DA:222,0
DA:224,0
DA:225,0
DA:228,0
DA:229,0
DA:230,0
DA:232,0
DA:233,0
DA:234,0
DA:238,0
DA:239,0
DA:240,0
DA:241,0
DA:249,0
DA:250,0
DA:251,0
DA:253,0
DA:255,0
DA:256,0
DA:257,0
DA:259,0
DA:262,0
DA:266,0
DA:267,0
DA:268,0
DA:270,0
DA:274,0
DA:276,0
DA:277,0
DA:278,0
DA:279,0
DA:282,0
DA:283,0
DA:284,0
DA:285,0
DA:286,0
DA:287,0
DA:288,0
DA:290,0
DA:291,0
DA:299,0
DA:302,0
DA:303,0
DA:304,0
DA:306,0
DA:307,0
DA:308,0
DA:309,0
DA:312,0
DA:313,0
DA:314,0
DA:315,0
DA:318,0
DA:319,0
DA:320,0
DA:321,0
DA:322,0
DA:325,0
DA:326,0
DA:329,0
DA:330,0
DA:331,0
DA:333,0
DA:335,0
DA:336,0
DA:337,0
DA:339,0
DA:341,0
DA:342,0
DA:343,0
DA:344,0
DA:345,0
DA:346,0
DA:354,0
DA:356,0
DA:357,0
DA:361,0
DA:364,0
DA:367,0
DA:368,0
DA:369,0
DA:371,0
DA:372,0
DA:374,0
DA:377,0
DA:378,0
DA:379,0
DA:380,0
DA:381,0
DA:382,0
DA:383,0
DA:384,0
DA:385,0
DA:386,0
DA:388,0
DA:389,0
DA:390,0
DA:391,0
DA:395,0
DA:396,0
DA:397,0
DA:398,0
DA:400,0
DA:401,0
DA:402,0
DA:403,0
DA:404,0
DA:406,0
DA:442,0
DA:444,0
DA:445,0
DA:446,0
DA:447,0
DA:448,0
DA:449,0
DA:450,0
DA:451,0
DA:452,0
DA:453,0
DA:454,0
DA:458,0
DA:460,0
DA:461,0
DA:462,0
DA:464,0
DA:465,0
DA:466,0
DA:469,0
DA:470,0
DA:471,0
DA:472,0
DA:475,0
DA:476,0
DA:478,0
DA:479,0
DA:480,0
DA:482,0
DA:483,0
DA:485,0
DA:486,0
DA:487,0
DA:488,0
DA:491,0
DA:492,0
DA:493,0
DA:494,0
DA:497,0
DA:498,0
DA:499,0
DA:502,0
DA:503,0
DA:504,0
DA:506,0
DA:507,0
DA:508,0
DA:509,0
DA:510,0
DA:513,0
DA:514,0
DA:518,0
DA:519,0
DA:520,0
DA:522,0
DA:523,0
DA:524,0
DA:525,0
DA:526,0
DA:529,0
DA:530,0
DA:533,0
DA:534,0
DA:535,0
DA:537,0
DA:539,0
DA:540,0
DA:541,0
DA:542,0
DA:544,0
DA:545,0
DA:546,0
DA:549,0
DA:550,0
DA:551,0
DA:554,0
DA:556,0
DA:557,0
DA:558,0
DA:560,0
DA:561,0
DA:562,0
DA:564,0
DA:568,0
DA:570,0
DA:571,0
DA:572,0
DA:574,0
DA:575,0
DA:576,0
DA:579,0
DA:580,0
DA:581,0
DA:584,0
DA:585,0
DA:586,0
DA:588,0
DA:589,0
DA:591,0
DA:592,0
DA:593,0
DA:594,0
DA:597,0
DA:598,0
DA:599,0
DA:600,0
DA:602,0
DA:603,0
DA:604,0
DA:605,0
DA:608,0
DA:610,0
DA:611,0
DA:614,0
DA:615,0
DA:616,0
DA:618,0
DA:619,0
DA:621,0
DA:622,0
DA:623,0
DA:624,0
DA:627,0
DA:628,0
DA:630,0
DA:631,0
DA:632,0
DA:633,0
DA:637,0
DA:638,0
DA:639,0
DA:641,0
DA:645,0
DA:648,0
DA:651,0
DA:663,0
DA:666,0
DA:667,0
DA:668,0
DA:670,0
DA:671,0
DA:672,0
DA:673,0
DA:681,0
DA:683,0
DA:684,0
DA:685,0
DA:688,0
DA:689,0
DA:691,0
DA:692,0
DA:693,0
DA:694,0
DA:697,0
DA:698,0
DA:699,0
DA:700,0
DA:701,0
DA:702,0
DA:705,0
DA:706,0
DA:707,0
DA:709,0
DA:710,0
DA:711,0
DA:713,0
DA:714,0
DA:715,0
DA:717,0
DA:718,0
DA:720,0
DA:721,0
DA:722,0
DA:726,0
DA:727,0
DA:728,0
DA:730,0
DA:731,0
DA:732,0
DA:734,0
DA:735,0
DA:736,0
DA:737,0
DA:739,0
DA:741,0
DA:742,0
DA:745,0
DA:746,0
DA:747,0
DA:750,0
DA:751,0
DA:753,0
DA:756,0
DA:764,0
DA:766,0
DA:767,0
DA:768,0
DA:770,0
DA:771,0
DA:772,0
DA:775,0
DA:776,0
DA:777,0
DA:779,0
DA:781,0
DA:782,0
DA:783,0
DA:785,0
DA:788,0
DA:789,0
DA:791,0
DA:792,0
DA:793,0
DA:794,0
DA:798,0
DA:799,0
DA:800,0
DA:801,0
DA:806,0
DA:807,0
DA:809,0
DA:810,0
DA:814,0
DA:815,0
DA:819,0
DA:820,0
DA:821,0
DA:823,0
DA:824,0
DA:825,0
DA:826,0
DA:829,0
DA:830,0
DA:831,0
DA:832,0
DA:835,0
DA:836,0
DA:839,0
DA:840,0
DA:841,0
DA:843,0
DA:844,0
DA:846,0
DA:847,0
DA:848,0
DA:850,0
DA:851,0
DA:852,0
DA:854,0
DA:855,0
DA:857,0
DA:865,0
DA:867,0
DA:868,0
DA:869,0
DA:871,0
DA:872,0
DA:873,0
DA:876,0
DA:877,0
DA:878,0
DA:880,0
DA:883,0
DA:884,0
DA:885,0
DA:886,0
DA:887,0
DA:889,0
DA:890,0
DA:891,0
DA:892,0
DA:901,0
DA:902,0
DA:903,0
DA:906,0
DA:907,0
DA:908,0
DA:909,0
DA:910,0
DA:911,0
DA:916,0
DA:918,0
DA:919,0
DA:920,0
DA:921,0
DA:922,0
DA:925,0
DA:926,0
DA:927,0
DA:930,0
DA:931,0
DA:932,0
DA:933,0
DA:934,0
DA:937,0
DA:942,0
DA:957,0
DA:958,0
DA:959,0
DA:961,0
DA:962,0
DA:963,0
DA:965,0
DA:966,0
DA:967,0
DA:975,0
DA:977,0
DA:978,0
DA:979,0
DA:981,0
DA:982,0
DA:983,0
DA:987,0
DA:988,0
DA:990,0
DA:991,0
DA:992,0
DA:993,0
DA:996,0
DA:998,0
DA:999,0
DA:1000,0
DA:1003,0
DA:1004,0
DA:1005,0
DA:1007,0
DA:1008,0
DA:1009,0
DA:1010,0
DA:1012,0
DA:1014,0
DA:1016,0
DA:1018,0
DA:1019,0
DA:1020,0
DA:1021,0
DA:1023,0
DA:1024,0
DA:1026,0
DA:1027,0
DA:1028,0
DA:1029,0
DA:1031,0
DA:1032,0
DA:1033,0
DA:1037,0
DA:1038,0
DA:1039,0
DA:1041,0
DA:1043,0
DA:1044,0
DA:1045,0
DA:1046,0
DA:1048,0
DA:1056,0
DA:1058,0
DA:1059,0
DA:1060,0
DA:1062,0
DA:1063,0
DA:1064,0
DA:1067,0
DA:1068,0
DA:1069,0
DA:1071,0
DA:1074,0
DA:1075,0
DA:1076,0
DA:1077,0
DA:1078,0
DA:1080,0
DA:1081,0
DA:1082,0
DA:1083,0
DA:1084,0
DA:1085,0
DA:1091,0
DA:1092,0
DA:1093,0
DA:1095,0
DA:1096,0
DA:1097,0
DA:1100,0
DA:1101,0
DA:1102,0
DA:1104,0
DA:1105,0
DA:1106,0
DA:1107,0
DA:1110,0
DA:1111,0
DA:1128,0
DA:1129,0
DA:1143,0
DA:1152,0
DA:1159,0
DA:1160,0
DA:1161,0
DA:1162,0
DA:1163,0
DA:1166,0
DA:1168,0
DA:1169,0
DA:1170,0
DA:1171,0
DA:1172,0
DA:1173,0
DA:1175,0
DA:1176,0
DA:1177,0
DA:1179,0
DA:1184,0
DA:1185,0
DA:1193,0
DA:1195,0
DA:1196,0
DA:1197,0
DA:1199,0
DA:1200,0
DA:1201,0
DA:1204,0
DA:1205,0
DA:1206,0
DA:1208,0
DA:1211,0
DA:1212,0
DA:1213,0
DA:1215,0
DA:1216,0
DA:1217,0
DA:1219,0
DA:1220,0
DA:1221,0
DA:1222,0
DA:1223,0
DA:1224,0
DA:1226,0
DA:1227,0
DA:1229,0
DA:1234,0
DA:1236,0
DA:1237,0
DA:1238,0
DA:1240,0
DA:1241,0
DA:1244,0
DA:1245,0
DA:1246,0
DA:1247,0
DA:1249,0
DA:1250,0
DA:1254,0
DA:1255,0
DA:1256,0
DA:1257,0
DA:1259,0
DA:1260,0
DA:1264,0
DA:1265,0
DA:1266,0
DA:1267,0
DA:1269,0
DA:1270,0
DA:1273,0
DA:1274,0
DA:1275,0
DA:1277,0
DA:1278,0
DA:1279,0
DA:1281,0
DA:1282,0
DA:1283,0
DA:1284,0
DA:1286,0
DA:1288,0
DA:1289,0
DA:1291,0
DA:1292,0
DA:1293,0
DA:1294,0
DA:1297,0
DA:1299,0
DA:1301,0
DA:1302,0
DA:1303,0
DA:1306,0
DA:1314,0
DA:1316,0
DA:1317,0
DA:1318,0
DA:1320,0
DA:1322,0
DA:1323,0
DA:1324,0
DA:1327,0
DA:1328,0
DA:1330,0
DA:1331,0
DA:1332,0
DA:1334,0
DA:1335,0
DA:1336,0
DA:1339,0
DA:1340,0
DA:1341,0
DA:1343,0
DA:1344,0
DA:1345,0
DA:1347,0
DA:1348,0
DA:1350,0
DA:1353,0
DA:1354,0
DA:1357,0
DA:1358,0
DA:1359,0
DA:1360,0
DA:1361,0
DA:1362,0
DA:1364,0
DA:1365,0
DA:1366,0
DA:1368,0
DA:1372,0
DA:1373,0
DA:1381,0
DA:1383,0
DA:1384,0
DA:1385,0
DA:1387,0
DA:1390,0
DA:1391,0
DA:1392,0
DA:1393,0
DA:1397,0
DA:1398,0
DA:1400,0
DA:1401,0
DA:1402,0
DA:1405,0
DA:1406,0
DA:1407,0
DA:1408,0
DA:1409,0
DA:1410,0
DA:1415,0
DA:1418,0
DA:1421,0
DA:1422,0
DA:1423,0
DA:1425,0
DA:1426,0
DA:1427,0
DA:1428,0
DA:1430,0
DA:1432,0
DA:1433,0
DA:1434,0
DA:1437,0
DA:1438,0
DA:1439,0
DA:1440,0
DA:1441,0
DA:1443,0
DA:1445,0
DA:1465,0
DA:1467,0
DA:1468,0
DA:1469,0
DA:1470,0
DA:1471,0
DA:1479,0
DA:1481,0
DA:1482,0
DA:1483,0
DA:1485,0
DA:1486,0
DA:1488,0
DA:1489,0
DA:1491,0
DA:1492,0
DA:1493,0
DA:1494,0
DA:1497,0
DA:1498,0
DA:1499,0
DA:1500,0
DA:1503,0
DA:1504,0
DA:1505,0
DA:1508,0
DA:1509,0
DA:1511,0
DA:1512,0
DA:1513,0
DA:1514,0
DA:1515,0
DA:1517,0
DA:1518,0
DA:1519,0
DA:1520,0
DA:1525,0
DA:1527,0
DA:1528,0
DA:1529,0
DA:1531,0
DA:1535,0
DA:1547,0
DA:1549,0
DA:1550,0
DA:1551,0
DA:1555,0
DA:1556,0
DA:1557,0
DA:1558,0
DA:1559,0
DA:1560,0
DA:1561,0
DA:1565,0
DA:1566,0
DA:1567,0
DA:1571,0
DA:1572,0
DA:1573,0
DA:1577,0
DA:1578,0
DA:1579,0
DA:1580,0
DA:1581,0
DA:1585,0
DA:1587,0
DA:1589,0
DA:1591,0
DA:1592,0
DA:1594,0
DA:1595,0
DA:1597,0
DA:1598,0
DA:1600,0
DA:1601,0
DA:1603,0
DA:1604,0
DA:1606,0
DA:1607,0
DA:1609,0
DA:1610,0
DA:1612,0
DA:1613,0
DA:1615,0
DA:1616,0
DA:1618,0
DA:1619,0
DA:1621,0
DA:1622,0
DA:1624,0
DA:1625,0
DA:1627,0
DA:1628,0
DA:1629,0
DA:1630,0
DA:1633,0
DA:1642,0
DA:1643,0
DA:1644,0
DA:1647,0
DA:1648,0
DA:1649,0
DA:1653,0
DA:1654,0
DA:1655,0
DA:1656,0
DA:1657,0
DA:1662,0
DA:1663,0
DA:1664,0
DA:1665,0
DA:1666,0
DA:1671,0
DA:1672,0
DA:1673,0
DA:1675,0
DA:1676,0
DA:1677,0
DA:1679,0
DA:1680,0
DA:1685,0
DA:1686,0
DA:1687,0
DA:1688,0
DA:1689,0
DA:1693,0
DA:1694,0
DA:1695,0
DA:1696,0
DA:1697,0
DA:1701,0
DA:1702,0
DA:1706,0
DA:1707,0
DA:1708,0
DA:1709,0
DA:1710,0
DA:1711,0
DA:1715,0
DA:1716,0
DA:1718,0
DA:1719,0
DA:1721,0
DA:1722,0
DA:1726,0
DA:1727,0
DA:1728,0
DA:1729,0
DA:1738,0
DA:1739,0
DA:1740,0
DA:1742,0
DA:1743,0
DA:1744,0
DA:1745,0
DA:1750,0
DA:1751,0
DA:1752,0
DA:1754,0
DA:1755,0
DA:1759,0
DA:1760,0
DA:1761,0
DA:1762,0
DA:1763,0
DA:1772,0
DA:1773,0
DA:1774,0
DA:1778,0
DA:1779,0
DA:1780,0
DA:1784,0
DA:1785,0
DA:1786,0
DA:1790,0
DA:1791,0
DA:1792,0
DA:1793,0
DA:1797,0
DA:1822,0
DA:1823,0
DA:1825,0
DA:1826,0
DA:1827,0
DA:1828,0
DA:1831,0
DA:1834,0
DA:1835,0
DA:1836,0
DA:1837,0
DA:1838,0
DA:1839,0
DA:1841,0
DA:1842,0
DA:1843,0
DA:1844,0
DA:1845,0
DA:1846,0
DA:1848,0
DA:1851,0
DA:1854,0
DA:1859,0
DA:1860,0
DA:1865,0
DA:1866,0
DA:1875,0
DA:1876,0
DA:1884,0
DA:1887,0
DA:1896,0
DA:1900,0
DA:1901,0
DA:1902,0
DA:1903,0
DA:1904,0
DA:1905,0
DA:1906,0
DA:1907,0
DA:1908,0
DA:1909,0
DA:1910,0
DA:1913,0
DA:1921,0
DA:1922,0
DA:1923,0
DA:1926,0
DA:1927,0
DA:1928,0
DA:1929,0
DA:1938,0
DA:1941,0
DA:1943,0
DA:1944,0
DA:1954,0
DA:1956,0
DA:1957,0
DA:1958,0
DA:1960,0
DA:1961,0
DA:1962,0
DA:1963,0
DA:1964,0
DA:1965,0
DA:1967,0
DA:1968,0
DA:1969,0
DA:1970,0
DA:1973,0
DA:1974,0
DA:1975,0
DA:1976,0
DA:1977,0
DA:1979,0
DA:1980,0
DA:1981,0
DA:1982,0
DA:1984,0
DA:1985,0
DA:1987,0
DA:1991,0
DA:1996,0
DA:1997,0
DA:2000,0
DA:2001,0
DA:2002,0
DA:2003,0
DA:2015,0
DA:2018,0
DA:2019,0
DA:2022,0
DA:2023,0
DA:2024,0
DA:2025,0
DA:2026,0
DA:2027,0
DA:2028,0
DA:2029,0
DA:2031,0
DA:2032,0
DA:2034,0
DA:2035,0
DA:2037,0
DA:2038,0
DA:2039,0
DA:2046,0
DA:2047,0
DA:2049,0
DA:2050,0
DA:2051,0
DA:2053,0
DA:2054,0
DA:2064,0
DA:2065,0
DA:2066,0
DA:2069,0
DA:2070,0
DA:2079,0
DA:2082,0
DA:2098,0
LF:1065
LH:0
BRDA:29,0,0,0
BRDA:29,0,1,0
BRDA:44,1,0,0
BRDA:44,1,1,0
BRDA:63,2,0,0
BRDA:63,2,1,0
BRDA:75,3,0,0
BRDA:75,3,1,0
BRDA:81,4,0,0
BRDA:81,4,1,0
BRDA:92,5,0,0
BRDA:92,5,1,0
BRDA:108,6,0,0
BRDA:110,7,0,0
BRDA:110,7,1,0
BRDA:112,8,0,0
BRDA:112,8,1,0
BRDA:117,9,0,0
BRDA:118,10,0,0
BRDA:118,10,1,0
BRDA:118,11,0,0
BRDA:118,11,1,0
BRDA:128,12,0,0
BRDA:128,12,1,0
BRDA:128,12,2,0
BRDA:140,13,0,0
BRDA:140,13,1,0
BRDA:140,14,0,0
BRDA:140,14,1,0
BRDA:142,15,0,0
BRDA:142,15,1,0
BRDA:144,16,0,0
BRDA:144,16,1,0
BRDA:146,17,0,0
BRDA:146,17,1,0
BRDA:159,18,0,0
BRDA:160,19,0,0
BRDA:160,19,1,0
BRDA:160,20,0,0
BRDA:160,20,1,0
BRDA:163,21,0,0
BRDA:163,21,1,0
BRDA:163,22,0,0
BRDA:163,22,1,0
BRDA:163,22,2,0
BRDA:175,23,0,0
BRDA:175,23,1,0
BRDA:186,24,0,0
BRDA:186,24,1,0
BRDA:188,25,0,0
BRDA:188,25,1,0
BRDA:198,26,0,0
BRDA:198,26,1,0
BRDA:207,27,0,0
BRDA:207,27,1,0
BRDA:208,28,0,0
BRDA:208,28,1,0
BRDA:209,29,0,0
BRDA:209,29,1,0
BRDA:210,30,0,0
BRDA:210,30,1,0
BRDA:211,31,0,0
BRDA:211,31,1,0
BRDA:224,32,0,0
BRDA:224,32,1,0
BRDA:232,33,0,0
BRDA:232,33,1,0
BRDA:232,34,0,0
BRDA:232,34,1,0
BRDA:240,35,0,0
BRDA:240,35,1,0
BRDA:250,36,0,0
BRDA:250,36,1,0
BRDA:253,37,0,0
BRDA:253,37,1,0
BRDA:256,38,0,0
BRDA:256,38,1,0
BRDA:267,39,0,0
BRDA:267,39,1,0
BRDA:299,40,0,0
BRDA:299,40,1,0
BRDA:307,41,0,0
BRDA:307,41,1,0
BRDA:313,42,0,0
BRDA:313,42,1,0
BRDA:320,43,0,0
BRDA:320,43,1,0
BRDA:326,44,0,0
BRDA:326,44,1,0
BRDA:343,45,0,0
BRDA:343,45,1,0
BRDA:345,46,0,0
BRDA:345,46,1,0
BRDA:349,47,0,0
BRDA:349,47,1,0
BRDA:354,48,0,0
BRDA:354,48,1,0
BRDA:389,49,0,0
BRDA:389,49,1,0
BRDA:404,50,0,0
BRDA:404,50,1,0
BRDA:428,51,0,0
BRDA:428,51,1,0
BRDA:465,52,0,0
BRDA:465,52,1,0
BRDA:476,53,0,0
BRDA:476,53,1,0
BRDA:488,54,0,0
BRDA:488,54,1,0
BRDA:493,55,0,0
BRDA:493,55,1,0
BRDA:494,56,0,0
BRDA:494,56,1,0
BRDA:502,57,0,0
BRDA:502,57,1,0
BRDA:508,58,0,0
BRDA:508,58,1,0
BRDA:513,59,0,0
BRDA:513,59,1,0
BRDA:519,60,0,0
BRDA:519,60,1,0
BRDA:524,61,0,0
BRDA:524,61,1,0
BRDA:524,62,0,0
BRDA:524,62,1,0
BRDA:529,63,0,0
BRDA:529,63,1,0
BRDA:537,64,0,0
BRDA:537,64,1,0
BRDA:537,65,0,0
BRDA:537,65,1,0
BRDA:544,66,0,0
BRDA:544,66,1,0
BRDA:549,67,0,0
BRDA:549,67,1,0
BRDA:556,68,0,0
BRDA:556,68,1,0
BRDA:575,69,0,0
BRDA:575,69,1,0
BRDA:589,70,0,0
BRDA:589,70,1,0
BRDA:589,71,0,0
BRDA:589,71,1,0
BRDA:591,72,0,0
BRDA:591,72,1,0
BRDA:600,73,0,0
BRDA:600,73,1,0
BRDA:600,74,0,0
BRDA:600,74,1,0
BRDA:602,75,0,0
BRDA:602,75,1,0
BRDA:611,76,0,0
BRDA:611,76,1,0
BRDA:619,77,0,0
BRDA:619,77,1,0
BRDA:622,78,0,0
BRDA:622,78,1,0
BRDA:628,79,0,0
BRDA:628,79,1,0
BRDA:631,80,0,0
BRDA:631,80,1,0
BRDA:645,81,0,0
BRDA:645,81,1,0
BRDA:648,82,0,0
BRDA:648,82,1,0
BRDA:651,83,0,0
BRDA:651,83,1,0
BRDA:691,84,0,0
BRDA:691,84,1,0
BRDA:698,85,0,0
BRDA:698,85,1,0
BRDA:702,86,0,0
BRDA:702,86,1,0
BRDA:720,87,0,0
BRDA:720,87,1,0
BRDA:728,88,0,0
BRDA:728,88,1,0
BRDA:736,89,0,0
BRDA:736,89,1,0
BRDA:741,90,0,0
BRDA:741,90,1,0
BRDA:745,91,0,0
BRDA:745,91,1,0
BRDA:771,92,0,0
BRDA:771,92,1,0
BRDA:789,93,0,0
BRDA:789,93,1,0
BRDA:791,94,0,0
BRDA:791,94,1,0
BRDA:793,95,0,0
BRDA:793,95,1,0
BRDA:800,96,0,0
BRDA:800,96,1,0
BRDA:807,97,0,0
BRDA:807,97,1,0
BRDA:809,98,0,0
BRDA:809,98,1,0
BRDA:814,99,0,0
BRDA:814,99,1,0
BRDA:814,100,0,0
BRDA:814,100,1,0
BRDA:835,101,0,0
BRDA:835,101,1,0
BRDA:843,102,0,0
BRDA:843,102,1,0
BRDA:843,103,0,0
BRDA:843,103,1,0
BRDA:844,104,0,0
BRDA:844,104,1,0
BRDA:844,105,0,0
BRDA:844,105,1,0
BRDA:850,106,0,0
BRDA:850,106,1,0
BRDA:872,107,0,0
BRDA:872,107,1,0
BRDA:885,108,0,0
BRDA:885,108,1,0
BRDA:887,109,0,0
BRDA:887,109,1,0
BRDA:887,109,2,0
BRDA:891,110,0,0
BRDA:891,110,1,0
BRDA:891,111,0,0
BRDA:891,111,1,0
BRDA:906,112,0,0
BRDA:906,112,1,0
BRDA:907,113,0,0
BRDA:907,113,1,0
BRDA:911,114,0,0
BRDA:911,114,1,0
BRDA:911,114,2,0
BRDA:911,114,3,0
BRDA:920,115,0,0
BRDA:920,115,1,0
BRDA:922,116,0,0
BRDA:922,116,1,0
BRDA:932,117,0,0
BRDA:932,117,1,0
BRDA:941,118,0,0
BRDA:941,118,1,0
BRDA:947,119,0,0
BRDA:947,119,1,0
BRDA:982,120,0,0
BRDA:982,120,1,0
BRDA:990,121,0,0
BRDA:990,121,1,0
BRDA:1016,122,0,0
BRDA:1016,122,1,0
BRDA:1016,122,2,0
BRDA:1016,122,3,0
BRDA:1026,123,0,0
BRDA:1026,123,1,0
BRDA:1027,124,0,0
BRDA:1027,124,1,0
BRDA:1063,125,0,0
BRDA:1063,125,1,0
BRDA:1076,126,0,0
BRDA:1076,126,1,0
BRDA:1078,127,0,0
BRDA:1078,127,1,0
BRDA:1078,127,2,0
BRDA:1082,128,0,0
BRDA:1082,128,1,0
BRDA:1084,129,0,0
BRDA:1084,129,1,0
BRDA:1084,130,0,0
BRDA:1084,130,1,0
BRDA:1110,131,0,0
BRDA:1110,131,1,0
BRDA:1128,132,0,0
BRDA:1128,132,1,0
BRDA:1168,133,0,0
BRDA:1168,133,1,0
BRDA:1172,134,0,0
BRDA:1172,134,1,0
BRDA:1175,135,0,0
BRDA:1175,135,1,0
BRDA:1200,136,0,0
BRDA:1200,136,1,0
BRDA:1213,137,0,0
BRDA:1213,137,1,0
BRDA:1220,138,0,0
BRDA:1220,138,1,0
BRDA:1226,139,0,0
BRDA:1226,139,1,0
BRDA:1227,140,0,0
BRDA:1227,140,1,0
BRDA:1229,141,0,0
BRDA:1229,141,1,0
BRDA:1279,142,0,0
BRDA:1279,142,1,0
BRDA:1279,143,0,0
BRDA:1279,143,1,0
BRDA:1282,144,0,0
BRDA:1282,144,1,0
BRDA:1286,145,0,0
BRDA:1286,145,1,0
BRDA:1291,146,0,0
BRDA:1291,146,1,0
BRDA:1301,147,0,0
BRDA:1301,147,1,0
BRDA:1323,148,0,0
BRDA:1323,148,1,0
BRDA:1332,149,0,0
BRDA:1332,149,1,0
BRDA:1334,150,0,0
BRDA:1334,150,1,0
BRDA:1345,151,0,0
BRDA:1345,151,1,0
BRDA:1354,152,0,0
BRDA:1354,152,1,0
BRDA:1358,153,0,0
BRDA:1358,153,1,0
BRDA:1359,154,0,0
BRDA:1359,154,1,0
BRDA:1360,155,0,0
BRDA:1360,155,1,0
BRDA:1361,156,0,0
BRDA:1361,156,1,0
BRDA:1362,157,0,0
BRDA:1362,157,1,0
BRDA:1364,158,0,0
BRDA:1364,158,1,0
BRDA:1391,159,0,0
BRDA:1391,159,1,0
BRDA:1400,160,0,0
BRDA:1400,160,1,0
BRDA:1405,161,0,0
BRDA:1405,161,1,0
BRDA:1408,162,0,0
BRDA:1408,162,1,0
BRDA:1432,163,0,0
BRDA:1432,163,1,0
BRDA:1486,164,0,0
BRDA:1486,164,1,0
BRDA:1491,165,0,0
BRDA:1491,165,1,0
BRDA:1500,166,0,0
BRDA:1500,166,1,0
BRDA:1509,167,0,0
BRDA:1509,167,1,0
BRDA:1513,168,0,0
BRDA:1513,168,1,0
BRDA:1515,169,0,0
BRDA:1515,169,1,0
BRDA:1515,169,2,0
BRDA:1519,170,0,0
BRDA:1519,170,1,0
BRDA:1556,171,0,0
BRDA:1556,171,1,0
BRDA:1565,172,0,0
BRDA:1565,172,1,0
BRDA:1571,173,0,0
BRDA:1571,173,1,0
BRDA:1573,174,0,0
BRDA:1573,174,1,0
BRDA:1577,175,0,0
BRDA:1577,175,1,0
BRDA:1589,176,0,0
BRDA:1589,176,1,0
BRDA:1589,176,2,0
BRDA:1589,176,3,0
BRDA:1589,176,4,0
BRDA:1589,176,5,0
BRDA:1589,176,6,0
BRDA:1589,176,7,0
BRDA:1589,176,8,0
BRDA:1589,176,9,0
BRDA:1589,176,10,0
BRDA:1589,176,11,0
BRDA:1589,176,12,0
BRDA:1649,177,0,0
BRDA:1649,177,1,0
BRDA:1654,178,0,0
BRDA:1654,178,1,0
BRDA:1656,179,0,0
BRDA:1656,179,1,0
BRDA:1656,180,0,0
BRDA:1656,180,1,0
BRDA:1663,181,0,0
BRDA:1663,181,1,0
BRDA:1665,182,0,0
BRDA:1665,182,1,0
BRDA:1672,183,0,0
BRDA:1672,183,1,0
BRDA:1673,184,0,0
BRDA:1673,184,1,0
BRDA:1676,185,0,0
BRDA:1676,185,1,0
BRDA:1679,186,0,0
BRDA:1679,186,1,0
BRDA:1685,187,0,0
BRDA:1685,187,1,0
BRDA:1686,188,0,0
BRDA:1686,188,1,0
BRDA:1688,189,0,0
BRDA:1688,189,1,0
BRDA:1693,190,0,0
BRDA:1693,190,1,0
BRDA:1694,191,0,0
BRDA:1694,191,1,0
BRDA:1696,192,0,0
BRDA:1696,192,1,0
BRDA:1701,193,0,0
BRDA:1701,193,1,0
BRDA:1706,194,0,0
BRDA:1706,194,1,0
BRDA:1707,195,0,0
BRDA:1707,195,1,0
BRDA:1708,196,0,0
BRDA:1708,196,1,0
BRDA:1710,197,0,0
BRDA:1710,197,1,0
BRDA:1715,198,0,0
BRDA:1715,198,1,0
BRDA:1718,199,0,0
BRDA:1718,199,1,0
BRDA:1721,200,0,0
BRDA:1721,200,1,0
BRDA:1728,201,0,0
BRDA:1728,201,1,0
BRDA:1739,202,0,0
BRDA:1739,202,1,0
BRDA:1742,203,0,0
BRDA:1742,203,1,0
BRDA:1743,204,0,0
BRDA:1743,204,1,0
BRDA:1744,205,0,0
BRDA:1744,205,1,0
BRDA:1754,206,0,0
BRDA:1754,206,1,0
BRDA:1754,207,0,0
BRDA:1754,207,1,0
BRDA:1760,208,0,0
BRDA:1760,208,1,0
BRDA:1762,209,0,0
BRDA:1762,209,1,0
BRDA:1762,210,0,0
BRDA:1762,210,1,0
BRDA:1773,211,0,0
BRDA:1773,211,1,0
BRDA:1778,212,0,0
BRDA:1778,212,1,0
BRDA:1779,213,0,0
BRDA:1779,213,1,0
BRDA:1785,214,0,0
BRDA:1785,214,1,0
BRDA:1790,215,0,0
BRDA:1790,215,1,0
BRDA:1791,216,0,0
BRDA:1791,216,1,0
BRDA:1792,217,0,0
BRDA:1792,217,1,0
BRDA:1815,218,0,0
BRDA:1815,219,0,0
BRDA:1817,220,0,0
BRDA:1818,221,0,0
BRDA:1819,222,0,0
BRDA:1820,223,0,0
BRDA:1821,224,0,0
BRDA:1825,225,0,0
BRDA:1825,225,1,0
BRDA:1825,225,2,0
BRDA:1826,226,0,0
BRDA:1826,226,1,0
BRDA:1831,227,0,0
BRDA:1831,227,1,0
BRDA:1835,228,0,0
BRDA:1835,228,1,0
BRDA:1836,229,0,0
BRDA:1836,229,1,0
BRDA:1837,230,0,0
BRDA:1837,230,1,0
BRDA:1842,231,0,0
BRDA:1842,231,1,0
BRDA:1848,232,0,0
BRDA:1848,232,1,0
BRDA:1849,233,0,0
BRDA:1849,233,1,0
BRDA:1851,234,0,0
BRDA:1851,234,1,0
BRDA:1852,235,0,0
BRDA:1852,235,1,0
BRDA:1854,236,0,0
BRDA:1854,236,1,0
BRDA:1856,237,0,0
BRDA:1856,237,1,0
BRDA:1860,238,0,0
BRDA:1860,238,1,0
BRDA:1862,239,0,0
BRDA:1862,239,1,0
BRDA:1866,240,0,0
BRDA:1866,240,1,0
BRDA:1868,241,0,0
BRDA:1868,241,1,0
BRDA:1876,242,0,0
BRDA:1876,242,1,0
BRDA:1877,243,0,0
BRDA:1877,243,1,0
BRDA:1884,244,0,0
BRDA:1884,244,1,0
BRDA:1885,245,0,0
BRDA:1885,245,1,0
BRDA:1887,246,0,0
BRDA:1887,246,1,0
BRDA:1889,247,0,0
BRDA:1889,247,1,0
BRDA:1896,248,0,0
BRDA:1896,248,1,0
BRDA:1897,249,0,0
BRDA:1897,249,1,0
BRDA:1908,250,0,0
BRDA:1908,250,1,0
BRDA:1913,251,0,0
BRDA:1913,251,1,0
BRDA:1917,252,0,0
BRDA:1917,252,1,0
BRDA:1921,253,0,0
BRDA:1921,253,1,0
BRDA:1960,254,0,0
BRDA:1960,254,1,0
BRDA:1967,255,0,0
BRDA:1967,255,1,0
BRDA:2000,256,0,0
BRDA:2000,256,1,0
BRDA:2002,257,0,0
BRDA:2002,257,1,0
BRDA:2008,258,0,0
BRDA:2008,258,1,0
BRDA:2009,259,0,0
BRDA:2009,259,1,0
BRDA:2010,260,0,0
BRDA:2010,260,1,0
BRDA:2011,261,0,0
BRDA:2011,261,1,0
BRDA:2012,262,0,0
BRDA:2012,262,1,0
BRDA:2013,263,0,0
BRDA:2013,263,1,0
BRDA:2015,264,0,0
BRDA:2015,264,1,0
BRDA:2023,265,0,0
BRDA:2023,265,1,0
BRDA:2028,266,0,0
BRDA:2028,266,1,0
BRDA:2031,267,0,0
BRDA:2031,267,1,0
BRDA:2034,268,0,0
BRDA:2034,268,1,0
BRDA:2038,269,0,0
BRDA:2038,269,1,0
BRDA:2050,270,0,0
BRDA:2050,270,1,0
BRDA:2056,271,0,0
BRDA:2056,271,1,0
BRDA:2057,272,0,0
BRDA:2057,272,1,0
BRDA:2058,273,0,0
BRDA:2058,273,1,0
BRDA:2065,274,0,0
BRDA:2065,274,1,0
BRDA:2071,275,0,0
BRDA:2071,275,1,0
BRDA:2072,276,0,0
BRDA:2072,276,1,0
BRDA:2073,277,0,0
BRDA:2073,277,1,0
BRDA:2074,278,0,0
BRDA:2074,278,1,0
BRF:569
BRH:0
end_of_record
TN:
SF:lib\interactive.cjs
FN:4,createInteractiveHandlers
FNF:1
FNH:0
FNDA:0,createInteractiveHandlers
DA:1,0
DA:2,0
DA:5,0
DA:7,0
DA:16,0
LF:5
LH:0
BRF:0
BRH:0
end_of_record
TN:
SF:lib\personas.cjs
FN:71,selectPersonaForTask
FN:73,(anonymous_1)
FNF:2
FNH:0
FNDA:0,selectPersonaForTask
FNDA:0,(anonymous_1)
DA:1,0
DA:60,0
DA:72,0
DA:73,0
DA:74,0
DA:76,0
DA:82,0
LF:7
LH:0
BRDA:72,0,0,0
BRDA:72,0,1,0
BRDA:74,1,0,0
BRDA:74,1,1,0
BRF:4
BRH:0
end_of_record
TN:
SF:lib\progress.cjs
FN:34,createSpinner
FN:44,(anonymous_1)
FN:51,(anonymous_2)
FN:59,(anonymous_3)
FN:69,(anonymous_4)
FN:82,(anonymous_5)
FN:87,(anonymous_6)
FN:93,(anonymous_7)
FN:99,(anonymous_8)
FN:105,(anonymous_9)
FN:111,(anonymous_10)
FN:116,(anonymous_11)
FN:118,(anonymous_12)
FN:131,createProgressBar
FN:147,(anonymous_14)
FN:151,(anonymous_15)
FN:155,(anonymous_16)
FN:159,(anonymous_17)
FN:172,createMultiBar
FN:188,(anonymous_19)
FN:194,(anonymous_20)
FN:200,(anonymous_21)
FN:206,(anonymous_22)
FN:213,(anonymous_23)
FN:228,withSpinner
FN:233,(anonymous_25)
FN:248,withProgress
FN:285,createWorkflowTracker
FN:291,(anonymous_28)
FN:297,(anonymous_29)
FN:304,(anonymous_30)
FN:316,(anonymous_31)
FN:322,(anonymous_32)
FN:335,(anonymous_33)
FN:342,(anonymous_34)
FN:350,(anonymous_35)
FN:358,(anonymous_36)
FN:359,(anonymous_37)
FNF:38
FNH:0
FNDA:0,createSpinner
FNDA:0,(anonymous_1)
FNDA:0,(anonymous_2)
FNDA:0,(anonymous_3)
FNDA:0,(anonymous_4)
FNDA:0,(anonymous_5)
FNDA:0,(anonymous_6)
FNDA:0,(anonymous_7)
FNDA:0,(anonymous_8)
FNDA:0,(anonymous_9)
FNDA:0,(anonymous_10)
FNDA:0,(anonymous_11)
FNDA:0,(anonymous_12)
FNDA:0,createProgressBar
FNDA:0,(anonymous_14)
FNDA:0,(anonymous_15)
FNDA:0,(anonymous_16)
FNDA:0,(anonymous_17)
FNDA:0,createMultiBar
FNDA:0,(anonymous_19)
FNDA:0,(anonymous_20)
FNDA:0,(anonymous_21)
FNDA:0,(anonymous_22)
FNDA:0,(anonymous_23)
FNDA:0,withSpinner
FNDA:0,(anonymous_25)
FNDA:0,withProgress
FNDA:0,createWorkflowTracker
FNDA:0,(anonymous_28)
FNDA:0,(anonymous_29)
FNDA:0,(anonymous_30)
FNDA:0,(anonymous_31)
FNDA:0,(anonymous_32)
FNDA:0,(anonymous_33)
FNDA:0,(anonymous_34)
FNDA:0,(anonymous_35)
FNDA:0,(anonymous_36)
FNDA:0,(anonymous_37)
DA:6,0
DA:7,0
DA:10,0
DA:18,0
DA:35,0
DA:36,0
DA:38,0
DA:39,0
DA:40,0
DA:41,0
DA:42,0
DA:44,0
DA:45,0
DA:46,0
DA:47,0
DA:51,0
DA:52,0
DA:53,0
DA:54,0
DA:55,0
DA:56,0
DA:59,0
DA:60,0
DA:61,0
DA:62,0
DA:64,0
DA:65,0
DA:68,0
DA:70,0
DA:71,0
DA:72,0
DA:73,0
DA:74,0
DA:75,0
DA:77,0
DA:79,0
DA:83,0
DA:84,0
DA:88,0
DA:89,0
DA:90,0
DA:94,0
DA:95,0
DA:96,0
DA:100,0
DA:101,0
DA:102,0
DA:106,0
DA:107,0
DA:108,0
DA:112,0
DA:113,0
DA:116,0
DA:119,0
DA:123,0
DA:132,0
DA:133,0
DA:134,0
DA:136,0
DA:146,0
DA:148,0
DA:149,0
DA:152,0
DA:153,0
DA:156,0
DA:157,0
DA:160,0
DA:161,0
DA:173,0
DA:175,0
DA:185,0
DA:187,0
DA:189,0
DA:190,0
DA:191,0
DA:192,0
DA:195,0
DA:196,0
DA:197,0
DA:201,0
DA:202,0
DA:203,0
DA:207,0
DA:208,0
DA:209,0
DA:210,0
DA:214,0
DA:215,0
DA:229,0
DA:230,0
DA:232,0
DA:233,0
DA:234,0
DA:235,0
DA:237,0
DA:238,0
DA:249,0
DA:254,0
DA:255,0
DA:257,0
DA:258,0
DA:259,0
DA:261,0
DA:262,0
DA:263,0
DA:265,0
DA:266,0
DA:267,0
DA:268,0
DA:273,0
DA:274,0
DA:276,0
DA:286,0
DA:287,0
DA:288,0
DA:289,0
DA:291,0
DA:292,0
DA:293,0
DA:294,0
DA:297,0
DA:298,0
DA:300,0
DA:301,0
DA:302,0
DA:304,0
DA:305,0
DA:306,0
DA:307,0
DA:308,0
DA:309,0
DA:312,0
DA:315,0
DA:317,0
DA:318,0
DA:319,0
DA:323,0
DA:324,0
DA:326,0
DA:327,0
DA:329,0
DA:330,0
DA:331,0
DA:336,0
DA:337,0
DA:339,0
DA:343,0
DA:344,0
DA:346,0
DA:347,0
DA:350,0
DA:358,0
DA:359,0
DA:364,0
DA:371,0
LF:155
LH:0
BRDA:11,0,0,0
BRDA:11,0,1,0
BRDA:12,1,0,0
BRDA:12,1,1,0
BRDA:13,2,0,0
BRDA:13,2,1,0
BRDA:14,3,0,0
BRDA:14,3,1,0
BRDA:34,4,0,0
BRDA:35,5,0,0
BRDA:35,5,1,0
BRDA:35,6,0,0
BRDA:35,6,1,0
BRDA:36,7,0,0
BRDA:36,7,1,0
BRDA:42,8,0,0
BRDA:42,8,1,0
BRDA:45,9,0,0
BRDA:45,9,1,0
BRDA:52,10,0,0
BRDA:52,10,1,0
BRDA:60,11,0,0
BRDA:60,11,1,0
BRDA:70,12,0,0
BRDA:70,12,1,0
BRDA:73,13,0,0
BRDA:73,13,1,0
BRDA:89,14,0,0
BRDA:89,14,1,0
BRDA:95,15,0,0
BRDA:95,15,1,0
BRDA:101,16,0,0
BRDA:101,16,1,0
BRDA:107,17,0,0
BRDA:107,17,1,0
BRDA:131,18,0,0
BRDA:132,19,0,0
BRDA:132,19,1,0
BRDA:133,20,0,0
BRDA:133,20,1,0
BRDA:134,21,0,0
BRDA:134,21,1,0
BRDA:144,22,0,0
BRDA:144,22,1,0
BRDA:147,23,0,0
BRDA:147,24,0,0
BRDA:151,25,0,0
BRDA:155,26,0,0
BRDA:155,27,0,0
BRDA:172,28,0,0
BRDA:173,29,0,0
BRDA:173,29,1,0
BRDA:183,30,0,0
BRDA:183,30,1,0
BRDA:188,31,0,0
BRDA:188,32,0,0
BRDA:194,33,0,0
BRDA:196,34,0,0
BRDA:196,34,1,0
BRDA:200,35,0,0
BRDA:200,36,0,0
BRDA:202,37,0,0
BRDA:202,37,1,0
BRDA:208,38,0,0
BRDA:208,38,1,0
BRDA:228,39,0,0
BRDA:234,40,0,0
BRDA:234,40,1,0
BRDA:237,41,0,0
BRDA:237,41,1,0
BRDA:248,42,0,0
BRDA:250,43,0,0
BRDA:250,43,1,0
BRDA:266,44,0,0
BRDA:266,44,1,0
BRDA:285,45,0,0
BRDA:298,46,0,0
BRDA:298,46,1,0
BRDA:306,47,0,0
BRDA:306,47,1,0
BRDA:307,48,0,0
BRDA:307,48,1,0
BRDA:308,49,0,0
BRDA:308,49,1,0
BRDA:323,50,0,0
BRDA:323,50,1,0
BRDA:324,51,0,0
BRDA:324,51,1,0
BRDA:329,52,0,0
BRDA:329,52,1,0
BRDA:336,53,0,0
BRDA:336,53,1,0
BRDA:337,54,0,0
BRDA:337,54,1,0
BRDA:343,55,0,0
BRDA:343,55,1,0
BRDA:343,56,0,0
BRDA:343,56,1,0
BRF:98
BRH:0
end_of_record
TN:
SF:lib\task-artifacts.cjs
FN:5,getTaskDefaults
FN:68,normalizeList
FN:69,(anonymous_2)
FN:73,normalizeDoneWhen
FN:80,(anonymous_4)
FN:83,(anonymous_5)
FN:86,(anonymous_6)
FN:93,buildTaskContract
FN:105,(anonymous_8)
FN:106,(anonymous_9)
FN:107,(anonymous_10)
FN:108,(anonymous_11)
FN:126,(anonymous_12)
FN:161,buildExecutionBrief
FN:162,(anonymous_14)
FN:163,(anonymous_15)
FN:165,(anonymous_16)
FN:194,buildAuditChecklist
FN:196,(anonymous_18)
FN:216,getExecutionBriefPath
FN:220,getAuditChecklistPath
FN:224,getSessionPath
FN:228,buildSessionSummary
FN:267,validateSessionSummary
FN:303,(anonymous_24)
FNF:25
FNH:0
FNDA:0,getTaskDefaults
FNDA:0,normalizeList
FNDA:0,(anonymous_2)
FNDA:0,normalizeDoneWhen
FNDA:0,(anonymous_4)
FNDA:0,(anonymous_5)
FNDA:0,(anonymous_6)
FNDA:0,buildTaskContract
FNDA:0,(anonymous_8)
FNDA:0,(anonymous_9)
FNDA:0,(anonymous_10)
FNDA:0,(anonymous_11)
FNDA:0,(anonymous_12)
FNDA:0,buildExecutionBrief
FNDA:0,(anonymous_14)
FNDA:0,(anonymous_15)
FNDA:0,(anonymous_16)
FNDA:0,buildAuditChecklist
FNDA:0,(anonymous_18)
FNDA:0,getExecutionBriefPath
FNDA:0,getAuditChecklistPath
FNDA:0,getSessionPath
FNDA:0,buildSessionSummary
FNDA:0,validateSessionSummary
FNDA:0,(anonymous_24)
DA:1,0
DA:2,0
DA:3,0
DA:6,0
DA:8,0
DA:10,0
DA:19,0
DA:30,0
DA:39,0
DA:48,0
DA:57,0
DA:69,0
DA:70,0
DA:74,0
DA:80,0
DA:81,0
DA:83,0
DA:84,0
DA:86,0
DA:87,0
DA:90,0
DA:105,0
DA:106,0
DA:107,0
DA:108,0
DA:109,0
DA:113,0
DA:126,0
DA:162,0
DA:163,0
DA:164,0
DA:165,0
DA:168,0
DA:195,0
DA:196,0
DA:198,0
DA:217,0
DA:221,0
DA:225,0
DA:240,0
DA:260,0
DA:261,0
DA:262,0
DA:264,0
DA:268,0
DA:270,0
DA:271,0
DA:274,0
DA:275,0
DA:278,0
DA:279,0
DA:282,0
DA:283,0
DA:286,0
DA:287,0
DA:289,0
DA:290,0
DA:292,0
DA:293,0
DA:295,0
DA:296,0
DA:300,0
DA:301,0
DA:303,0
DA:304,0
DA:305,0
DA:310,0
DA:311,0
DA:314,0
DA:320,0
LF:70
LH:0
BRDA:6,0,0,0
BRDA:6,0,1,0
BRDA:8,1,0,0
BRDA:8,1,1,0
BRDA:8,1,2,0
BRDA:8,1,3,0
BRDA:8,1,4,0
BRDA:8,1,5,0
BRDA:69,2,0,0
BRDA:69,2,1,0
BRDA:70,3,0,0
BRDA:70,3,1,0
BRDA:80,4,0,0
BRDA:80,4,1,0
BRDA:83,5,0,0
BRDA:83,5,1,0
BRDA:86,6,0,0
BRDA:86,6,1,0
BRDA:109,7,0,0
BRDA:109,7,1,0
BRDA:109,8,0,0
BRDA:109,8,1,0
BRDA:109,8,2,0
BRDA:162,9,0,0
BRDA:162,9,1,0
BRDA:163,10,0,0
BRDA:163,10,1,0
BRDA:164,11,0,0
BRDA:164,11,1,0
BRDA:164,12,0,0
BRDA:164,12,1,0
BRDA:175,13,0,0
BRDA:175,13,1,0
BRDA:178,14,0,0
BRDA:178,14,1,0
BRDA:181,15,0,0
BRDA:181,15,1,0
BRDA:195,16,0,0
BRDA:195,16,1,0
BRDA:196,17,0,0
BRDA:196,17,1,0
BRDA:205,18,0,0
BRDA:205,18,1,0
BRDA:224,19,0,0
BRDA:233,20,0,0
BRDA:234,21,0,0
BRDA:235,22,0,0
BRDA:236,23,0,0
BRDA:237,24,0,0
BRDA:238,25,0,0
BRDA:248,26,0,0
BRDA:248,26,1,0
BRDA:261,27,0,0
BRDA:261,27,1,0
BRDA:270,28,0,0
BRDA:270,28,1,0
BRDA:270,29,0,0
BRDA:270,29,1,0
BRDA:274,30,0,0
BRDA:274,30,1,0
BRDA:278,31,0,0
BRDA:278,31,1,0
BRDA:282,32,0,0
BRDA:282,32,1,0
BRDA:282,33,0,0
BRDA:282,33,1,0
BRDA:286,34,0,0
BRDA:286,34,1,0
BRDA:286,35,0,0
BRDA:286,35,1,0
BRDA:289,36,0,0
BRDA:289,36,1,0
BRDA:292,37,0,0
BRDA:292,37,1,0
BRDA:295,38,0,0
BRDA:295,38,1,0
BRDA:300,39,0,0
BRDA:300,39,1,0
BRDA:300,40,0,0
BRDA:300,40,1,0
BRDA:304,41,0,0
BRDA:304,41,1,0
BRDA:304,42,0,0
BRDA:304,42,1,0
BRDA:310,43,0,0
BRDA:310,43,1,0
BRDA:310,44,0,0
BRDA:310,44,1,0
BRF:88
BRH:0
end_of_record
TN:
SF:lib\task-brief.cjs
FN:4,getTaskBriefPath
FN:8,buildTaskBrief
FN:18,(anonymous_2)
FNF:3
FNH:0
FNDA:0,getTaskBriefPath
FNDA:0,buildTaskBrief
FNDA:0,(anonymous_2)
DA:1,0
DA:2,0
DA:5,0
DA:17,0
DA:18,0
DA:21,0
DA:49,0
LF:7
LH:0
BRDA:17,0,0,0
BRDA:17,0,1,0
BRF:2
BRH:0
end_of_record
