TN:
SF:lib\agile.cjs
FN:3,extractContractTitle
FN:8,extractScopeItems
FN:10,(anonymous_2)
FN:13,extractFiles
FN:15,(anonymous_4)
FN:19,(anonymous_5)
FN:20,(anonymous_6)
FN:29,toId
FN:33,inferSubtasks
FN:34,(anonymous_9)
FN:35,(anonymous_10)
FN:39,(anonymous_11)
FN:58,generateBacklog
FN:64,(anonymous_13)
FN:95,getBacklogPath
FNF:15
FNH:15
FNDA:23,extractContractTitle
FNDA:23,extractScopeItems
FNDA:49,(anonymous_2)
FNDA:24,extractFiles
FNDA:113,(anonymous_4)
FNDA:38,(anonymous_5)
FNDA:186,(anonymous_6)
FNDA:124,toId
FNDA:32,inferSubtasks
FNDA:52,(anonymous_9)
FNDA:145,(anonymous_10)
FNDA:43,(anonymous_11)
FNDA:17,generateBacklog
FNDA:30,(anonymous_13)
FNDA:8,getBacklogPath
DA:1,7
DA:4,23
DA:5,23
DA:9,23
DA:10,49
DA:14,24
DA:15,24
DA:16,113
DA:19,24
DA:20,186
DA:21,38
DA:30,124
DA:34,32
DA:35,145
DA:38,32
DA:39,43
DA:47,32
DA:55,32
DA:59,17
DA:60,17
DA:61,17
DA:62,17
DA:64,30
DA:71,17
DA:72,2
DA:80,17
DA:96,8
DA:99,7
LF:28
LH:28
BRDA:5,0,0,19
BRDA:5,0,1,4
BRDA:9,1,0,23
BRDA:9,1,1,2
BRDA:10,2,0,23
BRDA:10,2,1,4
BRDA:14,3,0,24
BRDA:14,3,1,2
BRDA:16,4,0,113
BRDA:16,4,1,81
BRDA:16,4,2,59
BRDA:23,5,0,38
BRDA:23,5,1,1
BRDA:24,6,0,38
BRDA:24,6,1,2
BRDA:35,7,0,145
BRDA:35,7,1,102
BRDA:38,8,0,3
BRDA:38,8,1,29
BRDA:42,9,0,21
BRDA:42,9,1,22
BRDA:67,10,0,30
BRDA:67,10,1,0
BRDA:71,11,0,2
BRDA:71,11,1,15
BRF:25
BRH:24
end_of_record
TN:
SF:lib\ai-complete.cjs
FN:45,getApiKey
FN:51,getOllamaConfig
FN:74,isAIAvailable
FN:81,getAvailableProvider
FN:94,callLLM
FN:105,(anonymous_5)
FN:167,(anonymous_6)
FN:169,(anonymous_7)
FN:170,(anonymous_8)
FN:202,suggestScope
FN:225,suggestFiles
FN:252,suggestDoneWhen
FN:258,(anonymous_12)
FN:276,suggestSecurityChecks
FN:282,(anonymous_14)
FN:301,completeContract
FN:337,parseListResponse
FN:340,(anonymous_17)
FN:341,(anonymous_18)
FN:344,parseFilesResponse
FN:347,(anonymous_20)
FN:348,(anonymous_21)
FN:357,parseCheckboxResponse
FN:360,(anonymous_23)
FN:361,(anonymous_24)
FN:364,buildProjectAssessmentPrompt
FN:372,(anonymous_26)
FN:383,formatAssessmentSummaryFallback
FN:393,summarizeProjectAssessment
FN:419,formatSuggestions
FN:424,(anonymous_30)
FN:431,(anonymous_31)
FN:438,(anonymous_32)
FN:443,(anonymous_33)
FNF:34
FNH:31
FNDA:39,getApiKey
FNDA:2,getOllamaConfig
FNDA:3,isAIAvailable
FNDA:12,getAvailableProvider
FNDA:7,callLLM
FNDA:7,(anonymous_5)
FNDA:7,(anonymous_6)
FNDA:7,(anonymous_7)
FNDA:7,(anonymous_8)
FNDA:1,suggestScope
FNDA:1,suggestFiles
FNDA:1,suggestDoneWhen
FNDA:1,(anonymous_12)
FNDA:0,suggestSecurityChecks
FNDA:0,(anonymous_14)
FNDA:0,completeContract
FNDA:1,parseListResponse
FNDA:2,(anonymous_17)
FNDA:2,(anonymous_18)
FNDA:1,parseFilesResponse
FNDA:2,(anonymous_20)
FNDA:6,(anonymous_21)
FNDA:1,parseCheckboxResponse
FNDA:2,(anonymous_23)
FNDA:2,(anonymous_24)
FNDA:2,buildProjectAssessmentPrompt
FNDA:2,(anonymous_26)
FNDA:4,formatAssessmentSummaryFallback
FNDA:4,summarizeProjectAssessment
FNDA:1,formatSuggestions
FNDA:1,(anonymous_30)
FNDA:1,(anonymous_31)
FNDA:2,(anonymous_32)
FNDA:1,(anonymous_33)
DA:7,6
DA:8,6
DA:9,6
DA:14,6
DA:46,39
DA:47,39
DA:48,38
DA:52,2
DA:53,2
DA:56,2
DA:57,2
DA:59,0
DA:62,2
DA:75,3
DA:82,12
DA:83,10
DA:84,10
DA:85,7
DA:86,2
DA:88,5
DA:95,7
DA:96,7
DA:97,0
DA:100,7
DA:101,7
DA:102,7
DA:103,7
DA:105,7
DA:108,7
DA:109,4
DA:115,4
DA:119,3
DA:120,1
DA:125,1
DA:130,2
DA:131,1
DA:138,1
DA:141,1
DA:142,1
DA:151,1
DA:155,0
DA:156,0
DA:159,7
DA:168,7
DA:169,7
DA:170,7
DA:171,7
DA:172,7
DA:173,6
DA:174,0
DA:175,0
DA:176,0
DA:178,6
DA:179,3
DA:180,3
DA:181,1
DA:182,2
DA:183,1
DA:185,1
DA:188,1
DA:193,7
DA:194,7
DA:195,7
DA:203,1
DA:218,1
DA:219,1
DA:226,1
DA:245,1
DA:246,1
DA:253,1
DA:258,1
DA:269,1
DA:270,1
DA:277,0
DA:282,0
DA:294,0
DA:295,0
DA:302,0
DA:305,0
DA:306,0
DA:307,0
DA:309,0
DA:317,0
DA:318,0
DA:321,0
DA:322,0
DA:325,0
DA:326,0
DA:329,0
DA:330,0
DA:333,0
DA:338,1
DA:340,2
DA:341,2
DA:345,1
DA:348,6
DA:349,2
DA:350,2
DA:352,0
DA:358,1
DA:360,2
DA:361,2
DA:365,2
DA:372,2
DA:384,4
DA:385,4
DA:386,4
DA:387,4
DA:390,4
DA:394,4
DA:395,4
DA:396,4
DA:398,4
DA:399,3
DA:402,1
DA:403,1
DA:408,0
DA:412,1
DA:420,1
DA:422,1
DA:423,1
DA:424,1
DA:427,1
DA:428,1
DA:429,1
DA:430,1
DA:431,1
DA:432,1
DA:436,1
DA:437,1
DA:438,2
DA:441,1
DA:442,1
DA:443,1
DA:446,1
DA:449,6
LF:136
LH:109
BRDA:47,0,0,1
BRDA:47,0,1,38
BRDA:47,1,0,39
BRDA:47,1,1,39
BRDA:52,2,0,2
BRDA:52,2,1,0
BRDA:53,3,0,2
BRDA:53,3,1,2
BRDA:63,4,0,0
BRDA:63,4,1,2
BRDA:65,5,0,2
BRDA:65,5,1,0
BRDA:65,6,0,0
BRDA:65,6,1,0
BRDA:82,7,0,2
BRDA:82,7,1,10
BRDA:83,8,0,0
BRDA:83,8,1,10
BRDA:84,9,0,3
BRDA:84,9,1,7
BRDA:85,10,0,2
BRDA:85,10,1,5
BRDA:85,11,0,7
BRDA:85,11,1,5
BRDA:85,11,2,5
BRDA:94,12,0,0
BRDA:95,13,0,7
BRDA:95,13,1,3
BRDA:96,14,0,0
BRDA:96,14,1,7
BRDA:100,15,0,7
BRDA:100,15,1,0
BRDA:102,16,0,1
BRDA:102,16,1,6
BRDA:102,17,0,0
BRDA:102,17,1,1
BRDA:103,18,0,1
BRDA:103,18,1,6
BRDA:108,19,0,4
BRDA:108,19,1,3
BRDA:110,20,0,4
BRDA:110,20,1,4
BRDA:112,21,0,4
BRDA:112,21,1,1
BRDA:113,22,0,4
BRDA:113,22,1,4
BRDA:119,23,0,1
BRDA:119,23,1,2
BRDA:121,24,0,1
BRDA:121,24,1,1
BRDA:122,25,0,1
BRDA:122,25,1,1
BRDA:130,26,0,1
BRDA:130,26,1,1
BRDA:134,27,0,1
BRDA:134,27,1,1
BRDA:135,28,0,1
BRDA:135,28,1,1
BRDA:141,29,0,1
BRDA:141,29,1,0
BRDA:143,30,0,1
BRDA:143,30,1,1
BRDA:147,31,0,1
BRDA:147,31,1,1
BRDA:148,32,0,1
BRDA:148,32,1,1
BRDA:160,33,0,1
BRDA:160,33,1,6
BRDA:161,34,0,1
BRDA:161,34,1,6
BRDA:162,35,0,1
BRDA:162,35,1,6
BRDA:164,36,0,1
BRDA:164,36,1,5
BRDA:173,37,0,0
BRDA:173,37,1,6
BRDA:174,38,0,0
BRDA:174,38,1,0
BRDA:178,39,0,3
BRDA:178,39,1,3
BRDA:179,40,0,3
BRDA:179,40,1,0
BRDA:180,41,0,1
BRDA:180,41,1,2
BRDA:181,42,0,1
BRDA:181,42,1,0
BRDA:182,43,0,1
BRDA:182,43,1,1
BRDA:183,44,0,1
BRDA:183,44,1,0
BRDA:185,45,0,1
BRDA:185,45,1,0
BRDA:202,46,0,0
BRDA:208,47,0,1
BRDA:208,47,1,0
BRDA:209,48,0,1
BRDA:209,48,1,0
BRDA:225,49,0,0
BRDA:231,50,0,1
BRDA:231,50,1,0
BRDA:232,51,0,1
BRDA:232,51,1,0
BRDA:252,52,0,0
BRDA:276,53,0,0
BRDA:301,54,0,0
BRDA:307,55,0,0
BRDA:307,55,1,0
BRDA:307,55,2,0
BRDA:317,56,0,0
BRDA:317,56,1,0
BRDA:317,57,0,0
BRDA:317,57,1,0
BRDA:321,58,0,0
BRDA:321,58,1,0
BRDA:321,59,0,0
BRDA:321,59,1,0
BRDA:325,60,0,0
BRDA:325,60,1,0
BRDA:325,61,0,0
BRDA:325,61,1,0
BRDA:329,62,0,0
BRDA:329,62,1,0
BRDA:341,63,0,2
BRDA:341,63,1,2
BRDA:349,64,0,2
BRDA:349,64,1,0
BRDA:361,65,0,2
BRDA:361,65,1,2
BRDA:364,66,0,0
BRDA:368,67,0,2
BRDA:368,67,1,1
BRDA:369,68,0,2
BRDA:369,68,1,0
BRDA:370,69,0,2
BRDA:370,69,1,1
BRDA:370,70,0,2
BRDA:370,70,1,1
BRDA:371,71,0,2
BRDA:371,71,1,0
BRDA:371,72,0,2
BRDA:371,72,1,0
BRDA:372,73,0,2
BRDA:372,73,1,1
BRDA:372,74,0,2
BRDA:372,74,1,1
BRDA:373,75,0,2
BRDA:373,75,1,1
BRDA:373,76,0,2
BRDA:373,76,1,1
BRDA:383,77,0,0
BRDA:384,78,0,4
BRDA:384,78,1,0
BRDA:385,79,0,4
BRDA:385,79,1,0
BRDA:386,80,0,3
BRDA:386,80,1,1
BRDA:387,81,0,3
BRDA:387,81,1,1
BRDA:393,82,0,0
BRDA:393,83,0,3
BRDA:395,84,0,4
BRDA:395,84,1,3
BRDA:396,85,0,4
BRDA:396,85,1,3
BRDA:398,86,0,3
BRDA:398,86,1,1
BRDA:408,87,0,0
BRDA:408,87,1,0
BRDA:408,88,0,0
BRDA:408,88,1,0
BRDA:422,89,0,1
BRDA:422,89,1,0
BRDA:427,90,0,1
BRDA:427,90,1,0
BRDA:436,91,0,1
BRDA:436,91,1,0
BRDA:441,92,0,1
BRDA:441,92,1,0
BRF:178
BRH:117
end_of_record
TN:
SF:lib\api-server.cjs
FN:18,parseBody
FN:19,(anonymous_1)
FN:21,(anonymous_2)
FN:22,(anonymous_3)
FN:36,sendJSON
FN:49,sendError
FN:56,createAPIServer
FN:62,(anonymous_7)
FN:64,(anonymous_8)
FN:73,(anonymous_9)
FN:78,(anonymous_10)
FN:79,(anonymous_11)
FN:97,(anonymous_12)
FN:117,(anonymous_13)
FN:149,(anonymous_14)
FN:174,(anonymous_15)
FN:185,(anonymous_16)
FN:204,(anonymous_17)
FN:211,(anonymous_18)
FN:217,(anonymous_19)
FN:227,(anonymous_20)
FN:256,(anonymous_21)
FN:290,(anonymous_22)
FN:291,(anonymous_23)
FN:292,(anonymous_24)
FN:310,(anonymous_25)
FN:312,(anonymous_26)
FN:318,slugify
FN:322,findContractByIdOrFile
FN:325,(anonymous_29)
FNF:30
FNH:26
FNDA:4,parseBody
FNDA:4,(anonymous_1)
FNDA:3,(anonymous_2)
FNDA:4,(anonymous_3)
FNDA:15,sendJSON
FNDA:4,sendError
FNDA:15,createAPIServer
FNDA:0,(anonymous_7)
FNDA:16,(anonymous_8)
FNDA:2,(anonymous_9)
FNDA:1,(anonymous_10)
FNDA:1,(anonymous_11)
FNDA:3,(anonymous_12)
FNDA:3,(anonymous_13)
FNDA:0,(anonymous_14)
FNDA:0,(anonymous_15)
FNDA:1,(anonymous_16)
FNDA:0,(anonymous_17)
FNDA:1,(anonymous_18)
FNDA:3,(anonymous_19)
FNDA:14,(anonymous_20)
FNDA:16,(anonymous_21)
FNDA:15,(anonymous_22)
FNDA:15,(anonymous_23)
FNDA:15,(anonymous_24)
FNDA:15,(anonymous_25)
FNDA:15,(anonymous_26)
FNDA:1,slugify
FNDA:4,findContractByIdOrFile
FNDA:3,(anonymous_29)
DA:6,1
DA:7,1
DA:8,1
DA:9,1
DA:10,1
DA:11,1
DA:12,1
DA:13,1
DA:19,4
DA:20,4
DA:21,4
DA:22,4
DA:23,4
DA:24,4
DA:26,0
DA:29,4
DA:37,15
DA:43,15
DA:50,4
DA:57,15
DA:58,15
DA:61,15
DA:62,15
DA:64,15
DA:65,16
DA:66,16
DA:67,16
DA:71,15
DA:74,2
DA:75,1
DA:78,1
DA:79,1
DA:80,1
DA:81,1
DA:82,1
DA:83,1
DA:85,1
DA:93,1
DA:98,3
DA:99,3
DA:100,1
DA:103,2
DA:104,2
DA:105,2
DA:106,2
DA:108,2
DA:118,3
DA:119,3
DA:121,3
DA:122,1
DA:125,2
DA:126,2
DA:129,2
DA:131,1
DA:132,1
DA:133,1
DA:134,1
DA:137,1
DA:138,1
DA:139,1
DA:140,1
DA:141,1
DA:143,0
DA:150,0
DA:151,0
DA:152,0
DA:155,0
DA:156,0
DA:158,0
DA:159,0
DA:161,0
DA:162,0
DA:165,0
DA:166,0
DA:169,0
DA:170,0
DA:175,0
DA:176,0
DA:177,0
DA:180,0
DA:181,0
DA:186,1
DA:187,1
DA:188,0
DA:191,1
DA:192,1
DA:194,1
DA:195,1
DA:199,1
DA:205,0
DA:206,0
DA:207,0
DA:212,1
DA:213,1
DA:218,3
DA:227,15
DA:228,14
DA:229,67
DA:230,67
DA:233,32
DA:234,32
DA:236,32
DA:238,23
DA:239,23
DA:241,23
DA:242,74
DA:243,4
DA:244,70
DA:245,10
DA:246,10
DA:250,23
DA:252,1
DA:256,15
DA:257,16
DA:260,16
DA:261,1
DA:265,15
DA:266,1
DA:271,1
DA:274,14
DA:275,14
DA:277,14
DA:278,1
DA:281,13
DA:282,13
DA:284,0
DA:285,0
DA:289,15
DA:291,15
DA:292,15
DA:293,15
DA:294,15
DA:295,15
DA:296,15
DA:297,15
DA:298,15
DA:299,15
DA:300,15
DA:301,15
DA:302,15
DA:303,15
DA:304,15
DA:305,15
DA:311,15
DA:312,15
DA:319,1
DA:323,4
DA:325,3
DA:328,3
DA:329,2
DA:332,2
DA:333,2
DA:334,2
DA:335,2
DA:338,0
DA:341,1
LF:156
LH:129
BRDA:24,0,0,3
BRDA:24,0,1,1
BRDA:36,1,0,9
BRDA:49,2,0,1
BRDA:56,3,0,0
BRDA:58,4,0,14
BRDA:65,5,0,16
BRDA:65,5,1,14
BRDA:74,6,0,1
BRDA:74,6,1,1
BRDA:87,7,0,1
BRDA:87,7,1,0
BRDA:88,8,0,1
BRDA:88,8,1,0
BRDA:89,9,0,1
BRDA:89,9,1,0
BRDA:99,10,0,1
BRDA:99,10,1,2
BRDA:119,11,0,3
BRDA:121,12,0,1
BRDA:121,12,1,2
BRDA:121,13,0,3
BRDA:121,13,1,1
BRDA:125,14,0,2
BRDA:125,14,1,0
BRDA:129,15,0,1
BRDA:129,15,1,1
BRDA:131,16,0,1
BRDA:131,16,1,0
BRDA:151,17,0,0
BRDA:151,17,1,0
BRDA:161,18,0,0
BRDA:161,18,1,0
BRDA:165,19,0,0
BRDA:165,19,1,0
BRDA:176,20,0,0
BRDA:176,20,1,0
BRDA:187,21,0,0
BRDA:187,21,1,1
BRDA:192,22,0,1
BRDA:192,22,1,1
BRDA:195,23,0,0
BRDA:195,23,1,1
BRDA:207,24,0,0
BRDA:207,24,1,0
BRDA:230,25,0,35
BRDA:230,25,1,32
BRDA:236,26,0,9
BRDA:236,26,1,23
BRDA:242,27,0,4
BRDA:242,27,1,70
BRDA:244,28,0,10
BRDA:244,28,1,60
BRDA:250,29,0,13
BRDA:250,29,1,10
BRDA:260,30,0,1
BRDA:260,30,1,15
BRDA:265,31,0,1
BRDA:265,31,1,14
BRDA:277,32,0,1
BRDA:277,32,1,13
BRDA:290,33,0,0
BRDA:323,34,0,1
BRDA:323,34,1,3
BRDA:328,35,0,1
BRDA:328,35,1,2
BRDA:329,36,0,0
BRDA:329,36,1,2
BRDA:335,37,0,2
BRDA:335,37,1,0
BRF:70
BRH:49
end_of_record
TN:
SF:lib\assessment.cjs
FN:6,readJson
FN:18,listRootEntries
FN:20,(anonymous_2)
FN:21,(anonymous_3)
FN:22,(anonymous_4)
FN:28,unique
FN:32,getDependencyNames
FN:36,detectStackSummary
FN:48,collectProjectAssessment
FN:68,(anonymous_9)
FN:73,renderTemplate
FN:74,(anonymous_11)
FN:79,formatAllowedDirs
FN:81,(anonymous_13)
FN:82,(anonymous_14)
FN:91,formatStackLabels
FN:95,buildProjectBaselineContract
FN:99,(anonymous_17)
FN:102,(anonymous_18)
FN:169,buildSystemBaselineContract
FN:178,generateBaselineContracts
FN:195,(anonymous_21)
FNF:22
FNH:22
FNDA:10,readJson
FNDA:10,listRootEntries
FNDA:31,(anonymous_2)
FNDA:20,(anonymous_3)
FNDA:19,(anonymous_4)
FNDA:30,unique
FNDA:20,getDependencyNames
FNDA:10,detectStackSummary
FNDA:10,collectProjectAssessment
FNDA:1,(anonymous_9)
FNDA:4,renderTemplate
FNDA:12,(anonymous_11)
FNDA:5,formatAllowedDirs
FNDA:5,(anonymous_13)
FNDA:4,(anonymous_14)
FNDA:5,formatStackLabels
FNDA:5,buildProjectBaselineContract
FNDA:2,(anonymous_17)
FNDA:14,(anonymous_18)
FNDA:4,buildSystemBaselineContract
FNDA:4,generateBaselineContracts
FNDA:8,(anonymous_21)
DA:1,6
DA:2,6
DA:3,6
DA:4,6
DA:7,10
DA:8,4
DA:11,6
DA:12,6
DA:14,1
DA:19,10
DA:20,31
DA:21,20
DA:22,19
DA:29,30
DA:33,20
DA:37,10
DA:38,9
DA:39,8
DA:40,6
DA:41,5
DA:42,3
DA:43,2
DA:44,1
DA:45,0
DA:49,10
DA:50,10
DA:51,10
DA:52,10
DA:53,10
DA:54,10
DA:55,10
DA:56,10
DA:58,10
DA:68,1
DA:74,4
DA:75,12
DA:80,5
DA:81,5
DA:82,4
DA:84,5
DA:85,3
DA:88,2
DA:92,5
DA:96,5
DA:97,5
DA:98,5
DA:99,2
DA:101,5
DA:102,14
DA:105,5
DA:170,4
DA:171,4
DA:179,4
DA:180,4
DA:181,4
DA:182,4
DA:184,4
DA:195,4
DA:196,8
DA:197,3
DA:198,3
DA:201,5
DA:202,5
DA:205,4
DA:208,6
LF:65
LH:64
BRDA:7,0,0,4
BRDA:7,0,1,6
BRDA:24,1,0,12
BRDA:24,1,1,7
BRDA:33,2,0,20
BRDA:33,2,1,10
BRDA:33,2,2,16
BRDA:37,3,0,1
BRDA:37,3,1,9
BRDA:38,4,0,1
BRDA:38,4,1,8
BRDA:38,5,0,9
BRDA:38,5,1,3
BRDA:39,6,0,2
BRDA:39,6,1,6
BRDA:40,7,0,1
BRDA:40,7,1,5
BRDA:40,8,0,6
BRDA:40,8,1,1
BRDA:41,9,0,2
BRDA:41,9,1,3
BRDA:42,10,0,1
BRDA:42,10,1,2
BRDA:43,11,0,1
BRDA:43,11,1,1
BRDA:44,12,0,1
BRDA:44,12,1,0
BRDA:45,13,0,0
BRDA:45,13,1,0
BRDA:45,14,0,0
BRDA:45,14,1,0
BRDA:55,15,0,10
BRDA:55,15,1,5
BRDA:55,15,2,7
BRDA:60,16,0,5
BRDA:60,16,1,5
BRDA:60,17,0,10
BRDA:60,17,1,5
BRDA:68,18,0,10
BRDA:68,18,1,8
BRDA:68,18,2,7
BRDA:84,19,0,3
BRDA:84,19,1,2
BRDA:92,20,0,4
BRDA:92,20,1,1
BRDA:96,21,0,4
BRDA:96,21,1,1
BRDA:98,22,0,1
BRDA:98,22,1,4
BRDA:102,23,0,10
BRDA:102,23,1,4
BRDA:165,24,0,5
BRDA:165,24,1,1
BRDA:196,25,0,3
BRDA:196,25,1,5
BRF:55
BRH:50
end_of_record
TN:
SF:lib\cicd.cjs
FN:142,generateGitHubWorkflow
FN:169,generateCICDFiles
FN:234,checkCICDSetup
FN:271,(anonymous_3)
FN:272,(anonymous_4)
FN:279,formatSetupReport
FNF:6
FNH:6
FNDA:10,generateGitHubWorkflow
FNDA:5,generateCICDFiles
FNDA:4,checkCICDSetup
FNDA:4,(anonymous_3)
FNDA:16,(anonymous_4)
FNDA:4,formatSetupReport
DA:6,2
DA:7,2
DA:12,2
DA:81,2
DA:111,2
DA:148,10
DA:150,10
DA:152,10
DA:153,0
DA:157,0
DA:163,10
DA:170,5
DA:171,5
DA:174,5
DA:175,5
DA:177,5
DA:178,4
DA:179,4
DA:182,4
DA:183,4
DA:184,4
DA:187,1
DA:191,5
DA:192,5
DA:194,5
DA:195,4
DA:196,4
DA:197,4
DA:200,1
DA:204,5
DA:205,5
DA:206,0
DA:207,0
DA:209,0
DA:210,0
DA:211,0
DA:214,0
DA:215,0
DA:216,0
DA:217,0
DA:221,0
DA:224,0
DA:228,5
DA:235,4
DA:238,4
DA:239,4
DA:246,4
DA:247,4
DA:254,4
DA:255,4
DA:262,4
DA:263,4
DA:269,4
DA:271,4
DA:272,16
DA:280,4
DA:282,4
DA:283,4
DA:285,4
DA:286,10
DA:287,10
DA:288,10
DA:289,10
DA:290,7
DA:294,4
DA:295,4
DA:296,1
DA:298,3
DA:299,3
DA:302,4
DA:305,2
LF:71
LH:58
BRDA:142,0,0,6
BRDA:144,1,0,10
BRDA:145,2,0,10
BRDA:146,3,0,10
BRDA:147,4,0,10
BRDA:152,5,0,0
BRDA:152,5,1,10
BRDA:169,6,0,4
BRDA:171,7,0,4
BRDA:171,8,0,5
BRDA:177,9,0,4
BRDA:177,9,1,1
BRDA:178,10,0,4
BRDA:178,10,1,0
BRDA:182,11,0,4
BRDA:182,11,1,0
BRDA:182,12,0,4
BRDA:182,12,1,0
BRDA:194,13,0,4
BRDA:194,13,1,1
BRDA:195,14,0,4
BRDA:195,14,1,0
BRDA:195,15,0,4
BRDA:195,15,1,0
BRDA:205,16,0,0
BRDA:205,16,1,5
BRDA:209,17,0,0
BRDA:209,17,1,0
BRDA:210,18,0,0
BRDA:210,18,1,0
BRDA:214,19,0,0
BRDA:214,19,1,0
BRDA:214,20,0,0
BRDA:214,20,1,0
BRDA:286,21,0,3
BRDA:286,21,1,7
BRDA:287,22,0,3
BRDA:287,22,1,7
BRDA:289,23,0,7
BRDA:289,23,1,3
BRDA:295,24,0,1
BRDA:295,24,1,3
BRF:42
BRH:27
end_of_record
TN:
SF:lib\commands.cjs
FN:36,createProjectContext
FN:50,ensureContractsDir
FN:56,getPlanEntries
FN:65,(anonymous_3)
FN:66,(anonymous_4)
FN:71,writeOutput
FN:81,appendLocalFeatureLog
FN:104,inferCreateRequest
FN:157,(anonymous_8)
FN:161,(anonymous_9)
FN:179,extractContractTitle
FN:183,setOrInsertBranchLine
FN:193,extractDoneWhenSection
FN:198,prefixedError
FN:202,normalizeRepoPath
FN:206,getArtifactPaths
FN:224,ensureGovernanceLock
FN:240,readPackageScripts
FN:253,runProjectCheck
FN:295,createCommandHandlers
FN:299,(anonymous_20)
FN:304,(anonymous_21)
FN:305,(anonymous_22)
FN:306,(anonymous_23)
FN:307,(anonymous_24)
FN:308,(anonymous_25)
FN:309,(anonymous_26)
FN:310,(anonymous_27)
FN:313,resolveContract
FN:326,init
FN:339,(anonymous_30)
FN:457,(anonymous_31)
FN:477,(anonymous_32)
FN:480,(anonymous_33)
FN:491,create
FN:519,validate
FN:575,(anonymous_36)
FN:580,(anonymous_37)
FN:585,(anonymous_38)
FN:600,plan
FN:628,(anonymous_40)
FN:631,(anonymous_41)
FN:632,(anonymous_42)
FN:654,(anonymous_43)
FN:684,approve
FN:720,guard
FN:752,(anonymous_46)
FN:760,execute
FN:800,(anonymous_48)
FN:803,(anonymous_49)
FN:810,(anonymous_50)
FN:812,(anonymous_51)
FN:826,(anonymous_52)
FN:847,audit
FN:871,(anonymous_54)
FN:886,(anonymous_55)
FN:897,(anonymous_56)
FN:906,(anonymous_57)
FN:916,list
FN:919,(anonymous_59)
FN:927,(anonymous_60)
FN:944,backlog
FN:971,promptBundle
FN:996,start
FN:1022,prTemplate
FN:1049,cleanLocalContracts
FN:1070,(anonymous_66)
FN:1073,featureClose
FN:1093,featureGc
FN:1105,(anonymous_69)
FN:1141,contextLint
FN:1145,(anonymous_71)
FN:1156,policyCheck
FN:1170,(anonymous_73)
FN:1174,(anonymous_74)
FN:1182,(anonymous_75)
FN:1188,(anonymous_76)
FN:1188,(anonymous_77)
FN:1194,(anonymous_78)
FN:1201,(anonymous_79)
FN:1220,(anonymous_80)
FN:1226,(anonymous_81)
FN:1229,(anonymous_82)
FN:1230,(anonymous_83)
FN:1239,resolveSessionFile
FN:1269,readSessionFile
FN:1274,listSessionFiles
FN:1280,(anonymous_87)
FN:1281,(anonymous_88)
FN:1284,derivePersonaFromArtifacts
FN:1307,regenerateSession
FN:1328,(anonymous_91)
FN:1362,session
FN:1380,(anonymous_93)
FN:1430,(anonymous_94)
FN:1431,(anonymous_95)
FN:1440,(anonymous_96)
FN:1453,resolve
FN:1464,upgradeContract
FN:1475,metricsSummary
FN:1480,initHooks
FN:1495,(anonymous_101)
FN:1524,watch
FN:1559,(anonymous_103)
FNF:104
FNH:94
FNDA:53,createProjectContext
FNDA:8,ensureContractsDir
FNDA:5,getPlanEntries
FNDA:1,(anonymous_3)
FNDA:1,(anonymous_4)
FNDA:2,writeOutput
FNDA:2,appendLocalFeatureLog
FNDA:7,inferCreateRequest
FNDA:26,(anonymous_8)
FNDA:9,(anonymous_9)
FNDA:4,extractContractTitle
FNDA:2,setOrInsertBranchLine
FNDA:1,extractDoneWhenSection
FNDA:7,prefixedError
FNDA:6,normalizeRepoPath
FNDA:14,getArtifactPaths
FNDA:2,ensureGovernanceLock
FNDA:4,readPackageScripts
FNDA:8,runProjectCheck
FNDA:53,createCommandHandlers
FNDA:0,(anonymous_20)
FNDA:5,(anonymous_21)
FNDA:2,(anonymous_22)
FNDA:8,(anonymous_23)
FNDA:3,(anonymous_24)
FNDA:3,(anonymous_25)
FNDA:0,(anonymous_26)
FNDA:5,(anonymous_27)
FNDA:27,resolveContract
FNDA:2,init
FNDA:8,(anonymous_30)
FNDA:10,(anonymous_31)
FNDA:3,(anonymous_32)
FNDA:1,(anonymous_33)
FNDA:3,create
FNDA:2,validate
FNDA:2,(anonymous_36)
FNDA:5,(anonymous_37)
FNDA:1,(anonymous_38)
FNDA:3,plan
FNDA:13,(anonymous_40)
FNDA:3,(anonymous_41)
FNDA:15,(anonymous_42)
FNDA:6,(anonymous_43)
FNDA:1,approve
FNDA:3,guard
FNDA:0,(anonymous_46)
FNDA:2,execute
FNDA:1,(anonymous_48)
FNDA:3,(anonymous_49)
FNDA:2,(anonymous_50)
FNDA:1,(anonymous_51)
FNDA:0,(anonymous_52)
FNDA:4,audit
FNDA:2,(anonymous_54)
FNDA:8,(anonymous_55)
FNDA:8,(anonymous_56)
FNDA:8,(anonymous_57)
FNDA:2,list
FNDA:1,(anonymous_59)
FNDA:0,(anonymous_60)
FNDA:2,backlog
FNDA:1,promptBundle
FNDA:3,start
FNDA:1,prTemplate
FNDA:2,cleanLocalContracts
FNDA:2,(anonymous_66)
FNDA:2,featureClose
FNDA:3,featureGc
FNDA:1,(anonymous_69)
FNDA:1,contextLint
FNDA:0,(anonymous_71)
FNDA:6,policyCheck
FNDA:6,(anonymous_73)
FNDA:0,(anonymous_74)
FNDA:6,(anonymous_75)
FNDA:0,(anonymous_76)
FNDA:0,(anonymous_77)
FNDA:5,(anonymous_78)
FNDA:3,(anonymous_79)
FNDA:3,(anonymous_80)
FNDA:2,(anonymous_81)
FNDA:1,(anonymous_82)
FNDA:1,(anonymous_83)
FNDA:4,resolveSessionFile
FNDA:6,readSessionFile
FNDA:2,listSessionFiles
FNDA:2,(anonymous_87)
FNDA:2,(anonymous_88)
FNDA:1,derivePersonaFromArtifacts
FNDA:2,regenerateSession
FNDA:6,(anonymous_91)
FNDA:8,session
FNDA:2,(anonymous_93)
FNDA:8,(anonymous_94)
FNDA:4,(anonymous_95)
FNDA:0,(anonymous_96)
FNDA:1,resolve
FNDA:1,upgradeContract
FNDA:1,metricsSummary
FNDA:2,initHooks
FNDA:2,(anonymous_101)
FNDA:1,watch
FNDA:1,(anonymous_103)
DA:1,5
DA:2,5
DA:3,5
DA:4,5
DA:5,5
DA:6,5
DA:7,5
DA:8,5
DA:9,5
DA:14,5
DA:15,5
DA:22,5
DA:23,5
DA:34,5
DA:37,53
DA:38,53
DA:39,53
DA:51,8
DA:52,5
DA:57,5
DA:58,4
DA:61,1
DA:62,1
DA:63,1
DA:65,1
DA:66,1
DA:68,1
DA:72,2
DA:73,1
DA:75,2
DA:76,2
DA:77,2
DA:82,2
DA:83,2
DA:86,0
DA:87,0
DA:90,0
DA:91,0
DA:95,0
DA:101,0
DA:105,7
DA:109,7
DA:157,26
DA:158,7
DA:160,7
DA:161,3
DA:162,9
DA:166,7
DA:171,7
DA:180,4
DA:184,2
DA:185,0
DA:187,2
DA:188,2
DA:190,0
DA:194,1
DA:199,7
DA:203,6
DA:207,14
DA:214,5
DA:225,2
DA:226,2
DA:227,2
DA:228,2
DA:235,2
DA:236,2
DA:237,2
DA:241,4
DA:242,0
DA:245,4
DA:246,4
DA:247,4
DA:249,0
DA:254,8
DA:255,8
DA:256,3
DA:265,5
DA:270,1
DA:277,4
DA:278,4
DA:279,4
DA:280,3
DA:286,1
DA:299,0
DA:303,53
DA:304,5
DA:305,2
DA:306,8
DA:307,3
DA:308,3
DA:309,0
DA:310,5
DA:314,27
DA:315,27
DA:317,1
DA:318,1
DA:319,0
DA:321,1
DA:322,1
DA:327,2
DA:329,2
DA:330,2
DA:331,2
DA:332,2
DA:333,2
DA:334,2
DA:335,2
DA:338,2
DA:339,2
DA:340,8
DA:341,8
DA:342,8
DA:343,8
DA:344,8
DA:348,2
DA:349,2
DA:350,2
DA:381,2
DA:383,2
DA:384,2
DA:385,2
DA:386,2
DA:390,2
DA:450,2
DA:457,2
DA:458,10
DA:459,10
DA:461,6
DA:462,4
DA:464,4
DA:467,2
DA:468,2
DA:469,2
DA:471,2
DA:472,2
DA:477,2
DA:478,3
DA:480,2
DA:481,1
DA:483,2
DA:485,0
DA:488,2
DA:492,3
DA:494,3
DA:495,3
DA:496,3
DA:502,2
DA:508,2
DA:509,2
DA:510,2
DA:511,2
DA:512,2
DA:514,1
DA:515,1
DA:520,2
DA:521,2
DA:522,0
DA:526,2
DA:527,2
DA:529,0
DA:530,0
DA:531,0
DA:534,2
DA:535,2
DA:536,2
DA:537,0
DA:538,0
DA:539,0
DA:540,0
DA:541,0
DA:545,2
DA:546,2
DA:547,2
DA:548,2
DA:549,2
DA:550,2
DA:551,2
DA:552,1
DA:554,2
DA:555,2
DA:556,1
DA:558,2
DA:559,2
DA:560,1
DA:561,1
DA:563,2
DA:564,2
DA:566,2
DA:567,2
DA:569,2
DA:570,2
DA:573,2
DA:574,1
DA:575,2
DA:578,2
DA:579,2
DA:580,5
DA:583,2
DA:584,1
DA:585,1
DA:588,2
DA:590,2
DA:591,1
DA:592,1
DA:593,1
DA:596,1
DA:597,1
DA:601,3
DA:602,3
DA:603,0
DA:607,3
DA:608,3
DA:610,0
DA:611,0
DA:612,0
DA:615,3
DA:616,3
DA:617,3
DA:619,3
DA:620,1
DA:621,1
DA:622,1
DA:625,2
DA:626,2
DA:627,2
DA:628,2
DA:629,13
DA:631,2
DA:632,15
DA:633,3
DA:634,3
DA:643,2
DA:650,2
DA:654,6
DA:665,2
DA:666,1
DA:667,1
DA:668,1
DA:671,1
DA:672,1
DA:673,1
DA:675,1
DA:676,1
DA:677,1
DA:678,1
DA:679,1
DA:680,1
DA:681,1
DA:685,1
DA:686,1
DA:687,0
DA:691,1
DA:692,1
DA:694,0
DA:695,0
DA:696,0
DA:699,1
DA:700,1
DA:701,1
DA:702,1
DA:703,1
DA:704,1
DA:706,0
DA:707,0
DA:708,0
DA:709,0
DA:710,0
DA:712,0
DA:713,0
DA:714,0
DA:716,0
DA:717,0
DA:721,3
DA:722,3
DA:723,0
DA:726,3
DA:727,3
DA:728,3
DA:729,3
DA:730,3
DA:731,3
DA:732,1
DA:733,1
DA:734,1
DA:737,2
DA:738,2
DA:739,1
DA:740,1
DA:741,1
DA:744,1
DA:750,1
DA:751,0
DA:752,0
DA:753,0
DA:754,0
DA:757,1
DA:761,2
DA:762,2
DA:763,0
DA:766,2
DA:767,2
DA:768,2
DA:769,2
DA:770,0
DA:771,0
DA:772,0
DA:775,2
DA:776,2
DA:777,2
DA:778,1
DA:779,1
DA:780,1
DA:783,1
DA:784,1
DA:785,0
DA:786,0
DA:787,0
DA:789,1
DA:795,1
DA:796,1
DA:797,1
DA:798,1
DA:799,1
DA:800,1
DA:802,1
DA:803,1
DA:804,3
DA:805,3
DA:807,1
DA:808,1
DA:809,1
DA:810,2
DA:811,1
DA:812,1
DA:813,1
DA:814,1
DA:815,1
DA:817,1
DA:823,1
DA:824,0
DA:825,0
DA:826,0
DA:827,0
DA:828,0
DA:831,1
DA:832,1
DA:833,1
DA:834,1
DA:836,1
DA:843,1
DA:844,1
DA:848,4
DA:849,4
DA:850,0
DA:853,4
DA:854,4
DA:855,4
DA:856,4
DA:857,4
DA:860,4
DA:862,4
DA:863,4
DA:864,4
DA:865,4
DA:866,4
DA:867,4
DA:869,4
DA:870,4
DA:871,1
DA:872,2
DA:873,2
DA:874,2
DA:878,4
DA:879,4
DA:880,4
DA:881,4
DA:882,4
DA:883,4
DA:884,4
DA:886,4
DA:887,8
DA:888,3
DA:889,5
DA:890,4
DA:892,1
DA:897,8
DA:900,4
DA:905,4
DA:906,8
DA:908,4
DA:910,4
DA:911,4
DA:912,4
DA:913,4
DA:917,2
DA:919,2
DA:920,2
DA:921,2
DA:922,2
DA:923,2
DA:926,0
DA:927,0
DA:928,0
DA:929,0
DA:930,0
DA:931,0
DA:932,0
DA:938,0
DA:939,0
DA:941,0
DA:945,2
DA:946,2
DA:947,0
DA:950,2
DA:951,2
DA:952,2
DA:953,2
DA:954,0
DA:955,0
DA:956,0
DA:959,2
DA:960,2
DA:961,2
DA:962,2
DA:964,2
DA:965,2
DA:966,2
DA:967,2
DA:968,2
DA:972,1
DA:973,1
DA:974,0
DA:977,1
DA:978,1
DA:979,1
DA:980,1
DA:981,1
DA:983,1
DA:991,1
DA:992,1
DA:997,3
DA:998,3
DA:1000,3
DA:1001,3
DA:1002,3
DA:1003,3
DA:1004,3
DA:1006,3
DA:1007,3
DA:1008,2
DA:1010,1
DA:1011,1
DA:1012,1
DA:1013,1
DA:1016,2
DA:1017,2
DA:1018,2
DA:1019,2
DA:1023,1
DA:1024,1
DA:1026,1
DA:1027,1
DA:1028,1
DA:1029,1
DA:1030,1
DA:1031,1
DA:1033,1
DA:1046,1
DA:1050,2
DA:1051,2
DA:1052,2
DA:1054,2
DA:1055,1
DA:1056,1
DA:1059,2
DA:1060,1
DA:1061,1
DA:1064,2
DA:1065,1
DA:1066,1
DA:1069,1
DA:1070,2
DA:1074,2
DA:1075,2
DA:1076,0
DA:1077,0
DA:1078,0
DA:1081,2
DA:1082,2
DA:1083,2
DA:1084,2
DA:1085,2
DA:1086,2
DA:1088,0
DA:1089,0
DA:1094,3
DA:1095,3
DA:1097,3
DA:1098,1
DA:1099,1
DA:1100,0
DA:1101,0
DA:1104,1
DA:1105,1
DA:1106,1
DA:1107,1
DA:1109,1
DA:1110,1
DA:1112,1
DA:1115,2
DA:1116,0
DA:1117,0
DA:1118,0
DA:1121,2
DA:1122,2
DA:1123,2
DA:1124,1
DA:1125,1
DA:1126,1
DA:1127,1
DA:1130,1
DA:1131,1
DA:1132,1
DA:1133,1
DA:1135,0
DA:1136,0
DA:1142,1
DA:1143,1
DA:1144,0
DA:1145,0
DA:1146,0
DA:1147,0
DA:1149,0
DA:1151,1
DA:1152,1
DA:1157,6
DA:1158,0
DA:1159,0
DA:1162,6
DA:1163,6
DA:1164,6
DA:1165,6
DA:1167,6
DA:1168,6
DA:1169,6
DA:1170,6
DA:1172,1
DA:1173,1
DA:1174,0
DA:1176,1
DA:1177,1
DA:1178,1
DA:1182,6
DA:1183,5
DA:1184,1
DA:1185,1
DA:1188,4
DA:1189,4
DA:1190,0
DA:1191,0
DA:1194,5
DA:1195,4
DA:1196,1
DA:1197,1
DA:1198,1
DA:1201,3
DA:1202,3
DA:1203,3
DA:1204,3
DA:1205,3
DA:1206,3
DA:1207,1
DA:1210,2
DA:1211,2
DA:1217,2
DA:1220,3
DA:1221,1
DA:1222,1
DA:1223,1
DA:1226,2
DA:1227,2
DA:1228,1
DA:1229,1
DA:1230,1
DA:1232,1
DA:1233,1
DA:1236,1
DA:1241,4
DA:1242,0
DA:1245,4
DA:1246,4
DA:1247,4
DA:1250,0
DA:1251,0
DA:1252,0
DA:1255,0
DA:1256,0
DA:1257,0
DA:1259,0
DA:1260,0
DA:1262,0
DA:1263,0
DA:1266,0
DA:1270,6
DA:1271,6
DA:1275,2
DA:1276,1
DA:1279,1
DA:1280,2
DA:1281,2
DA:1285,1
DA:1291,0
DA:1299,1
DA:1308,2
DA:1309,2
DA:1310,0
DA:1313,2
DA:1314,2
DA:1315,2
DA:1316,1
DA:1319,1
DA:1328,1
DA:1329,6
DA:1330,4
DA:1334,1
DA:1335,1
DA:1336,1
DA:1337,1
DA:1341,1
DA:1354,1
DA:1355,1
DA:1358,1
DA:1359,1
DA:1369,8
DA:1371,8
DA:1372,8
DA:1373,2
DA:1374,2
DA:1375,1
DA:1376,1
DA:1379,1
DA:1380,1
DA:1381,2
DA:1382,2
DA:1383,2
DA:1384,2
DA:1385,1
DA:1386,1
DA:1387,1
DA:1389,1
DA:1392,1
DA:1393,1
DA:1395,0
DA:1398,6
DA:1399,2
DA:1400,1
DA:1401,0
DA:1403,1
DA:1405,1
DA:1408,4
DA:1409,4
DA:1410,4
DA:1412,4
DA:1413,2
DA:1414,1
DA:1415,1
DA:1417,1
DA:1418,1
DA:1421,2
DA:1422,2
DA:1423,2
DA:1424,2
DA:1425,2
DA:1426,2
DA:1427,2
DA:1429,2
DA:1430,8
DA:1432,4
DA:1433,4
DA:1434,4
DA:1435,4
DA:1438,2
DA:1439,0
DA:1440,0
DA:1441,0
DA:1444,1
DA:1445,0
DA:1447,1
DA:1449,1
DA:1454,1
DA:1455,1
DA:1456,0
DA:1458,1
DA:1459,1
DA:1460,1
DA:1461,1
DA:1465,1
DA:1466,1
DA:1467,0
DA:1469,1
DA:1470,1
DA:1471,1
DA:1472,1
DA:1476,1
DA:1477,1
DA:1481,2
DA:1482,2
DA:1484,2
DA:1485,1
DA:1486,1
DA:1487,1
DA:1490,1
DA:1491,0
DA:1494,1
DA:1495,1
DA:1496,2
DA:1497,2
DA:1499,2
DA:1500,2
DA:1502,2
DA:1503,2
DA:1507,2
DA:1511,1
DA:1512,1
DA:1513,1
DA:1514,1
DA:1515,1
DA:1516,1
DA:1517,1
DA:1518,1
DA:1519,1
DA:1520,1
DA:1521,1
DA:1525,1
DA:1526,1
DA:1527,1
DA:1533,53
DA:1559,1
DA:1563,5
LF:739
LH:620
BRDA:51,0,0,5
BRDA:51,0,1,3
BRDA:56,1,0,0
BRDA:57,2,0,4
BRDA:57,2,1,1
BRDA:62,3,0,1
BRDA:62,3,1,0
BRDA:63,4,0,1
BRDA:63,4,1,0
BRDA:72,5,0,1
BRDA:72,5,1,1
BRDA:72,6,0,2
BRDA:72,6,1,2
BRDA:75,7,0,2
BRDA:75,7,1,0
BRDA:75,8,0,2
BRDA:75,8,1,1
BRDA:75,8,2,2
BRDA:82,9,0,2
BRDA:82,9,1,0
BRDA:86,10,0,0
BRDA:86,10,1,0
BRDA:91,11,0,0
BRDA:91,11,1,0
BRDA:105,12,0,7
BRDA:105,12,1,0
BRDA:105,13,0,7
BRDA:105,13,1,0
BRDA:160,14,0,3
BRDA:160,14,1,4
BRDA:173,15,0,7
BRDA:173,15,1,0
BRDA:174,16,0,3
BRDA:174,16,1,4
BRDA:179,17,0,0
BRDA:180,18,0,4
BRDA:180,18,1,0
BRDA:180,18,2,0
BRDA:184,19,0,0
BRDA:184,19,1,2
BRDA:187,20,0,2
BRDA:187,20,1,0
BRDA:194,21,0,1
BRDA:194,21,1,0
BRDA:198,22,0,0
BRDA:199,23,0,7
BRDA:199,23,1,0
BRDA:203,24,0,6
BRDA:203,24,1,0
BRDA:226,25,0,0
BRDA:226,25,1,2
BRDA:230,26,0,2
BRDA:230,26,1,0
BRDA:235,27,0,0
BRDA:235,27,1,2
BRDA:241,28,0,0
BRDA:241,28,1,4
BRDA:247,29,0,4
BRDA:247,29,1,0
BRDA:247,30,0,4
BRDA:247,30,1,4
BRDA:247,30,2,4
BRDA:255,31,0,3
BRDA:255,31,1,5
BRDA:265,32,0,1
BRDA:265,32,1,4
BRDA:266,33,0,5
BRDA:266,33,1,1
BRDA:266,33,2,5
BRDA:266,33,3,5
BRDA:278,34,0,4
BRDA:278,34,1,0
BRDA:290,35,0,1
BRDA:290,35,1,0
BRDA:290,36,0,1
BRDA:290,36,1,1
BRDA:297,37,0,51
BRDA:298,38,0,0
BRDA:299,39,0,30
BRDA:300,40,0,53
BRDA:301,41,0,45
BRDA:304,42,0,53
BRDA:304,42,1,53
BRDA:305,43,0,53
BRDA:305,43,1,53
BRDA:306,44,0,53
BRDA:306,44,1,53
BRDA:307,45,0,53
BRDA:307,45,1,53
BRDA:308,46,0,53
BRDA:308,46,1,53
BRDA:309,47,0,53
BRDA:309,47,1,53
BRDA:310,48,0,53
BRDA:310,48,1,53
BRDA:318,49,0,0
BRDA:318,49,1,1
BRDA:334,50,0,2
BRDA:334,50,1,0
BRDA:342,51,0,8
BRDA:342,51,1,0
BRDA:342,52,0,8
BRDA:342,52,1,8
BRDA:349,53,0,2
BRDA:349,53,1,0
BRDA:384,54,0,2
BRDA:384,54,1,0
BRDA:459,55,0,6
BRDA:459,55,1,4
BRDA:462,56,0,4
BRDA:462,56,1,0
BRDA:521,57,0,0
BRDA:521,57,1,2
BRDA:536,58,0,0
BRDA:536,58,1,2
BRDA:540,59,0,0
BRDA:540,59,1,0
BRDA:540,60,0,0
BRDA:540,60,1,0
BRDA:550,61,0,2
BRDA:550,61,1,0
BRDA:551,62,0,1
BRDA:551,62,1,1
BRDA:551,63,0,2
BRDA:551,63,1,1
BRDA:555,64,0,1
BRDA:555,64,1,1
BRDA:559,65,0,1
BRDA:559,65,1,1
BRDA:569,66,0,2
BRDA:569,66,1,0
BRDA:573,67,0,1
BRDA:573,67,1,1
BRDA:578,68,0,2
BRDA:578,68,1,0
BRDA:583,69,0,1
BRDA:583,69,1,1
BRDA:583,70,0,2
BRDA:583,70,1,2
BRDA:590,71,0,1
BRDA:590,71,1,1
BRDA:591,72,0,1
BRDA:591,72,1,0
BRDA:602,73,0,0
BRDA:602,73,1,3
BRDA:619,74,0,1
BRDA:619,74,1,2
BRDA:627,75,0,2
BRDA:627,75,1,0
BRDA:629,76,0,13
BRDA:629,76,1,7
BRDA:629,76,2,5
BRDA:633,77,0,3
BRDA:633,77,1,0
BRDA:633,78,0,3
BRDA:633,78,1,3
BRDA:665,79,0,1
BRDA:665,79,1,1
BRDA:665,80,0,2
BRDA:665,80,1,1
BRDA:686,81,0,0
BRDA:686,81,1,1
BRDA:701,82,0,1
BRDA:701,82,1,0
BRDA:722,83,0,0
BRDA:722,83,1,3
BRDA:731,84,0,1
BRDA:731,84,1,2
BRDA:738,85,0,1
BRDA:738,85,1,1
BRDA:738,86,0,2
BRDA:738,86,1,1
BRDA:739,87,0,1
BRDA:739,87,1,0
BRDA:750,88,0,0
BRDA:750,88,1,1
BRDA:762,89,0,0
BRDA:762,89,1,2
BRDA:769,90,0,0
BRDA:769,90,1,2
BRDA:777,91,0,1
BRDA:777,91,1,1
BRDA:784,92,0,0
BRDA:784,92,1,1
BRDA:785,93,0,0
BRDA:785,93,1,0
BRDA:799,94,0,1
BRDA:799,94,1,0
BRDA:804,95,0,3
BRDA:804,95,1,0
BRDA:807,96,0,1
BRDA:807,96,1,0
BRDA:823,97,0,0
BRDA:823,97,1,1
BRDA:840,98,0,1
BRDA:840,98,1,1
BRDA:849,99,0,0
BRDA:849,99,1,4
BRDA:857,100,0,4
BRDA:857,100,1,0
BRDA:860,101,0,4
BRDA:860,101,1,0
BRDA:860,102,0,4
BRDA:860,102,1,0
BRDA:869,103,0,4
BRDA:869,103,1,0
BRDA:870,104,0,1
BRDA:870,104,1,3
BRDA:873,105,0,1
BRDA:873,105,1,1
BRDA:873,106,0,1
BRDA:873,106,1,0
BRDA:881,107,0,4
BRDA:881,107,1,0
BRDA:887,108,0,3
BRDA:887,108,1,5
BRDA:889,109,0,4
BRDA:889,109,1,1
BRDA:897,110,0,1
BRDA:897,110,1,3
BRDA:899,111,0,3
BRDA:899,111,1,0
BRDA:905,112,0,4
BRDA:905,112,1,0
BRDA:920,113,0,2
BRDA:920,113,1,0
BRDA:929,114,0,0
BRDA:929,114,1,0
BRDA:938,115,0,0
BRDA:938,115,1,0
BRDA:946,116,0,0
BRDA:946,116,1,2
BRDA:953,117,0,0
BRDA:953,117,1,2
BRDA:973,118,0,0
BRDA:973,118,1,1
BRDA:987,119,0,0
BRDA:987,119,1,1
BRDA:988,120,0,1
BRDA:988,120,1,0
BRDA:996,121,0,1
BRDA:996,122,0,1
BRDA:998,123,0,0
BRDA:998,123,1,3
BRDA:1003,124,0,3
BRDA:1003,124,1,0
BRDA:1024,125,0,0
BRDA:1024,125,1,1
BRDA:1054,126,0,1
BRDA:1054,126,1,1
BRDA:1059,127,0,1
BRDA:1059,127,1,1
BRDA:1064,128,0,1
BRDA:1064,128,1,1
BRDA:1074,129,0,2
BRDA:1074,129,1,0
BRDA:1075,130,0,0
BRDA:1075,130,1,2
BRDA:1093,131,0,0
BRDA:1093,132,0,0
BRDA:1093,133,0,1
BRDA:1094,134,0,3
BRDA:1094,134,1,0
BRDA:1095,135,0,2
BRDA:1095,135,1,1
BRDA:1097,136,0,1
BRDA:1097,136,1,2
BRDA:1097,137,0,3
BRDA:1097,137,1,3
BRDA:1099,138,0,0
BRDA:1099,138,1,1
BRDA:1109,139,0,1
BRDA:1109,139,1,0
BRDA:1115,140,0,0
BRDA:1115,140,1,2
BRDA:1123,141,0,1
BRDA:1123,141,1,1
BRDA:1144,142,0,0
BRDA:1144,142,1,0
BRDA:1157,143,0,0
BRDA:1157,143,1,6
BRDA:1162,144,0,6
BRDA:1162,144,1,0
BRDA:1163,145,0,6
BRDA:1163,145,1,0
BRDA:1164,146,0,6
BRDA:1164,146,1,0
BRDA:1165,147,0,6
BRDA:1165,147,1,0
BRDA:1168,148,0,6
BRDA:1168,148,1,1
BRDA:1169,149,0,5
BRDA:1169,149,1,1
BRDA:1183,150,0,1
BRDA:1183,150,1,4
BRDA:1188,151,0,4
BRDA:1188,151,1,0
BRDA:1189,152,0,0
BRDA:1189,152,1,4
BRDA:1194,153,0,3
BRDA:1194,153,1,1
BRDA:1195,154,0,1
BRDA:1195,154,1,3
BRDA:1206,155,0,1
BRDA:1206,155,1,2
BRDA:1220,156,0,1
BRDA:1220,156,1,2
BRDA:1227,157,0,1
BRDA:1227,157,1,1
BRDA:1230,158,0,1
BRDA:1230,158,1,0
BRDA:1241,159,0,0
BRDA:1241,159,1,4
BRDA:1245,160,0,0
BRDA:1245,160,1,4
BRDA:1246,161,0,4
BRDA:1246,161,1,0
BRDA:1246,162,0,4
BRDA:1246,162,1,4
BRDA:1251,163,0,0
BRDA:1251,163,1,0
BRDA:1259,164,0,0
BRDA:1259,164,1,0
BRDA:1262,165,0,0
BRDA:1262,165,1,0
BRDA:1271,166,0,5
BRDA:1271,166,1,1
BRDA:1275,167,0,1
BRDA:1275,167,1,1
BRDA:1280,168,0,2
BRDA:1280,168,1,0
BRDA:1285,169,0,0
BRDA:1285,169,1,1
BRDA:1286,170,0,1
BRDA:1286,170,1,0
BRDA:1286,170,2,0
BRDA:1286,170,3,0
BRDA:1307,171,0,0
BRDA:1307,172,0,0
BRDA:1307,173,0,0
BRDA:1309,174,0,0
BRDA:1309,174,1,2
BRDA:1315,175,0,1
BRDA:1315,175,1,1
BRDA:1329,176,0,4
BRDA:1329,176,1,2
BRDA:1329,177,0,6
BRDA:1329,177,1,5
BRDA:1329,177,2,4
BRDA:1336,178,0,1
BRDA:1336,178,1,0
BRDA:1337,179,0,0
BRDA:1337,179,1,1
BRDA:1337,180,0,1
BRDA:1337,180,1,0
BRDA:1337,180,2,0
BRDA:1337,180,3,0
BRDA:1346,181,0,0
BRDA:1346,181,1,1
BRDA:1347,182,0,0
BRDA:1347,182,1,1
BRDA:1348,183,0,0
BRDA:1348,183,1,1
BRDA:1349,184,0,0
BRDA:1349,184,1,1
BRDA:1350,185,0,0
BRDA:1350,185,1,1
BRDA:1354,186,0,1
BRDA:1354,186,1,1
BRDA:1355,187,0,0
BRDA:1355,187,1,1
BRDA:1362,188,0,2
BRDA:1364,189,0,6
BRDA:1365,190,0,7
BRDA:1366,191,0,8
BRDA:1367,192,0,6
BRDA:1368,193,0,6
BRDA:1372,194,0,2
BRDA:1372,194,1,6
BRDA:1374,195,0,1
BRDA:1374,195,1,1
BRDA:1384,196,0,1
BRDA:1384,196,1,1
BRDA:1392,197,0,1
BRDA:1392,197,1,0
BRDA:1398,198,0,2
BRDA:1398,198,1,4
BRDA:1400,199,0,0
BRDA:1400,199,1,1
BRDA:1412,200,0,2
BRDA:1412,200,1,2
BRDA:1413,201,0,1
BRDA:1413,201,1,1
BRDA:1426,202,0,2
BRDA:1426,202,1,0
BRDA:1429,203,0,2
BRDA:1429,203,1,0
BRDA:1434,204,0,4
BRDA:1434,204,1,1
BRDA:1435,205,0,1
BRDA:1435,205,1,3
BRDA:1435,206,0,1
BRDA:1435,206,1,3
BRDA:1438,207,0,0
BRDA:1438,207,1,2
BRDA:1444,208,0,0
BRDA:1444,208,1,1
BRDA:1455,209,0,0
BRDA:1455,209,1,1
BRDA:1466,210,0,0
BRDA:1466,210,1,1
BRDA:1484,211,0,1
BRDA:1484,211,1,1
BRDA:1490,212,0,0
BRDA:1490,212,1,1
BRDA:1499,213,0,2
BRDA:1499,213,1,0
BRDA:1524,214,0,0
BRDA:1559,215,0,0
BRF:419
BRH:276
end_of_record
TN:
SF:lib\complexity.cjs
FN:10,scoreContractComplexity
FN:51,(anonymous_1)
FN:54,(anonymous_2)
FN:65,getComplexityLevel
FN:73,getRecommendations
FN:98,estimateLOC
FN:119,analyzeRisks
FN:151,(anonymous_7)
FN:152,(anonymous_8)
FN:153,(anonymous_9)
FN:160,checkAntiPatterns
FNF:11
FNH:11
FNDA:12,scoreContractComplexity
FNDA:96,(anonymous_1)
FNDA:60,(anonymous_2)
FNDA:22,getComplexityLevel
FNDA:12,getRecommendations
FNDA:3,estimateLOC
FNDA:7,analyzeRisks
FNDA:35,(anonymous_7)
FNDA:35,(anonymous_8)
FNDA:35,(anonymous_9)
FNDA:7,checkAntiPatterns
DA:11,12
DA:20,12
DA:21,12
DA:22,6
DA:23,6
DA:27,12
DA:28,12
DA:29,3
DA:30,3
DA:31,3
DA:35,12
DA:36,12
DA:37,2
DA:38,2
DA:42,12
DA:43,12
DA:44,2
DA:45,2
DA:49,12
DA:50,12
DA:51,96
DA:52,12
DA:54,60
DA:55,12
DA:57,12
DA:66,22
DA:67,10
DA:68,7
DA:69,5
DA:70,3
DA:74,12
DA:76,12
DA:77,2
DA:79,12
DA:80,1
DA:82,12
DA:83,2
DA:85,12
DA:86,1
DA:88,12
DA:89,2
DA:92,12
DA:99,3
DA:100,3
DA:102,2
DA:103,2
DA:106,2
DA:108,2
DA:120,7
DA:121,7
DA:124,7
DA:135,7
DA:136,56
DA:137,8
DA:142,7
DA:143,7
DA:144,28
DA:145,27
DA:149,7
DA:151,35
DA:152,35
DA:153,35
DA:161,7
DA:164,7
DA:165,7
DA:166,2
DA:167,2
DA:168,1
DA:173,7
DA:174,7
DA:175,7
DA:176,2
DA:177,12
DA:178,2
DA:184,7
DA:185,7
DA:186,1
DA:190,7
DA:191,7
DA:192,2
DA:193,2
DA:194,1
DA:199,7
DA:200,7
DA:201,1
DA:204,7
DA:207,18
LF:87
LH:87
BRDA:21,0,0,6
BRDA:21,0,1,6
BRDA:22,1,0,6
BRDA:22,1,1,0
BRDA:28,2,0,3
BRDA:28,2,1,9
BRDA:29,3,0,3
BRDA:29,3,1,0
BRDA:30,4,0,3
BRDA:30,4,1,2
BRDA:36,5,0,2
BRDA:36,5,1,10
BRDA:37,6,0,2
BRDA:37,6,1,0
BRDA:43,7,0,2
BRDA:43,7,1,10
BRDA:44,8,0,2
BRDA:44,8,1,0
BRDA:66,9,0,12
BRDA:66,9,1,10
BRDA:67,10,0,3
BRDA:67,10,1,7
BRDA:68,11,0,2
BRDA:68,11,1,5
BRDA:69,12,0,2
BRDA:69,12,1,3
BRDA:76,13,0,2
BRDA:76,13,1,10
BRDA:79,14,0,1
BRDA:79,14,1,11
BRDA:82,15,0,2
BRDA:82,15,1,10
BRDA:85,16,0,1
BRDA:85,16,1,11
BRDA:88,17,0,2
BRDA:88,17,1,10
BRDA:100,18,0,1
BRDA:100,18,1,2
BRDA:102,19,0,2
BRDA:102,19,1,0
BRDA:103,20,0,2
BRDA:103,20,1,1
BRDA:110,21,0,1
BRDA:110,21,1,1
BRDA:136,22,0,8
BRDA:136,22,1,48
BRDA:144,23,0,27
BRDA:144,23,1,1
BRDA:165,24,0,2
BRDA:165,24,1,5
BRDA:166,25,0,2
BRDA:166,25,1,0
BRDA:167,26,0,1
BRDA:167,26,1,1
BRDA:175,27,0,2
BRDA:175,27,1,5
BRDA:177,28,0,2
BRDA:177,28,1,10
BRDA:185,29,0,1
BRDA:185,29,1,6
BRDA:185,30,0,7
BRDA:185,30,1,3
BRDA:191,31,0,2
BRDA:191,31,1,5
BRDA:192,32,0,2
BRDA:192,32,1,1
BRDA:193,33,0,1
BRDA:193,33,1,1
BRDA:200,34,0,1
BRDA:200,34,1,6
BRDA:200,35,0,7
BRDA:200,35,1,1
BRF:72
BRH:66
end_of_record
TN:
SF:lib\config.cjs
FN:4,getConfigPath
FN:8,defaultConfig
FN:58,getTrackingMode
FN:64,getContractsDirectory
FN:71,initConfig
FN:78,loadConfig
FN:84,saveConfig
FN:90,setConfigValue
FN:111,resolveEnv
FN:118,validateConfig
FNF:10
FNH:10
FNDA:483,getConfigPath
FNDA:327,defaultConfig
FNDA:325,getTrackingMode
FNDA:142,getContractsDirectory
FNDA:7,initConfig
FNDA:466,loadConfig
FNDA:9,saveConfig
FNDA:11,setConfigValue
FNDA:24,resolveEnv
FNDA:8,validateConfig
DA:1,12
DA:2,12
DA:5,483
DA:9,327
DA:59,325
DA:60,325
DA:61,325
DA:65,142
DA:66,142
DA:72,7
DA:73,7
DA:74,7
DA:75,7
DA:79,466
DA:80,466
DA:81,17
DA:85,9
DA:86,9
DA:87,9
DA:91,11
DA:92,11
DA:94,10
DA:95,10
DA:96,8
DA:97,8
DA:99,7
DA:102,10
DA:103,10
DA:104,13
DA:105,13
DA:107,10
DA:108,10
DA:112,24
DA:113,24
DA:114,24
DA:115,23
DA:119,8
DA:120,8
DA:122,8
DA:123,1
DA:126,7
DA:127,3
DA:128,3
DA:129,3
DA:131,3
DA:132,1
DA:135,3
DA:136,3
DA:138,3
DA:139,3
DA:142,7
DA:143,1
DA:146,7
DA:147,7
DA:148,2
DA:151,7
DA:154,12
LF:57
LH:57
BRDA:4,0,0,0
BRDA:58,1,0,0
BRDA:58,2,0,0
BRDA:59,3,0,325
BRDA:59,3,1,321
BRDA:59,3,2,311
BRDA:60,4,0,325
BRDA:60,4,1,0
BRDA:61,5,0,5
BRDA:61,5,1,320
BRDA:64,6,0,0
BRDA:64,7,0,2
BRDA:66,8,0,2
BRDA:66,8,1,140
BRDA:71,9,0,0
BRDA:71,10,0,6
BRDA:71,11,0,6
BRDA:73,12,0,0
BRDA:73,12,1,7
BRDA:73,13,0,7
BRDA:73,13,1,1
BRDA:78,14,0,0
BRDA:80,15,0,449
BRDA:80,15,1,17
BRDA:84,16,0,0
BRDA:92,17,0,1
BRDA:92,17,1,10
BRDA:95,18,0,2
BRDA:95,18,1,8
BRDA:96,19,0,0
BRDA:96,19,1,8
BRDA:97,20,0,1
BRDA:97,20,1,7
BRDA:97,21,0,8
BRDA:97,21,1,1
BRDA:104,22,0,4
BRDA:104,22,1,9
BRDA:104,23,0,13
BRDA:104,23,1,9
BRDA:112,24,0,0
BRDA:112,24,1,24
BRDA:114,25,0,1
BRDA:114,25,1,23
BRDA:115,26,0,23
BRDA:115,26,1,2
BRDA:122,27,0,1
BRDA:122,27,1,7
BRDA:122,28,0,8
BRDA:122,28,1,7
BRDA:126,29,0,3
BRDA:126,29,1,4
BRDA:127,30,0,1
BRDA:127,30,1,2
BRDA:128,31,0,1
BRDA:128,31,1,2
BRDA:129,32,0,1
BRDA:129,32,1,2
BRDA:131,33,0,1
BRDA:131,33,1,2
BRDA:131,34,0,3
BRDA:131,34,1,3
BRDA:136,35,0,1
BRDA:136,35,1,2
BRDA:138,36,0,3
BRDA:138,36,1,1
BRDA:139,37,0,1
BRDA:139,37,1,2
BRDA:142,38,0,1
BRDA:142,38,1,6
BRDA:142,39,0,7
BRDA:142,39,1,1
BRDA:146,40,0,2
BRDA:146,40,1,5
BRDA:147,41,0,2
BRDA:147,41,1,5
BRDA:147,42,0,7
BRDA:147,42,1,6
BRF:77
BRH:66
end_of_record
TN:
SF:lib\contract-levels.cjs
FN:24,initGlobalDir
FN:57,loadGlobalConfig
FN:66,saveGlobalConfig
FN:74,getContractLevel
FN:86,detectLikelySystemContract
FN:139,listSystemContracts
FN:147,(anonymous_6)
FN:149,(anonymous_7)
FN:172,listProjectContracts
FN:180,(anonymous_9)
FN:182,(anonymous_10)
FN:204,listAllContracts
FN:218,addToSystemLevel
FN:246,removeFromSystemLevel
FN:267,getMergedContext
FN:307,mergeContractRules
FN:326,(anonymous_16)
FN:330,(anonymous_17)
FN:348,createDefaultSystemContracts
FN:446,shouldAskLevel
FN:463,formatContractsList
FNF:21
FNH:18
FNDA:9,initGlobalDir
FNDA:0,loadGlobalConfig
FNDA:0,saveGlobalConfig
FNDA:7,getContractLevel
FNDA:9,detectLikelySystemContract
FNDA:8,listSystemContracts
FNDA:16,(anonymous_6)
FNDA:16,(anonymous_7)
FNDA:13,listProjectContracts
FNDA:11,(anonymous_9)
FNDA:10,(anonymous_10)
FNDA:8,listAllContracts
FNDA:1,addToSystemLevel
FNDA:1,removeFromSystemLevel
FNDA:6,getMergedContext
FNDA:17,mergeContractRules
FNDA:4,(anonymous_16)
FNDA:34,(anonymous_17)
FNDA:0,createDefaultSystemContracts
FNDA:3,shouldAskLevel
FNDA:6,formatContractsList
DA:6,1
DA:7,1
DA:8,1
DA:9,1
DA:12,1
DA:13,1
DA:14,1
DA:16,1
DA:25,9
DA:31,9
DA:32,27
DA:33,0
DA:38,9
DA:39,0
DA:48,0
DA:51,9
DA:58,0
DA:59,0
DA:60,0
DA:67,0
DA:68,0
DA:76,7
DA:77,7
DA:78,4
DA:80,3
DA:87,9
DA:101,9
DA:112,9
DA:113,9
DA:115,9
DA:116,99
DA:119,9
DA:120,72
DA:123,9
DA:124,3
DA:125,6
DA:126,1
DA:127,5
DA:128,2
DA:129,3
DA:130,1
DA:133,2
DA:140,8
DA:142,8
DA:143,0
DA:146,8
DA:147,16
DA:149,8
DA:150,16
DA:151,16
DA:154,16
DA:155,16
DA:156,16
DA:158,16
DA:173,13
DA:175,13
DA:176,4
DA:179,9
DA:180,11
DA:182,9
DA:183,10
DA:184,10
DA:186,10
DA:187,10
DA:188,10
DA:190,10
DA:205,8
DA:206,8
DA:208,8
DA:219,1
DA:221,1
DA:222,1
DA:225,0
DA:226,0
DA:229,0
DA:230,0
DA:232,0
DA:238,0
DA:240,0
DA:247,1
DA:249,1
DA:251,1
DA:252,1
DA:253,0
DA:254,0
DA:256,1
DA:259,0
DA:260,0
DA:268,6
DA:270,6
DA:286,6
DA:287,12
DA:288,12
DA:292,6
DA:293,5
DA:294,5
DA:298,6
DA:299,6
DA:301,6
DA:309,17
DA:310,17
DA:311,7
DA:312,7
DA:313,38
DA:314,38
DA:320,17
DA:321,17
DA:322,9
DA:323,9
DA:325,9
DA:326,4
DA:327,3
DA:329,9
DA:330,34
DA:331,9
DA:336,17
DA:337,17
DA:338,1
DA:339,1
DA:340,2
DA:349,0
DA:351,0
DA:430,0
DA:432,0
DA:433,0
DA:434,0
DA:435,0
DA:436,0
DA:440,0
DA:447,3
DA:448,3
DA:449,1
DA:452,2
DA:453,2
DA:454,1
DA:457,1
DA:464,6
DA:466,6
DA:467,1
DA:470,5
DA:472,5
DA:473,4
DA:474,1
DA:475,1
DA:476,1
DA:477,1
DA:478,1
DA:482,4
DA:483,4
DA:484,4
DA:485,4
DA:486,4
DA:487,4
DA:491,1
DA:492,2
DA:493,2
DA:494,2
DA:498,5
DA:501,1
LF:159
LH:130
BRDA:32,0,0,0
BRDA:32,0,1,27
BRDA:38,1,0,0
BRDA:38,1,1,9
BRDA:60,2,0,0
BRDA:60,2,1,0
BRDA:77,3,0,4
BRDA:77,3,1,3
BRDA:116,4,0,12
BRDA:116,4,1,87
BRDA:120,5,0,5
BRDA:120,5,1,67
BRDA:123,6,0,3
BRDA:123,6,1,6
BRDA:125,7,0,1
BRDA:125,7,1,5
BRDA:127,8,0,2
BRDA:127,8,1,3
BRDA:129,9,0,1
BRDA:129,9,1,2
BRDA:142,10,0,0
BRDA:142,10,1,8
BRDA:161,11,0,16
BRDA:161,11,1,0
BRDA:162,12,0,16
BRDA:162,12,1,0
BRDA:163,13,0,16
BRDA:163,13,1,0
BRDA:172,14,0,0
BRDA:175,15,0,4
BRDA:175,15,1,9
BRDA:193,16,0,9
BRDA:193,16,1,1
BRDA:194,17,0,8
BRDA:194,17,1,2
BRDA:195,18,0,2
BRDA:195,18,1,8
BRDA:204,19,0,0
BRDA:221,20,0,1
BRDA:221,20,1,0
BRDA:230,21,0,0
BRDA:230,21,1,0
BRDA:249,22,0,1
BRDA:249,22,1,0
BRDA:252,23,0,0
BRDA:252,23,1,1
BRDA:267,24,0,0
BRDA:310,25,0,7
BRDA:310,25,1,10
BRDA:311,26,0,7
BRDA:311,26,1,0
BRDA:313,27,0,38
BRDA:313,27,1,0
BRDA:321,28,0,9
BRDA:321,28,1,8
BRDA:325,29,0,3
BRDA:325,29,1,6
BRDA:329,30,0,9
BRDA:329,30,1,0
BRDA:337,31,0,1
BRDA:337,31,1,16
BRDA:338,32,0,1
BRDA:338,32,1,0
BRDA:434,33,0,0
BRDA:434,33,1,0
BRDA:448,34,0,1
BRDA:448,34,1,2
BRDA:453,35,0,1
BRDA:453,35,1,1
BRDA:463,36,0,4
BRDA:464,37,0,5
BRDA:464,38,0,4
BRDA:466,39,0,1
BRDA:466,39,1,5
BRDA:466,40,0,6
BRDA:466,40,1,4
BRDA:472,41,0,4
BRDA:472,41,1,1
BRDA:473,42,0,1
BRDA:473,42,1,3
BRDA:477,43,0,1
BRDA:477,43,1,0
BRDA:482,44,0,4
BRDA:482,44,1,0
BRDA:486,45,0,2
BRDA:486,45,1,2
BRDA:492,46,0,2
BRDA:492,46,1,0
BRDA:493,47,0,1
BRDA:493,47,1,1
BRF:90
BRH:65
end_of_record
TN:
SF:lib\core.cjs
FN:19,(anonymous_0)
FN:30,(anonymous_1)
FN:31,(anonymous_2)
FN:52,(anonymous_3)
FN:53,(anonymous_4)
FN:54,(anonymous_5)
FN:55,(anonymous_6)
FN:56,(anonymous_7)
FN:57,(anonymous_8)
FN:58,(anonymous_9)
FN:59,(anonymous_10)
FN:66,validateContract
FN:74,(anonymous_12)
FN:83,(anonymous_13)
FN:87,(anonymous_14)
FN:89,(anonymous_15)
FN:94,(anonymous_16)
FN:99,(anonymous_17)
FN:100,(anonymous_18)
FN:102,(anonymous_19)
FN:113,(anonymous_20)
FN:124,(anonymous_21)
FN:150,(anonymous_22)
FN:184,(anonymous_23)
FN:208,(anonymous_24)
FN:217,(anonymous_25)
FN:269,validateContractStrict
FN:332,loadAgent
FN:355,listAgents
FN:359,(anonymous_29)
FN:360,(anonymous_30)
FN:377,loadWorkflow
FN:393,listWorkflows
FN:398,(anonymous_33)
FN:399,(anonymous_34)
FN:416,saveProgress
FN:430,loadProgress
FN:442,clearProgress
FN:449,listProgress
FN:454,(anonymous_39)
FN:455,(anonymous_40)
FN:470,createContract
FN:500,resolveContract
FNF:43
FNH:37
FNDA:29,(anonymous_0)
FNDA:56,(anonymous_1)
FNDA:11,(anonymous_2)
FNDA:1,(anonymous_3)
FNDA:1,(anonymous_4)
FNDA:1,(anonymous_5)
FNDA:0,(anonymous_6)
FNDA:0,(anonymous_7)
FNDA:0,(anonymous_8)
FNDA:0,(anonymous_9)
FNDA:0,(anonymous_10)
FNDA:84,validateContract
FNDA:420,(anonymous_12)
FNDA:14,(anonymous_13)
FNDA:341,(anonymous_14)
FNDA:63,(anonymous_15)
FNDA:127,(anonymous_16)
FNDA:48,(anonymous_17)
FNDA:154,(anonymous_18)
FNDA:102,(anonymous_19)
FNDA:252,(anonymous_20)
FNDA:672,(anonymous_21)
FNDA:61,(anonymous_22)
FNDA:420,(anonymous_23)
FNDA:924,(anonymous_24)
FNDA:336,(anonymous_25)
FNDA:0,validateContractStrict
FNDA:47,loadAgent
FNDA:3,listAgents
FNDA:12,(anonymous_29)
FNDA:12,(anonymous_30)
FNDA:2,loadWorkflow
FNDA:2,listWorkflows
FNDA:20,(anonymous_33)
FNDA:20,(anonymous_34)
FNDA:6,saveProgress
FNDA:3,loadProgress
FNDA:2,clearProgress
FNDA:2,listProgress
FNDA:2,(anonymous_39)
FNDA:2,(anonymous_40)
FNDA:27,createContract
FNDA:32,resolveContract
DA:6,17
DA:7,17
DA:8,17
DA:9,17
DA:10,17
DA:16,17
DA:17,17
DA:19,17
DA:20,29
DA:21,29
DA:22,1
DA:24,28
DA:25,28
DA:27,29
DA:28,29
DA:30,56
DA:31,17
DA:37,17
DA:51,17
DA:52,1
DA:53,1
DA:54,1
DA:55,0
DA:56,0
DA:57,0
DA:58,0
DA:59,0
DA:67,84
DA:68,84
DA:69,84
DA:70,84
DA:73,84
DA:74,84
DA:75,420
DA:80,84
DA:81,84
DA:82,84
DA:83,14
DA:86,84
DA:87,341
DA:88,84
DA:90,63
DA:91,63
DA:92,34
DA:94,127
DA:95,29
DA:98,84
DA:99,48
DA:100,84
DA:102,154
DA:103,102
DA:104,102
DA:105,7
DA:111,84
DA:112,84
DA:113,84
DA:114,252
DA:115,8
DA:120,84
DA:121,84
DA:122,84
DA:124,84
DA:125,672
DA:126,4
DA:128,672
DA:129,9
DA:134,84
DA:135,84
DA:136,3
DA:137,81
DA:138,2
DA:142,84
DA:143,84
DA:144,0
DA:145,84
DA:146,0
DA:150,84
DA:151,61
DA:152,61
DA:158,84
DA:159,49
DA:163,84
DA:164,84
DA:165,84
DA:166,19
DA:167,65
DA:168,53
DA:172,84
DA:173,63
DA:175,84
DA:176,72
DA:178,84
DA:179,73
DA:183,84
DA:184,84
DA:185,420
DA:186,9
DA:194,84
DA:195,84
DA:196,63
DA:198,21
DA:199,21
DA:200,21
DA:201,0
DA:206,84
DA:207,84
DA:208,924
DA:210,84
DA:211,3
DA:215,84
DA:216,84
DA:217,84
DA:218,336
DA:219,0
DA:227,84
DA:228,84
DA:229,78
DA:232,84
DA:233,84
DA:234,62
DA:237,84
DA:238,84
DA:239,65
DA:242,84
DA:243,5
DA:244,5
DA:245,5
DA:249,84
DA:271,0
DA:274,0
DA:275,0
DA:276,0
DA:278,0
DA:279,0
DA:283,0
DA:284,0
DA:285,0
DA:286,0
DA:287,0
DA:288,0
DA:293,0
DA:294,0
DA:295,0
DA:296,0
DA:298,0
DA:303,0
DA:304,0
DA:305,0
DA:306,0
DA:308,0
DA:313,0
DA:314,0
DA:315,0
DA:318,0
DA:333,47
DA:334,47
DA:335,34
DA:343,34
DA:344,34
DA:345,33
DA:346,33
DA:347,33
DA:350,1
DA:352,13
DA:356,3
DA:357,1
DA:359,12
DA:360,2
DA:361,12
DA:362,12
DA:378,2
DA:379,2
DA:380,2
DA:382,2
DA:383,1
DA:384,1
DA:385,0
DA:387,1
DA:390,1
DA:394,2
DA:395,0
DA:397,2
DA:398,20
DA:400,20
DA:401,20
DA:402,20
DA:403,20
DA:408,0
DA:417,6
DA:418,5
DA:420,6
DA:421,6
DA:426,6
DA:427,6
DA:431,3
DA:432,3
DA:433,2
DA:435,1
DA:436,1
DA:438,0
DA:443,2
DA:444,2
DA:445,1
DA:450,2
DA:451,1
DA:453,1
DA:454,2
DA:456,2
DA:457,2
DA:471,27
DA:472,27
DA:473,27
DA:475,27
DA:476,8
DA:479,27
DA:480,3
DA:483,24
DA:484,24
DA:485,2
DA:488,22
DA:489,22
DA:495,22
DA:497,22
DA:501,32
DA:502,1
DA:505,31
DA:507,30
DA:508,30
DA:510,4
DA:511,4
DA:512,4
DA:514,3
DA:521,17
LF:233
LH:194
BRDA:21,0,0,1
BRDA:21,0,1,28
BRDA:27,1,0,28
BRDA:27,1,1,1
BRDA:75,2,0,65
BRDA:75,2,1,355
BRDA:80,3,0,84
BRDA:80,3,1,20
BRDA:82,4,0,14
BRDA:82,4,1,70
BRDA:86,5,0,84
BRDA:86,5,1,19
BRDA:87,6,0,341
BRDA:87,6,1,175
BRDA:87,6,2,110
BRDA:91,7,0,34
BRDA:91,7,1,29
BRDA:95,8,0,29
BRDA:95,8,1,0
BRDA:98,9,0,84
BRDA:98,9,1,47
BRDA:104,10,0,7
BRDA:104,10,1,95
BRDA:104,11,0,102
BRDA:104,11,1,44
BRDA:112,12,0,84
BRDA:112,12,1,64
BRDA:114,13,0,8
BRDA:114,13,1,244
BRDA:121,14,0,84
BRDA:121,14,1,3
BRDA:122,15,0,84
BRDA:122,15,1,11
BRDA:125,16,0,4
BRDA:125,16,1,668
BRDA:128,17,0,9
BRDA:128,17,1,663
BRDA:134,18,0,84
BRDA:134,18,1,11
BRDA:135,19,0,3
BRDA:135,19,1,81
BRDA:137,20,0,2
BRDA:137,20,1,79
BRDA:142,21,0,84
BRDA:142,21,1,19
BRDA:143,22,0,0
BRDA:143,22,1,84
BRDA:145,23,0,0
BRDA:145,23,1,84
BRDA:152,24,0,61
BRDA:152,24,1,56
BRDA:152,24,2,56
BRDA:152,24,3,49
BRDA:152,24,4,49
BRDA:158,25,0,49
BRDA:158,25,1,35
BRDA:158,26,0,84
BRDA:158,26,1,52
BRDA:163,27,0,84
BRDA:163,27,1,12
BRDA:164,28,0,84
BRDA:164,28,1,19
BRDA:165,29,0,19
BRDA:165,29,1,65
BRDA:167,30,0,53
BRDA:167,30,1,12
BRDA:172,31,0,63
BRDA:172,31,1,21
BRDA:175,32,0,72
BRDA:175,32,1,12
BRDA:178,33,0,73
BRDA:178,33,1,11
BRDA:185,34,0,9
BRDA:185,34,1,411
BRDA:195,35,0,63
BRDA:195,35,1,21
BRDA:198,36,0,21
BRDA:198,36,1,0
BRDA:199,37,0,21
BRDA:199,37,1,0
BRDA:200,38,0,0
BRDA:200,38,1,21
BRDA:210,39,0,3
BRDA:210,39,1,81
BRDA:210,40,0,84
BRDA:210,40,1,5
BRDA:216,41,0,84
BRDA:216,41,1,64
BRDA:218,42,0,0
BRDA:218,42,1,336
BRDA:218,43,0,336
BRDA:218,43,1,0
BRDA:228,44,0,78
BRDA:228,44,1,6
BRDA:232,45,0,84
BRDA:232,45,1,63
BRDA:233,46,0,62
BRDA:233,46,1,22
BRDA:238,47,0,65
BRDA:238,47,1,19
BRDA:242,48,0,5
BRDA:242,48,1,79
BRDA:243,49,0,5
BRDA:243,49,1,5
BRDA:244,50,0,5
BRDA:244,50,1,0
BRDA:269,51,0,0
BRDA:275,52,0,0
BRDA:275,52,1,0
BRDA:285,53,0,0
BRDA:285,53,1,0
BRDA:287,54,0,0
BRDA:287,54,1,0
BRDA:295,55,0,0
BRDA:295,55,1,0
BRDA:295,56,0,0
BRDA:295,56,1,0
BRDA:305,57,0,0
BRDA:305,57,1,0
BRDA:334,58,0,34
BRDA:334,58,1,13
BRDA:344,59,0,33
BRDA:344,59,1,1
BRDA:346,60,0,33
BRDA:346,60,1,0
BRDA:356,61,0,1
BRDA:356,61,1,2
BRDA:364,62,0,12
BRDA:364,62,1,0
BRDA:365,63,0,12
BRDA:365,63,1,0
BRDA:366,64,0,12
BRDA:366,64,1,0
BRDA:367,65,0,12
BRDA:367,65,1,0
BRDA:368,66,0,12
BRDA:368,66,1,0
BRDA:379,67,0,2
BRDA:379,67,1,0
BRDA:382,68,0,1
BRDA:382,68,1,1
BRDA:384,69,0,0
BRDA:384,69,1,1
BRDA:394,70,0,0
BRDA:394,70,1,2
BRDA:401,71,0,20
BRDA:401,71,1,0
BRDA:417,72,0,5
BRDA:417,72,1,1
BRDA:432,73,0,2
BRDA:432,73,1,1
BRDA:444,74,0,1
BRDA:444,74,1,1
BRDA:450,75,0,1
BRDA:450,75,1,1
BRDA:461,76,0,2
BRDA:461,76,1,2
BRDA:470,77,0,17
BRDA:475,78,0,8
BRDA:475,78,1,19
BRDA:479,79,0,3
BRDA:479,79,1,24
BRDA:484,80,0,2
BRDA:484,80,1,22
BRDA:501,81,0,1
BRDA:501,81,1,31
BRDA:505,82,0,1
BRDA:505,82,1,30
BRDA:508,83,0,26
BRDA:508,83,1,4
BRDA:510,84,0,1
BRDA:510,84,1,3
BRDA:512,85,0,1
BRDA:512,85,1,3
BRF:174
BRH:142
end_of_record
TN:
SF:lib\dependency-analyzer.cjs
FN:12,parseContractFiles
FN:18,(anonymous_1)
FN:23,(anonymous_2)
FN:39,buildDependencyGraph
FN:92,resolveRelativePath
FN:107,detectCircularDeps
FN:112,dfs
FN:144,findHighImpactFiles
FN:158,(anonymous_8)
FN:164,analyzeContractDeps
FN:191,(anonymous_10)
FN:215,checkFileConflicts
FN:246,suggestDependencies
FNF:13
FNH:13
FNDA:10,parseContractFiles
FNDA:49,(anonymous_1)
FNDA:56,(anonymous_2)
FNDA:7,buildDependencyGraph
FNDA:7,resolveRelativePath
FNDA:5,detectCircularDeps
FNDA:18,dfs
FNDA:5,findHighImpactFiles
FNDA:1,(anonymous_8)
FNDA:2,analyzeContractDeps
FNDA:3,(anonymous_10)
FNDA:3,checkFileConflicts
FNDA:7,suggestDependencies
DA:6,18
DA:7,18
DA:13,10
DA:14,10
DA:16,10
DA:18,9
DA:19,49
DA:22,9
DA:23,56
DA:24,13
DA:25,13
DA:33,9
DA:40,7
DA:42,7
DA:43,10
DA:44,10
DA:46,10
DA:47,7
DA:48,7
DA:51,7
DA:52,7
DA:53,6
DA:54,6
DA:55,5
DA:60,7
DA:61,7
DA:62,4
DA:63,4
DA:64,2
DA:72,10
DA:80,7
DA:81,10
DA:82,7
DA:83,7
DA:84,0
DA:89,7
DA:93,7
DA:94,7
DA:97,7
DA:98,7
DA:101,7
DA:108,5
DA:109,5
DA:110,5
DA:113,18
DA:114,2
DA:115,2
DA:116,2
DA:119,16
DA:121,12
DA:122,12
DA:124,12
DA:125,12
DA:126,10
DA:127,8
DA:131,12
DA:134,5
DA:135,10
DA:138,5
DA:145,5
DA:147,5
DA:148,9
DA:149,4
DA:158,5
DA:165,2
DA:166,2
DA:167,2
DA:168,2
DA:170,2
DA:172,2
DA:173,0
DA:180,2
DA:181,0
DA:182,0
DA:191,3
DA:192,2
DA:193,1
DA:194,1
DA:195,1
DA:203,2
DA:216,3
DA:217,3
DA:219,3
DA:220,4
DA:221,4
DA:223,4
DA:224,1
DA:231,4
DA:232,1
DA:240,3
DA:247,7
DA:248,7
DA:250,7
DA:259,7
DA:260,42
DA:261,6
DA:269,7
DA:272,18
LF:98
LH:94
BRDA:16,0,0,1
BRDA:16,0,1,9
BRDA:19,1,0,49
BRDA:19,1,1,31
BRDA:19,1,2,22
BRDA:24,2,0,13
BRDA:24,2,1,0
BRDA:28,3,0,13
BRDA:28,3,1,9
BRDA:46,4,0,7
BRDA:46,4,1,3
BRDA:51,5,0,7
BRDA:51,5,1,2
BRDA:54,6,0,5
BRDA:54,6,1,1
BRDA:54,7,0,6
BRDA:54,7,1,6
BRDA:60,8,0,7
BRDA:60,8,1,5
BRDA:63,9,0,2
BRDA:63,9,1,2
BRDA:63,10,0,4
BRDA:63,10,1,4
BRDA:83,11,0,0
BRDA:83,11,1,7
BRDA:97,12,0,7
BRDA:97,12,1,0
BRDA:112,13,0,10
BRDA:113,14,0,2
BRDA:113,14,1,16
BRDA:119,15,0,4
BRDA:119,15,1,12
BRDA:125,16,0,10
BRDA:125,16,1,2
BRDA:144,17,0,2
BRDA:148,18,0,4
BRDA:148,18,1,5
BRDA:164,19,0,0
BRDA:172,20,0,0
BRDA:172,20,1,2
BRDA:181,21,0,0
BRDA:181,21,1,0
BRDA:194,22,0,1
BRDA:194,22,1,0
BRDA:194,23,0,1
BRDA:194,23,1,1
BRDA:194,23,2,1
BRDA:215,24,0,0
BRDA:223,25,0,1
BRDA:223,25,1,3
BRDA:223,26,0,4
BRDA:223,26,1,2
BRDA:231,27,0,1
BRDA:231,27,1,3
BRDA:231,28,0,4
BRDA:231,28,1,2
BRDA:260,29,0,6
BRDA:260,29,1,36
BRDA:260,30,0,42
BRDA:260,30,1,36
BRF:60
BRH:51
end_of_record
TN:
SF:lib\feature-chat.cjs
FN:15,createInterface
FN:25,prompt
FN:26,(anonymous_2)
FN:27,(anonymous_3)
FN:34,displayFeature
FN:80,interactiveAddFeature
FN:95,(anonymous_6)
FN:101,(anonymous_7)
FN:129,interactiveEnhance
FN:184,startChatSession
FN:190,(anonymous_10)
FN:209,(anonymous_11)
FN:373,(anonymous_12)
FN:399,displayFeaturesSummary
FNF:14
FNH:14
FNDA:5,createInterface
FNDA:23,prompt
FNDA:23,(anonymous_2)
FNDA:23,(anonymous_3)
FNDA:23,displayFeature
FNDA:2,interactiveAddFeature
FNDA:2,(anonymous_6)
FNDA:2,(anonymous_7)
FNDA:2,interactiveEnhance
FNDA:2,startChatSession
FNDA:2,(anonymous_10)
FNDA:12,(anonymous_11)
FNDA:2,(anonymous_12)
FNDA:5,displayFeaturesSummary
DA:6,1
DA:7,1
DA:9,1
DA:10,1
DA:16,5
DA:26,23
DA:27,23
DA:35,23
DA:42,23
DA:43,23
DA:45,23
DA:46,23
DA:48,23
DA:49,6
DA:52,23
DA:53,4
DA:56,23
DA:57,2
DA:60,23
DA:61,7
DA:62,7
DA:64,7
DA:65,4
DA:66,4
DA:67,24
DA:71,7
DA:72,1
DA:81,2
DA:83,2
DA:85,2
DA:86,2
DA:87,2
DA:88,1
DA:89,1
DA:90,1
DA:93,1
DA:94,1
DA:95,2
DA:97,1
DA:98,1
DA:100,1
DA:101,2
DA:103,1
DA:105,1
DA:107,1
DA:116,1
DA:117,1
DA:119,1
DA:121,0
DA:122,0
DA:130,2
DA:131,2
DA:133,2
DA:134,1
DA:135,1
DA:138,1
DA:140,1
DA:141,1
DA:143,1
DA:145,1
DA:146,1
DA:147,1
DA:148,0
DA:149,0
DA:150,0
DA:153,1
DA:154,1
DA:156,1
DA:158,1
DA:160,1
DA:162,1
DA:168,1
DA:170,1
DA:171,1
DA:174,1
DA:176,0
DA:177,0
DA:185,2
DA:187,2
DA:188,2
DA:190,2
DA:191,2
DA:209,2
DA:210,12
DA:211,12
DA:212,12
DA:214,12
DA:216,1
DA:217,1
DA:218,1
DA:219,0
DA:221,1
DA:222,1
DA:223,1
DA:226,1
DA:230,1
DA:231,1
DA:232,0
DA:233,0
DA:235,1
DA:236,1
DA:237,1
DA:239,0
DA:241,1
DA:245,0
DA:246,0
DA:247,0
DA:251,0
DA:252,0
DA:253,0
DA:254,0
DA:256,0
DA:257,0
DA:258,0
DA:262,1
DA:263,1
DA:264,0
DA:265,0
DA:267,1
DA:268,1
DA:269,0
DA:271,1
DA:272,1
DA:273,1
DA:276,1
DA:280,1
DA:281,1
DA:282,1
DA:283,1
DA:284,1
DA:285,1
DA:286,1
DA:287,1
DA:288,1
DA:290,1
DA:294,1
DA:295,1
DA:296,0
DA:298,1
DA:299,1
DA:300,1
DA:302,1
DA:304,1
DA:308,1
DA:309,1
DA:310,0
DA:312,1
DA:313,1
DA:314,1
DA:317,1
DA:321,1
DA:322,1
DA:323,0
DA:325,1
DA:327,1
DA:331,2
DA:332,2
DA:333,0
DA:334,0
DA:335,0
DA:337,2
DA:338,1
DA:339,1
DA:341,1
DA:342,1
DA:343,1
DA:345,0
DA:347,1
DA:351,0
DA:352,0
DA:357,2
DA:358,2
DA:359,2
DA:362,0
DA:365,1
DA:368,10
DA:371,2
DA:373,2
DA:374,2
DA:375,12
DA:376,12
DA:378,12
DA:379,2
DA:380,10
DA:382,0
DA:387,2
DA:388,2
DA:390,0
DA:391,0
DA:400,5
DA:401,5
DA:403,5
DA:404,5
DA:406,5
DA:407,2
DA:408,2
DA:409,2
DA:412,3
DA:413,3
DA:414,5
DA:415,5
DA:418,3
DA:419,15
DA:420,5
DA:421,5
DA:422,5
DA:423,5
DA:424,5
DA:429,3
DA:430,3
DA:433,5
DA:436,1
LF:212
LH:175
BRDA:34,0,0,16
BRDA:43,1,0,23
BRDA:43,1,1,1
BRDA:48,2,0,6
BRDA:48,2,1,17
BRDA:52,3,0,4
BRDA:52,3,1,19
BRDA:56,4,0,2
BRDA:56,4,1,21
BRDA:60,5,0,7
BRDA:60,5,1,16
BRDA:64,6,0,4
BRDA:64,6,1,3
BRDA:71,7,0,1
BRDA:71,7,1,6
BRDA:80,8,0,0
BRDA:87,9,0,1
BRDA:87,9,1,1
BRDA:95,10,0,1
BRDA:95,10,1,0
BRDA:98,11,0,1
BRDA:98,11,1,0
BRDA:101,12,0,1
BRDA:101,12,1,0
BRDA:110,13,0,0
BRDA:110,13,1,1
BRDA:129,14,0,0
BRDA:133,15,0,1
BRDA:133,15,1,1
BRDA:147,16,0,0
BRDA:147,16,1,1
BRDA:154,17,0,1
BRDA:154,17,1,0
BRDA:163,18,0,1
BRDA:163,18,1,0
BRDA:164,19,0,0
BRDA:164,19,1,1
BRDA:170,20,0,1
BRDA:170,20,1,0
BRDA:170,21,0,1
BRDA:170,21,1,0
BRDA:184,22,0,0
BRDA:214,23,0,1
BRDA:214,23,1,1
BRDA:214,23,2,0
BRDA:214,23,3,0
BRDA:214,23,4,1
BRDA:214,23,5,1
BRDA:214,23,6,1
BRDA:214,23,7,1
BRDA:214,23,8,1
BRDA:214,23,9,2
BRDA:214,23,10,0
BRDA:214,23,11,2
BRDA:214,23,12,2
BRDA:214,23,13,2
BRDA:214,23,14,0
BRDA:214,23,15,1
BRDA:217,24,0,1
BRDA:217,24,1,0
BRDA:218,25,0,0
BRDA:218,25,1,1
BRDA:221,26,0,1
BRDA:221,26,1,0
BRDA:231,27,0,0
BRDA:231,27,1,1
BRDA:236,28,0,1
BRDA:236,28,1,0
BRDA:252,29,0,0
BRDA:252,29,1,0
BRDA:263,30,0,0
BRDA:263,30,1,1
BRDA:268,31,0,0
BRDA:268,31,1,1
BRDA:295,32,0,0
BRDA:295,32,1,1
BRDA:309,33,0,0
BRDA:309,33,1,1
BRDA:322,34,0,0
BRDA:322,34,1,1
BRDA:332,35,0,0
BRDA:332,35,1,2
BRDA:332,36,0,2
BRDA:332,36,1,2
BRDA:337,37,0,1
BRDA:337,37,1,1
BRDA:378,38,0,2
BRDA:378,38,1,10
BRDA:380,39,0,0
BRDA:380,39,1,10
BRDA:390,40,0,0
BRDA:390,40,1,0
BRDA:399,41,0,0
BRDA:406,42,0,2
BRDA:406,42,1,3
BRDA:414,43,0,5
BRDA:414,43,1,0
BRDA:419,44,0,5
BRDA:419,44,1,10
BRDA:422,45,0,5
BRDA:422,45,1,4
BRDA:423,46,0,1
BRDA:423,46,1,4
BRF:103
BRH:68
end_of_record
TN:
SF:lib\features.cjs
FN:33,initFeaturesFile
FN:56,loadFeatures
FN:65,saveFeatures
FN:74,generateFeatureId
FN:75,(anonymous_4)
FN:85,generateEnhancementId
FN:87,(anonymous_6)
FN:97,sanitizeName
FN:108,listFeatures
FN:114,(anonymous_9)
FN:117,(anonymous_10)
FN:121,(anonymous_11)
FN:133,getFeature
FN:135,(anonymous_13)
FN:141,addFeature
FN:166,updateFeature
FN:168,(anonymous_16)
FN:192,deleteFeature
FN:194,(anonymous_18)
FN:208,addEnhancement
FN:210,(anonymous_20)
FN:239,linkContract
FN:241,(anonymous_22)
FN:259,discoverFeatures
FN:268,(anonymous_24)
FN:318,importDiscoveredFeatures
FN:325,(anonymous_26)
FN:326,(anonymous_27)
FN:341,getFeatureStats
FN:375,searchFeatures
FN:382,getAllTags
FN:395,normalizeContractStatus
FN:401,normalizeRepoPath
FN:405,getActiveContractsDir
FN:417,getArchiveRoot
FN:421,getFeatureArtifactPaths
FN:432,getFeatureFileTimestamp
FN:440,mergeFeatureMetadata
FN:446,(anonymous_38)
FN:458,getFeatureStaleness
FN:478,extractSection
FN:482,summarizeText
FN:494,extractMetadataLine
FN:498,parseFeatureContract
FN:533,parseArchivedBundle
FN:555,listContractFeatures
FN:562,(anonymous_46)
FN:564,(anonymous_47)
FN:576,listArchivedFeatures
FN:598,(anonymous_49)
FN:605,(anonymous_50)
FN:630,getContractFeatureStatus
FN:632,(anonymous_52)
FN:633,(anonymous_53)
FN:634,(anonymous_54)
FN:638,refreshFeatureIndex
FN:646,(anonymous_56)
FN:652,(anonymous_57)
FN:653,(anonymous_58)
FN:668,loadFeatureIndex
FN:676,findLegacyTicketFiles
FN:699,formatFeatureTable
FN:705,(anonymous_62)
FN:712,(anonymous_63)
FN:712,(anonymous_64)
FN:713,(anonymous_65)
FN:713,(anonymous_66)
FN:717,(anonymous_67)
FN:722,formatFeatureStatus
FN:743,listGarbageCandidates
FN:746,(anonymous_70)
FN:749,(anonymous_71)
FN:750,(anonymous_72)
FN:778,(anonymous_73)
FN:781,recordGarbageDisposition
FN:795,(anonymous_75)
FN:820,getCurrentHistoryFile
FN:827,(anonymous_77)
FN:848,truncateText
FN:857,addToHistory
FN:875,loadAllHistory
FN:882,(anonymous_81)
FN:899,createCompactHistoryEntry
FN:901,(anonymous_83)
FN:915,createArchiveBundle
FN:941,(anonymous_85)
FNF:86
FNH:68
FNDA:223,initFeaturesFile
FNDA:135,loadFeatures
FNDA:84,saveFeatures
FNDA:63,generateFeatureId
FNDA:29,(anonymous_4)
FNDA:12,generateEnhancementId
FNDA:4,(anonymous_6)
FNDA:71,sanitizeName
FNDA:15,listFeatures
FNDA:6,(anonymous_9)
FNDA:3,(anonymous_10)
FNDA:7,(anonymous_11)
FNDA:12,getFeature
FNDA:10,(anonymous_13)
FNDA:63,addFeature
FNDA:5,updateFeature
FNDA:4,(anonymous_16)
FNDA:3,deleteFeature
FNDA:2,(anonymous_18)
FNDA:13,addEnhancement
FNDA:12,(anonymous_20)
FNDA:4,linkContract
FNDA:3,(anonymous_22)
FNDA:6,discoverFeatures
FNDA:5,(anonymous_24)
FNDA:2,importDiscoveredFeatures
FNDA:1,(anonymous_26)
FNDA:1,(anonymous_27)
FNDA:9,getFeatureStats
FNDA:3,searchFeatures
FNDA:3,getAllTags
FNDA:17,normalizeContractStatus
FNDA:0,normalizeRepoPath
FNDA:26,getActiveContractsDir
FNDA:14,getArchiveRoot
FNDA:8,getFeatureArtifactPaths
FNDA:16,getFeatureFileTimestamp
FNDA:14,mergeFeatureMetadata
FNDA:4,(anonymous_38)
FNDA:2,getFeatureStaleness
FNDA:7,extractSection
FNDA:0,summarizeText
FNDA:0,extractMetadataLine
FNDA:16,parseFeatureContract
FNDA:1,parseArchivedBundle
FNDA:18,listContractFeatures
FNDA:11,(anonymous_46)
FNDA:8,(anonymous_47)
FNDA:14,listArchivedFeatures
FNDA:1,(anonymous_49)
FNDA:8,(anonymous_50)
FNDA:2,getContractFeatureStatus
FNDA:1,(anonymous_52)
FNDA:1,(anonymous_53)
FNDA:0,(anonymous_54)
FNDA:13,refreshFeatureIndex
FNDA:1,(anonymous_56)
FNDA:12,(anonymous_57)
FNDA:0,(anonymous_58)
FNDA:17,loadFeatureIndex
FNDA:3,findLegacyTicketFiles
FNDA:0,formatFeatureTable
FNDA:0,(anonymous_62)
FNDA:0,(anonymous_63)
FNDA:0,(anonymous_64)
FNDA:0,(anonymous_65)
FNDA:0,(anonymous_66)
FNDA:0,(anonymous_67)
FNDA:0,formatFeatureStatus
FNDA:2,listGarbageCandidates
FNDA:0,(anonymous_70)
FNDA:2,(anonymous_71)
FNDA:2,(anonymous_72)
FNDA:0,(anonymous_73)
FNDA:2,recordGarbageDisposition
FNDA:1,(anonymous_75)
FNDA:7,getCurrentHistoryFile
FNDA:0,(anonymous_77)
FNDA:14,truncateText
FNDA:7,addToHistory
FNDA:0,loadAllHistory
FNDA:0,(anonymous_81)
FNDA:7,createCompactHistoryEntry
FNDA:11,(anonymous_83)
FNDA:8,createArchiveBundle
FNDA:56,(anonymous_85)
DA:6,10
DA:7,10
DA:8,10
DA:9,10
DA:10,10
DA:12,10
DA:13,10
DA:14,10
DA:15,10
DA:16,10
DA:17,10
DA:18,10
DA:19,10
DA:34,223
DA:35,223
DA:37,223
DA:38,47
DA:41,223
DA:42,57
DA:47,57
DA:50,223
DA:57,135
DA:58,135
DA:59,135
DA:66,84
DA:67,84
DA:68,84
DA:75,63
DA:76,29
DA:77,29
DA:79,63
DA:86,12
DA:87,12
DA:88,4
DA:89,4
DA:91,12
DA:98,71
DA:109,15
DA:110,15
DA:113,15
DA:114,6
DA:116,15
DA:117,3
DA:119,15
DA:120,4
DA:121,4
DA:122,7
DA:127,15
DA:134,12
DA:135,12
DA:142,63
DA:144,63
DA:157,63
DA:158,63
DA:160,63
DA:167,5
DA:168,5
DA:170,5
DA:171,1
DA:175,4
DA:176,2
DA:179,4
DA:185,4
DA:186,4
DA:193,3
DA:194,3
DA:196,3
DA:197,1
DA:200,2
DA:201,2
DA:202,2
DA:209,13
DA:210,13
DA:212,13
DA:213,1
DA:216,12
DA:217,0
DA:220,12
DA:229,12
DA:230,12
DA:231,12
DA:233,12
DA:240,4
DA:241,4
DA:243,4
DA:244,1
DA:247,3
DA:248,2
DA:249,2
DA:250,2
DA:253,3
DA:260,6
DA:261,6
DA:263,6
DA:264,1
DA:267,5
DA:268,5
DA:270,5
DA:271,4
DA:275,4
DA:276,4
DA:278,0
DA:282,4
DA:283,4
DA:286,4
DA:287,4
DA:288,4
DA:291,4
DA:292,4
DA:295,4
DA:303,4
DA:312,5
DA:319,2
DA:320,2
DA:321,2
DA:323,2
DA:325,2
DA:326,1
DA:329,2
DA:330,1
DA:331,1
DA:335,2
DA:342,9
DA:343,9
DA:345,9
DA:353,9
DA:355,12
DA:358,12
DA:359,2
DA:360,2
DA:364,12
DA:365,1
DA:369,9
DA:376,3
DA:383,3
DA:384,3
DA:386,3
DA:387,4
DA:388,5
DA:392,3
DA:396,17
DA:397,17
DA:398,17
DA:402,0
DA:406,26
DA:407,26
DA:408,0
DA:410,26
DA:411,26
DA:412,19
DA:414,7
DA:418,14
DA:422,8
DA:423,8
DA:424,8
DA:433,16
DA:434,16
DA:436,0
DA:441,14
DA:442,13
DA:445,1
DA:446,1
DA:447,4
DA:448,2
DA:452,1
DA:459,2
DA:460,2
DA:461,2
DA:462,0
DA:465,2
DA:466,2
DA:467,2
DA:468,0
DA:471,2
DA:479,7
DA:483,0
DA:488,0
DA:489,0
DA:491,0
DA:495,0
DA:499,16
DA:500,16
DA:501,16
DA:507,16
DA:508,16
DA:509,16
DA:514,16
DA:515,16
DA:516,16
DA:518,16
DA:534,1
DA:535,1
DA:536,1
DA:537,1
DA:538,1
DA:539,1
DA:541,1
DA:556,18
DA:557,18
DA:558,0
DA:561,18
DA:562,11
DA:565,8
DA:566,8
DA:567,8
DA:568,8
DA:570,0
DA:577,14
DA:580,14
DA:581,14
DA:582,1
DA:583,1
DA:584,1
DA:585,2
DA:586,2
DA:587,2
DA:588,2
DA:589,1
DA:590,1
DA:592,1
DA:593,1
DA:596,1
DA:598,1
DA:602,14
DA:603,14
DA:604,8
DA:605,8
DA:607,8
DA:608,8
DA:609,8
DA:610,8
DA:611,8
DA:612,8
DA:627,14
DA:631,2
DA:632,2
DA:633,1
DA:634,0
DA:639,13
DA:640,13
DA:641,4
DA:644,13
DA:645,13
DA:646,13
DA:649,13
DA:650,13
DA:651,13
DA:652,12
DA:653,0
DA:654,13
DA:659,13
DA:660,13
DA:661,13
DA:669,17
DA:670,17
DA:671,14
DA:673,3
DA:677,3
DA:678,3
DA:680,3
DA:681,1
DA:682,1
DA:683,1
DA:688,3
DA:689,6
DA:690,2
DA:691,2
DA:692,2
DA:696,3
DA:700,0
DA:701,0
DA:704,0
DA:705,0
DA:712,0
DA:713,0
DA:715,0
DA:717,0
DA:723,0
DA:724,0
DA:727,0
DA:744,2
DA:745,2
DA:746,2
DA:748,2
DA:749,2
DA:751,2
DA:752,0
DA:760,2
DA:761,2
DA:762,0
DA:765,2
DA:766,0
DA:769,2
DA:778,0
DA:782,2
DA:783,2
DA:784,2
DA:785,0
DA:788,2
DA:789,1
DA:792,1
DA:793,1
DA:794,1
DA:795,1
DA:796,1
DA:797,0
DA:800,1
DA:801,1
DA:802,1
DA:803,1
DA:805,1
DA:821,7
DA:822,7
DA:823,7
DA:826,7
DA:827,0
DA:830,7
DA:831,7
DA:834,0
DA:835,0
DA:837,0
DA:838,0
DA:839,0
DA:842,0
DA:849,14
DA:850,14
DA:851,0
DA:858,7
DA:859,7
DA:861,7
DA:862,0
DA:865,7
DA:866,7
DA:868,7
DA:869,7
DA:876,0
DA:877,0
DA:878,0
DA:881,0
DA:882,0
DA:885,0
DA:886,0
DA:887,0
DA:888,0
DA:889,0
DA:893,0
DA:900,7
DA:901,11
DA:905,7
DA:916,8
DA:917,8
DA:918,8
DA:919,0
DA:922,8
DA:923,8
DA:924,8
DA:925,1
DA:927,7
DA:928,0
DA:931,7
DA:934,7
DA:937,7
DA:938,7
DA:941,7
DA:942,56
DA:943,56
DA:944,43
DA:948,7
DA:949,7
DA:957,10
LF:370
LH:315
BRDA:33,0,0,0
BRDA:37,1,0,47
BRDA:37,1,1,176
BRDA:41,2,0,57
BRDA:41,2,1,166
BRDA:56,3,0,0
BRDA:59,4,0,135
BRDA:59,4,1,0
BRDA:65,5,0,0
BRDA:77,6,0,29
BRDA:77,6,1,0
BRDA:86,7,0,12
BRDA:86,7,1,0
BRDA:89,8,0,4
BRDA:89,8,1,0
BRDA:108,9,0,0
BRDA:108,10,0,8
BRDA:110,11,0,15
BRDA:110,11,1,0
BRDA:113,12,0,2
BRDA:113,12,1,13
BRDA:116,13,0,1
BRDA:116,13,1,14
BRDA:117,14,0,3
BRDA:117,14,1,0
BRDA:119,15,0,4
BRDA:119,15,1,11
BRDA:122,16,0,7
BRDA:122,16,1,4
BRDA:123,17,0,4
BRDA:123,17,1,3
BRDA:133,18,0,0
BRDA:141,19,0,0
BRDA:147,20,0,63
BRDA:147,20,1,57
BRDA:148,21,0,63
BRDA:148,21,1,33
BRDA:149,22,0,63
BRDA:149,22,1,59
BRDA:150,23,0,63
BRDA:150,23,1,41
BRDA:154,24,0,63
BRDA:154,24,1,62
BRDA:166,25,0,0
BRDA:170,26,0,1
BRDA:170,26,1,4
BRDA:175,27,0,2
BRDA:175,27,1,2
BRDA:192,28,0,0
BRDA:196,29,0,1
BRDA:196,29,1,2
BRDA:208,30,0,0
BRDA:212,31,0,1
BRDA:212,31,1,12
BRDA:216,32,0,0
BRDA:216,32,1,12
BRDA:223,33,0,12
BRDA:223,33,1,11
BRDA:224,34,0,12
BRDA:224,34,1,7
BRDA:226,35,0,12
BRDA:226,35,1,12
BRDA:239,36,0,0
BRDA:243,37,0,1
BRDA:243,37,1,3
BRDA:247,38,0,2
BRDA:247,38,1,1
BRDA:259,39,0,0
BRDA:263,40,0,1
BRDA:263,40,1,5
BRDA:283,41,0,4
BRDA:283,41,1,0
BRDA:288,42,0,4
BRDA:288,42,1,4
BRDA:288,42,2,4
BRDA:292,43,0,4
BRDA:292,43,1,0
BRDA:295,44,0,4
BRDA:295,44,1,0
BRDA:318,45,0,0
BRDA:329,46,0,1
BRDA:329,46,1,1
BRDA:341,47,0,0
BRDA:343,48,0,9
BRDA:343,48,1,0
BRDA:355,49,0,12
BRDA:355,49,1,9
BRDA:358,50,0,2
BRDA:358,50,1,10
BRDA:364,51,0,1
BRDA:364,51,1,11
BRDA:375,52,0,0
BRDA:382,53,0,0
BRDA:387,54,0,4
BRDA:387,54,1,0
BRDA:396,55,0,17
BRDA:396,55,1,0
BRDA:397,56,0,0
BRDA:397,56,1,17
BRDA:402,57,0,0
BRDA:402,57,1,0
BRDA:405,58,0,0
BRDA:407,59,0,0
BRDA:407,59,1,26
BRDA:411,60,0,19
BRDA:411,60,1,7
BRDA:417,61,0,0
BRDA:421,62,0,0
BRDA:422,63,0,8
BRDA:422,63,1,0
BRDA:440,64,0,13
BRDA:441,65,0,13
BRDA:441,65,1,1
BRDA:447,66,0,2
BRDA:447,66,1,2
BRDA:458,67,0,0
BRDA:459,68,0,2
BRDA:459,68,1,0
BRDA:460,69,0,2
BRDA:460,69,1,0
BRDA:460,69,2,0
BRDA:461,70,0,0
BRDA:461,70,1,2
BRDA:467,71,0,0
BRDA:467,71,1,2
BRDA:467,72,0,2
BRDA:467,72,1,2
BRDA:479,73,0,7
BRDA:479,73,1,1
BRDA:479,74,0,7
BRDA:479,74,1,0
BRDA:482,75,0,0
BRDA:483,76,0,0
BRDA:483,76,1,0
BRDA:488,77,0,0
BRDA:488,77,1,0
BRDA:495,78,0,0
BRDA:495,78,1,0
BRDA:495,79,0,0
BRDA:495,79,1,0
BRDA:498,80,0,0
BRDA:502,81,0,16
BRDA:502,81,1,5
BRDA:502,81,2,0
BRDA:502,81,3,0
BRDA:508,82,0,16
BRDA:508,82,1,10
BRDA:510,83,0,16
BRDA:510,83,1,15
BRDA:510,83,2,15
BRDA:526,84,0,8
BRDA:526,84,1,8
BRDA:527,85,0,6
BRDA:527,85,1,10
BRDA:533,86,0,0
BRDA:534,87,0,1
BRDA:534,87,1,0
BRDA:535,88,0,1
BRDA:535,88,1,0
BRDA:536,89,0,1
BRDA:536,89,1,0
BRDA:537,90,0,1
BRDA:537,90,1,0
BRDA:538,91,0,1
BRDA:538,91,1,0
BRDA:538,92,0,1
BRDA:538,92,1,0
BRDA:539,93,0,1
BRDA:539,93,1,0
BRDA:539,94,0,1
BRDA:539,94,1,0
BRDA:555,95,0,0
BRDA:557,96,0,0
BRDA:557,96,1,18
BRDA:576,97,0,0
BRDA:581,98,0,1
BRDA:581,98,1,13
BRDA:588,99,0,1
BRDA:588,99,1,1
BRDA:592,100,0,0
BRDA:592,100,1,1
BRDA:603,101,0,8
BRDA:603,101,1,6
BRDA:605,102,0,8
BRDA:605,102,1,8
BRDA:610,103,0,8
BRDA:610,103,1,0
BRDA:630,104,0,0
BRDA:631,105,0,2
BRDA:631,105,1,0
BRDA:632,106,0,2
BRDA:632,106,1,1
BRDA:632,106,2,0
BRDA:632,106,3,0
BRDA:638,107,0,0
BRDA:640,108,0,4
BRDA:640,108,1,9
BRDA:646,109,0,13
BRDA:646,109,1,12
BRDA:649,110,0,1
BRDA:649,110,1,12
BRDA:668,111,0,0
BRDA:670,112,0,14
BRDA:670,112,1,3
BRDA:676,113,0,0
BRDA:680,114,0,1
BRDA:680,114,1,2
BRDA:682,115,0,1
BRDA:682,115,1,0
BRDA:689,116,0,4
BRDA:689,116,1,2
BRDA:690,117,0,0
BRDA:690,117,1,2
BRDA:690,118,0,2
BRDA:690,118,1,2
BRDA:690,118,2,2
BRDA:690,118,3,2
BRDA:691,119,0,2
BRDA:691,119,1,0
BRDA:700,120,0,0
BRDA:700,120,1,0
BRDA:700,121,0,0
BRDA:700,121,1,0
BRDA:710,122,0,0
BRDA:710,122,1,0
BRDA:723,123,0,0
BRDA:723,123,1,0
BRDA:732,124,0,0
BRDA:732,124,1,0
BRDA:733,125,0,0
BRDA:733,125,1,0
BRDA:734,126,0,0
BRDA:734,126,1,0
BRDA:735,127,0,0
BRDA:735,127,1,0
BRDA:736,128,0,0
BRDA:736,128,1,0
BRDA:737,129,0,0
BRDA:737,129,1,0
BRDA:738,130,0,0
BRDA:738,130,1,0
BRDA:739,131,0,0
BRDA:739,131,1,0
BRDA:743,132,0,0
BRDA:743,133,0,0
BRDA:746,134,0,2
BRDA:746,134,1,2
BRDA:751,135,0,0
BRDA:751,135,1,2
BRDA:761,136,0,0
BRDA:761,136,1,2
BRDA:765,137,0,0
BRDA:765,137,1,2
BRDA:774,138,0,2
BRDA:774,138,1,2
BRDA:781,139,0,0
BRDA:781,140,0,0
BRDA:782,141,0,2
BRDA:782,141,1,0
BRDA:783,142,0,2
BRDA:783,142,1,0
BRDA:784,143,0,0
BRDA:784,143,1,2
BRDA:788,144,0,1
BRDA:788,144,1,1
BRDA:796,145,0,0
BRDA:796,145,1,1
BRDA:801,146,0,1
BRDA:801,146,1,0
BRDA:802,147,0,1
BRDA:802,147,1,1
BRDA:820,148,0,0
BRDA:822,149,0,7
BRDA:822,149,1,0
BRDA:827,150,0,0
BRDA:827,150,1,0
BRDA:830,151,0,7
BRDA:830,151,1,0
BRDA:837,152,0,0
BRDA:837,152,1,0
BRDA:848,153,0,0
BRDA:849,154,0,14
BRDA:849,154,1,1
BRDA:850,155,0,14
BRDA:850,155,1,0
BRDA:857,156,0,0
BRDA:861,157,0,0
BRDA:861,157,1,7
BRDA:862,158,0,0
BRDA:862,158,1,0
BRDA:875,159,0,0
BRDA:877,160,0,0
BRDA:877,160,1,0
BRDA:882,161,0,0
BRDA:882,161,1,0
BRDA:888,162,0,0
BRDA:888,162,1,0
BRDA:900,163,0,7
BRDA:900,163,1,0
BRDA:901,164,0,11
BRDA:901,164,1,0
BRDA:908,165,0,7
BRDA:908,165,1,7
BRDA:909,166,0,7
BRDA:909,166,1,0
BRDA:910,167,0,7
BRDA:910,167,1,0
BRDA:915,168,0,0
BRDA:915,169,0,6
BRDA:916,170,0,8
BRDA:916,170,1,0
BRDA:918,171,0,0
BRDA:918,171,1,8
BRDA:924,172,0,1
BRDA:924,172,1,7
BRDA:927,173,0,0
BRDA:927,173,1,7
BRDA:931,174,0,7
BRDA:931,174,1,0
BRDA:934,175,0,7
BRDA:934,175,1,6
BRDA:943,176,0,43
BRDA:943,176,1,13
BRF:323
BRH:179
end_of_record
TN:
SF:lib\governance-runtime.cjs
FN:6,parseContractMetadata
FN:9,(anonymous_1)
FN:23,estimateTokens
FN:28,loadContextIndex
FN:37,listSections
FN:39,(anonymous_5)
FN:42,suggestSections
FN:45,(anonymous_7)
FN:46,(anonymous_8)
FN:48,(anonymous_9)
FN:51,getDocSection
FN:58,resolveContextRefs
FN:65,(anonymous_12)
FN:99,checkVersionCompatibility
FN:116,(anonymous_14)
FN:128,parsePlanFilePaths
FN:129,(anonymous_16)
FN:132,normalizeScopePath
FN:138,parseContractDirectories
FN:141,(anonymous_19)
FN:143,(anonymous_20)
FN:147,getChangedFiles
FN:153,(anonymous_22)
FN:155,(anonymous_23)
FN:162,validateExecutionScope
FN:164,(anonymous_25)
FN:167,(anonymous_26)
FN:168,(anonymous_27)
FN:171,(anonymous_28)
FN:173,(anonymous_29)
FN:183,(anonymous_30)
FN:191,collectFeatureMetrics
FN:200,(anonymous_32)
FN:207,(anonymous_33)
FN:227,saveFeatureMetrics
FN:234,summarizeFeatureMetrics
FN:238,(anonymous_36)
FN:239,(anonymous_37)
FN:242,(anonymous_38)
FN:243,(anonymous_39)
FN:244,(anonymous_40)
FN:245,(anonymous_41)
FN:246,(anonymous_42)
FN:250,upgradeContractVersions
FN:260,lintContextIndex
FN:265,(anonymous_45)
FN:268,(anonymous_46)
FN:289,findCompletedContractsInActive
FN:296,(anonymous_48)
FN:297,(anonymous_49)
FN:302,(anonymous_50)
FN:308,checkPlanExists
FN:325,checkApprovalStatus
FN:343,validateExecutionGate
FN:353,(anonymous_54)
FN:379,detectUncontractedRequest
FN:385,(anonymous_56)
FNF:57
FNH:46
FNDA:28,parseContractMetadata
FNDA:78,(anonymous_1)
FNDA:39,estimateTokens
FNDA:33,loadContextIndex
FNDA:0,listSections
FNDA:0,(anonymous_5)
FNDA:0,suggestSections
FNDA:0,(anonymous_7)
FNDA:0,(anonymous_8)
FNDA:0,(anonymous_9)
FNDA:50,getDocSection
FNDA:16,resolveContextRefs
FNDA:41,(anonymous_12)
FNDA:8,checkVersionCompatibility
FNDA:24,(anonymous_14)
FNDA:11,parsePlanFilePaths
FNDA:5,(anonymous_16)
FNDA:31,normalizeScopePath
FNDA:6,parseContractDirectories
FNDA:10,(anonymous_19)
FNDA:14,(anonymous_20)
FNDA:9,getChangedFiles
FNDA:0,(anonymous_22)
FNDA:0,(anonymous_23)
FNDA:6,validateExecutionScope
FNDA:2,(anonymous_25)
FNDA:9,(anonymous_26)
FNDA:13,(anonymous_27)
FNDA:2,(anonymous_28)
FNDA:6,(anonymous_29)
FNDA:0,(anonymous_30)
FNDA:5,collectFeatureMetrics
FNDA:0,(anonymous_32)
FNDA:0,(anonymous_33)
FNDA:3,saveFeatureMetrics
FNDA:3,summarizeFeatureMetrics
FNDA:3,(anonymous_36)
FNDA:3,(anonymous_37)
FNDA:3,(anonymous_38)
FNDA:3,(anonymous_39)
FNDA:3,(anonymous_40)
FNDA:3,(anonymous_41)
FNDA:3,(anonymous_42)
FNDA:2,upgradeContractVersions
FNDA:7,lintContextIndex
FNDA:18,(anonymous_45)
FNDA:14,(anonymous_46)
FNDA:2,findCompletedContractsInActive
FNDA:1,(anonymous_48)
FNDA:1,(anonymous_49)
FNDA:1,(anonymous_50)
FNDA:10,checkPlanExists
FNDA:7,checkApprovalStatus
FNDA:6,validateExecutionGate
FNDA:7,(anonymous_54)
FNDA:10,detectUncontractedRequest
FNDA:45,(anonymous_56)
DA:1,8
DA:2,8
DA:3,8
DA:4,8
DA:7,28
DA:8,28
DA:9,28
DA:10,78
DA:11,78
DA:14,28
DA:24,39
DA:25,39
DA:29,33
DA:30,33
DA:31,2
DA:33,31
DA:38,0
DA:39,0
DA:43,0
DA:44,0
DA:45,0
DA:46,0
DA:48,0
DA:52,50
DA:53,49
DA:54,49
DA:55,49
DA:59,16
DA:60,15
DA:61,15
DA:62,15
DA:63,15
DA:65,15
DA:66,41
DA:67,41
DA:68,0
DA:70,41
DA:71,41
DA:72,0
DA:74,41
DA:75,1
DA:77,40
DA:78,40
DA:79,40
DA:80,40
DA:81,39
DA:82,0
DA:83,0
DA:84,0
DA:85,0
DA:87,39
DA:88,39
DA:89,39
DA:92,13
DA:93,2
DA:96,11
DA:100,8
DA:101,8
DA:102,8
DA:103,8
DA:105,8
DA:106,6
DA:109,8
DA:110,8
DA:112,8
DA:117,24
DA:118,8
DA:119,1
DA:120,7
DA:121,1
DA:125,8
DA:129,11
DA:133,31
DA:139,6
DA:140,6
DA:141,10
DA:142,6
DA:143,14
DA:144,6
DA:148,9
DA:149,9
DA:150,0
DA:151,0
DA:153,0
DA:155,0
DA:158,9
DA:163,6
DA:164,2
DA:165,6
DA:166,6
DA:167,9
DA:168,13
DA:169,6
DA:171,6
DA:172,2
DA:173,6
DA:174,2
DA:176,2
DA:177,2
DA:179,2
DA:181,2
DA:182,0
DA:183,0
DA:184,0
DA:188,6
DA:192,5
DA:193,5
DA:194,5
DA:196,5
DA:198,5
DA:199,5
DA:200,0
DA:201,0
DA:202,0
DA:205,5
DA:206,5
DA:207,5
DA:209,5
DA:228,3
DA:229,3
DA:230,3
DA:231,3
DA:235,3
DA:236,1
DA:238,3
DA:239,3
DA:240,2
DA:242,3
DA:243,3
DA:244,3
DA:245,3
DA:246,3
DA:251,2
DA:252,2
DA:253,2
DA:261,7
DA:262,7
DA:263,6
DA:265,6
DA:266,18
DA:267,18
DA:268,18
DA:269,14
DA:270,14
DA:271,14
DA:272,14
DA:273,4
DA:274,4
DA:276,10
DA:277,10
DA:278,1
DA:280,10
DA:281,1
DA:286,6
DA:290,2
DA:291,2
DA:292,1
DA:295,1
DA:296,1
DA:298,1
DA:299,1
DA:300,1
DA:302,1
DA:309,10
DA:310,10
DA:314,10
DA:315,15
DA:316,6
DA:319,4
DA:326,7
DA:327,1
DA:329,6
DA:330,6
DA:331,5
DA:332,3
DA:334,2
DA:336,1
DA:344,6
DA:345,6
DA:348,6
DA:349,6
DA:353,7
DA:354,6
DA:355,1
DA:356,1
DA:360,5
DA:361,5
DA:362,2
DA:363,2
DA:367,3
DA:368,3
DA:369,1
DA:370,1
DA:373,2
DA:380,10
DA:381,10
DA:385,45
DA:386,10
DA:389,10
DA:396,8
LF:200
LH:177
BRDA:7,0,0,28
BRDA:7,0,1,12
BRDA:11,1,0,30
BRDA:11,1,1,48
BRDA:16,2,0,28
BRDA:16,2,1,20
BRDA:17,3,0,28
BRDA:17,3,1,22
BRDA:18,4,0,28
BRDA:18,4,1,22
BRDA:19,5,0,28
BRDA:19,5,1,26
BRDA:24,6,0,39
BRDA:24,6,1,0
BRDA:30,7,0,2
BRDA:30,7,1,31
BRDA:43,8,0,0
BRDA:43,8,1,0
BRDA:45,9,0,0
BRDA:45,9,1,0
BRDA:45,10,0,0
BRDA:45,10,1,0
BRDA:55,11,0,49
BRDA:55,11,1,1
BRDA:66,12,0,41
BRDA:66,12,1,17
BRDA:67,13,0,0
BRDA:67,13,1,41
BRDA:71,14,0,0
BRDA:71,14,1,41
BRDA:74,15,0,1
BRDA:74,15,1,40
BRDA:77,16,0,40
BRDA:77,16,1,0
BRDA:78,17,0,0
BRDA:78,17,1,40
BRDA:81,18,0,0
BRDA:81,18,1,39
BRDA:84,19,0,0
BRDA:84,19,1,0
BRDA:92,20,0,2
BRDA:92,20,1,11
BRDA:105,21,0,6
BRDA:105,21,1,2
BRDA:105,22,0,8
BRDA:105,22,1,4
BRDA:105,22,2,2
BRDA:109,23,0,8
BRDA:109,23,1,0
BRDA:110,24,0,8
BRDA:110,24,1,0
BRDA:117,25,0,16
BRDA:117,25,1,8
BRDA:118,26,0,1
BRDA:118,26,1,7
BRDA:120,27,0,1
BRDA:120,27,1,6
BRDA:120,28,0,7
BRDA:120,28,1,7
BRDA:129,29,0,11
BRDA:129,29,1,2
BRDA:133,30,0,31
BRDA:133,30,1,0
BRDA:139,31,0,6
BRDA:139,31,1,1
BRDA:140,32,0,6
BRDA:140,32,1,1
BRDA:142,33,0,6
BRDA:142,33,1,1
BRDA:150,34,0,0
BRDA:150,34,1,0
BRDA:150,35,0,0
BRDA:150,35,1,0
BRDA:162,36,0,4
BRDA:163,37,0,2
BRDA:163,37,1,4
BRDA:174,38,0,0
BRDA:174,38,1,2
BRDA:179,39,0,1
BRDA:179,39,1,1
BRDA:181,40,0,2
BRDA:181,40,1,0
BRDA:182,41,0,0
BRDA:182,41,1,0
BRDA:184,42,0,0
BRDA:184,42,1,0
BRDA:199,43,0,0
BRDA:199,43,1,5
BRDA:202,44,0,0
BRDA:202,44,1,0
BRDA:202,45,0,0
BRDA:202,45,1,0
BRDA:213,46,0,5
BRDA:213,46,1,4
BRDA:214,47,0,5
BRDA:214,47,1,3
BRDA:215,48,0,5
BRDA:215,48,1,4
BRDA:215,49,0,5
BRDA:215,49,1,3
BRDA:228,50,0,3
BRDA:228,50,1,0
BRDA:235,51,0,1
BRDA:235,51,1,2
BRDA:242,52,0,3
BRDA:242,52,1,0
BRDA:243,53,0,3
BRDA:243,53,1,0
BRDA:244,54,0,3
BRDA:244,54,1,0
BRDA:245,55,0,3
BRDA:245,55,1,1
BRDA:246,56,0,3
BRDA:246,56,1,2
BRDA:252,57,0,2
BRDA:252,57,1,0
BRDA:254,58,0,2
BRDA:254,58,1,0
BRDA:255,59,0,2
BRDA:255,59,1,0
BRDA:256,60,0,2
BRDA:256,60,1,0
BRDA:266,61,0,18
BRDA:266,61,1,4
BRDA:269,62,0,0
BRDA:269,62,1,14
BRDA:271,63,0,14
BRDA:271,63,1,0
BRDA:272,64,0,4
BRDA:272,64,1,10
BRDA:272,65,0,14
BRDA:272,65,1,14
BRDA:273,66,0,4
BRDA:273,66,1,0
BRDA:276,67,0,10
BRDA:276,67,1,0
BRDA:277,68,0,1
BRDA:277,68,1,9
BRDA:277,69,0,10
BRDA:277,69,1,10
BRDA:278,70,0,1
BRDA:278,70,1,0
BRDA:280,71,0,1
BRDA:280,71,1,9
BRDA:280,72,0,10
BRDA:280,72,1,1
BRDA:291,73,0,1
BRDA:291,73,1,1
BRDA:299,74,0,1
BRDA:299,74,1,0
BRDA:309,75,0,10
BRDA:309,75,1,0
BRDA:315,76,0,6
BRDA:315,76,1,9
BRDA:326,77,0,1
BRDA:326,77,1,6
BRDA:326,78,0,7
BRDA:326,78,1,7
BRDA:331,79,0,3
BRDA:331,79,1,2
BRDA:332,80,0,3
BRDA:332,80,1,2
BRDA:348,81,0,6
BRDA:348,81,1,0
BRDA:354,82,0,1
BRDA:354,82,1,5
BRDA:361,83,0,2
BRDA:361,83,1,3
BRDA:368,84,0,1
BRDA:368,84,1,2
BRDA:380,85,0,10
BRDA:380,85,1,0
BRDA:386,86,0,10
BRDA:386,86,1,9
BRDA:392,87,0,10
BRDA:392,87,1,9
BRF:176
BRH:127
end_of_record
TN:
SF:lib\governance.cjs
FN:47,getGrabbyDir
FN:51,getConfigPath
FN:55,ensureGrabbyDir
FN:63,initConfig
FN:72,mergeConfig
FN:84,(anonymous_5)
FN:93,loadConfig
FN:103,renderPromptBundle
FN:110,(anonymous_8)
FN:111,(anonymous_9)
FNF:10
FNH:10
FNDA:24,getGrabbyDir
FNDA:18,getConfigPath
FNDA:5,ensureGrabbyDir
FNDA:5,initConfig
FNDA:21,mergeConfig
FNDA:16,(anonymous_5)
FNDA:11,loadConfig
FNDA:2,renderPromptBundle
FNDA:8,(anonymous_8)
FNDA:6,(anonymous_9)
DA:1,6
DA:2,6
DA:4,6
DA:48,24
DA:52,18
DA:56,5
DA:57,5
DA:58,4
DA:60,5
DA:64,5
DA:65,5
DA:66,5
DA:67,4
DA:69,5
DA:73,21
DA:74,4
DA:77,17
DA:83,11
DA:84,11
DA:85,16
DA:87,11
DA:90,6
DA:94,11
DA:95,11
DA:96,6
DA:99,5
DA:100,5
DA:110,8
DA:111,6
DA:112,2
DA:114,2
DA:152,6
LF:32
LH:32
BRDA:57,0,0,4
BRDA:57,0,1,1
BRDA:66,1,0,4
BRDA:66,1,1,1
BRDA:73,2,0,4
BRDA:73,2,1,17
BRDA:73,3,0,21
BRDA:73,3,1,17
BRDA:74,4,0,4
BRDA:74,4,1,0
BRDA:77,5,0,11
BRDA:77,5,1,6
BRDA:78,6,0,17
BRDA:78,6,1,17
BRDA:78,6,2,11
BRDA:78,6,3,11
BRDA:90,7,0,6
BRDA:90,7,1,0
BRDA:95,8,0,6
BRDA:95,8,1,5
BRDA:107,9,0,0
BRDA:108,10,0,0
BRDA:133,11,0,1
BRDA:133,11,1,1
BRDA:138,12,0,2
BRDA:138,12,1,0
BRF:26
BRH:21
end_of_record
TN:
SF:lib\graphql.cjs
FN:9,readContracts
FN:13,(anonymous_1)
FN:14,(anonymous_2)
FN:23,executeGraphQL
FN:33,(anonymous_4)
FNF:5
FNH:5
FNDA:7,readContracts
FNDA:10,(anonymous_1)
FNDA:8,(anonymous_2)
FNDA:7,executeGraphQL
FNDA:4,(anonymous_4)
DA:6,2
DA:7,2
DA:10,7
DA:12,6
DA:13,10
DA:15,8
DA:16,8
DA:17,8
DA:18,8
DA:19,8
DA:24,7
DA:25,7
DA:27,7
DA:28,1
DA:31,6
DA:32,5
DA:33,5
DA:34,5
DA:37,1
DA:40,2
LF:20
LH:20
BRDA:10,0,0,1
BRDA:10,0,1,6
BRDA:16,1,0,8
BRDA:16,1,1,2
BRDA:17,2,0,8
BRDA:17,2,1,2
BRDA:18,3,0,8
BRDA:18,3,1,2
BRDA:23,4,0,0
BRDA:24,5,0,7
BRDA:24,5,1,0
BRDA:27,6,0,1
BRDA:27,6,1,6
BRDA:31,7,0,5
BRDA:31,7,1,1
BRDA:33,8,0,2
BRDA:33,8,1,3
BRDA:33,9,0,4
BRDA:33,9,1,3
BRF:19
BRH:17
end_of_record
TN:
SF:lib\id-utils.cjs
FN:7,normalizeWorkItemId
FN:15,parseWorkItemId
FN:24,isValidWorkItemId
FN:28,stripContractSuffix
FN:35,extractIdFromContent
FN:40,extractIdFromFilename
FN:45,extractContractId
FN:55,ensureIdMatchesFilename
FN:71,slugifyTitle
FNF:9
FNH:8
FNDA:99,normalizeWorkItemId
FNDA:87,parseWorkItemId
FNDA:0,isValidWorkItemId
FNDA:21,stripContractSuffix
FNDA:56,extractIdFromContent
FNDA:21,extractIdFromFilename
FNDA:56,extractContractId
FNDA:20,ensureIdMatchesFilename
FNDA:4,slugifyTitle
DA:1,12
DA:2,12
DA:4,12
DA:5,12
DA:8,99
DA:9,99
DA:10,95
DA:11,95
DA:12,78
DA:16,87
DA:17,86
DA:18,86
DA:19,17
DA:20,17
DA:21,0
DA:25,0
DA:29,21
DA:36,56
DA:37,56
DA:41,21
DA:42,21
DA:46,56
DA:47,56
DA:49,1
DA:50,1
DA:52,0
DA:56,20
DA:57,20
DA:58,20
DA:59,20
DA:61,20
DA:62,1
DA:68,19
DA:72,4
DA:82,12
LF:35
LH:32
BRDA:8,0,0,99
BRDA:8,0,1,4
BRDA:9,1,0,4
BRDA:9,1,1,95
BRDA:11,2,0,17
BRDA:11,2,1,78
BRDA:16,3,0,1
BRDA:16,3,1,86
BRDA:18,4,0,69
BRDA:18,4,1,17
BRDA:20,5,0,17
BRDA:20,5,1,0
BRDA:29,6,0,21
BRDA:29,6,1,0
BRDA:36,7,0,56
BRDA:36,7,1,0
BRDA:37,8,0,55
BRDA:37,8,1,1
BRDA:41,9,0,21
BRDA:41,9,1,0
BRDA:45,10,0,1
BRDA:47,11,0,55
BRDA:47,11,1,1
BRDA:50,12,0,1
BRDA:50,12,1,0
BRDA:61,13,0,1
BRDA:61,13,1,19
BRDA:61,14,0,20
BRDA:61,14,1,5
BRDA:72,15,0,4
BRDA:72,15,1,0
BRF:31
BRH:25
end_of_record
TN:
SF:lib\ignore.cjs
FN:13,getGrabbyIgnorePath
FN:17,initGrabbyIgnore
FN:25,loadGrabbyIgnore
FN:33,(anonymous_3)
FN:34,(anonymous_4)
FN:37,escapeRegex
FN:41,globToRegExp
FN:69,isIgnoredByGrabby
FN:75,(anonymous_8)
FNF:9
FNH:9
FNDA:20,getGrabbyIgnorePath
FNDA:4,initGrabbyIgnore
FNDA:15,loadGrabbyIgnore
FNDA:48,(anonymous_3)
FNDA:48,(anonymous_4)
FNDA:466,escapeRegex
FNDA:30,globToRegExp
FNDA:14,isIgnoredByGrabby
FNDA:29,(anonymous_8)
DA:1,7
[...]
DA:187,3
DA:189,3
DA:190,8
DA:191,8
DA:192,8
DA:193,8
DA:194,6
DA:196,2
DA:197,2
DA:200,2
DA:201,2
DA:202,2
DA:209,6
DA:210,6
DA:211,6
DA:212,6
DA:214,6
DA:215,8
DA:216,2
DA:217,2
DA:218,2
DA:219,2
DA:220,6
DA:221,6
DA:222,3
DA:223,3
DA:224,6
DA:226,2
DA:229,6
DA:230,5
DA:232,7
DA:233,7
DA:234,7
DA:235,7
DA:237,2
DA:238,3
DA:239,3
DA:240,1
DA:241,2
DA:245,4
DA:252,4
LF:122
LH:122
BRDA:17,0,0,4
BRDA:17,0,1,0
BRDA:18,1,0,4
BRDA:18,1,1,0
BRDA:19,2,0,4
BRDA:19,2,1,0
BRDA:20,3,0,4
BRDA:20,3,1,0
BRDA:37,4,0,1
BRDA:38,5,0,23
BRDA:38,5,1,0
BRDA:38,6,0,23
BRDA:38,6,1,23
BRDA:39,7,0,23
BRDA:39,7,1,11
BRDA:45,8,0,23
BRDA:45,8,1,13
BRDA:48,9,0,18
BRDA:48,9,1,12
BRDA:49,10,0,18
BRDA:49,10,1,18
BRDA:50,11,0,18
BRDA:50,11,1,18
BRDA:55,12,0,0
BRDA:55,12,1,9
BRDA:63,13,0,9
BRDA:63,13,1,12
BRDA:73,14,0,0
BRDA:73,14,1,22
BRDA:76,15,0,9
BRDA:76,15,1,13
BRDA:87,16,0,13
BRDA:87,16,1,0
BRDA:92,17,0,4
BRDA:92,17,1,0
BRDA:97,18,0,1
BRDA:97,18,1,0
BRDA:102,19,0,1
BRDA:102,19,1,0
BRDA:116,20,0,1
BRDA:117,21,0,6
BRDA:117,21,1,2
BRDA:126,22,0,6
BRDA:126,22,1,6
BRDA:129,23,0,0
BRDA:129,24,0,1
BRDA:130,25,0,1
BRDA:131,26,0,0
BRDA:131,27,0,0
BRDA:140,28,0,2
BRDA:142,29,0,2
BRDA:142,29,1,2
BRDA:147,30,0,2
BRDA:147,30,1,2
BRDA:151,31,0,0
BRDA:151,32,0,0
BRDA:157,33,0,0
BRDA:157,34,0,1
BRDA:157,34,1,0
BRDA:158,35,0,0
BRDA:158,36,0,0
BRDA:158,37,0,1
BRDA:158,37,1,0
BRDA:159,38,0,1
BRDA:159,38,1,0
BRDA:168,39,0,0
BRDA:173,40,0,2
BRDA:173,40,1,2
BRDA:176,41,0,1
BRDA:176,41,1,1
BRDA:184,42,0,2
BRDA:185,43,0,3
BRDA:185,43,1,3
BRDA:197,44,0,1
BRDA:197,44,1,1
BRDA:208,45,0,0
BRDA:215,46,0,6
BRDA:215,46,1,2
BRDA:221,47,0,3
BRDA:221,47,1,3
BRDA:222,48,0,0
BRDA:222,48,1,3
BRDA:223,49,0,1
BRDA:223,49,1,2
BRDA:232,50,0,7
BRDA:232,50,1,0
BRDA:232,51,0,7
BRDA:232,51,1,3
BRDA:235,52,0,7
BRDA:235,52,1,0
BRDA:237,53,0,2
BRDA:237,53,1,0
BRDA:237,54,0,2
BRDA:237,54,1,0
BRDA:238,55,0,3
BRDA:238,55,1,0
BRDA:238,56,0,3
BRDA:238,56,1,3
BRF:98
BRH:68
end_of_record
TN:
SF:lib\ruleset-builder.cjs
FN:10,isLikelyTextFile
FN:14,resolveInputFiles
FN:34,summarizeFiles
FN:47,parseRulesetTitle
FN:52,createPrompt
FN:56,askQuestion
FN:57,(anonymous_6)
FN:60,interactiveCreateRuleset
FN:77,(anonymous_8)
FN:87,(anonymous_9)
FNF:10
FNH:10
FNDA:12,isLikelyTextFile
FNDA:6,resolveInputFiles
FNDA:6,summarizeFiles
FNDA:3,parseRulesetTitle
FNDA:1,createPrompt
FNDA:3,askQuestion
FNDA:3,(anonymous_6)
FNDA:3,interactiveCreateRuleset
FNDA:4,(anonymous_8)
FNDA:3,(anonymous_9)
DA:1,1
DA:2,1
DA:3,1
DA:4,1
DA:6,1
DA:11,12
DA:15,6
DA:16,6
DA:17,8
DA:18,8
DA:19,8
DA:20,8
DA:21,3
DA:22,7
DA:23,7
DA:24,4
DA:27,5
DA:28,5
DA:31,6
DA:35,6
DA:36,6
DA:37,8
DA:38,8
DA:39,8
DA:40,8
DA:41,8
DA:42,7
DA:44,6
DA:48,3
DA:49,3
DA:53,1
DA:57,3
DA:61,3
DA:62,3
DA:63,3
DA:65,3
DA:70,3
DA:71,3
DA:72,3
DA:74,3
DA:75,3
DA:76,3
DA:77,4
DA:78,3
DA:80,3
DA:83,3
DA:84,1
DA:85,1
DA:87,3
DA:88,2
DA:91,3
DA:92,1
DA:95,3
DA:96,3
DA:97,3
DA:98,3
DA:100,3
DA:101,3
DA:102,3
DA:104,3
DA:106,3
DA:110,1
LF:62
LH:62
BRDA:14,0,0,0
BRDA:18,1,0,0
BRDA:18,1,1,8
BRDA:20,2,0,3
BRDA:20,2,1,5
BRDA:23,3,0,4
BRDA:23,3,1,3
BRDA:23,4,0,7
BRDA:23,4,1,7
BRDA:27,5,0,5
BRDA:27,5,1,0
BRDA:27,6,0,5
BRDA:27,6,1,5
BRDA:34,7,0,4
BRDA:39,8,0,2
BRDA:39,8,1,6
BRDA:41,9,0,1
BRDA:41,9,1,7
BRDA:48,10,0,3
BRDA:48,10,1,0
BRDA:49,11,0,2
BRDA:49,11,1,1
BRDA:53,12,0,1
BRDA:53,12,1,0
BRDA:60,13,0,0
BRDA:60,14,0,0
BRDA:61,15,0,3
BRDA:61,15,1,0
BRDA:62,16,0,3
BRDA:62,16,1,3
BRDA:63,17,0,3
BRDA:63,17,1,3
BRDA:66,18,0,3
BRDA:66,18,1,3
BRDA:67,19,0,3
BRDA:67,19,1,3
BRDA:74,20,0,3
BRDA:74,20,1,1
BRDA:75,21,0,3
BRDA:75,21,1,1
BRDA:76,22,0,3
BRDA:76,22,1,1
BRDA:83,23,0,1
BRDA:83,23,1,2
BRDA:84,24,0,1
BRDA:84,24,1,0
BRDA:87,25,0,2
BRDA:87,25,1,0
BRDA:88,26,0,2
BRDA:88,26,1,0
BRDA:91,27,0,1
BRDA:91,27,1,2
BRDA:96,28,0,3
BRDA:96,28,1,0
BRDA:101,29,0,3
BRDA:101,29,1,0
BRF:56
BRH:43
end_of_record
TN:
SF:lib\smart-prompts.cjs
FN:12,detectProjectType
FN:39,getProjectDirs
FN:41,(anonymous_2)
FN:47,loadExistingContracts
FN:51,(anonymous_4)
FN:52,(anonymous_5)
FN:67,generateSmartPrompts
FN:155,(anonymous_7)
FN:169,getInterviewQuestions
FN:214,suggestFieldValues
FN:220,(anonymous_10)
FNF:11
FNH:10
FNDA:7,detectProjectType
FNDA:7,getProjectDirs
FNDA:119,(anonymous_2)
FNDA:5,loadExistingContracts
FNDA:2,(anonymous_4)
FNDA:2,(anonymous_5)
FNDA:4,generateSmartPrompts
FNDA:1,(anonymous_7)
FNDA:1,getInterviewQuestions
FNDA:1,suggestFieldValues
FNDA:0,(anonymous_10)
DA:6,7
DA:7,7
DA:13,7
DA:23,7
DA:24,7
DA:25,49
DA:26,126
DA:27,9
DA:28,9
DA:33,7
DA:40,7
DA:41,119
DA:48,5
DA:50,5
DA:51,2
DA:53,2
DA:54,2
DA:55,2
DA:56,2
DA:68,4
DA:69,4
DA:70,4
DA:71,4
DA:73,4
DA:83,4
DA:84,0
DA:89,4
DA:90,1
DA:95,3
DA:96,0
DA:104,4
DA:105,1
DA:106,1
DA:107,1
DA:109,1
DA:110,1
DA:115,4
DA:116,0
DA:117,0
DA:119,4
DA:120,1
DA:121,1
DA:122,0
DA:127,4
DA:128,1
DA:129,1
DA:133,4
DA:134,3
DA:135,3
DA:136,3
DA:138,4
DA:139,0
DA:140,0
DA:144,4
DA:145,1
DA:146,1
DA:148,4
DA:149,1
DA:153,4
DA:154,1
DA:155,1
DA:158,4
DA:170,1
DA:208,1
DA:215,1
DA:216,1
DA:218,1
DA:220,0
DA:221,0
DA:222,0
DA:225,1
DA:226,1
DA:229,0
DA:230,0
DA:233,0
DA:234,0
DA:237,1
DA:240,7
LF:78
LH:64
BRDA:26,0,0,9
BRDA:26,0,1,117
BRDA:48,1,0,0
BRDA:48,1,1,5
BRDA:58,2,0,2
BRDA:58,2,1,0
BRDA:59,3,0,2
BRDA:59,3,1,0
BRDA:67,4,0,0
BRDA:83,5,0,0
BRDA:83,5,1,4
BRDA:83,6,0,4
BRDA:83,6,1,4
BRDA:89,7,0,1
BRDA:89,7,1,3
BRDA:89,8,0,4
BRDA:89,8,1,3
BRDA:95,9,0,0
BRDA:95,9,1,3
BRDA:104,10,0,1
BRDA:104,10,1,3
BRDA:106,11,0,1
BRDA:106,11,1,0
BRDA:109,12,0,1
BRDA:109,12,1,0
BRDA:109,13,0,1
BRDA:109,13,1,0
BRDA:115,14,0,0
BRDA:115,14,1,4
BRDA:119,15,0,1
BRDA:119,15,1,3
BRDA:121,16,0,0
BRDA:121,16,1,1
BRDA:127,17,0,1
BRDA:127,17,1,3
BRDA:127,18,0,4
BRDA:127,18,1,3
BRDA:133,19,0,3
BRDA:133,19,1,1
BRDA:133,20,0,4
BRDA:133,20,1,3
BRDA:133,20,2,1
BRDA:138,21,0,0
BRDA:138,21,1,4
BRDA:138,22,0,4
BRDA:138,22,1,4
BRDA:144,23,0,1
BRDA:144,23,1,3
BRDA:144,24,0,4
BRDA:144,24,1,3
BRDA:148,25,0,1
BRDA:148,25,1,3
BRDA:153,26,0,1
BRDA:153,26,1,3
BRDA:169,27,0,1
BRDA:208,28,0,1
BRDA:208,28,1,0
BRDA:214,29,0,1
BRDA:215,30,0,1
BRDA:215,31,0,1
BRDA:215,32,0,1
BRDA:218,33,0,0
BRDA:218,33,1,1
BRDA:218,33,2,0
BRDA:218,33,3,0
BRDA:221,34,0,0
BRDA:221,34,1,0
BRF:67
BRH:49
end_of_record
TN:
SF:lib\task-artifacts.cjs
FN:5,getTaskDefaults
FN:68,normalizeList
FN:69,(anonymous_2)
FN:73,normalizeDoneWhen
FN:80,(anonymous_4)
FN:83,(anonymous_5)
FN:86,(anonymous_6)
FN:93,buildTaskContract
FN:106,(anonymous_8)
FN:107,(anonymous_9)
FN:108,(anonymous_10)
FN:109,(anonymous_11)
FN:132,(anonymous_12)
FN:167,buildExecutionBrief
FN:168,(anonymous_14)
FN:169,(anonymous_15)
FN:171,(anonymous_16)
FN:200,buildAuditChecklist
FN:202,(anonymous_18)
FN:222,getExecutionBriefPath
FN:226,getAuditChecklistPath
FN:230,getSessionPath
FN:234,buildSessionSummary
FN:273,validateSessionSummary
FN:309,(anonymous_24)
FNF:25
FNH:25
FNDA:3,getTaskDefaults
FNDA:12,normalizeList
FNDA:22,(anonymous_2)
FNDA:6,normalizeDoneWhen
FNDA:12,(anonymous_4)
FNDA:12,(anonymous_5)
FNDA:20,(anonymous_6)
FNDA:3,buildTaskContract
FNDA:5,(anonymous_8)
FNDA:3,(anonymous_9)
FNDA:6,(anonymous_10)
FNDA:12,(anonymous_11)
FNDA:6,(anonymous_12)
FNDA:2,buildExecutionBrief
FNDA:2,(anonymous_14)
FNDA:2,(anonymous_15)
FNDA:1,(anonymous_16)
FNDA:2,buildAuditChecklist
FNDA:6,(anonymous_18)
FNDA:2,getExecutionBriefPath
FNDA:2,getAuditChecklistPath
FNDA:4,getSessionPath
FNDA:4,buildSessionSummary
FNDA:12,validateSessionSummary
FNDA:24,(anonymous_24)
DA:1,6
DA:2,6
DA:3,6
DA:6,3
DA:8,3
DA:10,1
DA:19,1
DA:30,0
DA:39,0
DA:48,0
DA:57,1
DA:69,22
DA:70,12
DA:74,6
DA:80,12
DA:81,4
DA:83,12
DA:84,2
DA:86,20
DA:87,4
DA:90,6
DA:106,5
DA:107,3
DA:108,6
DA:109,12
DA:110,3
DA:114,3
DA:132,6
DA:168,2
DA:169,2
DA:170,2
DA:171,1
DA:174,2
DA:201,2
DA:202,6
DA:204,2
DA:223,2
DA:227,2
DA:231,4
DA:246,4
DA:266,4
DA:267,4
DA:268,0
DA:270,4
DA:274,12
DA:276,12
DA:277,0
DA:280,12
DA:281,0
DA:284,12
DA:285,3
DA:288,12
DA:289,3
DA:292,12
DA:293,0
DA:295,12
DA:296,3
DA:298,12
DA:299,3
DA:301,12
DA:302,3
DA:306,12
DA:307,0
DA:309,12
DA:310,24
DA:311,6
DA:316,12
DA:317,3
DA:320,12
DA:326,6
LF:70
LH:62
BRDA:6,0,0,3
BRDA:6,0,1,0
BRDA:8,1,0,1
BRDA:8,1,1,1
BRDA:8,1,2,0
BRDA:8,1,3,0
BRDA:8,1,4,0
BRDA:8,1,5,1
BRDA:69,2,0,12
BRDA:69,2,1,0
BRDA:70,3,0,12
BRDA:70,3,1,0
BRDA:80,4,0,4
BRDA:80,4,1,2
BRDA:83,5,0,2
BRDA:83,5,1,4
BRDA:86,6,0,4
BRDA:86,6,1,2
BRDA:110,7,0,0
BRDA:110,7,1,3
BRDA:110,8,0,3
BRDA:110,8,1,3
BRDA:110,8,2,3
BRDA:118,9,0,2
BRDA:118,9,1,1
BRDA:118,10,0,3
BRDA:118,10,1,1
BRDA:119,11,0,3
BRDA:119,11,1,1
BRDA:120,12,0,3
BRDA:120,12,1,1
BRDA:168,13,0,2
BRDA:168,13,1,0
BRDA:169,14,0,2
BRDA:169,14,1,1
BRDA:170,15,0,2
BRDA:170,15,1,0
BRDA:170,16,0,2
BRDA:170,16,1,0
BRDA:181,17,0,2
BRDA:181,17,1,1
BRDA:184,18,0,2
BRDA:184,18,1,0
BRDA:187,19,0,2
BRDA:187,19,1,1
BRDA:201,20,0,2
BRDA:201,20,1,0
BRDA:202,21,0,2
BRDA:202,21,1,0
BRDA:211,22,0,2
BRDA:211,22,1,0
BRDA:230,23,0,0
BRDA:239,24,0,1
BRDA:240,25,0,1
BRDA:241,26,0,1
BRDA:242,27,0,1
BRDA:243,28,0,0
BRDA:244,29,0,0
BRDA:254,30,0,4
BRDA:254,30,1,0
BRDA:267,31,0,0
BRDA:267,31,1,4
BRDA:276,32,0,0
BRDA:276,32,1,12
BRDA:276,33,0,12
BRDA:276,33,1,12
BRDA:280,34,0,0
BRDA:280,34,1,12
BRDA:284,35,0,3
BRDA:284,35,1,9
BRDA:288,36,0,3
BRDA:288,36,1,9
BRDA:288,37,0,12
BRDA:288,37,1,9
BRDA:292,38,0,0
BRDA:292,38,1,12
BRDA:292,39,0,12
BRDA:292,39,1,12
BRDA:295,40,0,3
BRDA:295,40,1,9
BRDA:298,41,0,3
BRDA:298,41,1,9
BRDA:301,42,0,3
BRDA:301,42,1,9
BRDA:306,43,0,0
BRDA:306,43,1,12
BRDA:306,44,0,12
BRDA:306,44,1,12
BRDA:310,45,0,6
BRDA:310,45,1,18
BRDA:310,46,0,24
BRDA:310,46,1,18
BRDA:316,47,0,3
BRDA:316,47,1,9
BRDA:316,48,0,12
BRDA:316,48,1,12
BRF:96
BRH:73
end_of_record
TN:
SF:lib\task-brief.cjs
FN:4,getTaskBriefPath
FN:8,buildTaskBrief
FN:19,(anonymous_2)
FN:32,(anonymous_3)
FNF:4
FNH:4
FNDA:14,getTaskBriefPath
FNDA:21,buildTaskBrief
FNDA:41,(anonymous_2)
FNDA:4,(anonymous_3)
DA:1,5
DA:2,5
DA:5,14
DA:18,21
DA:19,41
DA:22,21
DA:32,4
DA:57,5
LF:8
LH:8
BRDA:18,0,0,13
BRDA:18,0,1,8
BRDA:28,1,0,2
BRDA:28,1,1,19
BRDA:28,2,0,21
BRDA:28,2,1,19
BRDA:29,3,0,21
BRDA:29,3,1,19
BRDA:30,4,0,21
BRDA:30,4,1,19
BRDA:32,5,0,21
BRDA:32,5,1,19
BRDA:32,6,0,21
BRDA:32,6,1,19
BRF:14
BRH:14
end_of_record
TN:
SF:lib\ticket-intake.cjs
FN:5,normalizeWhitespace
FN:12,normalizeDodList
FN:15,(anonymous_2)
FN:24,(anonymous_3)
FN:29,(anonymous_4)
FN:33,inferDraftTicket
FN:54,extractField
FN:65,extractDodSection
FN:66,(anonymous_8)
FN:102,parseStructuredTicket
FN:120,parseLegacyTicket
FN:144,parseTicketInput
FN:176,getMissingTicketFields
FN:185,(anonymous_13)
FN:199,isCompleteTicket
FN:203,mergeTicketInput
FN:216,getWizardQuestions
FN:271,applyWizardAnswer
FN:281,validateTicket
FN:313,buildTicketMarkdown
FN:315,(anonymous_20)
FNF:21
FNH:17
FNDA:149,normalizeWhitespace
FNDA:34,normalizeDodList
FNDA:38,(anonymous_2)
FNDA:0,(anonymous_3)
FNDA:0,(anonymous_4)
FNDA:8,inferDraftTicket
FNDA:24,extractField
FNDA:6,extractDodSection
FNDA:12,(anonymous_8)
FNDA:5,parseStructuredTicket
FNDA:1,parseLegacyTicket
FNDA:6,parseTicketInput
FNDA:13,getMissingTicketFields
FNDA:52,(anonymous_13)
FNDA:0,isCompleteTicket
FNDA:13,mergeTicketInput
FNDA:4,getWizardQuestions
FNDA:0,applyWizardAnswer
FNDA:3,validateTicket
FNDA:3,buildTicketMarkdown
FNDA:6,(anonymous_20)
DA:1,3
DA:3,3
DA:6,149
DA:13,34
DA:14,34
DA:15,38
DA:19,0
DA:20,0
DA:22,0
DA:23,0
DA:24,0
DA:27,0
DA:29,0
DA:34,8
DA:35,8
DA:36,1
DA:45,7
DA:55,24
DA:56,24
DA:57,39
DA:58,39
DA:59,7
DA:62,17
DA:66,12
DA:67,6
DA:68,6
DA:70,6
DA:71,15
DA:72,15
DA:73,2
DA:74,2
DA:75,2
DA:79,6
DA:80,4
DA:83,2
DA:84,2
DA:85,0
DA:88,2
DA:89,3
DA:90,3
DA:91,0
DA:93,3
DA:94,0
DA:96,3
DA:99,2
DA:103,5
DA:104,5
DA:105,5
DA:106,5
DA:107,5
DA:108,5
DA:110,5
DA:111,5
DA:113,5
DA:121,1
DA:122,1
DA:123,1
DA:124,1
DA:125,1
DA:126,1
DA:128,1
DA:129,0
DA:132,1
DA:133,1
DA:135,1
DA:145,6
DA:146,6
DA:147,0
DA:155,6
DA:156,1
DA:157,1
DA:158,1
DA:162,5
DA:163,5
DA:164,1
DA:167,4
DA:168,4
DA:177,13
DA:178,13
DA:185,13
DA:186,52
DA:187,13
DA:189,39
DA:192,13
DA:193,1
DA:196,13
DA:200,0
DA:204,13
DA:205,13
DA:206,13
DA:221,4
DA:222,4
DA:226,4
DA:228,4
DA:229,1
DA:236,4
DA:237,1
DA:244,4
DA:245,0
DA:252,4
DA:253,2
DA:260,4
DA:261,2
DA:268,4
DA:272,0
DA:273,0
DA:275,0
DA:276,0
DA:278,0
DA:282,3
DA:285,3
DA:286,3
DA:287,3
DA:289,3
DA:290,1
DA:293,3
DA:294,3
DA:295,1
DA:296,2
DA:297,0
DA:301,3
DA:302,3
DA:303,1
DA:306,3
DA:314,3
DA:315,6
DA:316,3
DA:318,3
DA:319,3
DA:321,3
DA:322,3
DA:323,3
DA:324,3
DA:325,3
DA:326,3
DA:328,3
DA:331,3
LF:137
LH:117
BRDA:6,0,0,149
BRDA:6,0,1,37
BRDA:13,1,0,34
BRDA:13,1,1,0
BRDA:15,2,0,38
BRDA:15,2,1,0
BRDA:19,3,0,0
BRDA:19,3,1,0
BRDA:20,4,0,0
BRDA:20,4,1,0
BRDA:23,5,0,0
BRDA:23,5,1,0
BRDA:23,6,0,0
BRDA:23,6,1,0
BRDA:33,7,0,0
BRDA:35,8,0,1
BRDA:35,8,1,7
BRDA:58,9,0,7
BRDA:58,9,1,32
BRDA:65,10,0,6
BRDA:72,11,0,2
BRDA:72,11,1,13
BRDA:79,12,0,4
BRDA:79,12,1,2
BRDA:84,13,0,0
BRDA:84,13,1,2
BRDA:90,14,0,0
BRDA:90,14,1,3
BRDA:93,15,0,0
BRDA:93,15,1,3
BRDA:103,16,0,5
BRDA:103,16,1,0
BRDA:107,17,0,5
BRDA:107,17,1,5
BRDA:121,18,0,1
BRDA:121,18,1,0
BRDA:122,19,0,1
BRDA:122,19,1,0
BRDA:128,20,0,0
BRDA:128,20,1,1
BRDA:128,21,0,1
BRDA:128,21,1,0
BRDA:128,21,2,0
BRDA:128,21,3,0
BRDA:128,21,4,0
BRDA:132,22,0,1
BRDA:132,22,1,0
BRDA:140,23,0,1
BRDA:140,23,1,0
BRDA:145,24,0,6
BRDA:145,24,1,0
BRDA:146,25,0,0
BRDA:146,25,1,6
BRDA:155,26,0,1
BRDA:155,26,1,5
BRDA:157,27,0,1
BRDA:157,27,1,0
BRDA:163,28,0,1
BRDA:163,28,1,4
BRDA:163,29,0,5
BRDA:163,29,1,4
BRDA:163,29,2,4
BRDA:163,29,3,4
BRDA:163,29,4,4
BRDA:186,30,0,13
BRDA:186,30,1,39
BRDA:192,31,0,1
BRDA:192,31,1,12
BRDA:192,32,0,13
BRDA:192,32,1,3
BRDA:203,33,0,0
BRDA:204,34,0,13
BRDA:204,34,1,4
BRDA:204,34,2,4
BRDA:207,35,0,13
BRDA:207,35,1,4
BRDA:207,36,0,0
BRDA:207,36,1,4
BRDA:208,37,0,13
BRDA:208,37,1,3
BRDA:208,37,2,3
BRDA:209,38,0,13
BRDA:209,38,1,1
BRDA:209,38,2,0
BRDA:210,39,0,13
BRDA:210,39,1,4
BRDA:210,39,2,4
BRDA:211,40,0,12
BRDA:211,40,1,1
BRDA:212,41,0,12
BRDA:212,41,1,1
BRDA:216,42,0,1
BRDA:218,43,0,1
BRDA:219,44,0,1
BRDA:220,45,0,1
BRDA:228,46,0,1
BRDA:228,46,1,3
BRDA:228,47,0,4
BRDA:228,47,1,3
BRDA:236,48,0,1
BRDA:236,48,1,3
BRDA:244,49,0,0
BRDA:244,49,1,4
BRDA:248,50,0,0
BRDA:248,50,1,0
BRDA:252,51,0,2
BRDA:252,51,1,2
BRDA:260,52,0,2
BRDA:260,52,1,2
BRDA:272,53,0,0
BRDA:272,53,1,0
BRDA:275,54,0,0
BRDA:275,54,1,0
BRDA:281,55,0,0
BRDA:282,56,0,3
BRDA:282,56,1,0
BRDA:289,57,0,1
BRDA:289,57,1,2
BRDA:293,58,0,3
BRDA:293,58,1,0
BRDA:294,59,0,1
BRDA:294,59,1,2
BRDA:296,60,0,0
BRDA:296,60,1,2
BRDA:302,61,0,1
BRDA:302,61,1,2
BRDA:318,62,0,3
BRDA:318,62,1,0
BRF:128
BRH:86
end_of_record
TN:
SF:lib\tui.cjs
FN:42,drawBox
FN:72,createMenu
FN:76,(anonymous_2)
FN:77,(anonymous_3)
FN:83,(anonymous_4)
FN:93,(anonymous_5)
FN:107,(anonymous_6)
FN:124,(anonymous_7)
FN:132,(anonymous_8)
FN:144,(anonymous_9)
FN:157,createTUI
FN:160,(anonymous_11)
FN:173,(anonymous_12)
FN:176,(anonymous_13)
FN:185,(anonymous_14)
FN:223,(anonymous_15)
FN:232,(anonymous_16)
FN:237,(anonymous_17)
FN:249,(anonymous_18)
FN:260,(anonymous_19)
FN:263,(anonymous_20)
FN:280,(anonymous_21)
FN:288,(anonymous_22)
FN:295,(anonymous_23)
FN:306,(anonymous_24)
FN:316,(anonymous_25)
FN:321,(anonymous_26)
FNF:27
FNH:24
FNDA:1,drawBox
FNDA:29,createMenu
FNDA:0,(anonymous_2)
FNDA:0,(anonymous_3)
FNDA:68,(anonymous_4)
FNDA:506,(anonymous_5)
FNDA:57,(anonymous_6)
FNDA:17,(anonymous_7)
FNDA:28,(anonymous_8)
FNDA:57,(anonymous_9)
FNDA:13,createTUI
FNDA:24,(anonymous_11)
FNDA:13,(anonymous_12)
FNDA:0,(anonymous_13)
FNDA:13,(anonymous_14)
FNDA:3,(anonymous_15)
FNDA:1,(anonymous_16)
FNDA:1,(anonymous_17)
FNDA:3,(anonymous_18)
FNDA:2,(anonymous_19)
FNDA:2,(anonymous_20)
FNDA:1,(anonymous_21)
FNDA:1,(anonymous_22)
FNDA:2,(anonymous_23)
FNDA:1,(anonymous_24)
FNDA:11,(anonymous_25)
FNDA:11,(anonymous_26)
DA:6,1
DA:7,1
DA:8,1
DA:11,1
DA:12,1
DA:13,1
DA:14,1
DA:15,1
DA:16,1
DA:17,1
DA:18,1
DA:19,1
DA:20,1
DA:21,1
DA:22,1
DA:23,1
DA:28,1
DA:43,1
DA:44,1
DA:47,1
DA:48,1
DA:53,1
DA:56,1
DA:57,1
DA:58,1
DA:59,1
DA:60,1
DA:64,1
DA:66,1
DA:78,29
DA:80,29
DA:81,29
DA:83,29
DA:84,68
DA:87,68
DA:88,68
DA:89,68
DA:90,68
DA:93,68
DA:94,506
DA:95,506
DA:96,506
DA:97,506
DA:98,506
DA:100,506
DA:103,68
DA:104,68
DA:107,29
DA:108,57
DA:109,1
DA:110,1
DA:111,56
DA:112,39
DA:113,39
DA:114,17
DA:115,15
DA:116,15
DA:117,15
DA:118,2
DA:119,2
DA:120,2
DA:124,29
DA:125,17
DA:126,17
DA:127,17
DA:129,17
DA:132,29
DA:133,28
DA:135,28
DA:141,28
DA:142,28
DA:144,28
DA:145,57
DA:148,28
DA:151,29
DA:158,13
DA:160,13
DA:161,24
DA:174,13
DA:177,0
DA:178,0
DA:182,24
DA:185,13
DA:186,13
DA:188,13
DA:190,3
DA:191,3
DA:193,1
DA:194,1
DA:195,1
DA:196,1
DA:198,3
DA:199,3
DA:201,1
DA:202,1
DA:204,1
DA:205,1
DA:206,1
DA:207,1
DA:209,1
DA:210,1
DA:212,2
DA:213,2
DA:215,1
DA:216,1
DA:217,0
DA:219,0
DA:223,13
DA:224,3
DA:226,3
DA:227,1
DA:228,1
DA:229,1
DA:232,2
DA:234,2
DA:235,1
DA:237,1
DA:238,1
DA:239,1
DA:240,1
DA:241,1
DA:245,2
DA:246,2
DA:249,13
DA:250,3
DA:252,3
DA:254,3
DA:255,1
DA:256,1
DA:257,1
DA:260,2
DA:261,2
DA:263,2
DA:264,2
DA:265,2
DA:267,2
DA:268,1
DA:269,1
DA:271,1
DA:272,1
DA:276,2
DA:277,2
DA:280,13
DA:281,1
DA:282,1
DA:283,1
DA:284,1
DA:285,1
DA:288,13
DA:289,1
DA:290,1
DA:291,1
DA:292,1
DA:295,13
DA:296,2
DA:297,2
DA:298,2
DA:299,2
DA:301,2
DA:303,2
DA:304,1
DA:306,1
DA:307,1
DA:308,1
DA:312,2
DA:313,2
DA:316,13
DA:317,11
DA:319,11
DA:320,11
DA:321,11
DA:322,11
DA:323,11
DA:327,13
DA:330,1
LF:175
LH:171
BRDA:42,0,0,0
BRDA:47,1,0,1
BRDA:47,1,1,0
BRDA:72,2,0,0
BRDA:74,3,0,3
BRDA:75,4,0,0
BRDA:76,5,0,0
BRDA:77,6,0,0
BRDA:95,7,0,68
BRDA:95,7,1,438
BRDA:96,8,0,68
BRDA:96,8,1,438
BRDA:97,9,0,506
BRDA:97,9,1,0
BRDA:98,10,0,496
BRDA:98,10,1,10
BRDA:108,11,0,1
BRDA:108,11,1,56
BRDA:111,12,0,39
BRDA:111,12,1,17
BRDA:114,13,0,15
BRDA:114,13,1,2
BRDA:114,14,0,17
BRDA:114,14,1,2
BRDA:118,15,0,2
BRDA:118,15,1,0
BRDA:118,16,0,2
BRDA:118,16,1,1
BRDA:125,17,0,17
BRDA:125,17,1,0
BRDA:188,18,0,3
BRDA:188,18,1,1
BRDA:188,18,2,3
BRDA:188,18,3,1
BRDA:188,18,4,1
BRDA:188,18,5,1
BRDA:188,18,6,2
BRDA:188,18,7,1
BRDA:188,18,8,0
BRDA:226,19,0,1
BRDA:226,19,1,2
BRDA:234,20,0,1
BRDA:234,20,1,1
BRDA:239,21,0,1
BRDA:239,21,1,0
BRDA:240,22,0,1
BRDA:240,22,1,0
BRDA:254,23,0,1
BRDA:254,23,1,2
BRDA:267,24,0,1
BRDA:267,24,1,1
BRDA:303,25,0,1
BRDA:303,25,1,1
BRF:53
BRH:41
end_of_record
TN:
SF:lib\watcher.cjs
FN:16,createWatcher
FN:18,(anonymous_1)
FN:19,(anonymous_2)
FN:20,(anonymous_3)
FN:31,(anonymous_4)
FN:50,(anonymous_5)
FN:57,(anonymous_6)
FN:65,(anonymous_7)
FN:78,(anonymous_8)
FN:83,(anonymous_9)
FN:86,(anonymous_10)
FN:95,(anonymous_11)
FN:112,(anonymous_12)
FN:114,(anonymous_13)
FN:117,(anonymous_14)
FN:118,(anonymous_15)
FN:129,runWatchMode
FN:132,(anonymous_17)
FN:138,(anonymous_18)
FN:144,(anonymous_19)
FN:145,(anonymous_20)
FN:151,(anonymous_21)
FNF:22
FNH:19
FNDA:8,createWatcher
FNDA:2,(anonymous_1)
FNDA:0,(anonymous_2)
FNDA:0,(anonymous_3)
FNDA:6,(anonymous_4)
FNDA:2,(anonymous_5)
FNDA:1,(anonymous_6)
FNDA:7,(anonymous_7)
FNDA:2,(anonymous_8)
FNDA:1,(anonymous_9)
FNDA:1,(anonymous_10)
FNDA:2,(anonymous_11)
FNDA:3,(anonymous_12)
FNDA:2,(anonymous_13)
FNDA:3,(anonymous_14)
FNDA:3,(anonymous_15)
FNDA:1,runWatchMode
FNDA:1,(anonymous_17)
FNDA:2,(anonymous_18)
FNDA:1,(anonymous_19)
FNDA:0,(anonymous_20)
FNDA:1,(anonymous_21)
DA:6,1
DA:7,1
DA:8,1
DA:9,1
DA:10,1
DA:11,1
DA:24,8
DA:26,8
DA:27,8
DA:28,8
DA:29,8
DA:31,8
DA:32,6
DA:33,6
DA:34,1
DA:37,5
DA:38,5
DA:39,5
DA:41,5
DA:43,5
DA:45,0
DA:46,0
DA:50,8
DA:52,2
DA:53,1
DA:57,2
DA:58,1
DA:59,1
DA:60,1
DA:64,8
DA:66,7
DA:68,6
DA:70,6
DA:77,6
DA:79,2
DA:80,2
DA:84,1
DA:87,1
DA:90,6
DA:91,6
DA:92,6
DA:96,2
DA:99,2
DA:100,0
DA:102,2
DA:104,2
DA:105,2
DA:106,2
DA:109,2
DA:112,3
DA:115,2
DA:117,3
DA:118,2
DA:119,3
DA:120,3
DA:130,1
DA:132,1
DA:133,1
DA:134,0
DA:135,0
DA:137,1
DA:138,2
DA:142,1
DA:144,1
DA:146,0
DA:151,1
DA:152,1
DA:153,1
DA:154,1
DA:157,1
DA:158,1
DA:160,1
DA:161,1
DA:164,1
LF:74
LH:68
BRDA:16,0,0,1
BRDA:18,1,0,5
BRDA:19,2,0,6
BRDA:20,3,0,7
BRDA:21,4,0,1
BRDA:22,5,0,7
BRDA:23,6,0,8
BRDA:33,7,0,1
BRDA:33,7,1,5
BRDA:52,8,0,1
BRDA:52,8,1,1
BRDA:66,9,0,1
BRDA:66,9,1,6
BRDA:96,10,0,0
BRDA:96,10,1,2
BRDA:104,11,0,2
BRDA:104,11,1,0
BRDA:115,12,0,0
BRDA:115,12,1,2
BRDA:129,13,0,0
BRDA:130,14,0,0
BRDA:133,15,0,0
BRDA:133,15,1,1
BRDA:134,16,0,0
BRDA:134,16,1,0
BRF:25
BRH:17
end_of_record
